#
# There is insufficient memory for the Java Runtime Environment to continue.
# Native memory allocation (malloc) failed to allocate 223296 bytes for Chunk::new
# Possible reasons:
#   The system is out of physical RAM or swap space
#   The process is running with CompressedOops enabled, and the Java Heap may be blocking the growth of the native heap
# Possible solutions:
#   Reduce memory load on the system
#   Increase physical memory or swap space
#   Check if swap backing store is full
#   Decrease Java heap size (-Xmx/-Xms)
#   Decrease number of Java threads
#   Decrease Java thread stack sizes (-Xss)
#   Set larger code cache with -XX:ReservedCodeCacheSize=
#   JVM is running with Unscaled Compressed Oops mode in which the Java heap is
#     placed in the first 4GB address space. The Java Heap base address is the
#     maximum limit for the native heap growth. Please use -XX:HeapBaseMinAddress
#     to set the Java Heap base and to place the Java Heap above 4GB virtual address.
# This output file may be truncated or incomplete.
#
#  Out of Memory Error (./src/hotspot/share/memory/arena.cpp:197), pid=1500, tid=4272
#
# JRE version: OpenJDK Runtime Environment (11.0.12+7) (build 11.0.12+7-b1504.28-7817840)
# Java VM: OpenJDK 64-Bit Server VM (11.0.12+7-b1504.28-7817840, mixed mode, tiered, compressed oops, g1 gc, windows-amd64)
# No core dump will be written. Minidumps are not enabled by default on client versions of Windows
#

---------------  S U M M A R Y ------------

Command Line: --add-opens=java.base/java.util=ALL-UNNAMED --add-opens=java.base/java.lang=ALL-UNNAMED --add-opens=java.base/java.lang.invoke=ALL-UNNAMED --add-opens=java.base/java.util=ALL-UNNAMED --add-opens=java.prefs/java.util.prefs=ALL-UNNAMED --add-opens=java.prefs/java.util.prefs=ALL-UNNAMED --add-opens=java.base/java.nio.charset=ALL-UNNAMED --add-opens=java.base/java.net=ALL-UNNAMED --add-opens=java.base/java.util.concurrent.atomic=ALL-UNNAMED -Xmx2048m -Dfile.encoding=UTF-8 -Duser.country=US -Duser.language=en -Duser.variant org.gradle.launcher.daemon.bootstrap.GradleDaemon 7.3.3

Host: Intel(R) Core(TM) i7-6600U CPU @ 2.60GHz, 4 cores, 7G,  Windows 10 , 64 bit Build 22000 (10.0.22000.434)
Time: Mon Aug  8 01:20:25 2022 Egypt Standard Time elapsed time: 7.518147 seconds (0d 0h 0m 7s)

---------------  T H R E A D  ---------------

Current thread (0x000001f39a2f4000):  JavaThread "C2 CompilerThread0" daemon [_thread_in_native, id=4272, stack(0x0000004069400000,0x0000004069500000)]


Current CompileTask:
C2:   7518 2566       4       java.io.DataInputStream::readUTF (501 bytes)

Stack: [0x0000004069400000,0x0000004069500000]
Native frames: (J=compiled Java code, j=interpreted, Vv=VM code, C=native code)
V  [jvm.dll+0x5fbcea]
V  [jvm.dll+0x731905]
V  [jvm.dll+0x732f1d]
V  [jvm.dll+0x7335d3]
V  [jvm.dll+0x247bf8]
V  [jvm.dll+0xc018c]
V  [jvm.dll+0xc06cc]
V  [jvm.dll+0x2bcc04]
V  [jvm.dll+0x5113a8]
V  [jvm.dll+0x208303]
V  [jvm.dll+0x201fe0]
V  [jvm.dll+0x1ff71f]
V  [jvm.dll+0x18868c]
V  [jvm.dll+0x20e0d7]
V  [jvm.dll+0x20c901]
V  [jvm.dll+0x6f9b7f]
V  [jvm.dll+0x6f26a5]
V  [jvm.dll+0x5fabf6]
C  [ucrtbase.dll+0x26c0c]
C  [KERNEL32.DLL+0x154e0]
C  [ntdll.dll+0x485b]


---------------  P R O C E S S  ---------------

Threads class SMR info:
_java_thread_list=0x000001f39b8186a0, length=30, elements={
0x000001f3fd51d800, 0x000001f39a2cf800, 0x000001f39a2d2800, 0x000001f39ac72800,
0x000001f39a2f0000, 0x000001f39a2f1000, 0x000001f39a2f4000, 0x000001f39a31b000,
0x000001f39acba000, 0x000001f39ad9c000, 0x000001f39cc4d800, 0x000001f39d135800,
0x000001f39dbd0800, 0x000001f39c31c000, 0x000001f39be7b000, 0x000001f39b8b2000,
0x000001f39d4c5000, 0x000001f39c500000, 0x000001f39cb27800, 0x000001f39c583800,
0x000001f39c588000, 0x000001f39c589800, 0x000001f39c586000, 0x000001f39c584800,
0x000001f39c585800, 0x000001f39c587000, 0x000001f39c588800, 0x000001f39c58a800,
0x000001f39dcf5800, 0x000001f39dcf3000
}

Java Threads: ( => current thread )
  0x000001f3fd51d800 JavaThread "main" [_thread_blocked, id=4364, stack(0x0000004068800000,0x0000004068900000)]
  0x000001f39a2cf800 JavaThread "Reference Handler" daemon [_thread_blocked, id=9672, stack(0x0000004068f00000,0x0000004069000000)]
  0x000001f39a2d2800 JavaThread "Finalizer" daemon [_thread_blocked, id=4772, stack(0x0000004069000000,0x0000004069100000)]
  0x000001f39ac72800 JavaThread "Signal Dispatcher" daemon [_thread_blocked, id=8980, stack(0x0000004069100000,0x0000004069200000)]
  0x000001f39a2f0000 JavaThread "Attach Listener" daemon [_thread_blocked, id=3696, stack(0x0000004069200000,0x0000004069300000)]
  0x000001f39a2f1000 JavaThread "Service Thread" daemon [_thread_blocked, id=8484, stack(0x0000004069300000,0x0000004069400000)]
=>0x000001f39a2f4000 JavaThread "C2 CompilerThread0" daemon [_thread_in_native, id=4272, stack(0x0000004069400000,0x0000004069500000)]
  0x000001f39a31b000 JavaThread "C1 CompilerThread0" daemon [_thread_blocked, id=4608, stack(0x0000004069500000,0x0000004069600000)]
  0x000001f39acba000 JavaThread "Sweeper thread" daemon [_thread_blocked, id=872, stack(0x0000004069600000,0x0000004069700000)]
  0x000001f39ad9c000 JavaThread "Common-Cleaner" daemon [_thread_blocked, id=9844, stack(0x0000004069700000,0x0000004069800000)]
  0x000001f39cc4d800 JavaThread "Daemon health stats" [_thread_blocked, id=9264, stack(0x0000004069c00000,0x0000004069d00000)]
  0x000001f39d135800 JavaThread "Incoming local TCP Connector on port 58550" [_thread_in_native, id=272, stack(0x0000004069900000,0x0000004069a00000)]
  0x000001f39dbd0800 JavaThread "Daemon periodic checks" [_thread_blocked, id=9908, stack(0x0000004069d00000,0x0000004069e00000)]
  0x000001f39c31c000 JavaThread "Daemon" [_thread_blocked, id=6252, stack(0x0000004069e00000,0x0000004069f00000)]
  0x000001f39be7b000 JavaThread "Handler for socket connection from /127.0.0.1:58550 to /127.0.0.1:58551" [_thread_in_native, id=436, stack(0x0000004069f00000,0x000000406a000000)]
  0x000001f39b8b2000 JavaThread "Cancel handler" [_thread_blocked, id=9912, stack(0x000000406a000000,0x000000406a100000)]
  0x000001f39d4c5000 JavaThread "Daemon worker" [_thread_in_native, id=9940, stack(0x000000406a100000,0x000000406a200000)]
  0x000001f39c500000 JavaThread "Asynchronous log dispatcher for DefaultDaemonConnection: socket connection from /127.0.0.1:58550 to /127.0.0.1:58551" [_thread_blocked, id=5000, stack(0x000000406a200000,0x000000406a300000)]
  0x000001f39cb27800 JavaThread "Stdin handler" [_thread_blocked, id=9680, stack(0x000000406a300000,0x000000406a400000)]
  0x000001f39c583800 JavaThread "Daemon client event forwarder" [_thread_blocked, id=9920, stack(0x000000406a400000,0x000000406a500000)]
  0x000001f39c588000 JavaThread "Cache worker for journal cache (C:\Users\Admin\.gradle\caches\journal-1)" [_thread_blocked, id=2096, stack(0x000000406a700000,0x000000406a800000)]
  0x000001f39c589800 JavaThread "File lock request listener" [_thread_in_native, id=9984, stack(0x000000406a800000,0x000000406a900000)]
  0x000001f39c586000 JavaThread "Cache worker for file hash cache (C:\Users\Admin\.gradle\caches\7.3.3\fileHashes)" [_thread_blocked, id=7956, stack(0x000000406a900000,0x000000406aa00000)]
  0x000001f39c584800 JavaThread "Cache worker for file hash cache (C:\Users\Admin\Desktop\jana\MyApplication2\.gradle\7.3.3\fileHashes)" [_thread_blocked, id=9772, stack(0x000000406a500000,0x000000406a600000)]
  0x000001f39c585800 JavaThread "File watcher server" daemon [_thread_in_native, id=9452, stack(0x000000406ab00000,0x000000406ac00000)]
  0x000001f39c587000 JavaThread "File watcher consumer" daemon [_thread_blocked, id=2112, stack(0x000000406ac00000,0x000000406ad00000)]
  0x000001f39c588800 JavaThread "Cache worker for checksums cache (C:\Users\Admin\Desktop\jana\MyApplication2\.gradle\7.3.3\checksums)" [_thread_blocked, id=9884, stack(0x000000406ad00000,0x000000406ae00000)]
  0x000001f39c58a800 JavaThread "Cache worker for cache directory md-supplier (C:\Users\Admin\.gradle\caches\7.3.3\md-supplier)" [_thread_blocked, id=5628, stack(0x000000406ae00000,0x000000406af00000)]
  0x000001f39dcf5800 JavaThread "Cache worker for cache directory md-rule (C:\Users\Admin\.gradle\caches\7.3.3\md-rule)" [_thread_blocked, id=1268, stack(0x000000406aa00000,0x000000406ab00000)]
  0x000001f39dcf3000 JavaThread "Cache worker for execution history cache (C:\Users\Admin\.gradle\caches\7.3.3\executionHistory)" [_thread_blocked, id=5572, stack(0x000000406af00000,0x000000406b000000)]

Other Threads:
  0x000001f39a2c9800 VMThread "VM Thread" [stack: 0x0000004068e00000,0x0000004068f00000] [id=2052]
  0x000001f39ada3000 WatcherThread [stack: 0x0000004069800000,0x0000004069900000] [id=3116]
  0x000001f3fd536800 GCTaskThread "GC Thread#0" [stack: 0x0000004068900000,0x0000004068a00000] [id=1420]
  0x000001f39b029800 GCTaskThread "GC Thread#1" [stack: 0x0000004069a00000,0x0000004069b00000] [id=8720]
  0x000001f39b51c800 GCTaskThread "GC Thread#2" [stack: 0x0000004069b00000,0x0000004069c00000] [id=564]
  0x000001f39d07d800 GCTaskThread "GC Thread#3" [stack: 0x000000406a600000,0x000000406a700000] [id=8184]
  0x000001f3fd568000 ConcurrentGCThread "G1 Main Marker" [stack: 0x0000004068a00000,0x0000004068b00000] [id=4032]
  0x000001f3fd569800 ConcurrentGCThread "G1 Conc#0" [stack: 0x0000004068b00000,0x0000004068c00000] [id=1948]
  0x000001f3fd5f9000 ConcurrentGCThread "G1 Refine#0" [stack: 0x0000004068c00000,0x0000004068d00000] [id=9948]
  0x000001f3fd5fa000 ConcurrentGCThread "G1 Young RemSet Sampling" [stack: 0x0000004068d00000,0x0000004068e00000] [id=9880]

Threads with active compile tasks:
C2 CompilerThread0   7537 2566       4       java.io.DataInputStream::readUTF (501 bytes)

VM state:not at safepoint (normal execution)

VM Mutex/Monitor currently owned by a thread: None

Heap address: 0x0000000080000000, size: 2048 MB, Compressed Oops mode: 32-bit
Narrow klass base: 0x0000000000000000, Narrow klass shift: 3
Compressed class space size: 1073741824 Address: 0x0000000100000000

Heap:
 garbage-first heap   total 131072K, used 22421K [0x0000000080000000, 0x0000000100000000)
  region size 1024K, 7 young (7168K), 5 survivors (5120K)
 Metaspace       used 31560K, capacity 32263K, committed 32384K, reserved 1081344K
  class space    used 4221K, capacity 4473K, committed 4480K, reserved 1048576K
Heap Regions: E=young(eden), S=young(survivor), O=old, HS=humongous(starts), HC=humongous(continues), CS=collection set, F=free, A=archive, TAMS=top-at-mark-start (previous, next)
|   0|0x0000000080000000, 0x0000000080100000, 0x0000000080100000|100%| O|  |TAMS 0x0000000080100000, 0x0000000080000000| Untracked 
|   1|0x0000000080100000, 0x0000000080200000, 0x0000000080200000|100%| O|  |TAMS 0x0000000080200000, 0x0000000080100000| Untracked 
|   2|0x0000000080200000, 0x0000000080300000, 0x0000000080300000|100%| O|  |TAMS 0x0000000080300000, 0x0000000080200000| Untracked 
|   3|0x0000000080300000, 0x0000000080400000, 0x0000000080400000|100%|HS|  |TAMS 0x0000000080400000, 0x0000000080300000| Complete 
|   4|0x0000000080400000, 0x0000000080500000, 0x0000000080500000|100%|HC|  |TAMS 0x0000000080500000, 0x0000000080400000| Complete 
|   5|0x0000000080500000, 0x0000000080600000, 0x0000000080600000|100%|HC|  |TAMS 0x0000000080600000, 0x0000000080500000| Complete 
|   6|0x0000000080600000, 0x0000000080700000, 0x0000000080700000|100%| O|  |TAMS 0x0000000080700000, 0x0000000080600000| Untracked 
|   7|0x0000000080700000, 0x0000000080800000, 0x0000000080800000|100%| O|  |TAMS 0x0000000080800000, 0x0000000080700000| Untracked 
|   8|0x0000000080800000, 0x0000000080900000, 0x0000000080900000|100%| O|  |TAMS 0x0000000080900000, 0x0000000080800000| Untracked 
|   9|0x0000000080900000, 0x0000000080a00000, 0x0000000080a00000|100%| O|  |TAMS 0x0000000080a00000, 0x0000000080900000| Untracked 
|  10|0x0000000080a00000, 0x0000000080b00000, 0x0000000080b00000|100%| O|  |TAMS 0x0000000080b00000, 0x0000000080a00000| Untracked 
|  11|0x0000000080b00000, 0x0000000080c00000, 0x0000000080c00000|100%| O|  |TAMS 0x0000000080c00000, 0x0000000080b00000| Untracked 
|  12|0x0000000080c00000, 0x0000000080d00000, 0x0000000080d00000|100%| O|  |TAMS 0x0000000080c6c600, 0x0000000080c00000| Untracked 
|  13|0x0000000080d00000, 0x0000000080e00000, 0x0000000080e00000|100%| O|  |TAMS 0x0000000080d00000, 0x0000000080d00000| Untracked 
|  14|0x0000000080e00000, 0x0000000080f00000, 0x0000000080f00000|100%| O|  |TAMS 0x0000000080e00000, 0x0000000080e00000| Untracked 
|  15|0x0000000080f00000, 0x0000000081000000, 0x0000000081000000|100%| O|  |TAMS 0x0000000080f00000, 0x0000000080f00000| Untracked 
|  16|0x0000000081000000, 0x0000000081038a00, 0x0000000081100000| 22%| O|  |TAMS 0x0000000081000000, 0x0000000081000000| Untracked 
|  17|0x0000000081100000, 0x0000000081100000, 0x0000000081200000|  0%| F|  |TAMS 0x0000000081100000, 0x0000000081100000| Untracked 
|  18|0x0000000081200000, 0x0000000081200000, 0x0000000081300000|  0%| F|  |TAMS 0x0000000081200000, 0x0000000081200000| Untracked 
|  19|0x0000000081300000, 0x0000000081300000, 0x0000000081400000|  0%| F|  |TAMS 0x0000000081300000, 0x0000000081300000| Untracked 
|  20|0x0000000081400000, 0x0000000081400000, 0x0000000081500000|  0%| F|  |TAMS 0x0000000081400000, 0x0000000081400000| Untracked 
|  21|0x0000000081500000, 0x0000000081500000, 0x0000000081600000|  0%| F|  |TAMS 0x0000000081500000, 0x0000000081500000| Untracked 
|  22|0x0000000081600000, 0x0000000081600000, 0x0000000081700000|  0%| F|  |TAMS 0x0000000081600000, 0x0000000081600000| Untracked 
|  23|0x0000000081700000, 0x0000000081700000, 0x0000000081800000|  0%| F|  |TAMS 0x0000000081700000, 0x0000000081700000| Untracked 
|  24|0x0000000081800000, 0x0000000081800000, 0x0000000081900000|  0%| F|  |TAMS 0x0000000081800000, 0x0000000081800000| Untracked 
|  25|0x0000000081900000, 0x0000000081900000, 0x0000000081a00000|  0%| F|  |TAMS 0x0000000081900000, 0x0000000081900000| Untracked 
|  26|0x0000000081a00000, 0x0000000081a00000, 0x0000000081b00000|  0%| F|  |TAMS 0x0000000081a00000, 0x0000000081a00000| Untracked 
|  27|0x0000000081b00000, 0x0000000081b00000, 0x0000000081c00000|  0%| F|  |TAMS 0x0000000081b00000, 0x0000000081b00000| Untracked 
|  28|0x0000000081c00000, 0x0000000081c00000, 0x0000000081d00000|  0%| F|  |TAMS 0x0000000081c00000, 0x0000000081c00000| Untracked 
|  29|0x0000000081d00000, 0x0000000081d00000, 0x0000000081e00000|  0%| F|  |TAMS 0x0000000081d00000, 0x0000000081d00000| Untracked 
|  30|0x0000000081e00000, 0x0000000081e00000, 0x0000000081f00000|  0%| F|  |TAMS 0x0000000081e00000, 0x0000000081e00000| Untracked 
|  31|0x0000000081f00000, 0x0000000081f00000, 0x0000000082000000|  0%| F|  |TAMS 0x0000000081f00000, 0x0000000081f00000| Untracked 
|  32|0x0000000082000000, 0x0000000082000000, 0x0000000082100000|  0%| F|  |TAMS 0x0000000082000000, 0x0000000082000000| Untracked 
|  33|0x0000000082100000, 0x0000000082100000, 0x0000000082200000|  0%| F|  |TAMS 0x0000000082100000, 0x0000000082100000| Untracked 
|  34|0x0000000082200000, 0x0000000082200000, 0x0000000082300000|  0%| F|  |TAMS 0x0000000082200000, 0x0000000082200000| Untracked 
|  35|0x0000000082300000, 0x0000000082300000, 0x0000000082400000|  0%| F|  |TAMS 0x0000000082300000, 0x0000000082300000| Untracked 
|  36|0x0000000082400000, 0x0000000082400000, 0x0000000082500000|  0%| F|  |TAMS 0x0000000082400000, 0x0000000082400000| Untracked 
|  37|0x0000000082500000, 0x0000000082500000, 0x0000000082600000|  0%| F|  |TAMS 0x0000000082500000, 0x0000000082500000| Untracked 
|  38|0x0000000082600000, 0x0000000082600000, 0x0000000082700000|  0%| F|  |TAMS 0x0000000082600000, 0x0000000082600000| Untracked 
|  39|0x0000000082700000, 0x0000000082700000, 0x0000000082800000|  0%| F|  |TAMS 0x0000000082700000, 0x0000000082700000| Untracked 
|  40|0x0000000082800000, 0x0000000082800000, 0x0000000082900000|  0%| F|  |TAMS 0x0000000082800000, 0x0000000082800000| Untracked 
|  41|0x0000000082900000, 0x0000000082900000, 0x0000000082a00000|  0%| F|  |TAMS 0x0000000082900000, 0x0000000082900000| Untracked 
|  42|0x0000000082a00000, 0x0000000082a00000, 0x0000000082b00000|  0%| F|  |TAMS 0x0000000082a00000, 0x0000000082a00000| Untracked 
|  43|0x0000000082b00000, 0x0000000082b00000, 0x0000000082c00000|  0%| F|  |TAMS 0x0000000082b00000, 0x0000000082b00000| Untracked 
|  44|0x0000000082c00000, 0x0000000082c00000, 0x0000000082d00000|  0%| F|  |TAMS 0x0000000082c00000, 0x0000000082c00000| Untracked 
|  45|0x0000000082d00000, 0x0000000082d00000, 0x0000000082e00000|  0%| F|  |TAMS 0x0000000082d00000, 0x0000000082d00000| Untracked 
|  46|0x0000000082e00000, 0x0000000082e00000, 0x0000000082f00000|  0%| F|  |TAMS 0x0000000082e00000, 0x0000000082e00000| Untracked 
|  47|0x0000000082f00000, 0x0000000082f00000, 0x0000000083000000|  0%| F|  |TAMS 0x0000000082f00000, 0x0000000082f00000| Untracked 
|  48|0x0000000083000000, 0x0000000083000000, 0x0000000083100000|  0%| F|  |TAMS 0x0000000083000000, 0x0000000083000000| Untracked 
|  49|0x0000000083100000, 0x0000000083100000, 0x0000000083200000|  0%| F|  |TAMS 0x0000000083100000, 0x0000000083100000| Untracked 
|  50|0x0000000083200000, 0x0000000083200000, 0x0000000083300000|  0%| F|  |TAMS 0x0000000083200000, 0x0000000083200000| Untracked 
|  51|0x0000000083300000, 0x0000000083300000, 0x0000000083400000|  0%| F|  |TAMS 0x0000000083300000, 0x0000000083300000| Untracked 
|  52|0x0000000083400000, 0x0000000083400000, 0x0000000083500000|  0%| F|  |TAMS 0x0000000083400000, 0x0000000083400000| Untracked 
|  53|0x0000000083500000, 0x0000000083500000, 0x0000000083600000|  0%| F|  |TAMS 0x0000000083500000, 0x0000000083500000| Untracked 
|  54|0x0000000083600000, 0x0000000083600000, 0x0000000083700000|  0%| F|  |TAMS 0x0000000083600000, 0x0000000083600000| Untracked 
|  55|0x0000000083700000, 0x0000000083700000, 0x0000000083800000|  0%| F|  |TAMS 0x0000000083700000, 0x0000000083700000| Untracked 
|  56|0x0000000083800000, 0x0000000083800000, 0x0000000083900000|  0%| F|  |TAMS 0x0000000083800000, 0x0000000083800000| Untracked 
|  57|0x0000000083900000, 0x0000000083900000, 0x0000000083a00000|  0%| F|  |TAMS 0x0000000083900000, 0x0000000083900000| Untracked 
|  58|0x0000000083a00000, 0x0000000083a00000, 0x0000000083b00000|  0%| F|  |TAMS 0x0000000083a00000, 0x0000000083a00000| Untracked 
|  59|0x0000000083b00000, 0x0000000083b00000, 0x0000000083c00000|  0%| F|  |TAMS 0x0000000083b00000, 0x0000000083b00000| Untracked 
|  60|0x0000000083c00000, 0x0000000083c00000, 0x0000000083d00000|  0%| F|  |TAMS 0x0000000083c00000, 0x0000000083c00000| Untracked 
|  61|0x0000000083d00000, 0x0000000083d00000, 0x0000000083e00000|  0%| F|  |TAMS 0x0000000083d00000, 0x0000000083d00000| Untracked 
|  62|0x0000000083e00000, 0x0000000083e00000, 0x0000000083f00000|  0%| F|  |TAMS 0x0000000083e00000, 0x0000000083e00000| Untracked 
|  63|0x0000000083f00000, 0x0000000083f00000, 0x0000000084000000|  0%| F|  |TAMS 0x0000000083f00000, 0x0000000083f00000| Untracked 
|  64|0x0000000084000000, 0x0000000084000000, 0x0000000084100000|  0%| F|  |TAMS 0x0000000084000000, 0x0000000084000000| Untracked 
|  65|0x0000000084100000, 0x0000000084100000, 0x0000000084200000|  0%| F|  |TAMS 0x0000000084100000, 0x0000000084100000| Untracked 
|  66|0x0000000084200000, 0x0000000084200000, 0x0000000084300000|  0%| F|  |TAMS 0x0000000084200000, 0x0000000084200000| Untracked 
|  67|0x0000000084300000, 0x00000000843acd38, 0x0000000084400000| 67%| S|CS|TAMS 0x0000000084300000, 0x0000000084300000| Complete 
|  68|0x0000000084400000, 0x0000000084500000, 0x0000000084500000|100%| S|CS|TAMS 0x0000000084400000, 0x0000000084400000| Complete 
|  69|0x0000000084500000, 0x0000000084600000, 0x0000000084600000|100%| S|CS|TAMS 0x0000000084500000, 0x0000000084500000| Complete 
|  70|0x0000000084600000, 0x0000000084700000, 0x0000000084700000|100%| S|CS|TAMS 0x0000000084600000, 0x0000000084600000| Complete 
|  71|0x0000000084700000, 0x0000000084800000, 0x0000000084800000|100%| S|CS|TAMS 0x0000000084700000, 0x0000000084700000| Complete 
|  72|0x0000000084800000, 0x0000000084800000, 0x0000000084900000|  0%| F|  |TAMS 0x0000000084800000, 0x0000000084800000| Untracked 
|  73|0x0000000084900000, 0x0000000084900000, 0x0000000084a00000|  0%| F|  |TAMS 0x0000000084900000, 0x0000000084900000| Untracked 
|  74|0x0000000084a00000, 0x0000000084a00000, 0x0000000084b00000|  0%| F|  |TAMS 0x0000000084a00000, 0x0000000084a00000| Untracked 
|  75|0x0000000084b00000, 0x0000000084b00000, 0x0000000084c00000|  0%| F|  |TAMS 0x0000000084b00000, 0x0000000084b00000| Untracked 
|  76|0x0000000084c00000, 0x0000000084c00000, 0x0000000084d00000|  0%| F|  |TAMS 0x0000000084c00000, 0x0000000084c00000| Untracked 
|  77|0x0000000084d00000, 0x0000000084d00000, 0x0000000084e00000|  0%| F|  |TAMS 0x0000000084d00000, 0x0000000084d00000| Untracked 
|  78|0x0000000084e00000, 0x0000000084e00000, 0x0000000084f00000|  0%| F|  |TAMS 0x0000000084e00000, 0x0000000084e00000| Untracked 
|  79|0x0000000084f00000, 0x0000000084f00000, 0x0000000085000000|  0%| F|  |TAMS 0x0000000084f00000, 0x0000000084f00000| Untracked 
|  80|0x0000000085000000, 0x0000000085000000, 0x0000000085100000|  0%| F|  |TAMS 0x0000000085000000, 0x0000000085000000| Untracked 
|  81|0x0000000085100000, 0x0000000085100000, 0x0000000085200000|  0%| F|  |TAMS 0x0000000085100000, 0x0000000085100000| Untracked 
|  82|0x0000000085200000, 0x0000000085200000, 0x0000000085300000|  0%| F|  |TAMS 0x0000000085200000, 0x0000000085200000| Untracked 
|  83|0x0000000085300000, 0x0000000085300000, 0x0000000085400000|  0%| F|  |TAMS 0x0000000085300000, 0x0000000085300000| Untracked 
|  84|0x0000000085400000, 0x0000000085400000, 0x0000000085500000|  0%| F|  |TAMS 0x0000000085400000, 0x0000000085400000| Untracked 
|  85|0x0000000085500000, 0x0000000085500000, 0x0000000085600000|  0%| F|  |TAMS 0x0000000085500000, 0x0000000085500000| Untracked 
|  86|0x0000000085600000, 0x0000000085600000, 0x0000000085700000|  0%| F|  |TAMS 0x0000000085600000, 0x0000000085600000| Untracked 
|  87|0x0000000085700000, 0x0000000085700000, 0x0000000085800000|  0%| F|  |TAMS 0x0000000085700000, 0x0000000085700000| Untracked 
|  88|0x0000000085800000, 0x0000000085800000, 0x0000000085900000|  0%| F|  |TAMS 0x0000000085800000, 0x0000000085800000| Untracked 
|  89|0x0000000085900000, 0x0000000085900000, 0x0000000085a00000|  0%| F|  |TAMS 0x0000000085900000, 0x0000000085900000| Untracked 
|  90|0x0000000085a00000, 0x0000000085a00000, 0x0000000085b00000|  0%| F|  |TAMS 0x0000000085a00000, 0x0000000085a00000| Untracked 
|  91|0x0000000085b00000, 0x0000000085b00000, 0x0000000085c00000|  0%| F|  |TAMS 0x0000000085b00000, 0x0000000085b00000| Untracked 
|  92|0x0000000085c00000, 0x0000000085c00000, 0x0000000085d00000|  0%| F|  |TAMS 0x0000000085c00000, 0x0000000085c00000| Untracked 
|  93|0x0000000085d00000, 0x0000000085d00000, 0x0000000085e00000|  0%| F|  |TAMS 0x0000000085d00000, 0x0000000085d00000| Untracked 
|  94|0x0000000085e00000, 0x0000000085e00000, 0x0000000085f00000|  0%| F|  |TAMS 0x0000000085e00000, 0x0000000085e00000| Untracked 
|  95|0x0000000085f00000, 0x0000000085f00000, 0x0000000086000000|  0%| F|  |TAMS 0x0000000085f00000, 0x0000000085f00000| Untracked 
|  96|0x0000000086000000, 0x0000000086000000, 0x0000000086100000|  0%| F|  |TAMS 0x0000000086000000, 0x0000000086000000| Untracked 
|  97|0x0000000086100000, 0x0000000086100000, 0x0000000086200000|  0%| F|  |TAMS 0x0000000086100000, 0x0000000086100000| Untracked 
|  98|0x0000000086200000, 0x0000000086200000, 0x0000000086300000|  0%| F|  |TAMS 0x0000000086200000, 0x0000000086200000| Untracked 
|  99|0x0000000086300000, 0x0000000086300000, 0x0000000086400000|  0%| F|  |TAMS 0x0000000086300000, 0x0000000086300000| Untracked 
| 100|0x0000000086400000, 0x0000000086400000, 0x0000000086500000|  0%| F|  |TAMS 0x0000000086400000, 0x0000000086400000| Untracked 
| 101|0x0000000086500000, 0x0000000086500000, 0x0000000086600000|  0%| F|  |TAMS 0x0000000086500000, 0x0000000086500000| Untracked 
| 102|0x0000000086600000, 0x0000000086600000, 0x0000000086700000|  0%| F|  |TAMS 0x0000000086600000, 0x0000000086600000| Untracked 
| 103|0x0000000086700000, 0x0000000086700000, 0x0000000086800000|  0%| F|  |TAMS 0x0000000086700000, 0x0000000086700000| Untracked 
| 104|0x0000000086800000, 0x0000000086800000, 0x0000000086900000|  0%| F|  |TAMS 0x0000000086800000, 0x0000000086800000| Untracked 
| 105|0x0000000086900000, 0x0000000086900000, 0x0000000086a00000|  0%| F|  |TAMS 0x0000000086900000, 0x0000000086900000| Untracked 
| 106|0x0000000086a00000, 0x0000000086a00000, 0x0000000086b00000|  0%| F|  |TAMS 0x0000000086a00000, 0x0000000086a00000| Untracked 
| 107|0x0000000086b00000, 0x0000000086b00000, 0x0000000086c00000|  0%| F|  |TAMS 0x0000000086b00000, 0x0000000086b00000| Untracked 
| 108|0x0000000086c00000, 0x0000000086c00000, 0x0000000086d00000|  0%| F|  |TAMS 0x0000000086c00000, 0x0000000086c00000| Untracked 
| 109|0x0000000086d00000, 0x0000000086d00000, 0x0000000086e00000|  0%| F|  |TAMS 0x0000000086d00000, 0x0000000086d00000| Untracked 
| 110|0x0000000086e00000, 0x0000000086e00000, 0x0000000086f00000|  0%| F|  |TAMS 0x0000000086e00000, 0x0000000086e00000| Untracked 
| 111|0x0000000086f00000, 0x0000000086f00000, 0x0000000087000000|  0%| F|  |TAMS 0x0000000086f00000, 0x0000000086f00000| Untracked 
| 112|0x0000000087000000, 0x0000000087000000, 0x0000000087100000|  0%| F|  |TAMS 0x0000000087000000, 0x0000000087000000| Untracked 
| 113|0x0000000087100000, 0x0000000087100000, 0x0000000087200000|  0%| F|  |TAMS 0x0000000087100000, 0x0000000087100000| Untracked 
| 114|0x0000000087200000, 0x0000000087200000, 0x0000000087300000|  0%| F|  |TAMS 0x0000000087200000, 0x0000000087200000| Untracked 
| 115|0x0000000087300000, 0x0000000087300000, 0x0000000087400000|  0%| F|  |TAMS 0x0000000087300000, 0x0000000087300000| Untracked 
| 116|0x0000000087400000, 0x0000000087400000, 0x0000000087500000|  0%| F|  |TAMS 0x0000000087400000, 0x0000000087400000| Untracked 
| 117|0x0000000087500000, 0x0000000087500000, 0x0000000087600000|  0%| F|  |TAMS 0x0000000087500000, 0x0000000087500000| Untracked 
| 118|0x0000000087600000, 0x0000000087600000, 0x0000000087700000|  0%| F|  |TAMS 0x0000000087600000, 0x0000000087600000| Untracked 
| 119|0x0000000087700000, 0x0000000087700000, 0x0000000087800000|  0%| F|  |TAMS 0x0000000087700000, 0x0000000087700000| Untracked 
| 120|0x0000000087800000, 0x0000000087800000, 0x0000000087900000|  0%| F|  |TAMS 0x0000000087800000, 0x0000000087800000| Untracked 
| 121|0x0000000087900000, 0x0000000087900000, 0x0000000087a00000|  0%| F|  |TAMS 0x0000000087900000, 0x0000000087900000| Untracked 
| 122|0x0000000087a00000, 0x0000000087a00000, 0x0000000087b00000|  0%| F|  |TAMS 0x0000000087a00000, 0x0000000087a00000| Untracked 
| 123|0x0000000087b00000, 0x0000000087b00000, 0x0000000087c00000|  0%| F|  |TAMS 0x0000000087b00000, 0x0000000087b00000| Untracked 
| 124|0x0000000087c00000, 0x0000000087c00000, 0x0000000087d00000|  0%| F|  |TAMS 0x0000000087c00000, 0x0000000087c00000| Untracked 
| 125|0x0000000087d00000, 0x0000000087d00000, 0x0000000087e00000|  0%| F|  |TAMS 0x0000000087d00000, 0x0000000087d00000| Untracked 
| 126|0x0000000087e00000, 0x0000000087e1f5b0, 0x0000000087f00000| 12%| E|  |TAMS 0x0000000087e00000, 0x0000000087e00000| Complete 
| 127|0x0000000087f00000, 0x0000000088000000, 0x0000000088000000|100%| E|CS|TAMS 0x0000000087f00000, 0x0000000087f00000| Complete 

Card table byte_map: [0x000001f393490000,0x000001f393890000] _byte_map_base: 0x000001f393090000

Marking Bits (Prev, Next): (CMBitMap*) 0x000001f3fd55f500, (CMBitMap*) 0x000001f3fd55f4c8
 Prev Bits: [0x000001f395c90000, 0x000001f397c90000)
 Next Bits: [0x000001f393c90000, 0x000001f395c90000)

Polling page: 0x000001f380000000

Metaspace:

Usage:
  Non-class:     27.14 MB capacity,    26.70 MB ( 98%) used,   387.55 KB (  1%) free+waste,    63.25 KB ( <1%) overhead. 
      Class:      4.37 MB capacity,     4.12 MB ( 94%) used,   219.78 KB (  5%) free+waste,    31.50 KB ( <1%) overhead. 
       Both:     31.51 MB capacity,    30.82 MB ( 98%) used,   607.33 KB (  2%) free+waste,    94.75 KB ( <1%) overhead. 

Virtual space:
  Non-class space:       32.00 MB reserved,      27.25 MB ( 85%) committed 
      Class space:        1.00 GB reserved,       4.38 MB ( <1%) committed 
             Both:        1.03 GB reserved,      31.63 MB (  3%) committed 

Chunk freelists:
   Non-Class:  50.00 KB
       Class:  7.00 KB
        Both:  57.00 KB

MaxMetaspaceSize: 17179869184.00 GB
CompressedClassSpaceSize: 1.00 GB
Initial GC threshold: 20.80 MB
Current GC threshold: 35.00 MB
CDS: off

CodeHeap 'non-profiled nmethods': size=120064Kb used=1411Kb max_used=1411Kb free=118652Kb
 bounds [0x000001f38b510000, 0x000001f38b780000, 0x000001f392a50000]
CodeHeap 'profiled nmethods': size=120000Kb used=5573Kb max_used=5573Kb free=114426Kb
 bounds [0x000001f383fe0000, 0x000001f384560000, 0x000001f38b510000]
CodeHeap 'non-nmethods': size=5696Kb used=1239Kb max_used=1311Kb free=4456Kb
 bounds [0x000001f383a50000, 0x000001f383cc0000, 0x000001f383fe0000]
 total_blobs=3078 nmethods=2567 adapters=423
 compilation: enabled
              stopped_count=0, restarted_count=0
 full_count=0

Compilation events (20 events):
Event: 7.415 Thread 0x000001f39a31b000 nmethod 2556 0x000001f38b66f910 code [0x000001f38b66fac0, 0x000001f38b66fb78]
Event: 7.415 Thread 0x000001f39a31b000 2557       1       org.gradle.internal.instantiation.generator.AbstractClassGenerator$PropertyMetadata::access$600 (5 bytes)
Event: 7.415 Thread 0x000001f39a31b000 nmethod 2557 0x000001f38b66fc10 code [0x000001f38b66fdc0, 0x000001f38b66fe58]
Event: 7.415 Thread 0x000001f39a31b000 2559       1       org.gradle.internal.instantiation.generator.AbstractClassGenerator$PropertyMetadata::getOverridableSetters (5 bytes)
Event: 7.415 Thread 0x000001f39a31b000 nmethod 2559 0x000001f38b66ff10 code [0x000001f38b6700c0, 0x000001f38b670178]
Event: 7.417 Thread 0x000001f39a31b000 2560       3       org.gradle.internal.service.DefaultServiceRegistry$InstanceUnpackingVisitor::visit (39 bytes)
Event: 7.418 Thread 0x000001f39a31b000 nmethod 2560 0x000001f38454e510 code [0x000001f38454e720, 0x000001f38454ecc8]
Event: 7.443 Thread 0x000001f39a2f4000 2561       4       jdk.internal.perf.PerfCounter::addElapsedTimeFrom (10 bytes)
Event: 7.446 Thread 0x000001f39a2f4000 nmethod 2561 0x000001f38b670210 code [0x000001f38b6703a0, 0x000001f38b670658]
Event: 7.490 Thread 0x000001f39a31b000 2562       3       jdk.internal.jimage.BasicImageReader::getAttributes (48 bytes)
Event: 7.491 Thread 0x000001f39a31b000 nmethod 2562 0x000001f38454ef10 code [0x000001f38454f120, 0x000001f38454f808]
Event: 7.491 Thread 0x000001f39a31b000 2563       3       jdk.internal.jimage.ImageLocation::verify (50 bytes)
Event: 7.491 Thread 0x000001f39a31b000 nmethod 2563 0x000001f38454fa10 code [0x000001f38454fc60, 0x000001f3845503a8]
Event: 7.499 Thread 0x000001f39a2f4000 2564       4       java.lang.Integer::valueOf (32 bytes)
Event: 7.499 Thread 0x000001f39a31b000 2565       3       org.codehaus.groovy.reflection.GeneratedMetaMethod$DgmMethodRecord::<init> (5 bytes)
Event: 7.500 Thread 0x000001f39a31b000 nmethod 2565 0x000001f384550710 code [0x000001f3845508c0, 0x000001f384550a18]
Event: 7.500 Thread 0x000001f39a2f4000 nmethod 2564 0x000001f38b670890 code [0x000001f38b670a20, 0x000001f38b670af8]
Event: 7.501 Thread 0x000001f39a2f4000 2566       4       java.io.DataInputStream::readUTF (501 bytes)
Event: 7.509 Thread 0x000001f39a31b000 2568       3       java.lang.invoke.MethodHandleNatives$CallSiteContext::run (5 bytes)
Event: 7.510 Thread 0x000001f39a31b000 nmethod 2568 0x000001f384550b10 code [0x000001f384550cc0, 0x000001f384550de8]

GC Heap History (14 events):
Event: 1.026 GC heap before
{Heap before GC invocations=0 (full 0):
 garbage-first heap   total 131072K, used 20480K [0x0000000080000000, 0x0000000100000000)
  region size 1024K, 14 young (14336K), 0 survivors (0K)
 Metaspace       used 6736K, capacity 6925K, committed 7168K, reserved 1056768K
  class space    used 582K, capacity 650K, committed 768K, reserved 1048576K
}
Event: 1.032 GC heap after
{Heap after GC invocations=1 (full 0):
 garbage-first heap   total 131072K, used 7635K [0x0000000080000000, 0x0000000100000000)
  region size 1024K, 2 young (2048K), 2 survivors (2048K)
 Metaspace       used 6736K, capacity 6925K, committed 7168K, reserved 1056768K
  class space    used 582K, capacity 650K, committed 768K, reserved 1048576K
}
Event: 1.502 GC heap before
{Heap before GC invocations=1 (full 0):
 garbage-first heap   total 131072K, used 18899K [0x0000000080000000, 0x0000000100000000)
  region size 1024K, 13 young (13312K), 2 survivors (2048K)
 Metaspace       used 9893K, capacity 10118K, committed 10368K, reserved 1058816K
  class space    used 1027K, capacity 1102K, committed 1152K, reserved 1048576K
}
Event: 1.507 GC heap after
{Heap after GC invocations=2 (full 0):
 garbage-first heap   total 131072K, used 9493K [0x0000000080000000, 0x0000000100000000)
  region size 1024K, 2 young (2048K), 2 survivors (2048K)
 Metaspace       used 9893K, capacity 10118K, committed 10368K, reserved 1058816K
  class space    used 1027K, capacity 1102K, committed 1152K, reserved 1048576K
}
Event: 1.945 GC heap before
{Heap before GC invocations=2 (full 0):
 garbage-first heap   total 131072K, used 39189K [0x0000000080000000, 0x0000000100000000)
  region size 1024K, 31 young (31744K), 2 survivors (2048K)
 Metaspace       used 10860K, capacity 11073K, committed 11264K, reserved 1058816K
  class space    used 1129K, capacity 1207K, committed 1280K, reserved 1048576K
}
Event: 1.948 GC heap after
{Heap after GC invocations=3 (full 0):
 garbage-first heap   total 131072K, used 11482K [0x0000000080000000, 0x0000000100000000)
  region size 1024K, 3 young (3072K), 3 survivors (3072K)
 Metaspace       used 10860K, capacity 11073K, committed 11264K, reserved 1058816K
  class space    used 1129K, capacity 1207K, committed 1280K, reserved 1048576K
}
Event: 3.555 GC heap before
{Heap before GC invocations=3 (full 0):
 garbage-first heap   total 131072K, used 55514K [0x0000000080000000, 0x0000000100000000)
  region size 1024K, 46 young (47104K), 3 survivors (3072K)
 Metaspace       used 17743K, capacity 18163K, committed 18432K, reserved 1064960K
  class space    used 2091K, capacity 2209K, committed 2304K, reserved 1048576K
}
Event: 3.565 GC heap after
{Heap after GC invocations=4 (full 0):
 garbage-first heap   total 131072K, used 16674K [0x0000000080000000, 0x0000000100000000)
  region size 1024K, 6 young (6144K), 6 survivors (6144K)
 Metaspace       used 17743K, capacity 18163K, committed 18432K, reserved 1064960K
  class space    used 2091K, capacity 2209K, committed 2304K, reserved 1048576K
}
Event: 4.042 GC heap before
{Heap before GC invocations=4 (full 0):
 garbage-first heap   total 131072K, used 42274K [0x0000000080000000, 0x0000000100000000)
  region size 1024K, 33 young (33792K), 6 survivors (6144K)
 Metaspace       used 20703K, capacity 21135K, committed 21248K, reserved 1067008K
  class space    used 2539K, capacity 2710K, committed 2816K, reserved 1048576K
}
Event: 4.048 GC heap after
{Heap after GC invocations=5 (full 0):
 garbage-first heap   total 131072K, used 17644K [0x0000000080000000, 0x0000000100000000)
  region size 1024K, 5 young (5120K), 5 survivors (5120K)
 Metaspace       used 20703K, capacity 21135K, committed 21248K, reserved 1067008K
  class space    used 2539K, capacity 2710K, committed 2816K, reserved 1048576K
}
Event: 4.929 GC heap before
{Heap before GC invocations=6 (full 0):
 garbage-first heap   total 131072K, used 66796K [0x0000000080000000, 0x0000000100000000)
  region size 1024K, 53 young (54272K), 5 survivors (5120K)
 Metaspace       used 25761K, capacity 26291K, committed 26368K, reserved 1073152K
  class space    used 3325K, capacity 3519K, committed 3584K, reserved 1048576K
}
Event: 4.936 GC heap after
{Heap after GC invocations=7 (full 0):
 garbage-first heap   total 131072K, used 19556K [0x0000000080000000, 0x0000000100000000)
  region size 1024K, 3 young (3072K), 3 survivors (3072K)
 Metaspace       used 25761K, capacity 26291K, committed 26368K, reserved 1073152K
  class space    used 3325K, capacity 3519K, committed 3584K, reserved 1048576K
}
Event: 7.502 GC heap before
{Heap before GC invocations=7 (full 0):
 garbage-first heap   total 131072K, used 73828K [0x0000000080000000, 0x0000000100000000)
  region size 1024K, 56 young (57344K), 3 survivors (3072K)
 Metaspace       used 31477K, capacity 32199K, committed 32384K, reserved 1081344K
  class space    used 4203K, capacity 4473K, committed 4480K, reserved 1048576K
}
Event: 7.509 GC heap after
{Heap after GC invocations=8 (full 0):
 garbage-first heap   total 131072K, used 21397K [0x0000000080000000, 0x0000000100000000)
  region size 1024K, 5 young (5120K), 5 survivors (5120K)
 Metaspace       used 31477K, capacity 32199K, committed 32384K, reserved 1081344K
  class space    used 4203K, capacity 4473K, committed 4480K, reserved 1048576K
}

Deoptimization events (20 events):
Event: 7.410 Thread 0x000001f39d4c5000 Uncommon trap: trap_request=0xffffff4d fr.pc=0x000001f38b5f1cb0 relative=0x0000000000000230
Event: 7.410 Thread 0x000001f39d4c5000 Uncommon trap: reason=unstable_if action=reinterpret pc=0x000001f38b5f1cb0 method=java.util.HashMap.putVal(ILjava/lang/Object;Ljava/lang/Object;ZZ)Ljava/lang/Object; @ 162 c2
Event: 7.410 Thread 0x000001f39d4c5000 DEOPT PACKING pc=0x000001f38b5f1cb0 sp=0x000000406a1fa5a0
Event: 7.410 Thread 0x000001f39d4c5000 DEOPT UNPACKING pc=0x000001f383a9a1af sp=0x000000406a1fa4b0 mode 2
Event: 7.499 Thread 0x000001f39d4c5000 Uncommon trap: trap_request=0xffffffde fr.pc=0x000001f38b5e8fcc relative=0x00000000000012ec
Event: 7.499 Thread 0x000001f39d4c5000 Uncommon trap: reason=class_check action=maybe_recompile pc=0x000001f38b5e8fcc method=java.io.BufferedInputStream.read([BII)I @ 101 c2
Event: 7.499 Thread 0x000001f39d4c5000 DEOPT PACKING pc=0x000001f38b5e8fcc sp=0x000000406a1f9390
Event: 7.499 Thread 0x000001f39d4c5000 DEOPT UNPACKING pc=0x000001f383a9a1af sp=0x000000406a1f9250 mode 2
Event: 7.499 Thread 0x000001f39d4c5000 Uncommon trap: trap_request=0xffffffde fr.pc=0x000001f38b5e8fcc relative=0x00000000000012ec
Event: 7.499 Thread 0x000001f39d4c5000 Uncommon trap: reason=class_check action=maybe_recompile pc=0x000001f38b5e8fcc method=java.io.BufferedInputStream.read([BII)I @ 101 c2
Event: 7.499 Thread 0x000001f39d4c5000 DEOPT PACKING pc=0x000001f38b5e8fcc sp=0x000000406a1f9390
Event: 7.499 Thread 0x000001f39d4c5000 DEOPT UNPACKING pc=0x000001f383a9a1af sp=0x000000406a1f9250 mode 2
Event: 7.500 Thread 0x000001f39d4c5000 Uncommon trap: trap_request=0xffffffde fr.pc=0x000001f38b5e8fcc relative=0x00000000000012ec
Event: 7.500 Thread 0x000001f39d4c5000 Uncommon trap: reason=class_check action=maybe_recompile pc=0x000001f38b5e8fcc method=java.io.BufferedInputStream.read([BII)I @ 101 c2
Event: 7.500 Thread 0x000001f39d4c5000 DEOPT PACKING pc=0x000001f38b5e8fcc sp=0x000000406a1f9390
Event: 7.500 Thread 0x000001f39d4c5000 DEOPT UNPACKING pc=0x000001f383a9a1af sp=0x000000406a1f9250 mode 2
Event: 7.500 Thread 0x000001f39d4c5000 Uncommon trap: trap_request=0xffffffde fr.pc=0x000001f38b5e8fcc relative=0x00000000000012ec
Event: 7.500 Thread 0x000001f39d4c5000 Uncommon trap: reason=class_check action=maybe_recompile pc=0x000001f38b5e8fcc method=java.io.BufferedInputStream.read([BII)I @ 101 c2
Event: 7.500 Thread 0x000001f39d4c5000 DEOPT PACKING pc=0x000001f38b5e8fcc sp=0x000000406a1f9390
Event: 7.501 Thread 0x000001f39d4c5000 DEOPT UNPACKING pc=0x000001f383a9a1af sp=0x000000406a1f9250 mode 2

Classes redefined (0 events):
No events

Internal exceptions (20 events):
Event: 4.564 Thread 0x000001f39d4c5000 Exception <a 'java/lang/NoSuchMethodError'{0x0000000085b149e0}: 'java.lang.Object java.lang.invoke.Invokers$Holder.linkToTargetMethod(java.lang.Object, java.lang.Object, java.lang.Object, java.lang.Object, java.lang.Object, java.lang.Object)'> (0x0000000085b149e0) thrown at [./src/hotspot/share/interpreter/linkResolver.cpp, line 773]
Event: 4.733 Thread 0x000001f39d4c5000 Exception <a 'java/lang/NoSuchMethodError'{0x000000008527df60}: 'int java.lang.invoke.DirectMethodHandle$Holder.invokeStaticInit(java.lang.Object, java.lang.Object, java.lang.Object)'> (0x000000008527df60) thrown at [./src/hotspot/share/interpreter/linkResolver.cpp, line 773]
Event: 4.871 Thread 0x000001f39d4c5000 Exception <a 'java/lang/NoSuchMethodError'{0x0000000084dac6b8}: 'void java.lang.invoke.DirectMethodHandle$Holder.invokeStaticInit(java.lang.Object, java.lang.Object)'> (0x0000000084dac6b8) thrown at [./src/hotspot/share/interpreter/linkResolver.cpp, line 773]
Event: 5.063 Thread 0x000001f39d4c5000 Exception <a 'java/lang/NoSuchMethodError'{0x0000000087c42a58}: 'void java.lang.invoke.DirectMethodHandle$Holder.invokeStatic(java.lang.Object, java.lang.Object, java.lang.Object, java.lang.Object)'> (0x0000000087c42a58) thrown at [./src/hotspot/share/interpreter/linkResolver.cpp, line 773]
Event: 5.073 Thread 0x000001f39d4c5000 Exception <a 'java/lang/NoSuchMethodError'{0x0000000087c71fd8}: 'java.lang.Object java.lang.invoke.DirectMethodHandle$Holder.invokeVirtual(java.lang.Object, java.lang.Object, java.lang.Object)'> (0x0000000087c71fd8) thrown at [./src/hotspot/share/interpreter/linkResolver.cpp, line 773]
Event: 5.076 Thread 0x000001f39d4c5000 Exception <a 'java/lang/NoSuchMethodError'{0x0000000087cc7a48}: 'int java.lang.invoke.DirectMethodHandle$Holder.invokeVirtual(java.lang.Object, java.lang.Object)'> (0x0000000087cc7a48) thrown at [./src/hotspot/share/interpreter/linkResolver.cpp, line 773]
Event: 5.083 Thread 0x000001f39d4c5000 Exception <a 'java/lang/NoSuchMethodError'{0x0000000087b02270}: 'int java.lang.invoke.DirectMethodHandle$Holder.invokeVirtual(java.lang.Object, java.lang.Object, java.lang.Object)'> (0x0000000087b02270) thrown at [./src/hotspot/share/interpreter/linkResolver.cpp, line 773]
Event: 5.125 Thread 0x000001f39d4c5000 Exception <a 'java/lang/NoSuchMethodError'{0x0000000087a61500}: 'void java.lang.invoke.DirectMethodHandle$Holder.invokeSpecial(java.lang.Object, java.lang.Object)'> (0x0000000087a61500) thrown at [./src/hotspot/share/interpreter/linkResolver.cpp, line 773]
Event: 5.801 Thread 0x000001f39d4c5000 Exception <a 'java/lang/NoSuchMethodError'{0x00000000871f5d88}: 'java.lang.Object java.lang.invoke.DirectMethodHandle$Holder.invokeSpecialIFC(java.lang.Object, java.lang.Object, java.lang.Object, java.lang.Object)'> (0x00000000871f5d88) thrown at [./src/hotspot/share/interpreter/linkResolver.cpp, line 773]
Event: 5.823 Thread 0x000001f39d4c5000 Exception <a 'java/lang/NoSuchMethodError'{0x0000000086f29458}: 'java.lang.Object java.lang.invoke.DirectMethodHandle$Holder.invokeSpecial(java.lang.Object, java.lang.Object, java.lang.Object, java.lang.Object, java.lang.Object, java.lang.Object, java.lang.Object, java.lang.Object, java.lang.Object, java.lang.Object, java.lang.Object, java.lang.Object, java.lang.Object)'> (0x0000000086f29458) thrown at [./src/hotspot/share/interpreter/linkResolver.cpp, line 773]
Event: 5.824 Thread 0x000001f39d4c5000 Exception <a 'java/lang/NoSuchMethodError'{0x0000000086f3a2b8}: 'java.lang.Object java.lang.invoke.DirectMethodHandle$Holder.invokeSpecial(java.lang.Object, java.lang.Object, java.lang.Object, java.lang.Object, java.lang.Object, java.lang.Object, java.lang.Object, java.lang.Object, java.lang.Object, java.lang.Object, java.lang.Object, java.lang.Object)'> (0x0000000086f3a2b8) thrown at [./src/hotspot/share/interpreter/linkResolver.cpp, line 773]
Event: 5.824 Thread 0x000001f39d4c5000 Exception <a 'java/lang/NoSuchMethodError'{0x0000000086f3f3e0}: 'java.lang.Object java.lang.invoke.Invokers$Holder.linkToTargetMethod(java.lang.Object, java.lang.Object, java.lang.Object, java.lang.Object, java.lang.Object, java.lang.Object, java.lang.Object, java.lang.Object, java.lang.Object, java.lang.Object, java.lang.Object)'> (0x0000000086f3f3e0) thrown at [./src/hotspot/share/interpreter/linkResolver.cpp, line 773]
Event: 5.839 Thread 0x000001f39d4c5000 Exception <a 'java/lang/NoSuchMethodError'{0x0000000086e7ee30}: 'java.lang.Object java.lang.invoke.DirectMethodHandle$Holder.invokeSpecial(java.lang.Object, java.lang.Object, java.lang.Object, java.lang.Object, java.lang.Object, java.lang.Object, java.lang.Object, java.lang.Object, java.lang.Object, java.lang.Object, java.lang.Object, java.lang.Object, java.lang.Object, java.lang.Object)'> (0x0000000086e7ee30) thrown at [./src/hotspot/share/interpreter/linkResolver.cpp, line 773]
Event: 5.840 Thread 0x000001f39d4c5000 Exception <a 'java/lang/NoSuchMethodError'{0x0000000086e906e8}: 'java.lang.Object java.lang.invoke.Invokers$Holder.linkToTargetMethod(java.lang.Object, java.lang.Object, java.lang.Object, java.lang.Object, java.lang.Object, java.lang.Object, java.lang.Object, java.lang.Object, java.lang.Object, java.lang.Object, java.lang.Object, java.lang.Object)'> (0x0000000086e906e8) thrown at [./src/hotspot/share/interpreter/linkResolver.cpp, line 773]
Event: 5.868 Thread 0x000001f39d4c5000 Exception <a 'java/lang/NoSuchMethodError'{0x0000000086d76218}: 'java.lang.Object java.lang.invoke.DirectMethodHandle$Holder.invokeStaticInit(java.lang.Object, java.lang.Object, java.lang.Object, java.lang.Object)'> (0x0000000086d76218) thrown at [./src/hotspot/share/interpreter/linkResolver.cpp, line 773]
Event: 6.041 Thread 0x000001f39d4c5000 Implicit null exception at 0x000001f38b5fdc75 to 0x000001f38b5fde3c
Event: 6.042 Thread 0x000001f39d4c5000 Implicit null exception at 0x000001f38b59152f to 0x000001f38b59159d
Event: 6.823 Thread 0x000001f39d4c5000 Exception <a 'java/lang/NoSuchMethodError'{0x0000000085c6f1a0}: 'java.lang.Object java.lang.invoke.Invokers$Holder.linkToTargetMethod(java.lang.Object, java.lang.Object, java.lang.Object, java.lang.Object, java.lang.Object, java.lang.Object, java.lang.Object, java.lang.Object)'> (0x0000000085c6f1a0) thrown at [./src/hotspot/share/interpreter/linkResolver.cpp, line 773]
Event: 6.832 Thread 0x000001f39d4c5000 Exception <a 'java/lang/NoSuchMethodError'{0x0000000085cbba50}: 'java.lang.Object java.lang.invoke.Invokers$Holder.linkToTargetMethod(java.lang.Object, java.lang.Object, java.lang.Object, java.lang.Object, java.lang.Object, java.lang.Object, java.lang.Object)'> (0x0000000085cbba50) thrown at [./src/hotspot/share/interpreter/linkResolver.cpp, line 773]
Event: 6.873 Thread 0x000001f39d4c5000 Exception <a 'java/lang/IncompatibleClassChangeError'{0x0000000085cfa2e8}: Found class java.lang.Object, but interface was expected> (0x0000000085cfa2e8) thrown at [./src/hotspot/share/interpreter/linkResolver.cpp, line 839]

Events (20 events):
Event: 7.513 loading class org/codehaus/groovy/reflection/GroovyClassValue$ComputeValue
Event: 7.513 loading class org/codehaus/groovy/reflection/GroovyClassValue$ComputeValue done
Event: 7.514 loading class org/codehaus/groovy/reflection/stdclasses/ObjectCachedClass
Event: 7.514 loading class org/codehaus/groovy/reflection/stdclasses/ObjectCachedClass done
Event: 7.514 loading class org/codehaus/groovy/reflection/stdclasses/StringCachedClass
Event: 7.514 loading class org/codehaus/groovy/reflection/stdclasses/StringCachedClass done
Event: 7.514 loading class org/codehaus/groovy/reflection/stdclasses/NumberCachedClass
Event: 7.514 loading class org/codehaus/groovy/reflection/stdclasses/NumberCachedClass done
Event: 7.514 loading class org/codehaus/groovy/reflection/stdclasses/IntegerCachedClass
Event: 7.514 loading class org/codehaus/groovy/reflection/stdclasses/IntegerCachedClass done
Event: 7.514 loading class org/codehaus/groovy/reflection/stdclasses/DoubleCachedClass
Event: 7.514 loading class org/codehaus/groovy/reflection/stdclasses/DoubleCachedClass done
Event: 7.515 loading class org/codehaus/groovy/reflection/stdclasses/BigDecimalCachedClass
Event: 7.515 loading class org/codehaus/groovy/reflection/stdclasses/BigDecimalCachedClass done
Event: 7.515 loading class org/codehaus/groovy/reflection/stdclasses/LongCachedClass
Event: 7.515 loading class org/codehaus/groovy/reflection/stdclasses/LongCachedClass done
Event: 7.516 loading class org/codehaus/groovy/reflection/stdclasses/FloatCachedClass
Event: 7.516 loading class org/codehaus/groovy/reflection/stdclasses/FloatCachedClass done
Event: 7.517 loading class org/codehaus/groovy/reflection/stdclasses/ShortCachedClass
Event: 7.517 loading class org/codehaus/groovy/reflection/stdclasses/ShortCachedClass done


Dynamic libraries:
0x00007ff6c8060000 - 0x00007ff6c806a000 	C:\Program Files\Android\Android Studio\jre\bin\java.exe
0x00007ff95a640000 - 0x00007ff95a849000 	C:\Windows\SYSTEM32\ntdll.dll
0x00007ff959f00000 - 0x00007ff959fbd000 	C:\Windows\System32\KERNEL32.DLL
0x00007ff957f50000 - 0x00007ff9582c4000 	C:\Windows\System32\KERNELBASE.dll
0x00007ff957e30000 - 0x00007ff957f41000 	C:\Windows\System32\ucrtbase.dll
0x00007ff9355d0000 - 0x00007ff9355e7000 	C:\Program Files\Android\Android Studio\jre\bin\VCRUNTIME140.dll
0x00007ff9355b0000 - 0x00007ff9355c9000 	C:\Program Files\Android\Android Studio\jre\bin\jli.dll
0x00007ff9597a0000 - 0x00007ff95994c000 	C:\Windows\System32\USER32.dll
0x00007ff9582d0000 - 0x00007ff9582f6000 	C:\Windows\System32\win32u.dll
0x00007ff92fd90000 - 0x00007ff930035000 	C:\Windows\WinSxS\amd64_microsoft.windows.common-controls_6595b64144ccf1df_6.0.22000.120_none_9d947278b86cc467\COMCTL32.dll
0x00007ff959400000 - 0x00007ff959429000 	C:\Windows\System32\GDI32.dll
0x00007ff959950000 - 0x00007ff9599f3000 	C:\Windows\System32\msvcrt.dll
0x00007ff957ba0000 - 0x00007ff957cb2000 	C:\Windows\System32\gdi32full.dll
0x00007ff9583c0000 - 0x00007ff95845d000 	C:\Windows\System32\msvcp_win.dll
0x00007ff9594b0000 - 0x00007ff9594e1000 	C:\Windows\System32\IMM32.DLL
0x00007ff935510000 - 0x00007ff9355ad000 	C:\Program Files\Android\Android Studio\jre\bin\msvcp140.dll
0x00007ff8d3c50000 - 0x00007ff8d4735000 	C:\Program Files\Android\Android Studio\jre\bin\server\jvm.dll
0x00007ff959a00000 - 0x00007ff959aae000 	C:\Windows\System32\ADVAPI32.dll
0x00007ff959df0000 - 0x00007ff959e8e000 	C:\Windows\System32\sechost.dll
0x00007ff9594f0000 - 0x00007ff959610000 	C:\Windows\System32\RPCRT4.dll
0x00007ff95a560000 - 0x00007ff95a568000 	C:\Windows\System32\PSAPI.DLL
0x00007ff953ff0000 - 0x00007ff953ff9000 	C:\Windows\SYSTEM32\WSOCK32.dll
0x00007ff94cff0000 - 0x00007ff94d023000 	C:\Windows\SYSTEM32\WINMM.dll
0x00007ff959610000 - 0x00007ff95967f000 	C:\Windows\System32\WS2_32.dll
0x00007ff94a200000 - 0x00007ff94a20a000 	C:\Windows\SYSTEM32\VERSION.dll
0x00007ff955da0000 - 0x00007ff955db8000 	C:\Windows\SYSTEM32\kernel.appcore.dll
0x00007ff953fd0000 - 0x00007ff953fe1000 	C:\Program Files\Android\Android Studio\jre\bin\verify.dll
0x00007ff94f0d0000 - 0x00007ff94f2f1000 	C:\Windows\SYSTEM32\DBGHELP.DLL
0x00007ff943a00000 - 0x00007ff943a31000 	C:\Windows\SYSTEM32\dbgcore.DLL
0x00007ff958460000 - 0x00007ff9584df000 	C:\Windows\System32\bcryptPrimitives.dll
0x00007ff953f60000 - 0x00007ff953f89000 	C:\Program Files\Android\Android Studio\jre\bin\java.dll
0x00007ff953fc0000 - 0x00007ff953fcb000 	C:\Program Files\Android\Android Studio\jre\bin\jimage.dll
0x00007ff929a40000 - 0x00007ff929a58000 	C:\Program Files\Android\Android Studio\jre\bin\zip.dll
0x00007ff9584f0000 - 0x00007ff958c9e000 	C:\Windows\System32\SHELL32.dll
0x00007ff955dc0000 - 0x00007ff956627000 	C:\Windows\SYSTEM32\windows.storage.dll
0x00007ff95a070000 - 0x00007ff95a3e8000 	C:\Windows\System32\combase.dll
0x00007ff955c30000 - 0x00007ff955d96000 	C:\Windows\SYSTEM32\wintypes.dll
0x00007ff958ca0000 - 0x00007ff958d8a000 	C:\Windows\System32\SHCORE.dll
0x00007ff9593a0000 - 0x00007ff9593fd000 	C:\Windows\System32\shlwapi.dll
0x00007ff957a60000 - 0x00007ff957a81000 	C:\Windows\SYSTEM32\profapi.dll
0x00007ff929a20000 - 0x00007ff929a3a000 	C:\Program Files\Android\Android Studio\jre\bin\net.dll
0x00007ff94ba20000 - 0x00007ff94bb2c000 	C:\Windows\SYSTEM32\WINHTTP.dll
0x00007ff957150000 - 0x00007ff9571b7000 	C:\Windows\system32\mswsock.dll
0x00007ff929140000 - 0x00007ff929154000 	C:\Program Files\Android\Android Studio\jre\bin\nio.dll
0x00007ff92f160000 - 0x00007ff92f187000 	C:\Users\Admin\.gradle\native\e1d6ef7f7dcc3fd88c89a11ec53ec762bb8ba0a96d01ffa2cd45eb1d1d8dd5c5\windows-amd64\native-platform.dll
0x00007ff8f84d0000 - 0x00007ff8f8614000 	C:\Users\Admin\.gradle\native\5664cfc778a61ccfe75a443a1ab52a65af34e5dc3c78e0209fed803814484fcb\windows-amd64\native-platform-file-events.dll
0x00007ff953f50000 - 0x00007ff953f5a000 	C:\Program Files\Android\Android Studio\jre\bin\management.dll
0x00007ff92e810000 - 0x00007ff92e81d000 	C:\Program Files\Android\Android Studio\jre\bin\management_ext.dll
0x00007ff957390000 - 0x00007ff9573a8000 	C:\Windows\SYSTEM32\CRYPTSP.dll
0x00007ff956d30000 - 0x00007ff956d65000 	C:\Windows\system32\rsaenh.dll
0x00007ff957240000 - 0x00007ff957269000 	C:\Windows\SYSTEM32\USERENV.dll
0x00007ff957510000 - 0x00007ff957537000 	C:\Windows\SYSTEM32\bcrypt.dll
0x00007ff9573b0000 - 0x00007ff9573bc000 	C:\Windows\SYSTEM32\CRYPTBASE.dll
0x00007ff956880000 - 0x00007ff9568ad000 	C:\Windows\SYSTEM32\IPHLPAPI.DLL
0x00007ff959bc0000 - 0x00007ff959bc9000 	C:\Windows\System32\NSI.dll
0x00007ff94c360000 - 0x00007ff94c379000 	C:\Windows\SYSTEM32\dhcpcsvc6.DLL
0x00007ff94c870000 - 0x00007ff94c88e000 	C:\Windows\SYSTEM32\dhcpcsvc.DLL
0x00007ff9568f0000 - 0x00007ff9569d7000 	C:\Windows\SYSTEM32\DNSAPI.dll

dbghelp: loaded successfully - version: 4.0.5 - missing functions: none
symbol engine: initialized successfully - sym options: 0x614 - pdb path: .;C:\Program Files\Android\Android Studio\jre\bin;C:\Windows\SYSTEM32;C:\Windows\WinSxS\amd64_microsoft.windows.common-controls_6595b64144ccf1df_6.0.22000.120_none_9d947278b86cc467;C:\Program Files\Android\Android Studio\jre\bin\server;C:\Users\Admin\.gradle\native\e1d6ef7f7dcc3fd88c89a11ec53ec762bb8ba0a96d01ffa2cd45eb1d1d8dd5c5\windows-amd64;C:\Users\Admin\.gradle\native\5664cfc778a61ccfe75a443a1ab52a65af34e5dc3c78e0209fed803814484fcb\windows-amd64

VM Arguments:
jvm_args: --add-opens=java.base/java.util=ALL-UNNAMED --add-opens=java.base/java.lang=ALL-UNNAMED --add-opens=java.base/java.lang.invoke=ALL-UNNAMED --add-opens=java.base/java.util=ALL-UNNAMED --add-opens=java.prefs/java.util.prefs=ALL-UNNAMED --add-opens=java.prefs/java.util.prefs=ALL-UNNAMED --add-opens=java.base/java.nio.charset=ALL-UNNAMED --add-opens=java.base/java.net=ALL-UNNAMED --add-opens=java.base/java.util.concurrent.atomic=ALL-UNNAMED -Xmx2048m -Dfile.encoding=UTF-8 -Duser.country=US -Duser.language=en -Duser.variant 
java_command: org.gradle.launcher.daemon.bootstrap.GradleDaemon 7.3.3
java_class_path (initial): C:\Users\Admin\.gradle\wrapper\dists\gradle-7.3.3-bin\6a41zxkdtcxs8rphpq6y0069z\gradle-7.3.3\lib\gradle-launcher-7.3.3.jar
Launcher Type: SUN_STANDARD

[Global flags]
     intx CICompilerCount                          = 3                                         {product} {ergonomic}
     uint ConcGCThreads                            = 1                                         {product} {ergonomic}
     uint G1ConcRefinementThreads                  = 4                                         {product} {ergonomic}
   size_t G1HeapRegionSize                         = 1048576                                   {product} {ergonomic}
    uintx GCDrainStackTargetSize                   = 64                                        {product} {ergonomic}
   size_t InitialHeapSize                          = 134217728                                 {product} {ergonomic}
   size_t MarkStackSize                            = 4194304                                   {product} {ergonomic}
   size_t MaxHeapSize                              = 2147483648                                {product} {command line}
   size_t MaxNewSize                               = 1287651328                                {product} {ergonomic}
   size_t MinHeapDeltaBytes                        = 1048576                                   {product} {ergonomic}
    uintx NonNMethodCodeHeapSize                   = 5830732                                {pd product} {ergonomic}
    uintx NonProfiledCodeHeapSize                  = 122913754                              {pd product} {ergonomic}
    uintx ProfiledCodeHeapSize                     = 122913754                              {pd product} {ergonomic}
    uintx ReservedCodeCacheSize                    = 251658240                              {pd product} {ergonomic}
     bool SegmentedCodeCache                       = true                                      {product} {ergonomic}
     bool UseCompressedClassPointers               = true                                 {lp64_product} {ergonomic}
     bool UseCompressedOops                        = true                                 {lp64_product} {ergonomic}
     bool UseG1GC                                  = true                                      {product} {ergonomic}
     bool UseLargePagesIndividualAllocation        = false                                  {pd product} {ergonomic}

Logging:
Log output configuration:
 #0: stdout all=warning uptime,level,tags
 #1: stderr all=off uptime,level,tags

Environment Variables:
PATH=C:\Program Files\Common Files\Oracle\Java\javapath;C:\Program Files (x86)\Common Files\Oracle\Java\javapath;C:\Windows\system32;C:\Windows;C:\Windows\System32\Wbem;C:\Windows\System32\WindowsPowerShell\v1.0\;C:\Windows\System32\OpenSSH\;C:\Program Files (x86)\Intel\Intel(R) Management Engine Components\DAL;C:\Program Files\Intel\Intel(R) Management Engine Components\DAL;C:\Program Files\Git\cmd;C:\Users\Admin\AppData\Local\Microsoft\WindowsApps;C:\Users\Admin\AppData\Local\Programs\Microsoft VS Code\bin;C:\Users\Admin\AppData\Local\atom\bin;C:\Users\Admin\AppData\Local\GitHubDesktop\bin
USERNAME=Admin
OS=Windows_NT
PROCESSOR_IDENTIFIER=Intel64 Family 6 Model 78 Stepping 3, GenuineIntel



---------------  S Y S T E M  ---------------

OS: Windows 10 , 64 bit Build 22000 (10.0.22000.434)
OS uptime: 0 days 0:12 hours

CPU:total 4 (initial active 4) (2 cores per cpu, 2 threads per core) family 6 model 78 stepping 3 microcode 0xd6, cmov, cx8, fxsr, mmx, sse, sse2, sse3, ssse3, sse4.1, sse4.2, popcnt, avx, avx2, aes, clmul, erms, rtm, 3dnowpref, lzcnt, ht, tsc, tscinvbit, bmi1, bmi2, adx, fma

Memory: 4k page, system-wide physical 8072M (1072M free)
TotalPageFile size 8072M (AvailPageFile size 4M)
current process WorkingSet (physical memory assigned to process): 207M, peak: 207M
current process commit charge ("private bytes"): 288M, peak: 292M

vm_info: OpenJDK 64-Bit Server VM (11.0.12+7-b1504.28-7817840) for windows-amd64 JRE (11.0.12+7-b1504.28-7817840), built on Oct 13 2021 22:12:33 by "builder" with MS VC++ 14.0 (VS2015)

END.
