#
# There is insufficient memory for the Java Runtime Environment to continue.
# Native memory allocation (malloc) failed to allocate 712896 bytes for Chunk::new
# Possible reasons:
#   The system is out of physical RAM or swap space
#   The process is running with CompressedOops enabled, and the Java Heap may be blocking the growth of the native heap
# Possible solutions:
#   Reduce memory load on the system
#   Increase physical memory or swap space
#   Check if swap backing store is full
#   Decrease Java heap size (-Xmx/-Xms)
#   Decrease number of Java threads
#   Decrease Java thread stack sizes (-Xss)
#   Set larger code cache with -XX:ReservedCodeCacheSize=
#   JVM is running with Unscaled Compressed Oops mode in which the Java heap is
#     placed in the first 4GB address space. The Java Heap base address is the
#     maximum limit for the native heap growth. Please use -XX:HeapBaseMinAddress
#     to set the Java Heap base and to place the Java Heap above 4GB virtual address.
# This output file may be truncated or incomplete.
#
#  Out of Memory Error (./src/hotspot/share/memory/arena.cpp:197), pid=1180, tid=8756
#
# JRE version: OpenJDK Runtime Environment (11.0.12+7) (build 11.0.12+7-b1504.28-7817840)
# Java VM: OpenJDK 64-Bit Server VM (11.0.12+7-b1504.28-7817840, mixed mode, tiered, compressed oops, g1 gc, windows-amd64)
# No core dump will be written. Minidumps are not enabled by default on client versions of Windows
#

---------------  S U M M A R Y ------------

Command Line: --add-opens=java.base/java.util=ALL-UNNAMED --add-opens=java.base/java.lang=ALL-UNNAMED --add-opens=java.base/java.lang.invoke=ALL-UNNAMED --add-opens=java.base/java.util=ALL-UNNAMED --add-opens=java.prefs/java.util.prefs=ALL-UNNAMED --add-opens=java.prefs/java.util.prefs=ALL-UNNAMED --add-opens=java.base/java.nio.charset=ALL-UNNAMED --add-opens=java.base/java.net=ALL-UNNAMED --add-opens=java.base/java.util.concurrent.atomic=ALL-UNNAMED -Xmx2048m -Dfile.encoding=UTF-8 -Duser.country=US -Duser.language=en -Duser.variant org.gradle.launcher.daemon.bootstrap.GradleDaemon 7.3.3

Host: Intel(R) Core(TM) i7-6600U CPU @ 2.60GHz, 4 cores, 7G,  Windows 10 , 64 bit Build 22000 (10.0.22000.434)
Time: Sun Aug  7 11:36:13 2022 Egypt Standard Time elapsed time: 12.726170 seconds (0d 0h 0m 12s)

---------------  T H R E A D  ---------------

Current thread (0x0000023df5f26800):  JavaThread "C2 CompilerThread0" daemon [_thread_in_native, id=8756, stack(0x000000498d700000,0x000000498d800000)]


Current CompileTask:
C2:  12726 7583       4       java.lang.Class::annotationData (44 bytes)

Stack: [0x000000498d700000,0x000000498d800000]
Native frames: (J=compiled Java code, j=interpreted, Vv=VM code, C=native code)
V  [jvm.dll+0x5fbcea]
V  [jvm.dll+0x731905]
V  [jvm.dll+0x732f1d]
V  [jvm.dll+0x7335d3]
V  [jvm.dll+0x247bf8]
V  [jvm.dll+0xc018c]
V  [jvm.dll+0xc06cc]
V  [jvm.dll+0x2bcc04]
V  [jvm.dll+0x5113a8]
V  [jvm.dll+0x2018ec]
V  [jvm.dll+0x1ff71f]
V  [jvm.dll+0x18868c]
V  [jvm.dll+0x20e0d7]
V  [jvm.dll+0x20c901]
V  [jvm.dll+0x6f9b7f]
V  [jvm.dll+0x6f26a5]
V  [jvm.dll+0x5fabf6]
C  [ucrtbase.dll+0x26c0c]
C  [KERNEL32.DLL+0x154e0]
C  [ntdll.dll+0x485b]


---------------  P R O C E S S  ---------------

Threads class SMR info:
_java_thread_list=0x0000023df6d306c0, length=80, elements={
0x0000023ddc312800, 0x0000023df5f03000, 0x0000023df5f0e000, 0x0000023df6892800,
0x0000023df5f22800, 0x0000023df5f23800, 0x0000023df5f26800, 0x0000023df5f2b000,
0x0000023df5f36000, 0x0000023df69df000, 0x0000023df89de000, 0x0000023df8a3c000,
0x0000023df6c75800, 0x0000023df8d36000, 0x0000023df8eee800, 0x0000023df89ee800,
0x0000023df8066800, 0x0000023dfa384800, 0x0000023df9088800, 0x0000023df8950800,
0x0000023df8c10000, 0x0000023df894d800, 0x0000023df894f000, 0x0000023df894f800,
0x0000023df894b000, 0x0000023df8951800, 0x0000023df894b800, 0x0000023df894c800,
0x0000023df894e000, 0x0000023df9105800, 0x0000023df9104000, 0x0000023df9107800,
0x0000023df9101800, 0x0000023df9108000, 0x0000023df9102800, 0x0000023df9109000,
0x0000023df910a000, 0x0000023df910a800, 0x0000023df9105000, 0x0000023df910e800,
0x0000023df910b800, 0x0000023df910c000, 0x0000023df910e000, 0x0000023df910d000,
0x0000023df910f800, 0x0000023df9110800, 0x0000023dfc266000, 0x0000023dfc26a000,
0x0000023dfc26c000, 0x0000023dfc268800, 0x0000023dfc267800, 0x0000023dfc26c800,
0x0000023dfc269800, 0x0000023dfc26b000, 0x0000023dfc267000, 0x0000023dfc272800,
0x0000023dfc26d800, 0x0000023dfc26f000, 0x0000023dfc274000, 0x0000023dfc270000,
0x0000023dfc26e800, 0x0000023dfc273000, 0x0000023dfc275000, 0x0000023dfc270800,
0x0000023dfc271800, 0x0000023df8838800, 0x0000023df8832800, 0x0000023df8833800,
0x0000023df8837800, 0x0000023df8834800, 0x0000023df8839000, 0x0000023df883a000,
0x0000023df883b000, 0x0000023df8835000, 0x0000023df883b800, 0x0000023df8836000,
0x0000023df883c800, 0x0000023df8837000, 0x0000023df883f000, 0x0000023df883d800
}

Java Threads: ( => current thread )
  0x0000023ddc312800 JavaThread "main" [_thread_blocked, id=5140, stack(0x000000498cb00000,0x000000498cc00000)]
  0x0000023df5f03000 JavaThread "Reference Handler" daemon [_thread_blocked, id=7408, stack(0x000000498d200000,0x000000498d300000)]
  0x0000023df5f0e000 JavaThread "Finalizer" daemon [_thread_blocked, id=8844, stack(0x000000498d300000,0x000000498d400000)]
  0x0000023df6892800 JavaThread "Signal Dispatcher" daemon [_thread_blocked, id=560, stack(0x000000498d400000,0x000000498d500000)]
  0x0000023df5f22800 JavaThread "Attach Listener" daemon [_thread_blocked, id=5780, stack(0x000000498d500000,0x000000498d600000)]
  0x0000023df5f23800 JavaThread "Service Thread" daemon [_thread_blocked, id=5776, stack(0x000000498d600000,0x000000498d700000)]
=>0x0000023df5f26800 JavaThread "C2 CompilerThread0" daemon [_thread_in_native, id=8756, stack(0x000000498d700000,0x000000498d800000)]
  0x0000023df5f2b000 JavaThread "C1 CompilerThread0" daemon [_thread_blocked, id=4988, stack(0x000000498d800000,0x000000498d900000)]
  0x0000023df5f36000 JavaThread "Sweeper thread" daemon [_thread_blocked, id=5092, stack(0x000000498d900000,0x000000498da00000)]
  0x0000023df69df000 JavaThread "Common-Cleaner" daemon [_thread_blocked, id=7572, stack(0x000000498da00000,0x000000498db00000)]
  0x0000023df89de000 JavaThread "Daemon health stats" [_thread_blocked, id=6288, stack(0x000000498df00000,0x000000498e000000)]
  0x0000023df8a3c000 JavaThread "Incoming local TCP Connector on port 65071" [_thread_in_native, id=8848, stack(0x000000498dc00000,0x000000498dd00000)]
  0x0000023df6c75800 JavaThread "Daemon periodic checks" [_thread_blocked, id=5488, stack(0x000000498e000000,0x000000498e100000)]
  0x0000023df8d36000 JavaThread "Daemon" [_thread_blocked, id=8548, stack(0x000000498e100000,0x000000498e200000)]
  0x0000023df8eee800 JavaThread "Handler for socket connection from /127.0.0.1:65071 to /127.0.0.1:65072" [_thread_in_native, id=8560, stack(0x000000498e200000,0x000000498e300000)]
  0x0000023df89ee800 JavaThread "Cancel handler" [_thread_blocked, id=936, stack(0x000000498e300000,0x000000498e400000)]
  0x0000023df8066800 JavaThread "Daemon worker" [_thread_in_vm, id=1204, stack(0x000000498e400000,0x000000498e500000)]
  0x0000023dfa384800 JavaThread "Asynchronous log dispatcher for DefaultDaemonConnection: socket connection from /127.0.0.1:65071 to /127.0.0.1:65072" [_thread_blocked, id=1888, stack(0x000000498e500000,0x000000498e600000)]
  0x0000023df9088800 JavaThread "Stdin handler" [_thread_blocked, id=8004, stack(0x000000498e600000,0x000000498e700000)]
  0x0000023df8950800 JavaThread "Daemon client event forwarder" [_thread_blocked, id=5624, stack(0x000000498e700000,0x000000498e800000)]
  0x0000023df8c10000 JavaThread "C2 CompilerThread1" daemon [_thread_in_native, id=8764, stack(0x000000498e800000,0x000000498e900000)]
  0x0000023df894d800 JavaThread "Cache worker for journal cache (C:\Users\Admin\.gradle\caches\journal-1)" [_thread_blocked, id=6080, stack(0x000000498ea00000,0x000000498eb00000)]
  0x0000023df894f000 JavaThread "File lock request listener" [_thread_in_native, id=7060, stack(0x000000498eb00000,0x000000498ec00000)]
  0x0000023df894f800 JavaThread "Cache worker for file hash cache (C:\Users\Admin\.gradle\caches\7.3.3\fileHashes)" [_thread_blocked, id=2620, stack(0x000000498ec00000,0x000000498ed00000)]
  0x0000023df894b000 JavaThread "Cache worker for file hash cache (C:\Users\Admin\Desktop\jana\MyApplication2\.gradle\7.3.3\fileHashes)" [_thread_blocked, id=2200, stack(0x000000498ed00000,0x000000498ee00000)]
  0x0000023df8951800 JavaThread "File watcher server" daemon [_thread_in_native, id=2108, stack(0x000000498ee00000,0x000000498ef00000)]
  0x0000023df894b800 JavaThread "File watcher consumer" daemon [_thread_blocked, id=8212, stack(0x000000498ef00000,0x000000498f000000)]
  0x0000023df894c800 JavaThread "Cache worker for checksums cache (C:\Users\Admin\Desktop\jana\MyApplication2\.gradle\7.3.3\checksums)" [_thread_blocked, id=5964, stack(0x000000498f000000,0x000000498f100000)]
  0x0000023df894e000 JavaThread "Cache worker for cache directory md-supplier (C:\Users\Admin\.gradle\caches\7.3.3\md-supplier)" [_thread_blocked, id=3988, stack(0x000000498f100000,0x000000498f200000)]
  0x0000023df9105800 JavaThread "Cache worker for cache directory md-rule (C:\Users\Admin\.gradle\caches\7.3.3\md-rule)" [_thread_blocked, id=4232, stack(0x000000498f200000,0x000000498f300000)]
  0x0000023df9104000 JavaThread "Cache worker for execution history cache (C:\Users\Admin\.gradle\caches\7.3.3\executionHistory)" [_thread_blocked, id=8660, stack(0x000000498f300000,0x000000498f400000)]
  0x0000023df9107800 JavaThread "jar transforms" [_thread_blocked, id=7876, stack(0x000000498f400000,0x000000498f500000)]
  0x0000023df9101800 JavaThread "Cache worker for file content cache (C:\Users\Admin\.gradle\caches\7.3.3\fileContent)" [_thread_blocked, id=4352, stack(0x000000498f500000,0x000000498f600000)]
  0x0000023df9108000 JavaThread "jar transforms Thread 2" [_thread_blocked, id=1428, stack(0x000000498f600000,0x000000498f700000)]
  0x0000023df9102800 JavaThread "Cache worker for dependencies-accessors (C:\Users\Admin\Desktop\jana\MyApplication2\.gradle\7.3.3\dependencies-accessors)" [_thread_blocked, id=3584, stack(0x000000498f700000,0x000000498f800000)]
  0x0000023df9109000 JavaThread "jar transforms Thread 3" [_thread_blocked, id=7712, stack(0x000000498f800000,0x000000498f900000)]
  0x0000023df910a000 JavaThread "Cache worker for Build Output Cleanup Cache (C:\Users\Admin\Desktop\jana\MyApplication2\.gradle\buildOutputCleanup)" [_thread_blocked, id=6940, stack(0x000000498f900000,0x000000498fa00000)]
  0x0000023df910a800 JavaThread "Unconstrained build operations" [_thread_blocked, id=2688, stack(0x000000498fa00000,0x000000498fb00000)]
  0x0000023df9105000 JavaThread "Unconstrained build operations Thread 2" [_thread_blocked, id=3112, stack(0x000000498fb00000,0x000000498fc00000)]
  0x0000023df910e800 JavaThread "Unconstrained build operations Thread 3" [_thread_blocked, id=2168, stack(0x000000498fc00000,0x000000498fd00000)]
  0x0000023df910b800 JavaThread "Unconstrained build operations Thread 4" [_thread_blocked, id=7352, stack(0x000000498fd00000,0x000000498fe00000)]
  0x0000023df910c000 JavaThread "Unconstrained build operations Thread 5" [_thread_blocked, id=2796, stack(0x000000498fe00000,0x000000498ff00000)]
  0x0000023df910e000 JavaThread "Unconstrained build operations Thread 6" [_thread_blocked, id=6644, stack(0x000000498ff00000,0x0000004990000000)]
  0x0000023df910d000 JavaThread "Unconstrained build operations Thread 7" [_thread_blocked, id=7868, stack(0x0000004990000000,0x0000004990100000)]
  0x0000023df910f800 JavaThread "Unconstrained build operations Thread 8" [_thread_blocked, id=4340, stack(0x0000004990100000,0x0000004990200000)]
  0x0000023df9110800 JavaThread "Unconstrained build operations Thread 9" [_thread_blocked, id=2180, stack(0x0000004990200000,0x0000004990300000)]
  0x0000023dfc266000 JavaThread "Unconstrained build operations Thread 10" [_thread_blocked, id=8812, stack(0x0000004990300000,0x0000004990400000)]
  0x0000023dfc26a000 JavaThread "Unconstrained build operations Thread 11" [_thread_blocked, id=7668, stack(0x0000004990400000,0x0000004990500000)]
  0x0000023dfc26c000 JavaThread "Unconstrained build operations Thread 12" [_thread_blocked, id=2712, stack(0x0000004990500000,0x0000004990600000)]
  0x0000023dfc268800 JavaThread "Unconstrained build operations Thread 13" [_thread_blocked, id=2588, stack(0x0000004990600000,0x0000004990700000)]
  0x0000023dfc267800 JavaThread "Unconstrained build operations Thread 14" [_thread_blocked, id=8428, stack(0x0000004990700000,0x0000004990800000)]
  0x0000023dfc26c800 JavaThread "Unconstrained build operations Thread 15" [_thread_blocked, id=8228, stack(0x0000004990800000,0x0000004990900000)]
  0x0000023dfc269800 JavaThread "Unconstrained build operations Thread 16" [_thread_blocked, id=4904, stack(0x0000004990900000,0x0000004990a00000)]
  0x0000023dfc26b000 JavaThread "Unconstrained build operations Thread 17" [_thread_blocked, id=4836, stack(0x0000004990a00000,0x0000004990b00000)]
  0x0000023dfc267000 JavaThread "Unconstrained build operations Thread 18" [_thread_blocked, id=3488, stack(0x0000004990b00000,0x0000004990c00000)]
  0x0000023dfc272800 JavaThread "Unconstrained build operations Thread 19" [_thread_blocked, id=8668, stack(0x0000004990c00000,0x0000004990d00000)]
  0x0000023dfc26d800 JavaThread "Unconstrained build operations Thread 20" [_thread_blocked, id=5912, stack(0x0000004990d00000,0x0000004990e00000)]
  0x0000023dfc26f000 JavaThread "Unconstrained build operations Thread 21" [_thread_blocked, id=7596, stack(0x0000004990e00000,0x0000004990f00000)]
  0x0000023dfc274000 JavaThread "Unconstrained build operations Thread 22" [_thread_blocked, id=1844, stack(0x0000004990f00000,0x0000004991000000)]
  0x0000023dfc270000 JavaThread "Unconstrained build operations Thread 23" [_thread_blocked, id=6868, stack(0x0000004991000000,0x0000004991100000)]
  0x0000023dfc26e800 JavaThread "Unconstrained build operations Thread 24" [_thread_blocked, id=6516, stack(0x0000004991100000,0x0000004991200000)]
  0x0000023dfc273000 JavaThread "Unconstrained build operations Thread 25" [_thread_blocked, id=4980, stack(0x0000004991200000,0x0000004991300000)]
  0x0000023dfc275000 JavaThread "Unconstrained build operations Thread 26" [_thread_blocked, id=2376, stack(0x0000004991300000,0x0000004991400000)]
  0x0000023dfc270800 JavaThread "Unconstrained build operations Thread 27" [_thread_blocked, id=4000, stack(0x0000004991400000,0x0000004991500000)]
  0x0000023dfc271800 JavaThread "Unconstrained build operations Thread 28" [_thread_blocked, id=5188, stack(0x0000004991500000,0x0000004991600000)]
  0x0000023df8838800 JavaThread "Unconstrained build operations Thread 29" [_thread_blocked, id=4816, stack(0x0000004991600000,0x0000004991700000)]
  0x0000023df8832800 JavaThread "Unconstrained build operations Thread 30" [_thread_blocked, id=7040, stack(0x0000004991700000,0x0000004991800000)]
  0x0000023df8833800 JavaThread "Unconstrained build operations Thread 31" [_thread_blocked, id=3780, stack(0x0000004991800000,0x0000004991900000)]
  0x0000023df8837800 JavaThread "Unconstrained build operations Thread 32" [_thread_blocked, id=6016, stack(0x0000004991900000,0x0000004991a00000)]
  0x0000023df8834800 JavaThread "Unconstrained build operations Thread 33" [_thread_blocked, id=6656, stack(0x0000004991a00000,0x0000004991b00000)]
  0x0000023df8839000 JavaThread "Unconstrained build operations Thread 34" [_thread_blocked, id=5232, stack(0x0000004991b00000,0x0000004991c00000)]
  0x0000023df883a000 JavaThread "Unconstrained build operations Thread 35" [_thread_blocked, id=6892, stack(0x0000004991c00000,0x0000004991d00000)]
  0x0000023df883b000 JavaThread "Unconstrained build operations Thread 36" [_thread_blocked, id=7848, stack(0x0000004991d00000,0x0000004991e00000)]
  0x0000023df8835000 JavaThread "Unconstrained build operations Thread 37" [_thread_blocked, id=7872, stack(0x0000004991e00000,0x0000004991f00000)]
  0x0000023df883b800 JavaThread "Unconstrained build operations Thread 38" [_thread_blocked, id=6816, stack(0x0000004991f00000,0x0000004992000000)]
  0x0000023df8836000 JavaThread "Unconstrained build operations Thread 39" [_thread_blocked, id=1932, stack(0x0000004992000000,0x0000004992100000)]
  0x0000023df883c800 JavaThread "Unconstrained build operations Thread 40" [_thread_blocked, id=9064, stack(0x0000004992100000,0x0000004992200000)]
  0x0000023df8837000 JavaThread "jar transforms Thread 4" [_thread_blocked, id=8772, stack(0x0000004992200000,0x0000004992300000)]
  0x0000023df883f000 JavaThread "Memory manager" [_thread_blocked, id=6268, stack(0x0000004992300000,0x0000004992400000)]
  0x0000023df883d800 JavaThread "build event listener" [_thread_blocked, id=7200, stack(0x0000004992400000,0x0000004992500000)]

Other Threads:
  0x0000023df5efd800 VMThread "VM Thread" [stack: 0x000000498d100000,0x000000498d200000] [id=784]
  0x0000023df6a0b800 WatcherThread [stack: 0x000000498db00000,0x000000498dc00000] [id=3884]
  0x0000023dda1cc000 GCTaskThread "GC Thread#0" [stack: 0x000000498cc00000,0x000000498cd00000] [id=2080]
  0x0000023df75bf000 GCTaskThread "GC Thread#1" [stack: 0x000000498dd00000,0x000000498de00000] [id=3708]
  0x0000023df71c4000 GCTaskThread "GC Thread#2" [stack: 0x000000498de00000,0x000000498df00000] [id=5732]
  0x0000023df8f0f800 GCTaskThread "GC Thread#3" [stack: 0x000000498e900000,0x000000498ea00000] [id=1684]
  0x0000023ddc358800 ConcurrentGCThread "G1 Main Marker" [stack: 0x000000498cd00000,0x000000498ce00000] [id=1424]
  0x0000023ddc359800 ConcurrentGCThread "G1 Conc#0" [stack: 0x000000498ce00000,0x000000498cf00000] [id=7656]
  0x0000023ddc3ea000 ConcurrentGCThread "G1 Refine#0" [stack: 0x000000498cf00000,0x000000498d000000] [id=7204]
  0x0000023ddc3eb000 ConcurrentGCThread "G1 Young RemSet Sampling" [stack: 0x000000498d000000,0x000000498d100000] [id=8276]

Threads with active compile tasks:
C2 CompilerThread0  12742 7583       4       java.lang.Class::annotationData (44 bytes)
C2 CompilerThread1  12742 7617       4       java.lang.ClassLoader::postDefineClass (39 bytes)

VM state:not at safepoint (normal execution)

VM Mutex/Monitor currently owned by a thread: None

Heap address: 0x0000000080000000, size: 2048 MB, Compressed Oops mode: 32-bit
Narrow klass base: 0x0000000000000000, Narrow klass shift: 3
Compressed class space size: 1073741824 Address: 0x0000000100000000

Heap:
 garbage-first heap   total 189440K, used 131827K [0x0000000080000000, 0x0000000100000000)
  region size 1024K, 80 young (81920K), 5 survivors (5120K)
 Metaspace       used 80358K, capacity 82188K, committed 82496K, reserved 1120256K
  class space    used 10453K, capacity 11134K, committed 11212K, reserved 1048576K
Heap Regions: E=young(eden), S=young(survivor), O=old, HS=humongous(starts), HC=humongous(continues), CS=collection set, F=free, A=archive, TAMS=top-at-mark-start (previous, next)
|   0|0x0000000080000000, 0x0000000080100000, 0x0000000080100000|100%| O|  |TAMS 0x0000000080100000, 0x0000000080000000| Untracked 
|   1|0x0000000080100000, 0x0000000080200000, 0x0000000080200000|100%| O|  |TAMS 0x0000000080200000, 0x0000000080100000| Untracked 
|   2|0x0000000080200000, 0x0000000080300000, 0x0000000080300000|100%| O|  |TAMS 0x0000000080300000, 0x0000000080200000| Untracked 
|   3|0x0000000080300000, 0x0000000080400000, 0x0000000080400000|100%|HS|  |TAMS 0x0000000080400000, 0x0000000080300000| Complete 
|   4|0x0000000080400000, 0x0000000080500000, 0x0000000080500000|100%|HC|  |TAMS 0x0000000080500000, 0x0000000080400000| Complete 
|   5|0x0000000080500000, 0x0000000080600000, 0x0000000080600000|100%|HC|  |TAMS 0x0000000080600000, 0x0000000080500000| Complete 
|   6|0x0000000080600000, 0x0000000080700000, 0x0000000080700000|100%| O|  |TAMS 0x0000000080700000, 0x0000000080600000| Untracked 
|   7|0x0000000080700000, 0x0000000080800000, 0x0000000080800000|100%| O|  |TAMS 0x0000000080800000, 0x0000000080700000| Untracked 
|   8|0x0000000080800000, 0x0000000080900000, 0x0000000080900000|100%| O|  |TAMS 0x0000000080900000, 0x0000000080800000| Untracked 
|   9|0x0000000080900000, 0x0000000080a00000, 0x0000000080a00000|100%| O|  |TAMS 0x0000000080a00000, 0x0000000080900000| Untracked 
|  10|0x0000000080a00000, 0x0000000080b00000, 0x0000000080b00000|100%| O|  |TAMS 0x0000000080b00000, 0x0000000080a00000| Untracked 
|  11|0x0000000080b00000, 0x0000000080c00000, 0x0000000080c00000|100%| O|  |TAMS 0x0000000080c00000, 0x0000000080b00000| Untracked 
|  12|0x0000000080c00000, 0x0000000080d00000, 0x0000000080d00000|100%| O|  |TAMS 0x0000000080d00000, 0x0000000080c00000| Untracked 
|  13|0x0000000080d00000, 0x0000000080e00000, 0x0000000080e00000|100%| O|  |TAMS 0x0000000080e00000, 0x0000000080d00000| Untracked 
|  14|0x0000000080e00000, 0x0000000080f00000, 0x0000000080f00000|100%| O|  |TAMS 0x0000000080f00000, 0x0000000080e00000| Untracked 
|  15|0x0000000080f00000, 0x0000000081000000, 0x0000000081000000|100%| O|  |TAMS 0x0000000081000000, 0x0000000080f00000| Untracked 
|  16|0x0000000081000000, 0x0000000081100000, 0x0000000081100000|100%|HS|  |TAMS 0x0000000081100000, 0x0000000081000000| Complete 
|  17|0x0000000081100000, 0x0000000081200000, 0x0000000081200000|100%| O|  |TAMS 0x0000000081200000, 0x0000000081100000| Untracked 
|  18|0x0000000081200000, 0x0000000081300000, 0x0000000081300000|100%| O|  |TAMS 0x0000000081300000, 0x0000000081200000| Untracked 
|  19|0x0000000081300000, 0x0000000081400000, 0x0000000081400000|100%| O|  |TAMS 0x0000000081400000, 0x0000000081300000| Untracked 
|  20|0x0000000081400000, 0x0000000081500000, 0x0000000081500000|100%| O|  |TAMS 0x0000000081500000, 0x0000000081400000| Untracked 
|  21|0x0000000081500000, 0x0000000081600000, 0x0000000081600000|100%| O|  |TAMS 0x0000000081600000, 0x0000000081500000| Untracked 
|  22|0x0000000081600000, 0x0000000081700000, 0x0000000081700000|100%| O|  |TAMS 0x0000000081700000, 0x0000000081600000| Untracked 
|  23|0x0000000081700000, 0x0000000081800000, 0x0000000081800000|100%| O|  |TAMS 0x0000000081800000, 0x0000000081700000| Untracked 
|  24|0x0000000081800000, 0x0000000081900000, 0x0000000081900000|100%| O|  |TAMS 0x0000000081900000, 0x0000000081800000| Untracked 
|  25|0x0000000081900000, 0x0000000081a00000, 0x0000000081a00000|100%| O|  |TAMS 0x0000000081a00000, 0x0000000081900000| Untracked 
|  26|0x0000000081a00000, 0x0000000081b00000, 0x0000000081b00000|100%| O|  |TAMS 0x0000000081b00000, 0x0000000081a00000| Untracked 
|  27|0x0000000081b00000, 0x0000000081c00000, 0x0000000081c00000|100%| O|  |TAMS 0x0000000081c00000, 0x0000000081b00000| Untracked 
|  28|0x0000000081c00000, 0x0000000081d00000, 0x0000000081d00000|100%|HS|  |TAMS 0x0000000081d00000, 0x0000000081c00000| Complete 
|  29|0x0000000081d00000, 0x0000000081e00000, 0x0000000081e00000|100%|HS|  |TAMS 0x0000000081e00000, 0x0000000081d00000| Complete 
|  30|0x0000000081e00000, 0x0000000081f00000, 0x0000000081f00000|100%|HC|  |TAMS 0x0000000081f00000, 0x0000000081e00000| Complete 
|  31|0x0000000081f00000, 0x0000000082000000, 0x0000000082000000|100%| O|  |TAMS 0x0000000082000000, 0x0000000081f00000| Untracked 
|  32|0x0000000082000000, 0x0000000082100000, 0x0000000082100000|100%| O|  |TAMS 0x0000000082100000, 0x0000000082000000| Untracked 
|  33|0x0000000082100000, 0x0000000082200000, 0x0000000082200000|100%| O|  |TAMS 0x0000000082200000, 0x0000000082100000| Untracked 
|  34|0x0000000082200000, 0x0000000082300000, 0x0000000082300000|100%| O|  |TAMS 0x0000000082300000, 0x0000000082200000| Untracked 
|  35|0x0000000082300000, 0x0000000082400000, 0x0000000082400000|100%| O|  |TAMS 0x0000000082400000, 0x0000000082300000| Untracked 
|  36|0x0000000082400000, 0x0000000082500000, 0x0000000082500000|100%| O|  |TAMS 0x0000000082500000, 0x0000000082400000| Untracked 
|  37|0x0000000082500000, 0x0000000082600000, 0x0000000082600000|100%| O|  |TAMS 0x0000000082600000, 0x0000000082500000| Untracked 
|  38|0x0000000082600000, 0x0000000082700000, 0x0000000082700000|100%| O|  |TAMS 0x0000000082700000, 0x0000000082600000| Untracked 
|  39|0x0000000082700000, 0x0000000082800000, 0x0000000082800000|100%| O|  |TAMS 0x0000000082800000, 0x0000000082700000| Untracked 
|  40|0x0000000082800000, 0x0000000082900000, 0x0000000082900000|100%| O|  |TAMS 0x0000000082900000, 0x0000000082800000| Untracked 
|  41|0x0000000082900000, 0x0000000082a00000, 0x0000000082a00000|100%| O|  |TAMS 0x0000000082a00000, 0x0000000082900000| Untracked 
|  42|0x0000000082a00000, 0x0000000082b00000, 0x0000000082b00000|100%| O|  |TAMS 0x0000000082b00000, 0x0000000082a00000| Untracked 
|  43|0x0000000082b00000, 0x0000000082c00000, 0x0000000082c00000|100%| O|  |TAMS 0x0000000082c00000, 0x0000000082b00000| Untracked 
|  44|0x0000000082c00000, 0x0000000082d00000, 0x0000000082d00000|100%| O|  |TAMS 0x0000000082d00000, 0x0000000082c00000| Untracked 
|  45|0x0000000082d00000, 0x0000000082e00000, 0x0000000082e00000|100%| O|  |TAMS 0x0000000082e00000, 0x0000000082d00000| Untracked 
|  46|0x0000000082e00000, 0x0000000082f00000, 0x0000000082f00000|100%| O|  |TAMS 0x0000000082f00000, 0x0000000082e00000| Untracked 
|  47|0x0000000082f00000, 0x0000000083000000, 0x0000000083000000|100%| O|  |TAMS 0x0000000083000000, 0x0000000082f00000| Untracked 
|  48|0x0000000083000000, 0x0000000083100000, 0x0000000083100000|100%| O|  |TAMS 0x0000000083100000, 0x0000000083000000| Untracked 
|  49|0x0000000083100000, 0x0000000083200000, 0x0000000083200000|100%| O|  |TAMS 0x0000000083200000, 0x0000000083100000| Untracked 
|  50|0x0000000083200000, 0x0000000083300000, 0x0000000083300000|100%| O|  |TAMS 0x0000000083300000, 0x0000000083200000| Untracked 
|  51|0x0000000083300000, 0x0000000083300000, 0x0000000083400000|  0%| F|  |TAMS 0x0000000083300000, 0x0000000083300000| Untracked 
|  52|0x0000000083400000, 0x0000000083400000, 0x0000000083500000|  0%| F|  |TAMS 0x0000000083400000, 0x0000000083400000| Untracked 
|  53|0x0000000083500000, 0x0000000083500000, 0x0000000083600000|  0%| F|  |TAMS 0x0000000083500000, 0x0000000083500000| Untracked 
|  54|0x0000000083600000, 0x0000000083600000, 0x0000000083700000|  0%| F|  |TAMS 0x0000000083600000, 0x0000000083600000| Untracked 
|  55|0x0000000083700000, 0x0000000083700000, 0x0000000083800000|  0%| F|  |TAMS 0x0000000083700000, 0x0000000083700000| Untracked 
|  56|0x0000000083800000, 0x0000000083800000, 0x0000000083900000|  0%| F|  |TAMS 0x0000000083800000, 0x0000000083800000| Untracked 
|  57|0x0000000083900000, 0x0000000083900000, 0x0000000083a00000|  0%| F|  |TAMS 0x0000000083900000, 0x0000000083900000| Untracked 
|  58|0x0000000083a00000, 0x0000000083a00000, 0x0000000083b00000|  0%| F|  |TAMS 0x0000000083a00000, 0x0000000083a00000| Untracked 
|  59|0x0000000083b00000, 0x0000000083b00000, 0x0000000083c00000|  0%| F|  |TAMS 0x0000000083b00000, 0x0000000083b00000| Untracked 
|  60|0x0000000083c00000, 0x0000000083c00000, 0x0000000083d00000|  0%| F|  |TAMS 0x0000000083c00000, 0x0000000083c00000| Untracked 
|  61|0x0000000083d00000, 0x0000000083d00000, 0x0000000083e00000|  0%| F|  |TAMS 0x0000000083d00000, 0x0000000083d00000| Untracked 
|  62|0x0000000083e00000, 0x0000000083e00000, 0x0000000083f00000|  0%| F|  |TAMS 0x0000000083e00000, 0x0000000083e00000| Untracked 
|  63|0x0000000083f00000, 0x0000000083f00000, 0x0000000084000000|  0%| F|  |TAMS 0x0000000083f00000, 0x0000000083f00000| Untracked 
|  64|0x0000000084000000, 0x0000000084000000, 0x0000000084100000|  0%| F|  |TAMS 0x0000000084000000, 0x0000000084000000| Untracked 
|  65|0x0000000084100000, 0x0000000084100000, 0x0000000084200000|  0%| F|  |TAMS 0x0000000084100000, 0x0000000084100000| Untracked 
|  66|0x0000000084200000, 0x0000000084200000, 0x0000000084300000|  0%| F|  |TAMS 0x0000000084200000, 0x0000000084200000| Untracked 
|  67|0x0000000084300000, 0x0000000084300000, 0x0000000084400000|  0%| F|  |TAMS 0x0000000084300000, 0x0000000084300000| Untracked 
|  68|0x0000000084400000, 0x0000000084400000, 0x0000000084500000|  0%| F|  |TAMS 0x0000000084400000, 0x0000000084400000| Untracked 
|  69|0x0000000084500000, 0x0000000084500000, 0x0000000084600000|  0%| F|  |TAMS 0x0000000084500000, 0x0000000084500000| Untracked 
|  70|0x0000000084600000, 0x0000000084600000, 0x0000000084700000|  0%| F|  |TAMS 0x0000000084600000, 0x0000000084600000| Untracked 
|  71|0x0000000084700000, 0x0000000084700000, 0x0000000084800000|  0%| F|  |TAMS 0x0000000084700000, 0x0000000084700000| Untracked 
|  72|0x0000000084800000, 0x0000000084800000, 0x0000000084900000|  0%| F|  |TAMS 0x0000000084800000, 0x0000000084800000| Untracked 
|  73|0x0000000084900000, 0x0000000084900000, 0x0000000084a00000|  0%| F|  |TAMS 0x0000000084900000, 0x0000000084900000| Untracked 
|  74|0x0000000084a00000, 0x0000000084a00000, 0x0000000084b00000|  0%| F|  |TAMS 0x0000000084a00000, 0x0000000084a00000| Untracked 
|  75|0x0000000084b00000, 0x0000000084b00000, 0x0000000084c00000|  0%| F|  |TAMS 0x0000000084b00000, 0x0000000084b00000| Untracked 
|  76|0x0000000084c00000, 0x0000000084c00000, 0x0000000084d00000|  0%| F|  |TAMS 0x0000000084c00000, 0x0000000084c00000| Untracked 
|  77|0x0000000084d00000, 0x0000000084d00000, 0x0000000084e00000|  0%| F|  |TAMS 0x0000000084d00000, 0x0000000084d00000| Untracked 
|  78|0x0000000084e00000, 0x0000000084e00000, 0x0000000084f00000|  0%| F|  |TAMS 0x0000000084e00000, 0x0000000084e00000| Untracked 
|  79|0x0000000084f00000, 0x0000000084f00000, 0x0000000085000000|  0%| F|  |TAMS 0x0000000084f00000, 0x0000000084f00000| Untracked 
|  80|0x0000000085000000, 0x0000000085000000, 0x0000000085100000|  0%| F|  |TAMS 0x0000000085000000, 0x0000000085000000| Untracked 
|  81|0x0000000085100000, 0x0000000085100000, 0x0000000085200000|  0%| F|  |TAMS 0x0000000085100000, 0x0000000085100000| Untracked 
|  82|0x0000000085200000, 0x0000000085200000, 0x0000000085300000|  0%| F|  |TAMS 0x0000000085200000, 0x0000000085200000| Untracked 
|  83|0x0000000085300000, 0x0000000085300000, 0x0000000085400000|  0%| F|  |TAMS 0x0000000085300000, 0x0000000085300000| Untracked 
|  84|0x0000000085400000, 0x0000000085400000, 0x0000000085500000|  0%| F|  |TAMS 0x0000000085400000, 0x0000000085400000| Untracked 
|  85|0x0000000085500000, 0x0000000085500000, 0x0000000085600000|  0%| F|  |TAMS 0x0000000085500000, 0x0000000085500000| Untracked 
|  86|0x0000000085600000, 0x0000000085600000, 0x0000000085700000|  0%| F|  |TAMS 0x0000000085600000, 0x0000000085600000| Untracked 
|  87|0x0000000085700000, 0x0000000085700000, 0x0000000085800000|  0%| F|  |TAMS 0x0000000085700000, 0x0000000085700000| Untracked 
|  88|0x0000000085800000, 0x0000000085800000, 0x0000000085900000|  0%| F|  |TAMS 0x0000000085800000, 0x0000000085800000| Untracked 
|  89|0x0000000085900000, 0x0000000085900000, 0x0000000085a00000|  0%| F|  |TAMS 0x0000000085900000, 0x0000000085900000| Untracked 
|  90|0x0000000085a00000, 0x0000000085a00000, 0x0000000085b00000|  0%| F|  |TAMS 0x0000000085a00000, 0x0000000085a00000| Untracked 
|  91|0x0000000085b00000, 0x0000000085b00000, 0x0000000085c00000|  0%| F|  |TAMS 0x0000000085b00000, 0x0000000085b00000| Untracked 
|  92|0x0000000085c00000, 0x0000000085c00000, 0x0000000085d00000|  0%| F|  |TAMS 0x0000000085c00000, 0x0000000085c00000| Untracked 
|  93|0x0000000085d00000, 0x0000000085d00000, 0x0000000085e00000|  0%| F|  |TAMS 0x0000000085d00000, 0x0000000085d00000| Untracked 
|  94|0x0000000085e00000, 0x0000000085e00000, 0x0000000085f00000|  0%| F|  |TAMS 0x0000000085e00000, 0x0000000085e00000| Untracked 
|  95|0x0000000085f00000, 0x0000000085f00000, 0x0000000086000000|  0%| F|  |TAMS 0x0000000085f00000, 0x0000000085f00000| Untracked 
|  96|0x0000000086000000, 0x0000000086000000, 0x0000000086100000|  0%| F|  |TAMS 0x0000000086000000, 0x0000000086000000| Untracked 
|  97|0x0000000086100000, 0x0000000086100000, 0x0000000086200000|  0%| F|  |TAMS 0x0000000086100000, 0x0000000086100000| Untracked 
|  98|0x0000000086200000, 0x0000000086200000, 0x0000000086300000|  0%| F|  |TAMS 0x0000000086200000, 0x0000000086200000| Untracked 
|  99|0x0000000086300000, 0x0000000086300000, 0x0000000086400000|  0%| F|  |TAMS 0x0000000086300000, 0x0000000086300000| Untracked 
| 100|0x0000000086400000, 0x0000000086400000, 0x0000000086500000|  0%| F|  |TAMS 0x0000000086400000, 0x0000000086400000| Untracked 
| 101|0x0000000086500000, 0x0000000086500000, 0x0000000086600000|  0%| F|  |TAMS 0x0000000086500000, 0x0000000086500000| Untracked 
| 102|0x0000000086600000, 0x0000000086600000, 0x0000000086700000|  0%| F|  |TAMS 0x0000000086600000, 0x0000000086600000| Untracked 
| 103|0x0000000086700000, 0x0000000086700000, 0x0000000086800000|  0%| F|  |TAMS 0x0000000086700000, 0x0000000086700000| Untracked 
| 104|0x0000000086800000, 0x0000000086800000, 0x0000000086900000|  0%| F|  |TAMS 0x0000000086800000, 0x0000000086800000| Untracked 
| 105|0x0000000086900000, 0x00000000869e2330, 0x0000000086a00000| 88%| E|  |TAMS 0x0000000086900000, 0x0000000086900000| Complete 
| 106|0x0000000086a00000, 0x0000000086b00000, 0x0000000086b00000|100%| E|  |TAMS 0x0000000086a00000, 0x0000000086a00000| Complete 
| 107|0x0000000086b00000, 0x0000000086c00000, 0x0000000086c00000|100%| E|CS|TAMS 0x0000000086b00000, 0x0000000086b00000| Complete 
| 108|0x0000000086c00000, 0x0000000086d00000, 0x0000000086d00000|100%| E|CS|TAMS 0x0000000086c00000, 0x0000000086c00000| Complete 
| 109|0x0000000086d00000, 0x0000000086e00000, 0x0000000086e00000|100%| E|CS|TAMS 0x0000000086d00000, 0x0000000086d00000| Complete 
| 110|0x0000000086e00000, 0x0000000086f00000, 0x0000000086f00000|100%| E|CS|TAMS 0x0000000086e00000, 0x0000000086e00000| Complete 
| 111|0x0000000086f00000, 0x0000000087000000, 0x0000000087000000|100%| E|CS|TAMS 0x0000000086f00000, 0x0000000086f00000| Complete 
| 112|0x0000000087000000, 0x0000000087100000, 0x0000000087100000|100%| E|CS|TAMS 0x0000000087000000, 0x0000000087000000| Complete 
| 113|0x0000000087100000, 0x0000000087200000, 0x0000000087200000|100%| E|CS|TAMS 0x0000000087100000, 0x0000000087100000| Complete 
| 114|0x0000000087200000, 0x0000000087300000, 0x0000000087300000|100%| E|CS|TAMS 0x0000000087200000, 0x0000000087200000| Complete 
| 115|0x0000000087300000, 0x0000000087400000, 0x0000000087400000|100%| E|CS|TAMS 0x0000000087300000, 0x0000000087300000| Complete 
| 116|0x0000000087400000, 0x00000000874bced0, 0x0000000087500000| 73%| S|CS|TAMS 0x0000000087400000, 0x0000000087400000| Complete 
| 117|0x0000000087500000, 0x0000000087600000, 0x0000000087600000|100%| S|CS|TAMS 0x0000000087500000, 0x0000000087500000| Complete 
| 118|0x0000000087600000, 0x0000000087700000, 0x0000000087700000|100%| S|CS|TAMS 0x0000000087600000, 0x0000000087600000| Complete 
| 119|0x0000000087700000, 0x0000000087800000, 0x0000000087800000|100%| S|CS|TAMS 0x0000000087700000, 0x0000000087700000| Complete 
| 120|0x0000000087800000, 0x0000000087900000, 0x0000000087900000|100%| S|CS|TAMS 0x0000000087800000, 0x0000000087800000| Complete 
| 121|0x0000000087900000, 0x0000000087a00000, 0x0000000087a00000|100%| E|CS|TAMS 0x0000000087900000, 0x0000000087900000| Complete 
| 122|0x0000000087a00000, 0x0000000087b00000, 0x0000000087b00000|100%| E|CS|TAMS 0x0000000087a00000, 0x0000000087a00000| Complete 
| 123|0x0000000087b00000, 0x0000000087c00000, 0x0000000087c00000|100%| E|CS|TAMS 0x0000000087b00000, 0x0000000087b00000| Complete 
| 124|0x0000000087c00000, 0x0000000087d00000, 0x0000000087d00000|100%| E|CS|TAMS 0x0000000087c00000, 0x0000000087c00000| Complete 
| 125|0x0000000087d00000, 0x0000000087e00000, 0x0000000087e00000|100%| E|CS|TAMS 0x0000000087d00000, 0x0000000087d00000| Complete 
| 126|0x0000000087e00000, 0x0000000087f00000, 0x0000000087f00000|100%| E|CS|TAMS 0x0000000087e00000, 0x0000000087e00000| Complete 
| 127|0x0000000087f00000, 0x0000000088000000, 0x0000000088000000|100%| E|CS|TAMS 0x0000000087f00000, 0x0000000087f00000| Complete 
| 128|0x0000000088000000, 0x0000000088100000, 0x0000000088100000|100%| E|CS|TAMS 0x0000000088000000, 0x0000000088000000| Complete 
| 129|0x0000000088100000, 0x0000000088200000, 0x0000000088200000|100%| E|CS|TAMS 0x0000000088100000, 0x0000000088100000| Complete 
| 130|0x0000000088200000, 0x0000000088300000, 0x0000000088300000|100%| E|CS|TAMS 0x0000000088200000, 0x0000000088200000| Complete 
| 131|0x0000000088300000, 0x0000000088400000, 0x0000000088400000|100%| E|CS|TAMS 0x0000000088300000, 0x0000000088300000| Complete 
| 132|0x0000000088400000, 0x0000000088500000, 0x0000000088500000|100%| E|CS|TAMS 0x0000000088400000, 0x0000000088400000| Complete 
| 133|0x0000000088500000, 0x0000000088600000, 0x0000000088600000|100%| E|CS|TAMS 0x0000000088500000, 0x0000000088500000| Complete 
| 134|0x0000000088600000, 0x0000000088700000, 0x0000000088700000|100%| E|CS|TAMS 0x0000000088600000, 0x0000000088600000| Complete 
| 135|0x0000000088700000, 0x0000000088800000, 0x0000000088800000|100%| E|CS|TAMS 0x0000000088700000, 0x0000000088700000| Complete 
| 136|0x0000000088800000, 0x0000000088900000, 0x0000000088900000|100%| E|CS|TAMS 0x0000000088800000, 0x0000000088800000| Complete 
| 137|0x0000000088900000, 0x0000000088a00000, 0x0000000088a00000|100%| E|CS|TAMS 0x0000000088900000, 0x0000000088900000| Complete 
| 138|0x0000000088a00000, 0x0000000088b00000, 0x0000000088b00000|100%| E|CS|TAMS 0x0000000088a00000, 0x0000000088a00000| Complete 
| 139|0x0000000088b00000, 0x0000000088c00000, 0x0000000088c00000|100%| E|CS|TAMS 0x0000000088b00000, 0x0000000088b00000| Complete 
| 140|0x0000000088c00000, 0x0000000088d00000, 0x0000000088d00000|100%| E|CS|TAMS 0x0000000088c00000, 0x0000000088c00000| Complete 
| 141|0x0000000088d00000, 0x0000000088e00000, 0x0000000088e00000|100%| E|CS|TAMS 0x0000000088d00000, 0x0000000088d00000| Complete 
| 142|0x0000000088e00000, 0x0000000088f00000, 0x0000000088f00000|100%| E|CS|TAMS 0x0000000088e00000, 0x0000000088e00000| Complete 
| 143|0x0000000088f00000, 0x0000000089000000, 0x0000000089000000|100%| E|CS|TAMS 0x0000000088f00000, 0x0000000088f00000| Complete 
| 144|0x0000000089000000, 0x0000000089100000, 0x0000000089100000|100%| E|CS|TAMS 0x0000000089000000, 0x0000000089000000| Complete 
| 145|0x0000000089100000, 0x0000000089200000, 0x0000000089200000|100%| E|CS|TAMS 0x0000000089100000, 0x0000000089100000| Complete 
| 146|0x0000000089200000, 0x0000000089300000, 0x0000000089300000|100%| E|CS|TAMS 0x0000000089200000, 0x0000000089200000| Complete 
| 147|0x0000000089300000, 0x0000000089400000, 0x0000000089400000|100%| E|CS|TAMS 0x0000000089300000, 0x0000000089300000| Complete 
| 148|0x0000000089400000, 0x0000000089500000, 0x0000000089500000|100%| E|CS|TAMS 0x0000000089400000, 0x0000000089400000| Complete 
| 149|0x0000000089500000, 0x0000000089600000, 0x0000000089600000|100%| E|CS|TAMS 0x0000000089500000, 0x0000000089500000| Complete 
| 150|0x0000000089600000, 0x0000000089700000, 0x0000000089700000|100%| E|CS|TAMS 0x0000000089600000, 0x0000000089600000| Complete 
| 151|0x0000000089700000, 0x0000000089800000, 0x0000000089800000|100%| E|CS|TAMS 0x0000000089700000, 0x0000000089700000| Complete 
| 152|0x0000000089800000, 0x0000000089900000, 0x0000000089900000|100%| E|CS|TAMS 0x0000000089800000, 0x0000000089800000| Complete 
| 153|0x0000000089900000, 0x0000000089a00000, 0x0000000089a00000|100%| E|CS|TAMS 0x0000000089900000, 0x0000000089900000| Complete 
| 154|0x0000000089a00000, 0x0000000089b00000, 0x0000000089b00000|100%| E|CS|TAMS 0x0000000089a00000, 0x0000000089a00000| Complete 
| 155|0x0000000089b00000, 0x0000000089c00000, 0x0000000089c00000|100%| E|CS|TAMS 0x0000000089b00000, 0x0000000089b00000| Complete 
| 156|0x0000000089c00000, 0x0000000089d00000, 0x0000000089d00000|100%| E|CS|TAMS 0x0000000089c00000, 0x0000000089c00000| Complete 
| 157|0x0000000089d00000, 0x0000000089e00000, 0x0000000089e00000|100%| E|CS|TAMS 0x0000000089d00000, 0x0000000089d00000| Complete 
| 158|0x0000000089e00000, 0x0000000089f00000, 0x0000000089f00000|100%| E|CS|TAMS 0x0000000089e00000, 0x0000000089e00000| Complete 
| 159|0x0000000089f00000, 0x000000008a000000, 0x000000008a000000|100%| E|CS|TAMS 0x0000000089f00000, 0x0000000089f00000| Complete 
| 160|0x000000008a000000, 0x000000008a100000, 0x000000008a100000|100%| E|CS|TAMS 0x000000008a000000, 0x000000008a000000| Complete 
| 161|0x000000008a100000, 0x000000008a200000, 0x000000008a200000|100%| E|CS|TAMS 0x000000008a100000, 0x000000008a100000| Complete 
| 162|0x000000008a200000, 0x000000008a300000, 0x000000008a300000|100%| E|CS|TAMS 0x000000008a200000, 0x000000008a200000| Complete 
| 163|0x000000008a300000, 0x000000008a400000, 0x000000008a400000|100%| E|CS|TAMS 0x000000008a300000, 0x000000008a300000| Complete 
| 164|0x000000008a400000, 0x000000008a500000, 0x000000008a500000|100%| E|CS|TAMS 0x000000008a400000, 0x000000008a400000| Complete 
| 165|0x000000008a500000, 0x000000008a600000, 0x000000008a600000|100%| E|CS|TAMS 0x000000008a500000, 0x000000008a500000| Complete 
| 166|0x000000008a600000, 0x000000008a700000, 0x000000008a700000|100%| E|CS|TAMS 0x000000008a600000, 0x000000008a600000| Complete 
| 167|0x000000008a700000, 0x000000008a800000, 0x000000008a800000|100%| E|CS|TAMS 0x000000008a700000, 0x000000008a700000| Complete 
| 168|0x000000008a800000, 0x000000008a900000, 0x000000008a900000|100%| E|CS|TAMS 0x000000008a800000, 0x000000008a800000| Complete 
| 169|0x000000008a900000, 0x000000008aa00000, 0x000000008aa00000|100%| E|CS|TAMS 0x000000008a900000, 0x000000008a900000| Complete 
| 170|0x000000008aa00000, 0x000000008ab00000, 0x000000008ab00000|100%| E|CS|TAMS 0x000000008aa00000, 0x000000008aa00000| Complete 
| 171|0x000000008ab00000, 0x000000008ac00000, 0x000000008ac00000|100%| E|CS|TAMS 0x000000008ab00000, 0x000000008ab00000| Complete 
| 172|0x000000008ac00000, 0x000000008ad00000, 0x000000008ad00000|100%| E|CS|TAMS 0x000000008ac00000, 0x000000008ac00000| Complete 
| 173|0x000000008ad00000, 0x000000008ae00000, 0x000000008ae00000|100%| E|CS|TAMS 0x000000008ad00000, 0x000000008ad00000| Complete 
| 174|0x000000008ae00000, 0x000000008af00000, 0x000000008af00000|100%| E|CS|TAMS 0x000000008ae00000, 0x000000008ae00000| Complete 
| 175|0x000000008af00000, 0x000000008b000000, 0x000000008b000000|100%| E|CS|TAMS 0x000000008af00000, 0x000000008af00000| Complete 
| 176|0x000000008b000000, 0x000000008b100000, 0x000000008b100000|100%| E|CS|TAMS 0x000000008b000000, 0x000000008b000000| Complete 
| 177|0x000000008b100000, 0x000000008b200000, 0x000000008b200000|100%| E|CS|TAMS 0x000000008b100000, 0x000000008b100000| Complete 
| 178|0x000000008b200000, 0x000000008b300000, 0x000000008b300000|100%| E|CS|TAMS 0x000000008b200000, 0x000000008b200000| Complete 
| 179|0x000000008b300000, 0x000000008b400000, 0x000000008b400000|100%| E|CS|TAMS 0x000000008b300000, 0x000000008b300000| Complete 
| 180|0x000000008b400000, 0x000000008b500000, 0x000000008b500000|100%| E|CS|TAMS 0x000000008b400000, 0x000000008b400000| Complete 
| 181|0x000000008b500000, 0x000000008b600000, 0x000000008b600000|100%| E|CS|TAMS 0x000000008b500000, 0x000000008b500000| Complete 
| 182|0x000000008b600000, 0x000000008b700000, 0x000000008b700000|100%| E|CS|TAMS 0x000000008b600000, 0x000000008b600000| Complete 
| 183|0x000000008b700000, 0x000000008b800000, 0x000000008b800000|100%| E|CS|TAMS 0x000000008b700000, 0x000000008b700000| Complete 
| 184|0x000000008b800000, 0x000000008b900000, 0x000000008b900000|100%| E|CS|TAMS 0x000000008b800000, 0x000000008b800000| Complete 

Card table byte_map: [0x0000023def220000,0x0000023def620000] _byte_map_base: 0x0000023deee20000

Marking Bits (Prev, Next): (CMBitMap*) 0x0000023ddc34fbc8, (CMBitMap*) 0x0000023ddc34fc00
 Prev Bits: [0x0000023defa20000, 0x0000023df1a20000)
 Next Bits: [0x0000023df1a20000, 0x0000023df3a20000)

Polling page: 0x0000023ddbaf0000

Metaspace:

Usage:
  Non-class:     69.39 MB capacity,    68.30 MB ( 98%) used,   920.68 KB (  1%) free+waste,   198.50 KB ( <1%) overhead. 
      Class:     10.87 MB capacity,    10.21 MB ( 94%) used,   585.25 KB (  5%) free+waste,    91.50 KB ( <1%) overhead. 
       Both:     80.26 MB capacity,    78.51 MB ( 98%) used,     1.47 MB (  2%) free+waste,   290.00 KB ( <1%) overhead. 

Virtual space:
  Non-class space:       70.00 MB reserved,      69.61 MB (>99%) committed 
      Class space:        1.00 GB reserved,      10.95 MB (  1%) committed 
             Both:        1.07 GB reserved,      80.56 MB (  7%) committed 

Chunk freelists:
   Non-Class:  38.00 KB
       Class:  2.00 KB
        Both:  40.00 KB

MaxMetaspaceSize: 17179869184.00 GB
CompressedClassSpaceSize: 1.00 GB
Initial GC threshold: 20.80 MB
Current GC threshold: 122.61 MB
CDS: off

CodeHeap 'non-profiled nmethods': size=120064Kb used=4581Kb max_used=4581Kb free=115482Kb
 bounds [0x0000023de78e0000, 0x0000023de7d60000, 0x0000023deee20000]
CodeHeap 'profiled nmethods': size=120000Kb used=16475Kb max_used=16475Kb free=103524Kb
 bounds [0x0000023de03b0000, 0x0000023de13d0000, 0x0000023de78e0000]
CodeHeap 'non-nmethods': size=5696Kb used=2358Kb max_used=2426Kb free=3337Kb
 bounds [0x0000023ddfe20000, 0x0000023de0090000, 0x0000023de03b0000]
 total_blobs=8469 nmethods=7597 adapters=784
 compilation: enabled
              stopped_count=0, restarted_count=0
 full_count=0

Compilation events (20 events):
Event: 12.716 Thread 0x0000023df5f2b000 7633       1       org.gradle.api.internal.tasks.properties.AbstractPropertySpec::getPropertyName (5 bytes)
Event: 12.716 Thread 0x0000023df5f2b000 nmethod 7633 0x0000023de7d58e90 code [0x0000023de7d59040, 0x0000023de7d590f8]
Event: 12.716 Thread 0x0000023df5f2b000 7632       3       com.google.common.collect.Ordering::natural (4 bytes)
Event: 12.716 Thread 0x0000023df5f2b000 nmethod 7632 0x0000023de13bd010 code [0x0000023de13bd1c0, 0x0000023de13bd2b8]
Event: 12.716 Thread 0x0000023df5f2b000 7634       1       org.gradle.api.internal.AbstractTask::getOutputs (5 bytes)
Event: 12.716 Thread 0x0000023df5f2b000 nmethod 7634 0x0000023de7d59190 code [0x0000023de7d59340, 0x0000023de7d593f8]
Event: 12.716 Thread 0x0000023df5f2b000 7635       1       org.gradle.api.internal.tasks.properties.AbstractPropertyNode::getTypeMetadata (5 bytes)
Event: 12.716 Thread 0x0000023df5f2b000 nmethod 7635 0x0000023de7d59490 code [0x0000023de7d59640, 0x0000023de7d596f8]
Event: 12.716 Thread 0x0000023df5f2b000 7636       3       kotlin.text.StringsKt__StringsJVMKt::endsWith$default (15 bytes)
Event: 12.717 Thread 0x0000023df5f2b000 nmethod 7636 0x0000023de13bd390 code [0x0000023de13bd540, 0x0000023de13bd688]
Event: 12.717 Thread 0x0000023df5f2b000 7637       3       kotlin.text.StringsKt__StringsJVMKt::endsWith (45 bytes)
Event: 12.718 Thread 0x0000023df5f2b000 nmethod 7637 0x0000023de13bd790 code [0x0000023de13bdac0, 0x0000023de13beb18]
Event: 12.718 Thread 0x0000023df5f2b000 7638       3       java.io.WinNTFileSystem::isAbsolute (36 bytes)
Event: 12.718 Thread 0x0000023df5f2b000 nmethod 7638 0x0000023de13bf190 code [0x0000023de13bf3c0, 0x0000023de13bfa98]
Event: 12.718 Thread 0x0000023df5f2b000 7639       3       org.gradle.api.internal.tasks.properties.FileParameterUtils::determineNormalizerForPathSensitivity (79 bytes)
Event: 12.719 Thread 0x0000023df5f2b000 nmethod 7639 0x0000023de13bfd90 code [0x0000023de13c0020, 0x0000023de13c0b38]
Event: 12.719 Thread 0x0000023df5f2b000 7640       3       org.gradle.api.internal.file.AbstractFileResolver::validate (184 bytes)
Event: 12.722 Thread 0x0000023df5f2b000 nmethod 7640 0x0000023de13c0f10 code [0x0000023de13c15a0, 0x0000023de13c4c18]
Event: 12.722 Thread 0x0000023df5f2b000 7642       3       org.gradle.internal.service.RelevantMethods::getMethods (35 bytes)
Event: 12.722 Thread 0x0000023df5f2b000 nmethod 7642 0x0000023de13c5d90 code [0x0000023de13c5fe0, 0x0000023de13c65c8]

GC Heap History (20 events):
Event: 2.393 GC heap before
{Heap before GC invocations=3 (full 0):
 garbage-first heap   total 131072K, used 53749K [0x0000000080000000, 0x0000000100000000)
  region size 1024K, 44 young (45056K), 3 survivors (3072K)
 Metaspace       used 17530K, capacity 17935K, committed 18176K, reserved 1064960K
  class space    used 2066K, capacity 2177K, committed 2304K, reserved 1048576K
}
Event: 2.402 GC heap after
{Heap after GC invocations=4 (full 0):
 garbage-first heap   total 131072K, used 15872K [0x0000000080000000, 0x0000000100000000)
  region size 1024K, 6 young (6144K), 6 survivors (6144K)
 Metaspace       used 17530K, capacity 17935K, committed 18176K, reserved 1064960K
  class space    used 2066K, capacity 2177K, committed 2304K, reserved 1048576K
}
Event: 2.847 GC heap before
{Heap before GC invocations=4 (full 0):
 garbage-first heap   total 131072K, used 45568K [0x0000000080000000, 0x0000000100000000)
  region size 1024K, 36 young (36864K), 6 survivors (6144K)
 Metaspace       used 20728K, capacity 21131K, committed 21248K, reserved 1067008K
  class space    used 2547K, capacity 2710K, committed 2816K, reserved 1048576K
}
Event: 2.854 GC heap after
{Heap after GC invocations=5 (full 0):
 garbage-first heap   total 131072K, used 16876K [0x0000000080000000, 0x0000000100000000)
  region size 1024K, 1 young (1024K), 1 survivors (1024K)
 Metaspace       used 20728K, capacity 21131K, committed 21248K, reserved 1067008K
  class space    used 2547K, capacity 2710K, committed 2816K, reserved 1048576K
}
Event: 3.389 GC heap before
{Heap before GC invocations=6 (full 0):
 garbage-first heap   total 131072K, used 67052K [0x0000000080000000, 0x0000000100000000)
  region size 1024K, 50 young (51200K), 1 survivors (1024K)
 Metaspace       used 25953K, capacity 26511K, committed 26624K, reserved 1073152K
  class space    used 3354K, capacity 3551K, committed 3584K, reserved 1048576K
}
Event: 3.399 GC heap after
{Heap after GC invocations=7 (full 0):
 garbage-first heap   total 157696K, used 18766K [0x0000000080000000, 0x0000000100000000)
  region size 1024K, 3 young (3072K), 3 survivors (3072K)
 Metaspace       used 25953K, capacity 26511K, committed 26624K, reserved 1073152K
  class space    used 3354K, capacity 3551K, committed 3584K, reserved 1048576K
}
Event: 4.413 GC heap before
{Heap before GC invocations=8 (full 0):
 garbage-first heap   total 157696K, used 82254K [0x0000000080000000, 0x0000000100000000)
  region size 1024K, 65 young (66560K), 3 survivors (3072K)
 Metaspace       used 34898K, capacity 35687K, committed 35968K, reserved 1081344K
  class space    used 4537K, capacity 4871K, committed 4992K, reserved 1048576K
}
Event: 4.420 GC heap after
{Heap after GC invocations=9 (full 0):
 garbage-first heap   total 157696K, used 22114K [0x0000000080000000, 0x0000000100000000)
  region size 1024K, 7 young (7168K), 7 survivors (7168K)
 Metaspace       used 34898K, capacity 35687K, committed 35968K, reserved 1081344K
  class space    used 4537K, capacity 4871K, committed 4992K, reserved 1048576K
}
Event: 5.514 GC heap before
{Heap before GC invocations=9 (full 0):
 garbage-first heap   total 157696K, used 95842K [0x0000000080000000, 0x0000000100000000)
  region size 1024K, 77 young (78848K), 7 survivors (7168K)
 Metaspace       used 40818K, capacity 41787K, committed 41984K, reserved 1085440K
  class space    used 5206K, capacity 5578K, committed 5632K, reserved 1048576K
}
Event: 5.528 GC heap after
{Heap after GC invocations=10 (full 0):
 garbage-first heap   total 157696K, used 27801K [0x0000000080000000, 0x0000000100000000)
  region size 1024K, 9 young (9216K), 9 survivors (9216K)
 Metaspace       used 40818K, capacity 41787K, committed 41984K, reserved 1085440K
  class space    used 5206K, capacity 5578K, committed 5632K, reserved 1048576K
}
Event: 5.804 GC heap before
{Heap before GC invocations=10 (full 0):
 garbage-first heap   total 157696K, used 51353K [0x0000000080000000, 0x0000000100000000)
  region size 1024K, 33 young (33792K), 9 survivors (9216K)
 Metaspace       used 43433K, capacity 44364K, committed 44588K, reserved 1087488K
  class space    used 5528K, capacity 5896K, committed 6016K, reserved 1048576K
}
Event: 5.820 GC heap after
{Heap after GC invocations=11 (full 0):
 garbage-first heap   total 157696K, used 29541K [0x0000000080000000, 0x0000000100000000)
  region size 1024K, 7 young (7168K), 7 survivors (7168K)
 Metaspace       used 43433K, capacity 44364K, committed 44588K, reserved 1087488K
  class space    used 5528K, capacity 5896K, committed 6016K, reserved 1048576K
}
Event: 6.851 GC heap before
{Heap before GC invocations=12 (full 0):
 garbage-first heap   total 157696K, used 106341K [0x0000000080000000, 0x0000000100000000)
  region size 1024K, 82 young (83968K), 7 survivors (7168K)
 Metaspace       used 48100K, capacity 49261K, committed 49324K, reserved 1091584K
  class space    used 6168K, capacity 6609K, committed 6656K, reserved 1048576K
}
Event: 6.866 GC heap after
{Heap after GC invocations=13 (full 0):
 garbage-first heap   total 189440K, used 31444K [0x0000000080000000, 0x0000000100000000)
  region size 1024K, 4 young (4096K), 4 survivors (4096K)
 Metaspace       used 48100K, capacity 49261K, committed 49324K, reserved 1091584K
  class space    used 6168K, capacity 6609K, committed 6656K, reserved 1048576K
}
Event: 8.398 GC heap before
{Heap before GC invocations=13 (full 0):
 garbage-first heap   total 189440K, used 141012K [0x0000000080000000, 0x0000000100000000)
  region size 1024K, 107 young (109568K), 4 survivors (4096K)
 Metaspace       used 60428K, capacity 61865K, committed 61868K, reserved 1103872K
  class space    used 7675K, capacity 8192K, committed 8192K, reserved 1048576K
}
Event: 8.411 GC heap after
{Heap after GC invocations=14 (full 0):
 garbage-first heap   total 189440K, used 45386K [0x0000000080000000, 0x0000000100000000)
  region size 1024K, 14 young (14336K), 14 survivors (14336K)
 Metaspace       used 60428K, capacity 61865K, committed 61868K, reserved 1103872K
  class space    used 7675K, capacity 8192K, committed 8192K, reserved 1048576K
}
Event: 9.727 GC heap before
{Heap before GC invocations=14 (full 0):
 garbage-first heap   total 189440K, used 135498K [0x0000000080000000, 0x0000000100000000)
  region size 1024K, 102 young (104448K), 14 survivors (14336K)
 Metaspace       used 66532K, capacity 68134K, committed 68396K, reserved 1107968K
  class space    used 8423K, capacity 9028K, committed 9088K, reserved 1048576K
}
Event: 9.745 GC heap after
{Heap after GC invocations=15 (full 0):
 garbage-first heap   total 189440K, used 52942K [0x0000000080000000, 0x0000000100000000)
  region size 1024K, 8 young (8192K), 8 survivors (8192K)
 Metaspace       used 66532K, capacity 68134K, committed 68396K, reserved 1107968K
  class space    used 8423K, capacity 9028K, committed 9088K, reserved 1048576K
}
Event: 11.046 GC heap before
{Heap before GC invocations=15 (full 0):
 garbage-first heap   total 189440K, used 117454K [0x0000000080000000, 0x0000000100000000)
  region size 1024K, 72 young (73728K), 8 survivors (8192K)
 Metaspace       used 73065K, capacity 74716K, committed 74740K, reserved 1114112K
  class space    used 9462K, capacity 10101K, committed 10112K, reserved 1048576K
}
Event: 11.070 GC heap after
{Heap after GC invocations=16 (full 0):
 garbage-first heap   total 189440K, used 57075K [0x0000000080000000, 0x0000000100000000)
  region size 1024K, 5 young (5120K), 5 survivors (5120K)
 Metaspace       used 73065K, capacity 74716K, committed 74740K, reserved 1114112K
  class space    used 9462K, capacity 10101K, committed 10112K, reserved 1048576K
}

Deoptimization events (20 events):
Event: 12.493 Thread 0x0000023df8066800 DEOPT PACKING pc=0x0000023de7d3aaa8 sp=0x000000498e4fa380
Event: 12.493 Thread 0x0000023df8066800 DEOPT UNPACKING pc=0x0000023ddfe6a1af sp=0x000000498e4fa328 mode 2
Event: 12.552 Thread 0x0000023df8066800 Uncommon trap: trap_request=0xffffffd6 fr.pc=0x0000023de7d42ca8 relative=0x0000000000000348
Event: 12.552 Thread 0x0000023df8066800 Uncommon trap: reason=array_check action=maybe_recompile pc=0x0000023de7d42ca8 method=java.util.AbstractCollection.toArray([Ljava/lang/Object;)[Ljava/lang/Object; @ 116 c2
Event: 12.552 Thread 0x0000023df8066800 DEOPT PACKING pc=0x0000023de7d42ca8 sp=0x000000498e4f9580
Event: 12.552 Thread 0x0000023df8066800 DEOPT UNPACKING pc=0x0000023ddfe6a1af sp=0x000000498e4f9520 mode 2
Event: 12.557 Thread 0x0000023df8066800 Uncommon trap: trap_request=0xffffffd6 fr.pc=0x0000023de7d42ca8 relative=0x0000000000000348
Event: 12.557 Thread 0x0000023df8066800 Uncommon trap: reason=array_check action=maybe_recompile pc=0x0000023de7d42ca8 method=java.util.AbstractCollection.toArray([Ljava/lang/Object;)[Ljava/lang/Object; @ 116 c2
Event: 12.557 Thread 0x0000023df8066800 DEOPT PACKING pc=0x0000023de7d42ca8 sp=0x000000498e4f9580
Event: 12.557 Thread 0x0000023df8066800 DEOPT UNPACKING pc=0x0000023ddfe6a1af sp=0x000000498e4f9520 mode 2
Event: 12.562 Thread 0x0000023df8066800 Uncommon trap: trap_request=0xffffffd6 fr.pc=0x0000023de7d42ca8 relative=0x0000000000000348
Event: 12.562 Thread 0x0000023df8066800 Uncommon trap: reason=array_check action=maybe_recompile pc=0x0000023de7d42ca8 method=java.util.AbstractCollection.toArray([Ljava/lang/Object;)[Ljava/lang/Object; @ 116 c2
Event: 12.562 Thread 0x0000023df8066800 DEOPT PACKING pc=0x0000023de7d42ca8 sp=0x000000498e4f95f0
Event: 12.562 Thread 0x0000023df8066800 DEOPT UNPACKING pc=0x0000023ddfe6a1af sp=0x000000498e4f9590 mode 2
Event: 12.564 Thread 0x0000023df8066800 Uncommon trap: trap_request=0xffffffd6 fr.pc=0x0000023de7d42ca8 relative=0x0000000000000348
Event: 12.564 Thread 0x0000023df8066800 Uncommon trap: reason=array_check action=maybe_recompile pc=0x0000023de7d42ca8 method=java.util.AbstractCollection.toArray([Ljava/lang/Object;)[Ljava/lang/Object; @ 116 c2
Event: 12.564 Thread 0x0000023df8066800 DEOPT PACKING pc=0x0000023de7d42ca8 sp=0x000000498e4f93b0
Event: 12.564 Thread 0x0000023df8066800 DEOPT UNPACKING pc=0x0000023ddfe6a1af sp=0x000000498e4f9350 mode 2
Event: 12.717 Thread 0x0000023df8066800 DEOPT PACKING pc=0x0000023de1263d32 sp=0x000000498e4f94c0
Event: 12.717 Thread 0x0000023df8066800 DEOPT UNPACKING pc=0x0000023ddfe6a95e sp=0x000000498e4f8a08 mode 0

Classes redefined (0 events):
No events

Internal exceptions (20 events):
Event: 10.796 Thread 0x0000023df8066800 Exception <a 'java/lang/ClassNotFoundException'{0x00000000882594c0}: com/android/build/gradle/internal/api/ApkVariantOutputImpl_DecoratedBeanInfo> (0x00000000882594c0) thrown at [./src/hotspot/share/classfile/systemDictionary.cpp, line 231]
Event: 10.797 Thread 0x0000023df8066800 Exception <a 'java/lang/ClassNotFoundException'{0x0000000088273cf0}: com/android/build/gradle/internal/api/ApkVariantOutputImplBeanInfo> (0x0000000088273cf0) thrown at [./src/hotspot/share/classfile/systemDictionary.cpp, line 231]
Event: 10.798 Thread 0x0000023df8066800 Exception <a 'java/lang/ClassNotFoundException'{0x000000008828efb0}: com/android/build/gradle/internal/api/BaseVariantOutputImplBeanInfo> (0x000000008828efb0) thrown at [./src/hotspot/share/classfile/systemDictionary.cpp, line 231]
Event: 10.799 Thread 0x0000023df8066800 Exception <a 'java/lang/ClassNotFoundException'{0x00000000882aa088}: com/android/build/gradle/internal/api/BaseVariantOutputImplCustomizer> (0x00000000882aa088) thrown at [./src/hotspot/share/classfile/systemDictionary.cpp, line 231]
Event: 10.800 Thread 0x0000023df8066800 Exception <a 'java/lang/ClassNotFoundException'{0x00000000882d77f8}: com/android/build/gradle/internal/api/ApkVariantOutputImplCustomizer> (0x00000000882d77f8) thrown at [./src/hotspot/share/classfile/systemDictionary.cpp, line 231]
Event: 10.801 Thread 0x0000023df8066800 Exception <a 'java/lang/ClassNotFoundException'{0x0000000088101978}: com/android/build/gradle/internal/api/ApkVariantOutputImpl_DecoratedCustomizer> (0x0000000088101978) thrown at [./src/hotspot/share/classfile/systemDictionary.cpp, line 231]
Event: 10.827 Thread 0x0000023df8066800 Exception <a 'java/lang/NoClassDefFoundError'{0x000000008806ce80}: org/jetbrains/kotlin/gradle/plugin/KotlinBasePluginWrapper> (0x000000008806ce80) thrown at [./src/hotspot/share/classfile/systemDictionary.cpp, line 220]
Event: 10.911 Thread 0x0000023df8066800 Implicit null exception at 0x0000023de7b31a31 to 0x0000023de7b321e4
Event: 11.595 Thread 0x0000023df8066800 Exception <a 'java/lang/NoSuchMethodError'{0x000000008a524b78}: 'java.lang.Object java.lang.invoke.Invokers$Holder.linkToTargetMethod(java.lang.Object, int, java.lang.Object)'> (0x000000008a524b78) thrown at [./src/hotspot/share/interpreter/linkResolver.cpp, line 773]
Event: 11.875 Thread 0x0000023df8066800 Exception <a 'sun/nio/fs/WindowsException'{0x0000000089a84158}> (0x0000000089a84158) thrown at [./src/hotspot/share/prims/jni.cpp, line 615]
Event: 11.875 Thread 0x0000023df8066800 Exception <a 'sun/nio/fs/WindowsException'{0x0000000089a84530}> (0x0000000089a84530) thrown at [./src/hotspot/share/prims/jni.cpp, line 615]
Event: 12.015 Thread 0x0000023df8066800 Exception <a 'java/lang/NullPointerException'{0x000000008903fae8}> (0x000000008903fae8) thrown at [./src/hotspot/share/interpreter/linkResolver.cpp, line 1440]
Event: 12.157 Thread 0x0000023df8066800 Implicit null exception at 0x0000023de7c5d3a6 to 0x0000023de7c66464
Event: 12.350 Thread 0x0000023df8066800 Exception <a 'java/lang/NoSuchMethodError'{0x00000000880ce1a0}: 'int java.lang.invoke.DirectMethodHandle$Holder.invokeStatic(java.lang.Object, java.lang.Object, int, java.lang.Object)'> (0x00000000880ce1a0) thrown at [./src/hotspot/share/interpreter/linkResolver.cpp, line 773]
Event: 12.445 Thread 0x0000023df8066800 Exception <a 'sun/nio/fs/WindowsException'{0x0000000087ff84d0}> (0x0000000087ff84d0) thrown at [./src/hotspot/share/prims/jni.cpp, line 615]
Event: 12.445 Thread 0x0000023df8066800 Exception <a 'sun/nio/fs/WindowsException'{0x0000000087ff9860}> (0x0000000087ff9860) thrown at [./src/hotspot/share/prims/jni.cpp, line 615]
Event: 12.445 Thread 0x0000023df8066800 Exception <a 'sun/nio/fs/WindowsException'{0x0000000087ffac28}> (0x0000000087ffac28) thrown at [./src/hotspot/share/prims/jni.cpp, line 615]
Event: 12.445 Thread 0x0000023df8066800 Exception <a 'sun/nio/fs/WindowsException'{0x0000000087ffbff0}> (0x0000000087ffbff0) thrown at [./src/hotspot/share/prims/jni.cpp, line 615]
Event: 12.544 Thread 0x0000023df8066800 Exception <a 'java/lang/NoSuchMethodError'{0x0000000087a50770}: 'java.lang.Object java.lang.invoke.Invokers$Holder.linkToTargetMethod(java.lang.Object, int, int, java.lang.Object)'> (0x0000000087a50770) thrown at [./src/hotspot/share/interpreter/linkResolver.cpp, line 773]
Event: 12.707 Thread 0x0000023df8066800 Exception <a 'java/lang/NoSuchMethodError'{0x0000000086c75830}: 'java.lang.Object java.lang.invoke.Invokers$Holder.linkToTargetMethod(java.lang.Object, java.lang.Object, java.lang.Object, int, java.lang.Object, java.lang.Object)'> (0x0000000086c75830) thrown at [./src/hotspot/share/interpreter/linkResolver.cpp, line 773]

Events (20 events):
Event: 12.721 loading class org/gradle/api/internal/StartParameterInternal done
Event: 12.721 loading class org/gradle/internal/buildoption/BuildOption$Value
Event: 12.721 loading class org/gradle/internal/buildoption/BuildOption$Value done
Event: 12.721 loading class org/gradle/internal/build/event/DefaultBuildEventsListenerRegistry$ForwardingBuildEventConsumer
Event: 12.721 loading class org/gradle/internal/build/event/DefaultBuildEventsListenerRegistry$ForwardingBuildEventConsumer done
Event: 12.722 loading class org/gradle/internal/build/event/DefaultBuildEventsListenerRegistry$AbstractListener
Event: 12.722 loading class org/gradle/internal/build/event/DefaultBuildEventsListenerRegistry$AbstractListener done
Event: 12.722 loading class org/gradle/tooling/events/task/TaskOperationDescriptor
Event: 12.722 loading class org/gradle/tooling/events/task/TaskOperationDescriptor done
Event: 12.723 loading class org/gradle/tooling/events/OperationDescriptor
Event: 12.723 loading class org/gradle/tooling/events/OperationDescriptor done
Event: 12.723 loading class org/gradle/tooling/events/FinishEvent
Event: 12.723 loading class org/gradle/tooling/events/FinishEvent done
Event: 12.723 loading class org/gradle/tooling/events/ProgressEvent
Event: 12.723 loading class org/gradle/tooling/events/ProgressEvent done
Event: 12.724 loading class org/gradle/internal/build/event/DefaultBuildEventsListenerRegistry$AbstractListener
Event: 12.724 loading class org/gradle/internal/build/event/DefaultBuildEventsListenerRegistry$AbstractListener done
Event: 12.724 Thread 0x0000023df883d800 Thread added: 0x0000023df883d800
Event: 12.725 loading class com/android/build/gradle/internal/profile/AnalyticsResourceManager$recordPlugins$1
Event: 12.725 loading class com/android/build/gradle/internal/profile/AnalyticsResourceManager$recordPlugins$1 done


Dynamic libraries:
0x00007ff6665e0000 - 0x00007ff6665ea000 	C:\Program Files\Android\Android Studio\jre\bin\java.exe
0x00007ffcb08e0000 - 0x00007ffcb0ae9000 	C:\Windows\SYSTEM32\ntdll.dll
0x00007ffcaf050000 - 0x00007ffcaf10d000 	C:\Windows\System32\KERNEL32.DLL
0x00007ffcae010000 - 0x00007ffcae384000 	C:\Windows\System32\KERNELBASE.dll
0x00007ffcae530000 - 0x00007ffcae641000 	C:\Windows\System32\ucrtbase.dll
0x00007ffc9cd90000 - 0x00007ffc9cda7000 	C:\Program Files\Android\Android Studio\jre\bin\VCRUNTIME140.dll
0x00007ffc9cdb0000 - 0x00007ffc9cdc9000 	C:\Program Files\Android\Android Studio\jre\bin\jli.dll
0x00007ffcaf860000 - 0x00007ffcafa0c000 	C:\Windows\System32\USER32.dll
0x00007ffcaddd0000 - 0x00007ffcaddf6000 	C:\Windows\System32\win32u.dll
0x00007ffc87be0000 - 0x00007ffc87e85000 	C:\Windows\WinSxS\amd64_microsoft.windows.common-controls_6595b64144ccf1df_6.0.22000.120_none_9d947278b86cc467\COMCTL32.dll
0x00007ffcaf300000 - 0x00007ffcaf329000 	C:\Windows\System32\GDI32.dll
0x00007ffcaefa0000 - 0x00007ffcaf043000 	C:\Windows\System32\msvcrt.dll
0x00007ffcae390000 - 0x00007ffcae4a2000 	C:\Windows\System32\gdi32full.dll
0x00007ffcade00000 - 0x00007ffcade9d000 	C:\Windows\System32\msvcp_win.dll
0x00007ffcaf2c0000 - 0x00007ffcaf2f1000 	C:\Windows\System32\IMM32.DLL
0x00007ffc9ccf0000 - 0x00007ffc9cd8d000 	C:\Program Files\Android\Android Studio\jre\bin\msvcp140.dll
0x00007ffc50c80000 - 0x00007ffc51765000 	C:\Program Files\Android\Android Studio\jre\bin\server\jvm.dll
0x00007ffcaf570000 - 0x00007ffcaf61e000 	C:\Windows\System32\ADVAPI32.dll
0x00007ffcaeb80000 - 0x00007ffcaec1e000 	C:\Windows\System32\sechost.dll
0x00007ffcaf680000 - 0x00007ffcaf7a0000 	C:\Windows\System32\RPCRT4.dll
0x00007ffcaf850000 - 0x00007ffcaf858000 	C:\Windows\System32\PSAPI.DLL
0x00007ffca4220000 - 0x00007ffca4229000 	C:\Windows\SYSTEM32\WSOCK32.dll
0x00007ffcaf340000 - 0x00007ffcaf3af000 	C:\Windows\System32\WS2_32.dll
0x00007ffca37f0000 - 0x00007ffca3823000 	C:\Windows\SYSTEM32\WINMM.dll
0x00007ffc9b870000 - 0x00007ffc9b87a000 	C:\Windows\SYSTEM32\VERSION.dll
0x00007ffcac8b0000 - 0x00007ffcac8c8000 	C:\Windows\SYSTEM32\kernel.appcore.dll
0x00007ffca33d0000 - 0x00007ffca33e1000 	C:\Program Files\Android\Android Studio\jre\bin\verify.dll
0x00007ffca6e50000 - 0x00007ffca7071000 	C:\Windows\SYSTEM32\DBGHELP.DLL
0x00007ffc99980000 - 0x00007ffc999b1000 	C:\Windows\SYSTEM32\dbgcore.DLL
0x00007ffcae4b0000 - 0x00007ffcae52f000 	C:\Windows\System32\bcryptPrimitives.dll
0x00007ffc7cab0000 - 0x00007ffc7cad9000 	C:\Program Files\Android\Android Studio\jre\bin\java.dll
0x00007ffca4210000 - 0x00007ffca421b000 	C:\Program Files\Android\Android Studio\jre\bin\jimage.dll
0x00007ffc7faf0000 - 0x00007ffc7fb08000 	C:\Program Files\Android\Android Studio\jre\bin\zip.dll
0x00007ffcb00e0000 - 0x00007ffcb088e000 	C:\Windows\System32\SHELL32.dll
0x00007ffcac040000 - 0x00007ffcac8a7000 	C:\Windows\SYSTEM32\windows.storage.dll
0x00007ffcaec20000 - 0x00007ffcaef98000 	C:\Windows\System32\combase.dll
0x00007ffcabed0000 - 0x00007ffcac036000 	C:\Windows\SYSTEM32\wintypes.dll
0x00007ffcafa30000 - 0x00007ffcafb1a000 	C:\Windows\System32\SHCORE.dll
0x00007ffcb0080000 - 0x00007ffcb00dd000 	C:\Windows\System32\shlwapi.dll
0x00007ffcadd00000 - 0x00007ffcadd21000 	C:\Windows\SYSTEM32\profapi.dll
0x00007ffc7ad60000 - 0x00007ffc7ad7a000 	C:\Program Files\Android\Android Studio\jre\bin\net.dll
0x00007ffca1b40000 - 0x00007ffca1c4c000 	C:\Windows\SYSTEM32\WINHTTP.dll
0x00007ffcad3f0000 - 0x00007ffcad457000 	C:\Windows\system32\mswsock.dll
0x00007ffc76900000 - 0x00007ffc76914000 	C:\Program Files\Android\Android Studio\jre\bin\nio.dll
0x00007ffc80ee0000 - 0x00007ffc80f07000 	C:\Users\Admin\.gradle\native\e1d6ef7f7dcc3fd88c89a11ec53ec762bb8ba0a96d01ffa2cd45eb1d1d8dd5c5\windows-amd64\native-platform.dll
0x00007ffc86070000 - 0x00007ffc861b4000 	C:\Users\Admin\.gradle\native\5664cfc778a61ccfe75a443a1ab52a65af34e5dc3c78e0209fed803814484fcb\windows-amd64\native-platform-file-events.dll
0x00007ffc85c50000 - 0x00007ffc85c5a000 	C:\Program Files\Android\Android Studio\jre\bin\management.dll
0x00007ffc82c00000 - 0x00007ffc82c0d000 	C:\Program Files\Android\Android Studio\jre\bin\management_ext.dll
0x00007ffcad630000 - 0x00007ffcad648000 	C:\Windows\SYSTEM32\CRYPTSP.dll
0x00007ffcacf50000 - 0x00007ffcacf85000 	C:\Windows\system32\rsaenh.dll
0x00007ffcad4e0000 - 0x00007ffcad509000 	C:\Windows\SYSTEM32\USERENV.dll
0x00007ffcad7b0000 - 0x00007ffcad7d7000 	C:\Windows\SYSTEM32\bcrypt.dll
0x00007ffcad650000 - 0x00007ffcad65c000 	C:\Windows\SYSTEM32\CRYPTBASE.dll
0x00007ffcacb20000 - 0x00007ffcacb4d000 	C:\Windows\SYSTEM32\IPHLPAPI.DLL
0x00007ffcaf330000 - 0x00007ffcaf339000 	C:\Windows\System32\NSI.dll
0x00007ffca1a80000 - 0x00007ffca1a99000 	C:\Windows\SYSTEM32\dhcpcsvc6.DLL
0x00007ffca37b0000 - 0x00007ffca37ce000 	C:\Windows\SYSTEM32\dhcpcsvc.DLL
0x00007ffcacb50000 - 0x00007ffcacc37000 	C:\Windows\SYSTEM32\DNSAPI.dll

dbghelp: loaded successfully - version: 4.0.5 - missing functions: none
symbol engine: initialized successfully - sym options: 0x614 - pdb path: .;C:\Program Files\Android\Android Studio\jre\bin;C:\Windows\SYSTEM32;C:\Windows\WinSxS\amd64_microsoft.windows.common-controls_6595b64144ccf1df_6.0.22000.120_none_9d947278b86cc467;C:\Program Files\Android\Android Studio\jre\bin\server;C:\Users\Admin\.gradle\native\e1d6ef7f7dcc3fd88c89a11ec53ec762bb8ba0a96d01ffa2cd45eb1d1d8dd5c5\windows-amd64;C:\Users\Admin\.gradle\native\5664cfc778a61ccfe75a443a1ab52a65af34e5dc3c78e0209fed803814484fcb\windows-amd64

VM Arguments:
jvm_args: --add-opens=java.base/java.util=ALL-UNNAMED --add-opens=java.base/java.lang=ALL-UNNAMED --add-opens=java.base/java.lang.invoke=ALL-UNNAMED --add-opens=java.base/java.util=ALL-UNNAMED --add-opens=java.prefs/java.util.prefs=ALL-UNNAMED --add-opens=java.prefs/java.util.prefs=ALL-UNNAMED --add-opens=java.base/java.nio.charset=ALL-UNNAMED --add-opens=java.base/java.net=ALL-UNNAMED --add-opens=java.base/java.util.concurrent.atomic=ALL-UNNAMED -Xmx2048m -Dfile.encoding=UTF-8 -Duser.country=US -Duser.language=en -Duser.variant 
java_command: org.gradle.launcher.daemon.bootstrap.GradleDaemon 7.3.3
java_class_path (initial): C:\Users\Admin\.gradle\wrapper\dists\gradle-7.3.3-bin\6a41zxkdtcxs8rphpq6y0069z\gradle-7.3.3\lib\gradle-launcher-7.3.3.jar
Launcher Type: SUN_STANDARD

[Global flags]
     intx CICompilerCount                          = 3                                         {product} {ergonomic}
     uint ConcGCThreads                            = 1                                         {product} {ergonomic}
     uint G1ConcRefinementThreads                  = 4                                         {product} {ergonomic}
   size_t G1HeapRegionSize                         = 1048576                                   {product} {ergonomic}
    uintx GCDrainStackTargetSize                   = 64                                        {product} {ergonomic}
   size_t InitialHeapSize                          = 134217728                                 {product} {ergonomic}
   size_t MarkStackSize                            = 4194304                                   {product} {ergonomic}
   size_t MaxHeapSize                              = 2147483648                                {product} {command line}
   size_t MaxNewSize                               = 1287651328                                {product} {ergonomic}
   size_t MinHeapDeltaBytes                        = 1048576                                   {product} {ergonomic}
    uintx NonNMethodCodeHeapSize                   = 5830732                                {pd product} {ergonomic}
    uintx NonProfiledCodeHeapSize                  = 122913754                              {pd product} {ergonomic}
    uintx ProfiledCodeHeapSize                     = 122913754                              {pd product} {ergonomic}
    uintx ReservedCodeCacheSize                    = 251658240                              {pd product} {ergonomic}
     bool SegmentedCodeCache                       = true                                      {product} {ergonomic}
     bool UseCompressedClassPointers               = true                                 {lp64_product} {ergonomic}
     bool UseCompressedOops                        = true                                 {lp64_product} {ergonomic}
     bool UseG1GC                                  = true                                      {product} {ergonomic}
     bool UseLargePagesIndividualAllocation        = false                                  {pd product} {ergonomic}

Logging:
Log output configuration:
 #0: stdout all=warning uptime,level,tags
 #1: stderr all=off uptime,level,tags

Environment Variables:
PATH=C:\Program Files\Common Files\Oracle\Java\javapath;C:\Program Files (x86)\Common Files\Oracle\Java\javapath;C:\Windows\system32;C:\Windows;C:\Windows\System32\Wbem;C:\Windows\System32\WindowsPowerShell\v1.0\;C:\Windows\System32\OpenSSH\;C:\Program Files (x86)\Intel\Intel(R) Management Engine Components\DAL;C:\Program Files\Intel\Intel(R) Management Engine Components\DAL;C:\Program Files\Git\cmd;C:\Users\Admin\AppData\Local\Microsoft\WindowsApps;C:\Users\Admin\AppData\Local\Programs\Microsoft VS Code\bin;C:\Users\Admin\AppData\Local\atom\bin;C:\Users\Admin\AppData\Local\GitHubDesktop\bin
USERNAME=Admin
OS=Windows_NT
PROCESSOR_IDENTIFIER=Intel64 Family 6 Model 78 Stepping 3, GenuineIntel



---------------  S Y S T E M  ---------------

OS: Windows 10 , 64 bit Build 22000 (10.0.22000.434)
OS uptime: 0 days 0:27 hours

CPU:total 4 (initial active 4) (2 cores per cpu, 2 threads per core) family 6 model 78 stepping 3 microcode 0xd6, cmov, cx8, fxsr, mmx, sse, sse2, sse3, ssse3, sse4.1, sse4.2, popcnt, avx, avx2, aes, clmul, erms, rtm, 3dnowpref, lzcnt, ht, tsc, tscinvbit, bmi1, bmi2, adx, fma

Memory: 4k page, system-wide physical 8072M (966M free)
TotalPageFile size 8072M (AvailPageFile size 367M)
current process WorkingSet (physical memory assigned to process): 406M, peak: 409M
current process commit charge ("private bytes"): 448M, peak: 451M

vm_info: OpenJDK 64-Bit Server VM (11.0.12+7-b1504.28-7817840) for windows-amd64 JRE (11.0.12+7-b1504.28-7817840), built on Oct 13 2021 22:12:33 by "builder" with MS VC++ 14.0 (VS2015)

END.
