#
# There is insufficient memory for the Java Runtime Environment to continue.
# Native memory allocation (malloc) failed to allocate 252496 bytes for Chunk::new
# Possible reasons:
#   The system is out of physical RAM or swap space
#   The process is running with CompressedOops enabled, and the Java Heap may be blocking the growth of the native heap
# Possible solutions:
#   Reduce memory load on the system
#   Increase physical memory or swap space
#   Check if swap backing store is full
#   Decrease Java heap size (-Xmx/-Xms)
#   Decrease number of Java threads
#   Decrease Java thread stack sizes (-Xss)
#   Set larger code cache with -XX:ReservedCodeCacheSize=
#   JVM is running with Unscaled Compressed Oops mode in which the Java heap is
#     placed in the first 4GB address space. The Java Heap base address is the
#     maximum limit for the native heap growth. Please use -XX:HeapBaseMinAddress
#     to set the Java Heap base and to place the Java Heap above 4GB virtual address.
# This output file may be truncated or incomplete.
#
#  Out of Memory Error (./src/hotspot/share/memory/arena.cpp:197), pid=6420, tid=1964
#
# JRE version: OpenJDK Runtime Environment (11.0.12+7) (build 11.0.12+7-b1504.28-7817840)
# Java VM: OpenJDK 64-Bit Server VM (11.0.12+7-b1504.28-7817840, mixed mode, tiered, compressed oops, g1 gc, windows-amd64)
# No core dump will be written. Minidumps are not enabled by default on client versions of Windows
#

---------------  S U M M A R Y ------------

Command Line: --add-opens=java.base/java.util=ALL-UNNAMED --add-opens=java.base/java.lang=ALL-UNNAMED --add-opens=java.base/java.lang.invoke=ALL-UNNAMED --add-opens=java.base/java.util=ALL-UNNAMED --add-opens=java.prefs/java.util.prefs=ALL-UNNAMED --add-opens=java.prefs/java.util.prefs=ALL-UNNAMED --add-opens=java.base/java.nio.charset=ALL-UNNAMED --add-opens=java.base/java.net=ALL-UNNAMED --add-opens=java.base/java.util.concurrent.atomic=ALL-UNNAMED -Xmx2048m -Dfile.encoding=UTF-8 -Duser.country=US -Duser.language=en -Duser.variant org.gradle.launcher.daemon.bootstrap.GradleDaemon 7.3.3

Host: Intel(R) Core(TM) i7-6600U CPU @ 2.60GHz, 4 cores, 7G,  Windows 10 , 64 bit Build 22000 (10.0.22000.434)
Time: Sun Aug  7 11:33:29 2022 Egypt Standard Time elapsed time: 11.585078 seconds (0d 0h 0m 11s)

---------------  T H R E A D  ---------------

Current thread (0x000002a1e86f8800):  JavaThread "C2 CompilerThread1" daemon [_thread_in_native, id=1964, stack(0x000000aa2f600000,0x000000aa2f700000)]


Current CompileTask:
C2:  11585 6756       4       com.google.common.collect.ImmutableSet$RegularSetBuilderImpl::add (122 bytes)

Stack: [0x000000aa2f600000,0x000000aa2f700000]
Native frames: (J=compiled Java code, j=interpreted, Vv=VM code, C=native code)
V  [jvm.dll+0x5fbcea]
V  [jvm.dll+0x731905]
V  [jvm.dll+0x732f1d]
V  [jvm.dll+0x7335d3]
V  [jvm.dll+0x247bf8]
V  [jvm.dll+0xc018c]
V  [jvm.dll+0xc06cc]
V  [jvm.dll+0x35b31d]
V  [jvm.dll+0x328803]
V  [jvm.dll+0x327cfa]
V  [jvm.dll+0x200602]
V  [jvm.dll+0x1ff794]
V  [jvm.dll+0x18868c]
V  [jvm.dll+0x20e0d7]
V  [jvm.dll+0x20c901]
V  [jvm.dll+0x6f9b7f]
V  [jvm.dll+0x6f26a5]
V  [jvm.dll+0x5fabf6]
C  [ucrtbase.dll+0x26c0c]
C  [KERNEL32.DLL+0x154e0]
C  [ntdll.dll+0x485b]


---------------  P R O C E S S  ---------------

Threads class SMR info:
_java_thread_list=0x000002a1ef819400, length=79, elements={
0x000002a1cd5ab800, 0x000002a1e7945800, 0x000002a1e7947000, 0x000002a1e82d2800,
0x000002a1e82d3800, 0x000002a1e7962800, 0x000002a1e7968000, 0x000002a1e7969000,
0x000002a1e796a800, 0x000002a1e8417000, 0x000002a1e9b5f000, 0x000002a1ea2e0800,
0x000002a1ea2ac000, 0x000002a1eaa62000, 0x000002a1eae8e000, 0x000002a1ea576800,
0x000002a1ea423000, 0x000002a1eab5b000, 0x000002a1e9e58800, 0x000002a1e9e5a000,
0x000002a1e9e57800, 0x000002a1e9e59000, 0x000002a1e9e54800, 0x000002a1e9e56000,
0x000002a1e9e57000, 0x000002a1e9e55000, 0x000002a1e9e5b000, 0x000002a1ebd2d800,
0x000002a1ebd2c000, 0x000002a1ebd30000, 0x000002a1ebd2d000, 0x000002a1ebd2b800,
0x000002a1ebd2e800, 0x000002a1ebd33800, 0x000002a1ebd32800, 0x000002a1ebd2f800,
0x000002a1ebd32000, 0x000002a1ebd37800, 0x000002a1ebd39000, 0x000002a1ebd34000,
0x000002a1ebd35000, 0x000002a1ebd36800, 0x000002a1ebd38800, 0x000002a1ebd36000,
0x000002a1ec01c800, 0x000002a1ec01b800, 0x000002a1ec01b000, 0x000002a1ec018800,
0x000002a1ec01d000, 0x000002a1ec01e000, 0x000002a1ec01f000, 0x000002a1ec01a000,
0x000002a1ec019000, 0x000002a1ec025800, 0x000002a1ec023000, 0x000002a1ec024000,
0x000002a1ec024800, 0x000002a1ec01f800, 0x000002a1ec026000, 0x000002a1ec020800,
0x000002a1ec021800, 0x000002a1ec022000, 0x000002a1ec027000, 0x000002a1edadb800,
0x000002a1edad8000, 0x000002a1edadc000, 0x000002a1edad9000, 0x000002a1edadf800,
0x000002a1edada000, 0x000002a1edade000, 0x000002a1edada800, 0x000002a1edade800,
0x000002a1edae0800, 0x000002a1edae2000, 0x000002a1edae1000, 0x000002a1edae3000,
0x000002a1edadd000, 0x000002a1e86f8800, 0x000002a1edae4800
}

Java Threads: ( => current thread )
  0x000002a1cd5ab800 JavaThread "main" [_thread_blocked, id=3024, stack(0x000000aa2e500000,0x000000aa2e600000)]
  0x000002a1e7945800 JavaThread "Reference Handler" daemon [_thread_blocked, id=1424, stack(0x000000aa2ec00000,0x000000aa2ed00000)]
  0x000002a1e7947000 JavaThread "Finalizer" daemon [_thread_blocked, id=1344, stack(0x000000aa2ed00000,0x000000aa2ee00000)]
  0x000002a1e82d2800 JavaThread "Signal Dispatcher" daemon [_thread_blocked, id=1588, stack(0x000000aa2ee00000,0x000000aa2ef00000)]
  0x000002a1e82d3800 JavaThread "Attach Listener" daemon [_thread_blocked, id=3824, stack(0x000000aa2ef00000,0x000000aa2f000000)]
  0x000002a1e7962800 JavaThread "Service Thread" daemon [_thread_blocked, id=8664, stack(0x000000aa2f000000,0x000000aa2f100000)]
  0x000002a1e7968000 JavaThread "C2 CompilerThread0" daemon [_thread_in_native, id=8164, stack(0x000000aa2f100000,0x000000aa2f200000)]
  0x000002a1e7969000 JavaThread "C1 CompilerThread0" daemon [_thread_blocked, id=2368, stack(0x000000aa2f200000,0x000000aa2f300000)]
  0x000002a1e796a800 JavaThread "Sweeper thread" daemon [_thread_blocked, id=2192, stack(0x000000aa2f300000,0x000000aa2f400000)]
  0x000002a1e8417000 JavaThread "Common-Cleaner" daemon [_thread_blocked, id=3764, stack(0x000000aa2f400000,0x000000aa2f500000)]
  0x000002a1e9b5f000 JavaThread "Daemon health stats" [_thread_blocked, id=7000, stack(0x000000aa2f900000,0x000000aa2fa00000)]
  0x000002a1ea2e0800 JavaThread "Incoming local TCP Connector on port 64911" [_thread_in_native, id=420, stack(0x000000aa2fa00000,0x000000aa2fb00000)]
  0x000002a1ea2ac000 JavaThread "Daemon periodic checks" [_thread_blocked, id=4228, stack(0x000000aa2fb00000,0x000000aa2fc00000)]
  0x000002a1eaa62000 JavaThread "Daemon" [_thread_blocked, id=608, stack(0x000000aa2fc00000,0x000000aa2fd00000)]
  0x000002a1eae8e000 JavaThread "Handler for socket connection from /127.0.0.1:64911 to /127.0.0.1:64912" [_thread_in_native, id=3776, stack(0x000000aa2fd00000,0x000000aa2fe00000)]
  0x000002a1ea576800 JavaThread "Cancel handler" [_thread_blocked, id=7856, stack(0x000000aa2fe00000,0x000000aa2ff00000)]
  0x000002a1ea423000 JavaThread "Daemon worker" [_thread_in_vm, id=4236, stack(0x000000aa2ff00000,0x000000aa30000000)]
  0x000002a1eab5b000 JavaThread "Asynchronous log dispatcher for DefaultDaemonConnection: socket connection from /127.0.0.1:64911 to /127.0.0.1:64912" [_thread_blocked, id=3368, stack(0x000000aa30000000,0x000000aa30100000)]
  0x000002a1e9e58800 JavaThread "Stdin handler" [_thread_blocked, id=3252, stack(0x000000aa30100000,0x000000aa30200000)]
  0x000002a1e9e5a000 JavaThread "Daemon client event forwarder" [_thread_blocked, id=8804, stack(0x000000aa30200000,0x000000aa30300000)]
  0x000002a1e9e57800 JavaThread "Cache worker for journal cache (C:\Users\Admin\.gradle\caches\journal-1)" [_thread_blocked, id=8636, stack(0x000000aa30400000,0x000000aa30500000)]
  0x000002a1e9e59000 JavaThread "File lock request listener" [_thread_in_native, id=3292, stack(0x000000aa30500000,0x000000aa30600000)]
  0x000002a1e9e54800 JavaThread "Cache worker for file hash cache (C:\Users\Admin\.gradle\caches\7.3.3\fileHashes)" [_thread_blocked, id=5032, stack(0x000000aa30600000,0x000000aa30700000)]
  0x000002a1e9e56000 JavaThread "Cache worker for file hash cache (C:\Users\Admin\Desktop\jana\MyApplication2\.gradle\7.3.3\fileHashes)" [_thread_blocked, id=1056, stack(0x000000aa30700000,0x000000aa30800000)]
  0x000002a1e9e57000 JavaThread "File watcher server" daemon [_thread_in_native, id=4208, stack(0x000000aa30800000,0x000000aa30900000)]
  0x000002a1e9e55000 JavaThread "File watcher consumer" daemon [_thread_blocked, id=7928, stack(0x000000aa30900000,0x000000aa30a00000)]
  0x000002a1e9e5b000 JavaThread "Cache worker for checksums cache (C:\Users\Admin\Desktop\jana\MyApplication2\.gradle\7.3.3\checksums)" [_thread_blocked, id=5132, stack(0x000000aa30a00000,0x000000aa30b00000)]
  0x000002a1ebd2d800 JavaThread "Cache worker for cache directory md-supplier (C:\Users\Admin\.gradle\caches\7.3.3\md-supplier)" [_thread_blocked, id=4104, stack(0x000000aa30b00000,0x000000aa30c00000)]
  0x000002a1ebd2c000 JavaThread "Cache worker for cache directory md-rule (C:\Users\Admin\.gradle\caches\7.3.3\md-rule)" [_thread_blocked, id=764, stack(0x000000aa30c00000,0x000000aa30d00000)]
  0x000002a1ebd30000 JavaThread "Cache worker for execution history cache (C:\Users\Admin\.gradle\caches\7.3.3\executionHistory)" [_thread_blocked, id=1456, stack(0x000000aa30d00000,0x000000aa30e00000)]
  0x000002a1ebd2d000 JavaThread "jar transforms" [_thread_blocked, id=8292, stack(0x000000aa30e00000,0x000000aa30f00000)]
  0x000002a1ebd2b800 JavaThread "Cache worker for file content cache (C:\Users\Admin\.gradle\caches\7.3.3\fileContent)" [_thread_blocked, id=8620, stack(0x000000aa30f00000,0x000000aa31000000)]
  0x000002a1ebd2e800 JavaThread "jar transforms Thread 2" [_thread_blocked, id=3528, stack(0x000000aa31000000,0x000000aa31100000)]
  0x000002a1ebd33800 JavaThread "Cache worker for dependencies-accessors (C:\Users\Admin\Desktop\jana\MyApplication2\.gradle\7.3.3\dependencies-accessors)" [_thread_blocked, id=7108, stack(0x000000aa31100000,0x000000aa31200000)]
  0x000002a1ebd32800 JavaThread "jar transforms Thread 3" [_thread_blocked, id=3280, stack(0x000000aa31200000,0x000000aa31300000)]
  0x000002a1ebd2f800 JavaThread "Cache worker for Build Output Cleanup Cache (C:\Users\Admin\Desktop\jana\MyApplication2\.gradle\buildOutputCleanup)" [_thread_blocked, id=4492, stack(0x000000aa31300000,0x000000aa31400000)]
  0x000002a1ebd32000 JavaThread "Unconstrained build operations" [_thread_blocked, id=2308, stack(0x000000aa31400000,0x000000aa31500000)]
  0x000002a1ebd37800 JavaThread "Unconstrained build operations Thread 2" [_thread_blocked, id=1008, stack(0x000000aa31500000,0x000000aa31600000)]
  0x000002a1ebd39000 JavaThread "Unconstrained build operations Thread 3" [_thread_blocked, id=5744, stack(0x000000aa31600000,0x000000aa31700000)]
  0x000002a1ebd34000 JavaThread "Unconstrained build operations Thread 4" [_thread_blocked, id=7388, stack(0x000000aa31700000,0x000000aa31800000)]
  0x000002a1ebd35000 JavaThread "Unconstrained build operations Thread 5" [_thread_blocked, id=3792, stack(0x000000aa31800000,0x000000aa31900000)]
  0x000002a1ebd36800 JavaThread "Unconstrained build operations Thread 6" [_thread_blocked, id=8008, stack(0x000000aa31900000,0x000000aa31a00000)]
  0x000002a1ebd38800 JavaThread "Unconstrained build operations Thread 7" [_thread_blocked, id=4368, stack(0x000000aa31a00000,0x000000aa31b00000)]
  0x000002a1ebd36000 JavaThread "Unconstrained build operations Thread 8" [_thread_blocked, id=3328, stack(0x000000aa31b00000,0x000000aa31c00000)]
  0x000002a1ec01c800 JavaThread "Unconstrained build operations Thread 9" [_thread_blocked, id=5512, stack(0x000000aa31c00000,0x000000aa31d00000)]
  0x000002a1ec01b800 JavaThread "Unconstrained build operations Thread 10" [_thread_blocked, id=2316, stack(0x000000aa31d00000,0x000000aa31e00000)]
  0x000002a1ec01b000 JavaThread "Unconstrained build operations Thread 11" [_thread_blocked, id=3736, stack(0x000000aa31e00000,0x000000aa31f00000)]
  0x000002a1ec018800 JavaThread "Unconstrained build operations Thread 12" [_thread_blocked, id=5400, stack(0x000000aa31f00000,0x000000aa32000000)]
  0x000002a1ec01d000 JavaThread "Unconstrained build operations Thread 13" [_thread_blocked, id=7824, stack(0x000000aa32000000,0x000000aa32100000)]
  0x000002a1ec01e000 JavaThread "Unconstrained build operations Thread 14" [_thread_blocked, id=4828, stack(0x000000aa32100000,0x000000aa32200000)]
  0x000002a1ec01f000 JavaThread "Unconstrained build operations Thread 15" [_thread_blocked, id=7528, stack(0x000000aa32200000,0x000000aa32300000)]
  0x000002a1ec01a000 JavaThread "Unconstrained build operations Thread 16" [_thread_blocked, id=8156, stack(0x000000aa32300000,0x000000aa32400000)]
  0x000002a1ec019000 JavaThread "Unconstrained build operations Thread 17" [_thread_blocked, id=5504, stack(0x000000aa32400000,0x000000aa32500000)]
  0x000002a1ec025800 JavaThread "Unconstrained build operations Thread 18" [_thread_blocked, id=8056, stack(0x000000aa32500000,0x000000aa32600000)]
  0x000002a1ec023000 JavaThread "Unconstrained build operations Thread 19" [_thread_blocked, id=8024, stack(0x000000aa32600000,0x000000aa32700000)]
  0x000002a1ec024000 JavaThread "Unconstrained build operations Thread 20" [_thread_blocked, id=6908, stack(0x000000aa32700000,0x000000aa32800000)]
  0x000002a1ec024800 JavaThread "Unconstrained build operations Thread 21" [_thread_blocked, id=1324, stack(0x000000aa32800000,0x000000aa32900000)]
  0x000002a1ec01f800 JavaThread "Unconstrained build operations Thread 22" [_thread_blocked, id=6764, stack(0x000000aa32900000,0x000000aa32a00000)]
  0x000002a1ec026000 JavaThread "Unconstrained build operations Thread 23" [_thread_blocked, id=1860, stack(0x000000aa32a00000,0x000000aa32b00000)]
  0x000002a1ec020800 JavaThread "Unconstrained build operations Thread 24" [_thread_blocked, id=8800, stack(0x000000aa32b00000,0x000000aa32c00000)]
  0x000002a1ec021800 JavaThread "Unconstrained build operations Thread 25" [_thread_blocked, id=7940, stack(0x000000aa32c00000,0x000000aa32d00000)]
  0x000002a1ec022000 JavaThread "Unconstrained build operations Thread 26" [_thread_blocked, id=3868, stack(0x000000aa32d00000,0x000000aa32e00000)]
  0x000002a1ec027000 JavaThread "Unconstrained build operations Thread 27" [_thread_blocked, id=7500, stack(0x000000aa32e00000,0x000000aa32f00000)]
  0x000002a1edadb800 JavaThread "Unconstrained build operations Thread 28" [_thread_blocked, id=8900, stack(0x000000aa32f00000,0x000000aa33000000)]
  0x000002a1edad8000 JavaThread "Unconstrained build operations Thread 29" [_thread_blocked, id=7364, stack(0x000000aa33000000,0x000000aa33100000)]
  0x000002a1edadc000 JavaThread "Unconstrained build operations Thread 30" [_thread_blocked, id=8792, stack(0x000000aa33100000,0x000000aa33200000)]
  0x000002a1edad9000 JavaThread "Unconstrained build operations Thread 31" [_thread_blocked, id=5952, stack(0x000000aa33200000,0x000000aa33300000)]
  0x000002a1edadf800 JavaThread "Unconstrained build operations Thread 32" [_thread_blocked, id=7208, stack(0x000000aa33300000,0x000000aa33400000)]
  0x000002a1edada000 JavaThread "Unconstrained build operations Thread 33" [_thread_blocked, id=7748, stack(0x000000aa33400000,0x000000aa33500000)]
  0x000002a1edade000 JavaThread "Unconstrained build operations Thread 34" [_thread_blocked, id=5880, stack(0x000000aa33500000,0x000000aa33600000)]
  0x000002a1edada800 JavaThread "Unconstrained build operations Thread 35" [_thread_blocked, id=8596, stack(0x000000aa33600000,0x000000aa33700000)]
  0x000002a1edade800 JavaThread "Unconstrained build operations Thread 36" [_thread_blocked, id=3276, stack(0x000000aa33700000,0x000000aa33800000)]
  0x000002a1edae0800 JavaThread "Unconstrained build operations Thread 37" [_thread_blocked, id=5908, stack(0x000000aa33800000,0x000000aa33900000)]
  0x000002a1edae2000 JavaThread "Unconstrained build operations Thread 38" [_thread_blocked, id=6588, stack(0x000000aa33900000,0x000000aa33a00000)]
  0x000002a1edae1000 JavaThread "Unconstrained build operations Thread 39" [_thread_blocked, id=868, stack(0x000000aa33a00000,0x000000aa33b00000)]
  0x000002a1edae3000 JavaThread "Unconstrained build operations Thread 40" [_thread_blocked, id=3880, stack(0x000000aa33b00000,0x000000aa33c00000)]
  0x000002a1edadd000 JavaThread "jar transforms Thread 4" [_thread_blocked, id=4212, stack(0x000000aa33c00000,0x000000aa33d00000)]
=>0x000002a1e86f8800 JavaThread "C2 CompilerThread1" daemon [_thread_in_native, id=1964, stack(0x000000aa2f600000,0x000000aa2f700000)]
  0x000002a1edae4800 JavaThread "Memory manager" [_thread_blocked, id=8724, stack(0x000000aa33d00000,0x000000aa33e00000)]

Other Threads:
  0x000002a1e793d800 VMThread "VM Thread" [stack: 0x000000aa2eb00000,0x000000aa2ec00000] [id=7836]
  0x000002a1e841e000 WatcherThread [stack: 0x000000aa2f500000,0x000000aa2f600000] [id=3140]
  0x000002a1cd5c6000 GCTaskThread "GC Thread#0" [stack: 0x000000aa2e600000,0x000000aa2e700000] [id=7592]
  0x000002a1e8829800 GCTaskThread "GC Thread#1" [stack: 0x000000aa2f700000,0x000000aa2f800000] [id=5924]
  0x000002a1e8f95800 GCTaskThread "GC Thread#2" [stack: 0x000000aa2f800000,0x000000aa2f900000] [id=7888]
  0x000002a1eadc9800 GCTaskThread "GC Thread#3" [stack: 0x000000aa30300000,0x000000aa30400000] [id=2012]
  0x000002a1cd5f5000 ConcurrentGCThread "G1 Main Marker" [stack: 0x000000aa2e700000,0x000000aa2e800000] [id=6052]
  0x000002a1cd5f6800 ConcurrentGCThread "G1 Conc#0" [stack: 0x000000aa2e800000,0x000000aa2e900000] [id=6916]
  0x000002a1cd688800 ConcurrentGCThread "G1 Refine#0" [stack: 0x000000aa2e900000,0x000000aa2ea00000] [id=5648]
  0x000002a1cd689800 ConcurrentGCThread "G1 Young RemSet Sampling" [stack: 0x000000aa2ea00000,0x000000aa2eb00000] [id=7820]

Threads with active compile tasks:
C2 CompilerThread0  11618 6728   !   4       java.util.concurrent.ConcurrentHashMap::computeIfAbsent (576 bytes)
C2 CompilerThread1  11618 6756       4       com.google.common.collect.ImmutableSet$RegularSetBuilderImpl::add (122 bytes)

VM state:not at safepoint (normal execution)

VM Mutex/Monitor currently owned by a thread: None

Heap address: 0x0000000080000000, size: 2048 MB, Compressed Oops mode: 32-bit
Narrow klass base: 0x0000000000000000, Narrow klass shift: 3
Compressed class space size: 1073741824 Address: 0x0000000100000000

Heap:
 garbage-first heap   total 189440K, used 121522K [0x0000000080000000, 0x0000000100000000)
  region size 1024K, 77 young (78848K), 8 survivors (8192K)
 Metaspace       used 70639K, capacity 72184K, committed 72396K, reserved 1112064K
  class space    used 9124K, capacity 9716K, committed 9728K, reserved 1048576K
Heap Regions: E=young(eden), S=young(survivor), O=old, HS=humongous(starts), HC=humongous(continues), CS=collection set, F=free, A=archive, TAMS=top-at-mark-start (previous, next)
|   0|0x0000000080000000, 0x0000000080100000, 0x0000000080100000|100%| O|  |TAMS 0x0000000080100000, 0x0000000080000000| Untracked 
|   1|0x0000000080100000, 0x0000000080200000, 0x0000000080200000|100%| O|  |TAMS 0x0000000080200000, 0x0000000080100000| Untracked 
|   2|0x0000000080200000, 0x0000000080300000, 0x0000000080300000|100%| O|  |TAMS 0x0000000080300000, 0x0000000080200000| Untracked 
|   3|0x0000000080300000, 0x0000000080400000, 0x0000000080400000|100%|HS|  |TAMS 0x0000000080400000, 0x0000000080300000| Complete 
|   4|0x0000000080400000, 0x0000000080500000, 0x0000000080500000|100%|HC|  |TAMS 0x0000000080500000, 0x0000000080400000| Complete 
|   5|0x0000000080500000, 0x0000000080600000, 0x0000000080600000|100%|HC|  |TAMS 0x0000000080600000, 0x0000000080500000| Complete 
|   6|0x0000000080600000, 0x0000000080700000, 0x0000000080700000|100%| O|  |TAMS 0x0000000080700000, 0x0000000080600000| Untracked 
|   7|0x0000000080700000, 0x0000000080800000, 0x0000000080800000|100%| O|  |TAMS 0x0000000080800000, 0x0000000080700000| Untracked 
|   8|0x0000000080800000, 0x0000000080900000, 0x0000000080900000|100%| O|  |TAMS 0x0000000080900000, 0x0000000080800000| Untracked 
|   9|0x0000000080900000, 0x0000000080a00000, 0x0000000080a00000|100%| O|  |TAMS 0x0000000080a00000, 0x0000000080900000| Untracked 
|  10|0x0000000080a00000, 0x0000000080b00000, 0x0000000080b00000|100%| O|  |TAMS 0x0000000080b00000, 0x0000000080a00000| Untracked 
|  11|0x0000000080b00000, 0x0000000080c00000, 0x0000000080c00000|100%| O|  |TAMS 0x0000000080c00000, 0x0000000080b00000| Untracked 
|  12|0x0000000080c00000, 0x0000000080d00000, 0x0000000080d00000|100%| O|  |TAMS 0x0000000080d00000, 0x0000000080c00000| Untracked 
|  13|0x0000000080d00000, 0x0000000080e00000, 0x0000000080e00000|100%| O|  |TAMS 0x0000000080e00000, 0x0000000080d00000| Untracked 
|  14|0x0000000080e00000, 0x0000000080f00000, 0x0000000080f00000|100%| O|  |TAMS 0x0000000080f00000, 0x0000000080e00000| Untracked 
|  15|0x0000000080f00000, 0x0000000081000000, 0x0000000081000000|100%| O|  |TAMS 0x0000000081000000, 0x0000000080f00000| Untracked 
|  16|0x0000000081000000, 0x0000000081100000, 0x0000000081100000|100%| O|  |TAMS 0x0000000081100000, 0x0000000081000000| Untracked 
|  17|0x0000000081100000, 0x0000000081200000, 0x0000000081200000|100%|HS|  |TAMS 0x0000000081200000, 0x0000000081100000| Complete 
|  18|0x0000000081200000, 0x0000000081300000, 0x0000000081300000|100%| O|  |TAMS 0x0000000081300000, 0x0000000081200000| Untracked 
|  19|0x0000000081300000, 0x0000000081400000, 0x0000000081400000|100%| O|  |TAMS 0x0000000081400000, 0x0000000081300000| Untracked 
|  20|0x0000000081400000, 0x0000000081500000, 0x0000000081500000|100%| O|  |TAMS 0x0000000081500000, 0x0000000081400000| Untracked 
|  21|0x0000000081500000, 0x0000000081600000, 0x0000000081600000|100%| O|  |TAMS 0x0000000081600000, 0x0000000081500000| Untracked 
|  22|0x0000000081600000, 0x0000000081700000, 0x0000000081700000|100%| O|  |TAMS 0x0000000081700000, 0x0000000081600000| Untracked 
|  23|0x0000000081700000, 0x0000000081800000, 0x0000000081800000|100%| O|  |TAMS 0x0000000081800000, 0x0000000081700000| Untracked 
|  24|0x0000000081800000, 0x0000000081900000, 0x0000000081900000|100%| O|  |TAMS 0x0000000081900000, 0x0000000081800000| Untracked 
|  25|0x0000000081900000, 0x0000000081a00000, 0x0000000081a00000|100%| O|  |TAMS 0x0000000081a00000, 0x0000000081900000| Untracked 
|  26|0x0000000081a00000, 0x0000000081b00000, 0x0000000081b00000|100%| O|  |TAMS 0x0000000081b00000, 0x0000000081a00000| Untracked 
|  27|0x0000000081b00000, 0x0000000081c00000, 0x0000000081c00000|100%| O|  |TAMS 0x0000000081c00000, 0x0000000081b00000| Untracked 
|  28|0x0000000081c00000, 0x0000000081d00000, 0x0000000081d00000|100%| O|  |TAMS 0x0000000081d00000, 0x0000000081c00000| Untracked 
|  29|0x0000000081d00000, 0x0000000081e00000, 0x0000000081e00000|100%|HS|  |TAMS 0x0000000081e00000, 0x0000000081d00000| Complete 
|  30|0x0000000081e00000, 0x0000000081f00000, 0x0000000081f00000|100%|HS|  |TAMS 0x0000000081f00000, 0x0000000081e00000| Complete 
|  31|0x0000000081f00000, 0x0000000082000000, 0x0000000082000000|100%|HC|  |TAMS 0x0000000082000000, 0x0000000081f00000| Complete 
|  32|0x0000000082000000, 0x0000000082100000, 0x0000000082100000|100%| O|  |TAMS 0x0000000082100000, 0x0000000082000000| Untracked 
|  33|0x0000000082100000, 0x0000000082200000, 0x0000000082200000|100%| O|  |TAMS 0x0000000082200000, 0x0000000082100000| Untracked 
|  34|0x0000000082200000, 0x0000000082300000, 0x0000000082300000|100%| O|  |TAMS 0x0000000082300000, 0x0000000082200000| Untracked 
|  35|0x0000000082300000, 0x0000000082400000, 0x0000000082400000|100%| O|  |TAMS 0x0000000082400000, 0x0000000082300000| Untracked 
|  36|0x0000000082400000, 0x0000000082500000, 0x0000000082500000|100%| O|  |TAMS 0x0000000082500000, 0x0000000082400000| Untracked 
|  37|0x0000000082500000, 0x0000000082600000, 0x0000000082600000|100%| O|  |TAMS 0x0000000082600000, 0x0000000082500000| Untracked 
|  38|0x0000000082600000, 0x0000000082700000, 0x0000000082700000|100%| O|  |TAMS 0x0000000082700000, 0x0000000082600000| Untracked 
|  39|0x0000000082700000, 0x0000000082800000, 0x0000000082800000|100%| O|  |TAMS 0x0000000082800000, 0x0000000082700000| Untracked 
|  40|0x0000000082800000, 0x0000000082900000, 0x0000000082900000|100%| O|  |TAMS 0x0000000082900000, 0x0000000082800000| Untracked 
|  41|0x0000000082900000, 0x0000000082a00000, 0x0000000082a00000|100%| O|  |TAMS 0x0000000082a00000, 0x0000000082900000| Untracked 
|  42|0x0000000082a00000, 0x0000000082af8c00, 0x0000000082b00000| 97%| O|  |TAMS 0x0000000082af8c00, 0x0000000082a00000| Untracked 
|  43|0x0000000082b00000, 0x0000000082b00000, 0x0000000082c00000|  0%| F|  |TAMS 0x0000000082b00000, 0x0000000082b00000| Untracked 
|  44|0x0000000082c00000, 0x0000000082c00000, 0x0000000082d00000|  0%| F|  |TAMS 0x0000000082c00000, 0x0000000082c00000| Untracked 
|  45|0x0000000082d00000, 0x0000000082d00000, 0x0000000082e00000|  0%| F|  |TAMS 0x0000000082d00000, 0x0000000082d00000| Untracked 
|  46|0x0000000082e00000, 0x0000000082e00000, 0x0000000082f00000|  0%| F|  |TAMS 0x0000000082e00000, 0x0000000082e00000| Untracked 
|  47|0x0000000082f00000, 0x0000000082f00000, 0x0000000083000000|  0%| F|  |TAMS 0x0000000082f00000, 0x0000000082f00000| Untracked 
|  48|0x0000000083000000, 0x0000000083000000, 0x0000000083100000|  0%| F|  |TAMS 0x0000000083000000, 0x0000000083000000| Untracked 
|  49|0x0000000083100000, 0x0000000083100000, 0x0000000083200000|  0%| F|  |TAMS 0x0000000083100000, 0x0000000083100000| Untracked 
|  50|0x0000000083200000, 0x0000000083200000, 0x0000000083300000|  0%| F|  |TAMS 0x0000000083200000, 0x0000000083200000| Untracked 
|  51|0x0000000083300000, 0x0000000083300000, 0x0000000083400000|  0%| F|  |TAMS 0x0000000083300000, 0x0000000083300000| Untracked 
|  52|0x0000000083400000, 0x0000000083400000, 0x0000000083500000|  0%| F|  |TAMS 0x0000000083400000, 0x0000000083400000| Untracked 
|  53|0x0000000083500000, 0x0000000083500000, 0x0000000083600000|  0%| F|  |TAMS 0x0000000083500000, 0x0000000083500000| Untracked 
|  54|0x0000000083600000, 0x0000000083600000, 0x0000000083700000|  0%| F|  |TAMS 0x0000000083600000, 0x0000000083600000| Untracked 
|  55|0x0000000083700000, 0x0000000083700000, 0x0000000083800000|  0%| F|  |TAMS 0x0000000083700000, 0x0000000083700000| Untracked 
|  56|0x0000000083800000, 0x0000000083800000, 0x0000000083900000|  0%| F|  |TAMS 0x0000000083800000, 0x0000000083800000| Untracked 
|  57|0x0000000083900000, 0x0000000083900000, 0x0000000083a00000|  0%| F|  |TAMS 0x0000000083900000, 0x0000000083900000| Untracked 
|  58|0x0000000083a00000, 0x0000000083a00000, 0x0000000083b00000|  0%| F|  |TAMS 0x0000000083a00000, 0x0000000083a00000| Untracked 
|  59|0x0000000083b00000, 0x0000000083b00000, 0x0000000083c00000|  0%| F|  |TAMS 0x0000000083b00000, 0x0000000083b00000| Untracked 
|  60|0x0000000083c00000, 0x0000000083c00000, 0x0000000083d00000|  0%| F|  |TAMS 0x0000000083c00000, 0x0000000083c00000| Untracked 
|  61|0x0000000083d00000, 0x0000000083d00000, 0x0000000083e00000|  0%| F|  |TAMS 0x0000000083d00000, 0x0000000083d00000| Untracked 
|  62|0x0000000083e00000, 0x0000000083e00000, 0x0000000083f00000|  0%| F|  |TAMS 0x0000000083e00000, 0x0000000083e00000| Untracked 
|  63|0x0000000083f00000, 0x0000000083f00000, 0x0000000084000000|  0%| F|  |TAMS 0x0000000083f00000, 0x0000000083f00000| Untracked 
|  64|0x0000000084000000, 0x0000000084000000, 0x0000000084100000|  0%| F|  |TAMS 0x0000000084000000, 0x0000000084000000| Untracked 
|  65|0x0000000084100000, 0x0000000084100000, 0x0000000084200000|  0%| F|  |TAMS 0x0000000084100000, 0x0000000084100000| Untracked 
|  66|0x0000000084200000, 0x0000000084200000, 0x0000000084300000|  0%| F|  |TAMS 0x0000000084200000, 0x0000000084200000| Untracked 
|  67|0x0000000084300000, 0x0000000084300000, 0x0000000084400000|  0%| F|  |TAMS 0x0000000084300000, 0x0000000084300000| Untracked 
|  68|0x0000000084400000, 0x0000000084400000, 0x0000000084500000|  0%| F|  |TAMS 0x0000000084400000, 0x0000000084400000| Untracked 
|  69|0x0000000084500000, 0x0000000084500000, 0x0000000084600000|  0%| F|  |TAMS 0x0000000084500000, 0x0000000084500000| Untracked 
|  70|0x0000000084600000, 0x0000000084600000, 0x0000000084700000|  0%| F|  |TAMS 0x0000000084600000, 0x0000000084600000| Untracked 
|  71|0x0000000084700000, 0x0000000084700000, 0x0000000084800000|  0%| F|  |TAMS 0x0000000084700000, 0x0000000084700000| Untracked 
|  72|0x0000000084800000, 0x0000000084800000, 0x0000000084900000|  0%| F|  |TAMS 0x0000000084800000, 0x0000000084800000| Untracked 
|  73|0x0000000084900000, 0x0000000084900000, 0x0000000084a00000|  0%| F|  |TAMS 0x0000000084900000, 0x0000000084900000| Untracked 
|  74|0x0000000084a00000, 0x0000000084a00000, 0x0000000084b00000|  0%| F|  |TAMS 0x0000000084a00000, 0x0000000084a00000| Untracked 
|  75|0x0000000084b00000, 0x0000000084b00000, 0x0000000084c00000|  0%| F|  |TAMS 0x0000000084b00000, 0x0000000084b00000| Untracked 
|  76|0x0000000084c00000, 0x0000000084c00000, 0x0000000084d00000|  0%| F|  |TAMS 0x0000000084c00000, 0x0000000084c00000| Untracked 
|  77|0x0000000084d00000, 0x0000000084d00000, 0x0000000084e00000|  0%| F|  |TAMS 0x0000000084d00000, 0x0000000084d00000| Untracked 
|  78|0x0000000084e00000, 0x0000000084e00000, 0x0000000084f00000|  0%| F|  |TAMS 0x0000000084e00000, 0x0000000084e00000| Untracked 
|  79|0x0000000084f00000, 0x0000000084f00000, 0x0000000085000000|  0%| F|  |TAMS 0x0000000084f00000, 0x0000000084f00000| Untracked 
|  80|0x0000000085000000, 0x0000000085000000, 0x0000000085100000|  0%| F|  |TAMS 0x0000000085000000, 0x0000000085000000| Untracked 
|  81|0x0000000085100000, 0x0000000085100000, 0x0000000085200000|  0%| F|  |TAMS 0x0000000085100000, 0x0000000085100000| Untracked 
|  82|0x0000000085200000, 0x0000000085200000, 0x0000000085300000|  0%| F|  |TAMS 0x0000000085200000, 0x0000000085200000| Untracked 
|  83|0x0000000085300000, 0x0000000085300000, 0x0000000085400000|  0%| F|  |TAMS 0x0000000085300000, 0x0000000085300000| Untracked 
|  84|0x0000000085400000, 0x0000000085400000, 0x0000000085500000|  0%| F|  |TAMS 0x0000000085400000, 0x0000000085400000| Untracked 
|  85|0x0000000085500000, 0x0000000085500000, 0x0000000085600000|  0%| F|  |TAMS 0x0000000085500000, 0x0000000085500000| Untracked 
|  86|0x0000000085600000, 0x0000000085600000, 0x0000000085700000|  0%| F|  |TAMS 0x0000000085600000, 0x0000000085600000| Untracked 
|  87|0x0000000085700000, 0x0000000085700000, 0x0000000085800000|  0%| F|  |TAMS 0x0000000085700000, 0x0000000085700000| Untracked 
|  88|0x0000000085800000, 0x0000000085800000, 0x0000000085900000|  0%| F|  |TAMS 0x0000000085800000, 0x0000000085800000| Untracked 
|  89|0x0000000085900000, 0x0000000085900000, 0x0000000085a00000|  0%| F|  |TAMS 0x0000000085900000, 0x0000000085900000| Untracked 
|  90|0x0000000085a00000, 0x0000000085a00000, 0x0000000085b00000|  0%| F|  |TAMS 0x0000000085a00000, 0x0000000085a00000| Untracked 
|  91|0x0000000085b00000, 0x0000000085b00000, 0x0000000085c00000|  0%| F|  |TAMS 0x0000000085b00000, 0x0000000085b00000| Untracked 
|  92|0x0000000085c00000, 0x0000000085c00000, 0x0000000085d00000|  0%| F|  |TAMS 0x0000000085c00000, 0x0000000085c00000| Untracked 
|  93|0x0000000085d00000, 0x0000000085d00000, 0x0000000085e00000|  0%| F|  |TAMS 0x0000000085d00000, 0x0000000085d00000| Untracked 
|  94|0x0000000085e00000, 0x0000000085e00000, 0x0000000085f00000|  0%| F|  |TAMS 0x0000000085e00000, 0x0000000085e00000| Untracked 
|  95|0x0000000085f00000, 0x0000000085f00000, 0x0000000086000000|  0%| F|  |TAMS 0x0000000085f00000, 0x0000000085f00000| Untracked 
|  96|0x0000000086000000, 0x0000000086000000, 0x0000000086100000|  0%| F|  |TAMS 0x0000000086000000, 0x0000000086000000| Untracked 
|  97|0x0000000086100000, 0x0000000086100000, 0x0000000086200000|  0%| F|  |TAMS 0x0000000086100000, 0x0000000086100000| Untracked 
|  98|0x0000000086200000, 0x0000000086200000, 0x0000000086300000|  0%| F|  |TAMS 0x0000000086200000, 0x0000000086200000| Untracked 
|  99|0x0000000086300000, 0x0000000086300000, 0x0000000086400000|  0%| F|  |TAMS 0x0000000086300000, 0x0000000086300000| Untracked 
| 100|0x0000000086400000, 0x0000000086400000, 0x0000000086500000|  0%| F|  |TAMS 0x0000000086400000, 0x0000000086400000| Untracked 
| 101|0x0000000086500000, 0x0000000086500000, 0x0000000086600000|  0%| F|  |TAMS 0x0000000086500000, 0x0000000086500000| Untracked 
| 102|0x0000000086600000, 0x0000000086600000, 0x0000000086700000|  0%| F|  |TAMS 0x0000000086600000, 0x0000000086600000| Untracked 
| 103|0x0000000086700000, 0x0000000086700000, 0x0000000086800000|  0%| F|  |TAMS 0x0000000086700000, 0x0000000086700000| Untracked 
| 104|0x0000000086800000, 0x0000000086800000, 0x0000000086900000|  0%| F|  |TAMS 0x0000000086800000, 0x0000000086800000| Untracked 
| 105|0x0000000086900000, 0x00000000869b3f10, 0x0000000086a00000| 70%| S|CS|TAMS 0x0000000086900000, 0x0000000086900000| Complete 
| 106|0x0000000086a00000, 0x0000000086b00000, 0x0000000086b00000|100%| S|CS|TAMS 0x0000000086a00000, 0x0000000086a00000| Complete 
| 107|0x0000000086b00000, 0x0000000086c00000, 0x0000000086c00000|100%| S|CS|TAMS 0x0000000086b00000, 0x0000000086b00000| Complete 
| 108|0x0000000086c00000, 0x0000000086d00000, 0x0000000086d00000|100%| S|CS|TAMS 0x0000000086c00000, 0x0000000086c00000| Complete 
| 109|0x0000000086d00000, 0x0000000086e00000, 0x0000000086e00000|100%| S|CS|TAMS 0x0000000086d00000, 0x0000000086d00000| Complete 
| 110|0x0000000086e00000, 0x0000000086f00000, 0x0000000086f00000|100%| S|CS|TAMS 0x0000000086e00000, 0x0000000086e00000| Complete 
| 111|0x0000000086f00000, 0x0000000087000000, 0x0000000087000000|100%| S|CS|TAMS 0x0000000086f00000, 0x0000000086f00000| Complete 
| 112|0x0000000087000000, 0x0000000087100000, 0x0000000087100000|100%| S|CS|TAMS 0x0000000087000000, 0x0000000087000000| Complete 
| 113|0x0000000087100000, 0x0000000087100000, 0x0000000087200000|  0%| F|  |TAMS 0x0000000087100000, 0x0000000087100000| Untracked 
| 114|0x0000000087200000, 0x0000000087200000, 0x0000000087300000|  0%| F|  |TAMS 0x0000000087200000, 0x0000000087200000| Untracked 
| 115|0x0000000087300000, 0x0000000087300000, 0x0000000087400000|  0%| F|  |TAMS 0x0000000087300000, 0x0000000087300000| Untracked 
| 116|0x0000000087400000, 0x0000000087480800, 0x0000000087500000| 50%| E|  |TAMS 0x0000000087400000, 0x0000000087400000| Complete 
| 117|0x0000000087500000, 0x0000000087600000, 0x0000000087600000|100%| E|CS|TAMS 0x0000000087500000, 0x0000000087500000| Complete 
| 118|0x0000000087600000, 0x0000000087700000, 0x0000000087700000|100%| E|CS|TAMS 0x0000000087600000, 0x0000000087600000| Complete 
| 119|0x0000000087700000, 0x0000000087800000, 0x0000000087800000|100%| E|CS|TAMS 0x0000000087700000, 0x0000000087700000| Complete 
| 120|0x0000000087800000, 0x0000000087900000, 0x0000000087900000|100%| E|CS|TAMS 0x0000000087800000, 0x0000000087800000| Complete 
| 121|0x0000000087900000, 0x0000000087a00000, 0x0000000087a00000|100%| E|CS|TAMS 0x0000000087900000, 0x0000000087900000| Complete 
| 122|0x0000000087a00000, 0x0000000087b00000, 0x0000000087b00000|100%| E|CS|TAMS 0x0000000087a00000, 0x0000000087a00000| Complete 
| 123|0x0000000087b00000, 0x0000000087c00000, 0x0000000087c00000|100%| E|CS|TAMS 0x0000000087b00000, 0x0000000087b00000| Complete 
| 124|0x0000000087c00000, 0x0000000087d00000, 0x0000000087d00000|100%| E|CS|TAMS 0x0000000087c00000, 0x0000000087c00000| Complete 
| 125|0x0000000087d00000, 0x0000000087e00000, 0x0000000087e00000|100%| E|CS|TAMS 0x0000000087d00000, 0x0000000087d00000| Complete 
| 126|0x0000000087e00000, 0x0000000087f00000, 0x0000000087f00000|100%| E|CS|TAMS 0x0000000087e00000, 0x0000000087e00000| Complete 
| 127|0x0000000087f00000, 0x0000000088000000, 0x0000000088000000|100%| E|CS|TAMS 0x0000000087f00000, 0x0000000087f00000| Complete 
| 128|0x0000000088000000, 0x0000000088100000, 0x0000000088100000|100%| E|CS|TAMS 0x0000000088000000, 0x0000000088000000| Complete 
| 129|0x0000000088100000, 0x0000000088200000, 0x0000000088200000|100%| E|CS|TAMS 0x0000000088100000, 0x0000000088100000| Complete 
| 130|0x0000000088200000, 0x0000000088300000, 0x0000000088300000|100%| E|CS|TAMS 0x0000000088200000, 0x0000000088200000| Complete 
| 131|0x0000000088300000, 0x0000000088400000, 0x0000000088400000|100%| E|CS|TAMS 0x0000000088300000, 0x0000000088300000| Complete 
| 132|0x0000000088400000, 0x0000000088500000, 0x0000000088500000|100%| E|CS|TAMS 0x0000000088400000, 0x0000000088400000| Complete 
| 133|0x0000000088500000, 0x0000000088600000, 0x0000000088600000|100%| E|CS|TAMS 0x0000000088500000, 0x0000000088500000| Complete 
| 134|0x0000000088600000, 0x0000000088700000, 0x0000000088700000|100%| E|CS|TAMS 0x0000000088600000, 0x0000000088600000| Complete 
| 135|0x0000000088700000, 0x0000000088800000, 0x0000000088800000|100%| E|CS|TAMS 0x0000000088700000, 0x0000000088700000| Complete 
| 136|0x0000000088800000, 0x0000000088900000, 0x0000000088900000|100%| E|CS|TAMS 0x0000000088800000, 0x0000000088800000| Complete 
| 137|0x0000000088900000, 0x0000000088a00000, 0x0000000088a00000|100%| E|CS|TAMS 0x0000000088900000, 0x0000000088900000| Complete 
| 138|0x0000000088a00000, 0x0000000088b00000, 0x0000000088b00000|100%| E|CS|TAMS 0x0000000088a00000, 0x0000000088a00000| Complete 
| 139|0x0000000088b00000, 0x0000000088c00000, 0x0000000088c00000|100%| E|CS|TAMS 0x0000000088b00000, 0x0000000088b00000| Complete 
| 140|0x0000000088c00000, 0x0000000088d00000, 0x0000000088d00000|100%| E|CS|TAMS 0x0000000088c00000, 0x0000000088c00000| Complete 
| 141|0x0000000088d00000, 0x0000000088e00000, 0x0000000088e00000|100%| E|CS|TAMS 0x0000000088d00000, 0x0000000088d00000| Complete 
| 142|0x0000000088e00000, 0x0000000088f00000, 0x0000000088f00000|100%| E|CS|TAMS 0x0000000088e00000, 0x0000000088e00000| Complete 
| 143|0x0000000088f00000, 0x0000000089000000, 0x0000000089000000|100%| E|CS|TAMS 0x0000000088f00000, 0x0000000088f00000| Complete 
| 144|0x0000000089000000, 0x0000000089100000, 0x0000000089100000|100%| E|CS|TAMS 0x0000000089000000, 0x0000000089000000| Complete 
| 145|0x0000000089100000, 0x0000000089200000, 0x0000000089200000|100%| E|CS|TAMS 0x0000000089100000, 0x0000000089100000| Complete 
| 146|0x0000000089200000, 0x0000000089300000, 0x0000000089300000|100%| E|CS|TAMS 0x0000000089200000, 0x0000000089200000| Complete 
| 147|0x0000000089300000, 0x0000000089400000, 0x0000000089400000|100%| E|CS|TAMS 0x0000000089300000, 0x0000000089300000| Complete 
| 148|0x0000000089400000, 0x0000000089500000, 0x0000000089500000|100%| E|CS|TAMS 0x0000000089400000, 0x0000000089400000| Complete 
| 149|0x0000000089500000, 0x0000000089600000, 0x0000000089600000|100%| E|CS|TAMS 0x0000000089500000, 0x0000000089500000| Complete 
| 150|0x0000000089600000, 0x0000000089700000, 0x0000000089700000|100%| E|CS|TAMS 0x0000000089600000, 0x0000000089600000| Complete 
| 151|0x0000000089700000, 0x0000000089800000, 0x0000000089800000|100%| E|CS|TAMS 0x0000000089700000, 0x0000000089700000| Complete 
| 152|0x0000000089800000, 0x0000000089900000, 0x0000000089900000|100%| E|CS|TAMS 0x0000000089800000, 0x0000000089800000| Complete 
| 153|0x0000000089900000, 0x0000000089a00000, 0x0000000089a00000|100%| E|CS|TAMS 0x0000000089900000, 0x0000000089900000| Complete 
| 154|0x0000000089a00000, 0x0000000089b00000, 0x0000000089b00000|100%| E|CS|TAMS 0x0000000089a00000, 0x0000000089a00000| Complete 
| 155|0x0000000089b00000, 0x0000000089c00000, 0x0000000089c00000|100%| E|CS|TAMS 0x0000000089b00000, 0x0000000089b00000| Complete 
| 156|0x0000000089c00000, 0x0000000089d00000, 0x0000000089d00000|100%| E|CS|TAMS 0x0000000089c00000, 0x0000000089c00000| Complete 
| 157|0x0000000089d00000, 0x0000000089e00000, 0x0000000089e00000|100%| E|CS|TAMS 0x0000000089d00000, 0x0000000089d00000| Complete 
| 158|0x0000000089e00000, 0x0000000089f00000, 0x0000000089f00000|100%| E|CS|TAMS 0x0000000089e00000, 0x0000000089e00000| Complete 
| 159|0x0000000089f00000, 0x000000008a000000, 0x000000008a000000|100%| E|CS|TAMS 0x0000000089f00000, 0x0000000089f00000| Complete 
| 160|0x000000008a000000, 0x000000008a100000, 0x000000008a100000|100%| E|CS|TAMS 0x000000008a000000, 0x000000008a000000| Complete 
| 161|0x000000008a100000, 0x000000008a200000, 0x000000008a200000|100%| E|CS|TAMS 0x000000008a100000, 0x000000008a100000| Complete 
| 162|0x000000008a200000, 0x000000008a300000, 0x000000008a300000|100%| E|CS|TAMS 0x000000008a200000, 0x000000008a200000| Complete 
| 163|0x000000008a300000, 0x000000008a400000, 0x000000008a400000|100%| E|CS|TAMS 0x000000008a300000, 0x000000008a300000| Complete 
| 164|0x000000008a400000, 0x000000008a500000, 0x000000008a500000|100%| E|CS|TAMS 0x000000008a400000, 0x000000008a400000| Complete 
| 165|0x000000008a500000, 0x000000008a600000, 0x000000008a600000|100%| E|CS|TAMS 0x000000008a500000, 0x000000008a500000| Complete 
| 166|0x000000008a600000, 0x000000008a700000, 0x000000008a700000|100%| E|CS|TAMS 0x000000008a600000, 0x000000008a600000| Complete 
| 167|0x000000008a700000, 0x000000008a800000, 0x000000008a800000|100%| E|CS|TAMS 0x000000008a700000, 0x000000008a700000| Complete 
| 168|0x000000008a800000, 0x000000008a900000, 0x000000008a900000|100%| E|CS|TAMS 0x000000008a800000, 0x000000008a800000| Complete 
| 169|0x000000008a900000, 0x000000008aa00000, 0x000000008aa00000|100%| E|CS|TAMS 0x000000008a900000, 0x000000008a900000| Complete 
| 170|0x000000008aa00000, 0x000000008ab00000, 0x000000008ab00000|100%| E|CS|TAMS 0x000000008aa00000, 0x000000008aa00000| Complete 
| 171|0x000000008ab00000, 0x000000008ac00000, 0x000000008ac00000|100%| E|CS|TAMS 0x000000008ab00000, 0x000000008ab00000| Complete 
| 172|0x000000008ac00000, 0x000000008ad00000, 0x000000008ad00000|100%| E|CS|TAMS 0x000000008ac00000, 0x000000008ac00000| Complete 
| 173|0x000000008ad00000, 0x000000008ae00000, 0x000000008ae00000|100%| E|CS|TAMS 0x000000008ad00000, 0x000000008ad00000| Complete 
| 174|0x000000008ae00000, 0x000000008af00000, 0x000000008af00000|100%| E|CS|TAMS 0x000000008ae00000, 0x000000008ae00000| Complete 
| 175|0x000000008af00000, 0x000000008b000000, 0x000000008b000000|100%| E|CS|TAMS 0x000000008af00000, 0x000000008af00000| Complete 
| 176|0x000000008b000000, 0x000000008b100000, 0x000000008b100000|100%| E|CS|TAMS 0x000000008b000000, 0x000000008b000000| Complete 
| 177|0x000000008b100000, 0x000000008b200000, 0x000000008b200000|100%| E|CS|TAMS 0x000000008b100000, 0x000000008b100000| Complete 
| 178|0x000000008b200000, 0x000000008b300000, 0x000000008b300000|100%| E|CS|TAMS 0x000000008b200000, 0x000000008b200000| Complete 
| 179|0x000000008b300000, 0x000000008b400000, 0x000000008b400000|100%| E|CS|TAMS 0x000000008b300000, 0x000000008b300000| Complete 
| 180|0x000000008b400000, 0x000000008b500000, 0x000000008b500000|100%| E|CS|TAMS 0x000000008b400000, 0x000000008b400000| Complete 
| 181|0x000000008b500000, 0x000000008b600000, 0x000000008b600000|100%| E|CS|TAMS 0x000000008b500000, 0x000000008b500000| Complete 
| 182|0x000000008b600000, 0x000000008b700000, 0x000000008b700000|100%| E|CS|TAMS 0x000000008b600000, 0x000000008b600000| Complete 
| 183|0x000000008b700000, 0x000000008b800000, 0x000000008b800000|100%| E|CS|TAMS 0x000000008b700000, 0x000000008b700000| Complete 
| 184|0x000000008b800000, 0x000000008b900000, 0x000000008b900000|100%| E|CS|TAMS 0x000000008b800000, 0x000000008b800000| Complete 

Card table byte_map: [0x000002a1e0b00000,0x000002a1e0f00000] _byte_map_base: 0x000002a1e0700000

Marking Bits (Prev, Next): (CMBitMap*) 0x000002a1cd5ec4a0, (CMBitMap*) 0x000002a1cd5ec468
 Prev Bits: [0x000002a1e3300000, 0x000002a1e5300000)
 Next Bits: [0x000002a1e1300000, 0x000002a1e3300000)

Polling page: 0x000002a1cbd90000

Metaspace:

Usage:
  Non-class:     61.00 MB capacity,    60.07 MB ( 98%) used,   778.73 KB (  1%) free+waste,   172.63 KB ( <1%) overhead. 
      Class:      9.49 MB capacity,     8.91 MB ( 94%) used,   511.58 KB (  5%) free+waste,    80.38 KB ( <1%) overhead. 
       Both:     70.49 MB capacity,    68.99 MB ( 98%) used,     1.26 MB (  2%) free+waste,   253.00 KB ( <1%) overhead. 

Virtual space:
  Non-class space:       62.00 MB reserved,      61.20 MB ( 99%) committed 
      Class space:        1.00 GB reserved,       9.50 MB ( <1%) committed 
             Both:        1.06 GB reserved,      70.70 MB (  7%) committed 

Chunk freelists:
   Non-Class:  8.00 KB
       Class:  12.00 KB
        Both:  20.00 KB

MaxMetaspaceSize: 17179869184.00 GB
CompressedClassSpaceSize: 1.00 GB
Initial GC threshold: 20.80 MB
Current GC threshold: 98.46 MB
CDS: off

CodeHeap 'non-profiled nmethods': size=120064Kb used=4123Kb max_used=4123Kb free=115941Kb
 bounds [0x000002a1d8b80000, 0x000002a1d8f90000, 0x000002a1e00c0000]
CodeHeap 'profiled nmethods': size=120000Kb used=14409Kb max_used=14409Kb free=105590Kb
 bounds [0x000002a1d1650000, 0x000002a1d2470000, 0x000002a1d8b80000]
CodeHeap 'non-nmethods': size=5696Kb used=2350Kb max_used=2403Kb free=3345Kb
 bounds [0x000002a1d10c0000, 0x000002a1d1330000, 0x000002a1d1650000]
 total_blobs=7596 nmethods=6737 adapters=771
 compilation: enabled
              stopped_count=0, restarted_count=0
 full_count=0

Compilation events (20 events):
Event: 11.560 Thread 0x000002a1e7969000 nmethod 6749 0x000002a1d2452110 code [0x000002a1d2452360, 0x000002a1d2452af8]
Event: 11.560 Thread 0x000002a1e7969000 6750       1       com.android.build.gradle.internal.core.VariantDslInfoImpl::getVariantType (5 bytes)
Event: 11.561 Thread 0x000002a1e7969000 nmethod 6750 0x000002a1d8f81910 code [0x000002a1d8f81ac0, 0x000002a1d8f81b78]
Event: 11.568 Thread 0x000002a1e7969000 6751       3       org.gradle.internal.ImmutableActionSet$SetWithManyActions::<init> (10 bytes)
Event: 11.569 Thread 0x000002a1e7969000 nmethod 6751 0x000002a1d2452d90 code [0x000002a1d2452f40, 0x000002a1d2453158]
Event: 11.569 Thread 0x000002a1e7969000 6752       3       org.gradle.api.internal.tasks.DefaultTaskCollection::withMutationDisabled (15 bytes)
Event: 11.569 Thread 0x000002a1e7969000 nmethod 6752 0x000002a1d2453290 code [0x000002a1d24534a0, 0x000002a1d2453978]
Event: 11.569 Thread 0x000002a1e7969000 6753       3       org.gradle.api.internal.MutationGuards$1::withMutationDisabled (2 bytes)
Event: 11.569 Thread 0x000002a1e7969000 nmethod 6753 0x000002a1d2453b10 code [0x000002a1d2453cc0, 0x000002a1d2453db8]
Event: 11.569 Thread 0x000002a1e7969000 6754       3       java.util.concurrent.atomic.AtomicBoolean::compareAndSet (26 bytes)
Event: 11.570 Thread 0x000002a1e7969000 nmethod 6754 0x000002a1d2453e90 code [0x000002a1d24540c0, 0x000002a1d2454718]
Event: 11.571 Thread 0x000002a1e7969000 6755       3       org.gradle.api.internal.DefaultNamedDomainObjectCollection$AbstractDomainObjectCreatingProvider::configure (83 bytes)
Event: 11.571 Thread 0x000002a1e86f8800 6756       4       com.google.common.collect.ImmutableSet$RegularSetBuilderImpl::add (122 bytes)
Event: 11.573 Thread 0x000002a1e7969000 nmethod 6755 0x000002a1d2454990 code [0x000002a1d2454c00, 0x000002a1d2455688]
Event: 11.573 Thread 0x000002a1e7969000 6757       3       org.gradle.util.Path::toString (5 bytes)
Event: 11.573 Thread 0x000002a1e7969000 nmethod 6757 0x000002a1d2455a10 code [0x000002a1d2455be0, 0x000002a1d2455e28]
Event: 11.581 Thread 0x000002a1e7969000 6758       3       org.gradle.api.internal.file.DefaultFilePropertyFactory::newFileProperty (16 bytes)
Event: 11.581 Thread 0x000002a1e7969000 nmethod 6758 0x000002a1d2455f10 code [0x000002a1d2456180, 0x000002a1d2456cd8]
Event: 11.582 Thread 0x000002a1e7969000 6759       3       org.gradle.api.internal.model.DefaultObjectFactory::fileProperty (10 bytes)
Event: 11.582 Thread 0x000002a1e7969000 nmethod 6759 0x000002a1d2457110 code [0x000002a1d2457300, 0x000002a1d2457688]

GC Heap History (20 events):
Event: 1.344 GC heap before
{Heap before GC invocations=2 (full 0):
 garbage-first heap   total 131072K, used 41113K [0x0000000080000000, 0x0000000100000000)
  region size 1024K, 33 young (33792K), 2 survivors (2048K)
 Metaspace       used 10861K, capacity 11069K, committed 11264K, reserved 1058816K
  class space    used 1130K, capacity 1207K, committed 1280K, reserved 1048576K
}
Event: 1.347 GC heap after
{Heap after GC invocations=3 (full 0):
 garbage-first heap   total 131072K, used 11921K [0x0000000080000000, 0x0000000100000000)
  region size 1024K, 4 young (4096K), 4 survivors (4096K)
 Metaspace       used 10861K, capacity 11069K, committed 11264K, reserved 1058816K
  class space    used 1130K, capacity 1207K, committed 1280K, reserved 1048576K
}
Event: 2.545 GC heap before
{Heap before GC invocations=3 (full 0):
 garbage-first heap   total 131072K, used 59025K [0x0000000080000000, 0x0000000100000000)
  region size 1024K, 50 young (51200K), 4 survivors (4096K)
 Metaspace       used 18570K, capacity 18938K, committed 19072K, reserved 1067008K
  class space    used 2214K, capacity 2341K, committed 2432K, reserved 1048576K
}
Event: 2.553 GC heap after
{Heap after GC invocations=4 (full 0):
 garbage-first heap   total 131072K, used 16812K [0x0000000080000000, 0x0000000100000000)
  region size 1024K, 7 young (7168K), 7 survivors (7168K)
 Metaspace       used 18570K, capacity 18938K, committed 19072K, reserved 1067008K
  class space    used 2214K, capacity 2341K, committed 2432K, reserved 1048576K
}
Event: 2.734 GC heap before
{Heap before GC invocations=4 (full 0):
 garbage-first heap   total 131072K, used 37292K [0x0000000080000000, 0x0000000100000000)
  region size 1024K, 28 young (28672K), 7 survivors (7168K)
 Metaspace       used 20757K, capacity 21131K, committed 21248K, reserved 1067008K
  class space    used 2546K, capacity 2710K, committed 2816K, reserved 1048576K
}
Event: 2.741 GC heap after
{Heap after GC invocations=5 (full 0):
 garbage-first heap   total 131072K, used 18003K [0x0000000080000000, 0x0000000100000000)
  region size 1024K, 1 young (1024K), 1 survivors (1024K)
 Metaspace       used 20757K, capacity 21131K, committed 21248K, reserved 1067008K
  class space    used 2546K, capacity 2710K, committed 2816K, reserved 1048576K
}
Event: 3.350 GC heap before
{Heap before GC invocations=6 (full 0):
 garbage-first heap   total 131072K, used 68179K [0x0000000080000000, 0x0000000100000000)
  region size 1024K, 50 young (51200K), 1 survivors (1024K)
 Metaspace       used 26165K, capacity 26683K, committed 27008K, reserved 1073152K
  class space    used 3389K, capacity 3587K, committed 3712K, reserved 1048576K
}
Event: 3.356 GC heap after
{Heap after GC invocations=7 (full 0):
 garbage-first heap   total 157696K, used 19749K [0x0000000080000000, 0x0000000100000000)
  region size 1024K, 3 young (3072K), 3 survivors (3072K)
 Metaspace       used 26165K, capacity 26683K, committed 27008K, reserved 1073152K
  class space    used 3389K, capacity 3587K, committed 3712K, reserved 1048576K
}
Event: 4.506 GC heap before
{Heap before GC invocations=7 (full 0):
 garbage-first heap   total 157696K, used 79141K [0x0000000080000000, 0x0000000100000000)
  region size 1024K, 62 young (63488K), 3 survivors (3072K)
 Metaspace       used 34940K, capacity 35783K, committed 35840K, reserved 1081344K
  class space    used 4531K, capacity 4839K, committed 4864K, reserved 1048576K
}
Event: 4.522 GC heap after
{Heap after GC invocations=8 (full 0):
 garbage-first heap   total 157696K, used 22983K [0x0000000080000000, 0x0000000100000000)
  region size 1024K, 6 young (6144K), 6 survivors (6144K)
 Metaspace       used 34940K, capacity 35783K, committed 35840K, reserved 1081344K
  class space    used 4531K, capacity 4839K, committed 4864K, reserved 1048576K
}
Event: 5.473 GC heap before
{Heap before GC invocations=9 (full 0):
 garbage-first heap   total 157696K, used 93639K [0x0000000080000000, 0x0000000100000000)
  region size 1024K, 73 young (74752K), 6 survivors (6144K)
 Metaspace       used 40527K, capacity 41462K, committed 41676K, reserved 1085440K
  class space    used 5176K, capacity 5512K, committed 5632K, reserved 1048576K
}
Event: 5.486 GC heap after
{Heap after GC invocations=10 (full 0):
 garbage-first heap   total 157696K, used 28794K [0x0000000080000000, 0x0000000100000000)
  region size 1024K, 9 young (9216K), 9 survivors (9216K)
 Metaspace       used 40527K, capacity 41462K, committed 41676K, reserved 1085440K
  class space    used 5176K, capacity 5512K, committed 5632K, reserved 1048576K
}
Event: 6.401 GC heap before
{Heap before GC invocations=10 (full 0):
 garbage-first heap   total 157696K, used 100474K [0x0000000080000000, 0x0000000100000000)
  region size 1024K, 79 young (80896K), 9 survivors (9216K)
 Metaspace       used 46880K, capacity 48008K, committed 48204K, reserved 1091584K
  class space    used 6045K, capacity 6449K, committed 6528K, reserved 1048576K
}
Event: 6.416 GC heap after
{Heap after GC invocations=11 (full 0):
 garbage-first heap   total 157696K, used 30991K [0x0000000080000000, 0x0000000100000000)
  region size 1024K, 3 young (3072K), 3 survivors (3072K)
 Metaspace       used 46880K, capacity 48008K, committed 48204K, reserved 1091584K
  class space    used 6045K, capacity 6449K, committed 6528K, reserved 1048576K
}
Event: 8.032 GC heap before
{Heap before GC invocations=11 (full 0):
 garbage-first heap   total 157696K, used 115983K [0x0000000080000000, 0x0000000100000000)
  region size 1024K, 82 young (83968K), 3 survivors (3072K)
 Metaspace       used 52342K, capacity 53637K, committed 53708K, reserved 1095680K
  class space    used 6692K, capacity 7156K, committed 7168K, reserved 1048576K
}
Event: 8.045 GC heap after
{Heap after GC invocations=12 (full 0):
 garbage-first heap   total 189440K, used 44355K [0x0000000080000000, 0x0000000100000000)
  region size 1024K, 11 young (11264K), 11 survivors (11264K)
 Metaspace       used 52342K, capacity 53637K, committed 53708K, reserved 1095680K
  class space    used 6692K, capacity 7156K, committed 7168K, reserved 1048576K
}
Event: 8.833 GC heap before
{Heap before GC invocations=12 (full 0):
 garbage-first heap   total 189440K, used 84291K [0x0000000080000000, 0x0000000100000000)
  region size 1024K, 51 young (52224K), 11 survivors (11264K)
 Metaspace       used 58684K, capacity 60088K, committed 60236K, reserved 1101824K
  class space    used 7417K, capacity 7938K, committed 8064K, reserved 1048576K
}
Event: 8.855 GC heap after
{Heap after GC invocations=13 (full 0):
 garbage-first heap   total 189440K, used 46045K [0x0000000080000000, 0x0000000100000000)
  region size 1024K, 2 young (2048K), 2 survivors (2048K)
 Metaspace       used 58684K, capacity 60088K, committed 60236K, reserved 1101824K
  class space    used 7417K, capacity 7938K, committed 8064K, reserved 1048576K
}
Event: 10.377 GC heap before
{Heap before GC invocations=14 (full 0):
 garbage-first heap   total 189440K, used 117725K [0x0000000080000000, 0x0000000100000000)
  region size 1024K, 72 young (73728K), 2 survivors (2048K)
 Metaspace       used 65905K, capacity 67461K, committed 67532K, reserved 1107968K
  class space    used 8323K, capacity 8893K, committed 8960K, reserved 1048576K
}
Event: 10.387 GC heap after
{Heap after GC invocations=15 (full 0):
 garbage-first heap   total 189440K, used 51890K [0x0000000080000000, 0x0000000100000000)
  region size 1024K, 8 young (8192K), 8 survivors (8192K)
 Metaspace       used 65905K, capacity 67461K, committed 67532K, reserved 1107968K
  class space    used 8323K, capacity 8893K, committed 8960K, reserved 1048576K
}

Deoptimization events (20 events):
Event: 10.403 Thread 0x000002a1ea423000 Uncommon trap: trap_request=0xffffff4d fr.pc=0x000002a1d8bb776c relative=0x00000000000000cc
Event: 10.403 Thread 0x000002a1ea423000 Uncommon trap: reason=unstable_if action=reinterpret pc=0x000002a1d8bb776c method=java.lang.String.getBytes([BIB)V @ 5 c2
Event: 10.403 Thread 0x000002a1ea423000 DEOPT PACKING pc=0x000002a1d8bb776c sp=0x000000aa2fff6500
Event: 10.403 Thread 0x000002a1ea423000 DEOPT UNPACKING pc=0x000002a1d110a1af sp=0x000000aa2fff64c8 mode 2
Event: 10.551 Thread 0x000002a1ea423000 Uncommon trap: trap_request=0xffffff4d fr.pc=0x000002a1d8d2df80 relative=0x0000000000000340
Event: 10.551 Thread 0x000002a1ea423000 Uncommon trap: reason=unstable_if action=reinterpret pc=0x000002a1d8d2df80 method=java.util.StringJoiner.add(Ljava/lang/CharSequence;)Ljava/util/StringJoiner; @ 33 c2
Event: 10.551 Thread 0x000002a1ea423000 DEOPT PACKING pc=0x000002a1d8d2df80 sp=0x000000aa2fff5890
Event: 10.551 Thread 0x000002a1ea423000 DEOPT UNPACKING pc=0x000002a1d110a1af sp=0x000000aa2fff5840 mode 2
Event: 10.675 Thread 0x000002a1ea423000 Uncommon trap: trap_request=0xfffffff4 fr.pc=0x000002a1d8f3f2e8 relative=0x00000000000009c8
Event: 10.675 Thread 0x000002a1ea423000 Uncommon trap: reason=null_check action=make_not_entrant pc=0x000002a1d8f3f2e8 method=com.sun.beans.introspect.MethodInfo$MethodOrder.compare(Ljava/lang/reflect/Method;Ljava/lang/reflect/Method;)I @ 133 c2
Event: 10.675 Thread 0x000002a1ea423000 DEOPT PACKING pc=0x000002a1d8f3f2e8 sp=0x000000aa2fff3830
Event: 10.675 Thread 0x000002a1ea423000 DEOPT UNPACKING pc=0x000002a1d110a1af sp=0x000000aa2fff3760 mode 2
Event: 10.751 Thread 0x000002a1ea423000 Uncommon trap: trap_request=0xffffff4d fr.pc=0x000002a1d8d54660 relative=0x0000000000000f60
Event: 10.751 Thread 0x000002a1ea423000 Uncommon trap: reason=unstable_if action=reinterpret pc=0x000002a1d8d54660 method=org.codehaus.groovy.runtime.metaclass.MetaMethodIndex.isOverridden(Lgroovy/lang/MetaMethod;Lgroovy/lang/MetaMethod;)Z @ 33 c2
Event: 10.751 Thread 0x000002a1ea423000 DEOPT PACKING pc=0x000002a1d8d54660 sp=0x000000aa2fff4760
Event: 10.751 Thread 0x000002a1ea423000 DEOPT UNPACKING pc=0x000002a1d110a1af sp=0x000000aa2fff46b8 mode 2
Event: 11.479 Thread 0x000002a1ea423000 DEOPT PACKING pc=0x000002a1d1f623d5 sp=0x000000aa2fff8240
Event: 11.479 Thread 0x000002a1ea423000 DEOPT UNPACKING pc=0x000002a1d110a95e sp=0x000000aa2fff7760 mode 0
Event: 11.517 Thread 0x000002a1ea423000 DEOPT PACKING pc=0x000002a1d1f623f6 sp=0x000000aa2fff8340
Event: 11.517 Thread 0x000002a1ea423000 DEOPT UNPACKING pc=0x000002a1d110a95e sp=0x000000aa2fff7860 mode 0

Classes redefined (0 events):
No events

Internal exceptions (20 events):
Event: 10.762 Thread 0x000002a1ea423000 Exception <a 'java/lang/ClassNotFoundException'{0x00000000899529c8}: com/android/builder/core/AbstractBuildTypeCustomizer> (0x00000000899529c8) thrown at [./src/hotspot/share/classfile/systemDictionary.cpp, line 231]
Event: 10.763 Thread 0x000002a1ea423000 Exception <a 'java/lang/ClassNotFoundException'{0x0000000089987f88}: com/android/build/gradle/internal/dsl/BuildTypeCustomizer> (0x0000000089987f88) thrown at [./src/hotspot/share/classfile/systemDictionary.cpp, line 231]
Event: 10.766 Thread 0x000002a1ea423000 Exception <a 'java/lang/ClassNotFoundException'{0x000000008981dca0}: com/android/build/gradle/internal/dsl/BuildType$AgpDecoratedCustomizer> (0x000000008981dca0) thrown at [./src/hotspot/share/classfile/systemDictionary.cpp, line 231]
Event: 10.769 Thread 0x000002a1ea423000 Exception <a 'java/lang/ClassNotFoundException'{0x000000008986dc18}: com/android/build/gradle/internal/dsl/BuildType$AgpDecorated_DecoratedCustomizer> (0x000000008986dc18) thrown at [./src/hotspot/share/classfile/systemDictionary.cpp, line 231]
Event: 10.781 Thread 0x000002a1ea423000 Exception <a 'java/lang/ClassNotFoundException'{0x000000008973c608}: build_4i6mhfnw3imh78p2sjr7g8qjk$_run_closure1$_closure4BeanInfo> (0x000000008973c608) thrown at [./src/hotspot/share/classfile/systemDictionary.cpp, line 231]
Event: 10.781 Thread 0x000002a1ea423000 Exception <a 'java/lang/ClassNotFoundException'{0x000000008974d0c0}: build_4i6mhfnw3imh78p2sjr7g8qjk$_run_closure1$_closure4Customizer> (0x000000008974d0c0) thrown at [./src/hotspot/share/classfile/systemDictionary.cpp, line 231]
Event: 10.783 Thread 0x000002a1ea423000 Exception <a 'java/lang/ClassNotFoundException'{0x00000000897760a0}: build_4i6mhfnw3imh78p2sjr7g8qjk$_run_closure1BeanInfo> (0x00000000897760a0) thrown at [./src/hotspot/share/classfile/systemDictionary.cpp, line 231]
Event: 10.783 Thread 0x000002a1ea423000 Exception <a 'java/lang/ClassNotFoundException'{0x0000000089786330}: build_4i6mhfnw3imh78p2sjr7g8qjk$_run_closure1Customizer> (0x0000000089786330) thrown at [./src/hotspot/share/classfile/systemDictionary.cpp, line 231]
Event: 10.797 Thread 0x000002a1ea423000 Exception <a 'java/lang/ClassNotFoundException'{0x00000000897e1a10}: org/gradle/api/JavaVersionBeanInfo> (0x00000000897e1a10) thrown at [./src/hotspot/share/classfile/systemDictionary.cpp, line 231]
Event: 10.798 Thread 0x000002a1ea423000 Exception <a 'java/lang/ClassNotFoundException'{0x000000008960a718}: org/gradle/api/JavaVersionCustomizer> (0x000000008960a718) thrown at [./src/hotspot/share/classfile/systemDictionary.cpp, line 231]
Event: 10.802 Thread 0x000002a1ea423000 Exception <a 'java/lang/ClassNotFoundException'{0x0000000089670468}: com/android/build/gradle/internal/CompileOptions$AgpDecorated_DecoratedBeanInfo> (0x0000000089670468) thrown at [./src/hotspot/share/classfile/systemDictionary.cpp, line 231]
Event: 10.802 Thread 0x000002a1ea423000 Exception <a 'java/lang/ClassNotFoundException'{0x000000008968ae08}: com/android/build/gradle/internal/CompileOptions$AgpDecoratedBeanInfo> (0x000000008968ae08) thrown at [./src/hotspot/share/classfile/systemDictionary.cpp, line 231]
Event: 10.803 Thread 0x000002a1ea423000 Exception <a 'java/lang/ClassNotFoundException'{0x00000000896a36f8}: com/android/build/gradle/internal/CompileOptionsBeanInfo> (0x00000000896a36f8) thrown at [./src/hotspot/share/classfile/systemDictionary.cpp, line 231]
Event: 10.803 Thread 0x000002a1ea423000 Exception <a 'java/lang/ClassNotFoundException'{0x00000000896bc5d8}: com/android/build/gradle/internal/CompileOptionsCustomizer> (0x00000000896bc5d8) thrown at [./src/hotspot/share/classfile/systemDictionary.cpp, line 231]
Event: 10.804 Thread 0x000002a1ea423000 Exception <a 'java/lang/ClassNotFoundException'{0x00000000896e29d0}: com/android/build/gradle/internal/CompileOptions$AgpDecoratedCustomizer> (0x00000000896e29d0) thrown at [./src/hotspot/share/classfile/systemDictionary.cpp, line 231]
Event: 10.806 Thread 0x000002a1ea423000 Exception <a 'java/lang/ClassNotFoundException'{0x000000008950c820}: com/android/build/gradle/internal/CompileOptions$AgpDecorated_DecoratedCustomizer> (0x000000008950c820) thrown at [./src/hotspot/share/classfile/systemDictionary.cpp, line 231]
Event: 10.811 Thread 0x000002a1ea423000 Exception <a 'java/lang/ClassNotFoundException'{0x00000000895c7f30}: org/gradle/api/internal/artifacts/dsl/dependencies/DefaultDependencyHandler_DecoratedBeanInfo> (0x00000000895c7f30) thrown at [./src/hotspot/share/classfile/systemDictionary.cpp, line 231]
Event: 10.812 Thread 0x000002a1ea423000 Exception <a 'java/lang/ClassNotFoundException'{0x000000008940e298}: org/gradle/api/internal/artifacts/dsl/dependencies/DefaultDependencyHandlerBeanInfo> (0x000000008940e298) thrown at [./src/hotspot/share/classfile/systemDictionary.cpp, line 231]
Event: 10.815 Thread 0x000002a1ea423000 Exception <a 'java/lang/ClassNotFoundException'{0x0000000089453af8}: org/gradle/api/internal/artifacts/dsl/dependencies/DefaultDependencyHandlerCustomizer> (0x0000000089453af8) thrown at [./src/hotspot/share/classfile/systemDictionary.cpp, line 231]
Event: 10.818 Thread 0x000002a1ea423000 Exception <a 'java/lang/ClassNotFoundException'{0x00000000894c08c0}: org/gradle/api/internal/artifacts/dsl/dependencies/DefaultDependencyHandler_DecoratedCustomizer> (0x00000000894c08c0) thrown at [./src/hotspot/share/classfile/systemDictionary.cpp, line 231]

Events (20 events):
Event: 11.549 loading class com/android/build/gradle/internal/tasks/OptimizeResourcesTask
Event: 11.549 loading class com/android/build/gradle/internal/tasks/OptimizeResourcesTask done
Event: 11.550 loading class com/android/build/gradle/internal/tasks/OptimizeResourcesTask$CreateAction$handleProvider$operationRequest$1
Event: 11.550 loading class com/android/build/gradle/internal/tasks/OptimizeResourcesTask$CreateAction$handleProvider$operationRequest$1 done
Event: 11.550 loading class com/android/build/gradle/internal/tasks/OptimizeResourcesTask$CreateAction$handleProvider$operationRequest$2
Event: 11.550 loading class com/android/build/gradle/internal/tasks/OptimizeResourcesTask$CreateAction$handleProvider$operationRequest$2 done
Event: 11.557 loading class com/android/build/gradle/internal/scope/InternalMultipleArtifactType$EXTERNAL_LIBS_DEX
Event: 11.557 loading class com/android/build/gradle/internal/scope/InternalMultipleArtifactType$EXTERNAL_LIBS_DEX done
Event: 11.575 loading class com/android/build/gradle/internal/tasks/PerModuleReportDependenciesTask$CreationAction
Event: 11.575 loading class com/android/build/gradle/internal/tasks/PerModuleReportDependenciesTask$CreationAction done
Event: 11.578 loading class com/android/build/gradle/internal/tasks/PerModuleReportDependenciesTask$CreationAction$Companion
Event: 11.578 loading class com/android/build/gradle/internal/tasks/PerModuleReportDependenciesTask$CreationAction$Companion done
Event: 11.579 loading class com/android/build/gradle/internal/tasks/PerModuleReportDependenciesTask
Event: 11.579 loading class com/android/build/gradle/internal/tasks/PerModuleReportDependenciesTask done
Event: 11.580 loading class com/android/build/gradle/internal/tasks/PerModuleReportDependenciesTask$CreationAction$handleProvider$1
Event: 11.580 loading class com/android/build/gradle/internal/tasks/PerModuleReportDependenciesTask$CreationAction$handleProvider$1 done
Event: 11.582 loading class com/android/build/gradle/internal/tasks/BundleReportDependenciesTask$CreationAction
Event: 11.582 loading class com/android/build/gradle/internal/tasks/BundleReportDependenciesTask$CreationAction done
Event: 11.583 loading class com/android/build/gradle/internal/tasks/BundleReportDependenciesTask
Event: 11.583 loading class com/android/build/gradle/internal/tasks/BundleReportDependenciesTask done


Dynamic libraries:
0x00007ff6665e0000 - 0x00007ff6665ea000 	C:\Program Files\Android\Android Studio\jre\bin\java.exe
0x00007ffcb08e0000 - 0x00007ffcb0ae9000 	C:\Windows\SYSTEM32\ntdll.dll
0x00007ffcaf050000 - 0x00007ffcaf10d000 	C:\Windows\System32\KERNEL32.DLL
0x00007ffcae010000 - 0x00007ffcae384000 	C:\Windows\System32\KERNELBASE.dll
0x00007ffcae530000 - 0x00007ffcae641000 	C:\Windows\System32\ucrtbase.dll
0x00007ffc9cdb0000 - 0x00007ffc9cdc7000 	C:\Program Files\Android\Android Studio\jre\bin\VCRUNTIME140.dll
0x00007ffc9cd90000 - 0x00007ffc9cda9000 	C:\Program Files\Android\Android Studio\jre\bin\jli.dll
0x00007ffcaf860000 - 0x00007ffcafa0c000 	C:\Windows\System32\USER32.dll
0x00007ffcaddd0000 - 0x00007ffcaddf6000 	C:\Windows\System32\win32u.dll
0x00007ffc87be0000 - 0x00007ffc87e85000 	C:\Windows\WinSxS\amd64_microsoft.windows.common-controls_6595b64144ccf1df_6.0.22000.120_none_9d947278b86cc467\COMCTL32.dll
0x00007ffcaf300000 - 0x00007ffcaf329000 	C:\Windows\System32\GDI32.dll
0x00007ffcaefa0000 - 0x00007ffcaf043000 	C:\Windows\System32\msvcrt.dll
0x00007ffcae390000 - 0x00007ffcae4a2000 	C:\Windows\System32\gdi32full.dll
0x00007ffcade00000 - 0x00007ffcade9d000 	C:\Windows\System32\msvcp_win.dll
0x00007ffcaf2c0000 - 0x00007ffcaf2f1000 	C:\Windows\System32\IMM32.DLL
0x00007ffc9ccf0000 - 0x00007ffc9cd8d000 	C:\Program Files\Android\Android Studio\jre\bin\msvcp140.dll
0x00007ffc50c80000 - 0x00007ffc51765000 	C:\Program Files\Android\Android Studio\jre\bin\server\jvm.dll
0x00007ffcaf570000 - 0x00007ffcaf61e000 	C:\Windows\System32\ADVAPI32.dll
0x00007ffcaeb80000 - 0x00007ffcaec1e000 	C:\Windows\System32\sechost.dll
0x00007ffcaf680000 - 0x00007ffcaf7a0000 	C:\Windows\System32\RPCRT4.dll
0x00007ffcaf850000 - 0x00007ffcaf858000 	C:\Windows\System32\PSAPI.DLL
0x00007ffc9b870000 - 0x00007ffc9b87a000 	C:\Windows\SYSTEM32\VERSION.dll
0x00007ffca37f0000 - 0x00007ffca3823000 	C:\Windows\SYSTEM32\WINMM.dll
0x00007ffca4220000 - 0x00007ffca4229000 	C:\Windows\SYSTEM32\WSOCK32.dll
0x00007ffcaf340000 - 0x00007ffcaf3af000 	C:\Windows\System32\WS2_32.dll
0x00007ffcac8b0000 - 0x00007ffcac8c8000 	C:\Windows\SYSTEM32\kernel.appcore.dll
0x00007ffca33d0000 - 0x00007ffca33e1000 	C:\Program Files\Android\Android Studio\jre\bin\verify.dll
0x00007ffca6e50000 - 0x00007ffca7071000 	C:\Windows\SYSTEM32\DBGHELP.DLL
0x00007ffc99980000 - 0x00007ffc999b1000 	C:\Windows\SYSTEM32\dbgcore.DLL
0x00007ffcae4b0000 - 0x00007ffcae52f000 	C:\Windows\System32\bcryptPrimitives.dll
0x00007ffc7cab0000 - 0x00007ffc7cad9000 	C:\Program Files\Android\Android Studio\jre\bin\java.dll
0x00007ffca4210000 - 0x00007ffca421b000 	C:\Program Files\Android\Android Studio\jre\bin\jimage.dll
0x00007ffc7faf0000 - 0x00007ffc7fb08000 	C:\Program Files\Android\Android Studio\jre\bin\zip.dll
0x00007ffcb00e0000 - 0x00007ffcb088e000 	C:\Windows\System32\SHELL32.dll
0x00007ffcac040000 - 0x00007ffcac8a7000 	C:\Windows\SYSTEM32\windows.storage.dll
0x00007ffcaec20000 - 0x00007ffcaef98000 	C:\Windows\System32\combase.dll
0x00007ffcabed0000 - 0x00007ffcac036000 	C:\Windows\SYSTEM32\wintypes.dll
0x00007ffcafa30000 - 0x00007ffcafb1a000 	C:\Windows\System32\SHCORE.dll
0x00007ffcb0080000 - 0x00007ffcb00dd000 	C:\Windows\System32\shlwapi.dll
0x00007ffcadd00000 - 0x00007ffcadd21000 	C:\Windows\SYSTEM32\profapi.dll
0x00007ffc7ad60000 - 0x00007ffc7ad7a000 	C:\Program Files\Android\Android Studio\jre\bin\net.dll
0x00007ffca1b40000 - 0x00007ffca1c4c000 	C:\Windows\SYSTEM32\WINHTTP.dll
0x00007ffcad3f0000 - 0x00007ffcad457000 	C:\Windows\system32\mswsock.dll
0x00007ffc76900000 - 0x00007ffc76914000 	C:\Program Files\Android\Android Studio\jre\bin\nio.dll
0x00007ffc80ee0000 - 0x00007ffc80f07000 	C:\Users\Admin\.gradle\native\e1d6ef7f7dcc3fd88c89a11ec53ec762bb8ba0a96d01ffa2cd45eb1d1d8dd5c5\windows-amd64\native-platform.dll
0x00007ffc803b0000 - 0x00007ffc804f4000 	C:\Users\Admin\.gradle\native\5664cfc778a61ccfe75a443a1ab52a65af34e5dc3c78e0209fed803814484fcb\windows-amd64\native-platform-file-events.dll
0x00007ffc85c50000 - 0x00007ffc85c5a000 	C:\Program Files\Android\Android Studio\jre\bin\management.dll
0x00007ffc82c00000 - 0x00007ffc82c0d000 	C:\Program Files\Android\Android Studio\jre\bin\management_ext.dll
0x00007ffcad630000 - 0x00007ffcad648000 	C:\Windows\SYSTEM32\CRYPTSP.dll
0x00007ffcacf50000 - 0x00007ffcacf85000 	C:\Windows\system32\rsaenh.dll
0x00007ffcad4e0000 - 0x00007ffcad509000 	C:\Windows\SYSTEM32\USERENV.dll
0x00007ffcad7b0000 - 0x00007ffcad7d7000 	C:\Windows\SYSTEM32\bcrypt.dll
0x00007ffcad650000 - 0x00007ffcad65c000 	C:\Windows\SYSTEM32\CRYPTBASE.dll
0x00007ffcacb20000 - 0x00007ffcacb4d000 	C:\Windows\SYSTEM32\IPHLPAPI.DLL
0x00007ffcaf330000 - 0x00007ffcaf339000 	C:\Windows\System32\NSI.dll
0x00007ffca1a80000 - 0x00007ffca1a99000 	C:\Windows\SYSTEM32\dhcpcsvc6.DLL
0x00007ffca37b0000 - 0x00007ffca37ce000 	C:\Windows\SYSTEM32\dhcpcsvc.DLL
0x00007ffcacb50000 - 0x00007ffcacc37000 	C:\Windows\SYSTEM32\DNSAPI.dll

dbghelp: loaded successfully - version: 4.0.5 - missing functions: none
symbol engine: initialized successfully - sym options: 0x614 - pdb path: .;C:\Program Files\Android\Android Studio\jre\bin;C:\Windows\SYSTEM32;C:\Windows\WinSxS\amd64_microsoft.windows.common-controls_6595b64144ccf1df_6.0.22000.120_none_9d947278b86cc467;C:\Program Files\Android\Android Studio\jre\bin\server;C:\Users\Admin\.gradle\native\e1d6ef7f7dcc3fd88c89a11ec53ec762bb8ba0a96d01ffa2cd45eb1d1d8dd5c5\windows-amd64;C:\Users\Admin\.gradle\native\5664cfc778a61ccfe75a443a1ab52a65af34e5dc3c78e0209fed803814484fcb\windows-amd64

VM Arguments:
jvm_args: --add-opens=java.base/java.util=ALL-UNNAMED --add-opens=java.base/java.lang=ALL-UNNAMED --add-opens=java.base/java.lang.invoke=ALL-UNNAMED --add-opens=java.base/java.util=ALL-UNNAMED --add-opens=java.prefs/java.util.prefs=ALL-UNNAMED --add-opens=java.prefs/java.util.prefs=ALL-UNNAMED --add-opens=java.base/java.nio.charset=ALL-UNNAMED --add-opens=java.base/java.net=ALL-UNNAMED --add-opens=java.base/java.util.concurrent.atomic=ALL-UNNAMED -Xmx2048m -Dfile.encoding=UTF-8 -Duser.country=US -Duser.language=en -Duser.variant 
java_command: org.gradle.launcher.daemon.bootstrap.GradleDaemon 7.3.3
java_class_path (initial): C:\Users\Admin\.gradle\wrapper\dists\gradle-7.3.3-bin\6a41zxkdtcxs8rphpq6y0069z\gradle-7.3.3\lib\gradle-launcher-7.3.3.jar
Launcher Type: SUN_STANDARD

[Global flags]
     intx CICompilerCount                          = 3                                         {product} {ergonomic}
     uint ConcGCThreads                            = 1                                         {product} {ergonomic}
     uint G1ConcRefinementThreads                  = 4                                         {product} {ergonomic}
   size_t G1HeapRegionSize                         = 1048576                                   {product} {ergonomic}
    uintx GCDrainStackTargetSize                   = 64                                        {product} {ergonomic}
   size_t InitialHeapSize                          = 134217728                                 {product} {ergonomic}
   size_t MarkStackSize                            = 4194304                                   {product} {ergonomic}
   size_t MaxHeapSize                              = 2147483648                                {product} {command line}
   size_t MaxNewSize                               = 1287651328                                {product} {ergonomic}
   size_t MinHeapDeltaBytes                        = 1048576                                   {product} {ergonomic}
    uintx NonNMethodCodeHeapSize                   = 5830732                                {pd product} {ergonomic}
    uintx NonProfiledCodeHeapSize                  = 122913754                              {pd product} {ergonomic}
    uintx ProfiledCodeHeapSize                     = 122913754                              {pd product} {ergonomic}
    uintx ReservedCodeCacheSize                    = 251658240                              {pd product} {ergonomic}
     bool SegmentedCodeCache                       = true                                      {product} {ergonomic}
     bool UseCompressedClassPointers               = true                                 {lp64_product} {ergonomic}
     bool UseCompressedOops                        = true                                 {lp64_product} {ergonomic}
     bool UseG1GC                                  = true                                      {product} {ergonomic}
     bool UseLargePagesIndividualAllocation        = false                                  {pd product} {ergonomic}

Logging:
Log output configuration:
 #0: stdout all=warning uptime,level,tags
 #1: stderr all=off uptime,level,tags

Environment Variables:
PATH=C:\Program Files\Common Files\Oracle\Java\javapath;C:\Program Files (x86)\Common Files\Oracle\Java\javapath;C:\Windows\system32;C:\Windows;C:\Windows\System32\Wbem;C:\Windows\System32\WindowsPowerShell\v1.0\;C:\Windows\System32\OpenSSH\;C:\Program Files (x86)\Intel\Intel(R) Management Engine Components\DAL;C:\Program Files\Intel\Intel(R) Management Engine Components\DAL;C:\Program Files\Git\cmd;C:\Users\Admin\AppData\Local\Microsoft\WindowsApps;C:\Users\Admin\AppData\Local\Programs\Microsoft VS Code\bin;C:\Users\Admin\AppData\Local\atom\bin;C:\Users\Admin\AppData\Local\GitHubDesktop\bin
USERNAME=Admin
OS=Windows_NT
PROCESSOR_IDENTIFIER=Intel64 Family 6 Model 78 Stepping 3, GenuineIntel



---------------  S Y S T E M  ---------------

OS: Windows 10 , 64 bit Build 22000 (10.0.22000.434)
OS uptime: 0 days 0:25 hours

CPU:total 4 (initial active 4) (2 cores per cpu, 2 threads per core) family 6 model 78 stepping 3 microcode 0xd6, cmov, cx8, fxsr, mmx, sse, sse2, sse3, ssse3, sse4.1, sse4.2, popcnt, avx, avx2, aes, clmul, erms, rtm, 3dnowpref, lzcnt, ht, tsc, tscinvbit, bmi1, bmi2, adx, fma

Memory: 4k page, system-wide physical 8072M (952M free)
TotalPageFile size 8072M (AvailPageFile size 0M)
current process WorkingSet (physical memory assigned to process): 373M, peak: 381M
current process commit charge ("private bytes"): 421M, peak: 430M

vm_info: OpenJDK 64-Bit Server VM (11.0.12+7-b1504.28-7817840) for windows-amd64 JRE (11.0.12+7-b1504.28-7817840), built on Oct 13 2021 22:12:33 by "builder" with MS VC++ 14.0 (VS2015)

END.
