#
# There is insufficient memory for the Java Runtime Environment to continue.
# Native memory allocation (malloc) failed to allocate 225936 bytes for Chunk::new
# Possible reasons:
#   The system is out of physical RAM or swap space
#   The process is running with CompressedOops enabled, and the Java Heap may be blocking the growth of the native heap
# Possible solutions:
#   Reduce memory load on the system
#   Increase physical memory or swap space
#   Check if swap backing store is full
#   Decrease Java heap size (-Xmx/-Xms)
#   Decrease number of Java threads
#   Decrease Java thread stack sizes (-Xss)
#   Set larger code cache with -XX:ReservedCodeCacheSize=
#   JVM is running with Unscaled Compressed Oops mode in which the Java heap is
#     placed in the first 4GB address space. The Java Heap base address is the
#     maximum limit for the native heap growth. Please use -XX:HeapBaseMinAddress
#     to set the Java Heap base and to place the Java Heap above 4GB virtual address.
# This output file may be truncated or incomplete.
#
#  Out of Memory Error (./src/hotspot/share/memory/arena.cpp:197), pid=2924, tid=9600
#
# JRE version: OpenJDK Runtime Environment (11.0.12+7) (build 11.0.12+7-b1504.28-7817840)
# Java VM: OpenJDK 64-Bit Server VM (11.0.12+7-b1504.28-7817840, mixed mode, tiered, compressed oops, g1 gc, windows-amd64)
# No core dump will be written. Minidumps are not enabled by default on client versions of Windows
#

---------------  S U M M A R Y ------------

Command Line: --add-opens=java.base/java.util=ALL-UNNAMED --add-opens=java.base/java.lang=ALL-UNNAMED --add-opens=java.base/java.lang.invoke=ALL-UNNAMED --add-opens=java.base/java.util=ALL-UNNAMED --add-opens=java.prefs/java.util.prefs=ALL-UNNAMED --add-opens=java.prefs/java.util.prefs=ALL-UNNAMED --add-opens=java.base/java.nio.charset=ALL-UNNAMED --add-opens=java.base/java.net=ALL-UNNAMED --add-opens=java.base/java.util.concurrent.atomic=ALL-UNNAMED -Xmx2048m -Dfile.encoding=UTF-8 -Duser.country=US -Duser.language=en -Duser.variant org.gradle.launcher.daemon.bootstrap.GradleDaemon 7.3.3

Host: Intel(R) Core(TM) i7-6600U CPU @ 2.60GHz, 4 cores, 7G,  Windows 10 , 64 bit Build 22000 (10.0.22000.434)
Time: Mon Aug  8 01:03:33 2022 Egypt Standard Time elapsed time: 2679.232350 seconds (0d 0h 44m 39s)

---------------  T H R E A D  ---------------

Current thread (0x000001a233629800):  JavaThread "C2 CompilerThread1" daemon [_thread_in_native, id=9600, stack(0x000000502ce00000,0x000000502cf00000)]


Current CompileTask:
C2:2679232 12909       4       com.sun.tools.javac.util.UnsharedNameTable::fromUtf (232 bytes)

Stack: [0x000000502ce00000,0x000000502cf00000]
Native frames: (J=compiled Java code, j=interpreted, Vv=VM code, C=native code)
V  [jvm.dll+0x5fbcea]
V  [jvm.dll+0x731905]
V  [jvm.dll+0x732f1d]
V  [jvm.dll+0x7335d3]
V  [jvm.dll+0x247bf8]
V  [jvm.dll+0xc018c]
V  [jvm.dll+0xc06cc]
V  [jvm.dll+0x2bcc04]
V  [jvm.dll+0x5113a8]
V  [jvm.dll+0x208303]
V  [jvm.dll+0x201fe0]
V  [jvm.dll+0x1ff71f]
V  [jvm.dll+0x18868c]
V  [jvm.dll+0x20e0d7]
V  [jvm.dll+0x20c901]
V  [jvm.dll+0x6f9b7f]
V  [jvm.dll+0x6f26a5]
V  [jvm.dll+0x5fabf6]
C  [ucrtbase.dll+0x26c0c]
C  [KERNEL32.DLL+0x154e0]
C  [ntdll.dll+0x485b]


---------------  P R O C E S S  ---------------

Threads class SMR info:
_java_thread_list=0x000001a226a34df0, length=92, elements={
0x000001a20c16e000, 0x000001a225d60800, 0x000001a225d63000, 0x000001a2266f2800,
0x000001a225d80800, 0x000001a225d83800, 0x000001a225d84800, 0x000001a225d85800,
0x000001a22672c000, 0x000001a22682b800, 0x000001a229b48800, 0x000001a226938000,
0x000001a2280fe800, 0x000001a227ef4800, 0x000001a227ef1000, 0x000001a227ef2000,
0x000001a227ef5000, 0x000001a227ef6000, 0x000001a229c42800, 0x000001a229c3d800,
0x000001a229c44000, 0x000001a229c3f800, 0x000001a229c41800, 0x000001a22a23f800,
0x000001a22a243000, 0x000001a22a244000, 0x000001a22a238800, 0x000001a22a23a000,
0x000001a22a23b000, 0x000001a22a23f000, 0x000001a22a23e000, 0x000001a22a23c800,
0x000001a22a239000, 0x000001a22a240800, 0x000001a22a23b800, 0x000001a22a241800,
0x000001a22a23d800, 0x000001a22a247000, 0x000001a22a244800, 0x000001a22a246000,
0x000001a22a245800, 0x000001a229c3e800, 0x000001a229c46000, 0x000001a229c40000,
0x000001a229c46800, 0x000001a229c41000, 0x000001a229c4b800, 0x000001a229c48800,
0x000001a229c4a000, 0x000001a229c49000, 0x000001a229c47800, 0x000001a229c4a800,
0x000001a229c4c800, 0x000001a227ef3000, 0x000001a227ef0800, 0x000001a227ef3800,
0x000001a227ef7000, 0x000001a229316800, 0x000001a229316000, 0x000001a229317800,
0x000001a229318800, 0x000001a229319000, 0x000001a22931a000, 0x000001a229314800,
0x000001a229315000, 0x000001a22931c800, 0x000001a22931f800, 0x000001a22931d800,
0x000001a229320800, 0x000001a22931b000, 0x000001a22931e000, 0x000001a22931f000,
0x000001a229321800, 0x000001a22931b800, 0x000001a229322000, 0x000001a229323000,
0x000001a22899f800, 0x000001a2289a4000, 0x000001a22899f000, 0x000001a2289a4800,
0x000001a2289a5800, 0x000001a2289a1800, 0x000001a2289a3000, 0x000001a2289a6000,
0x000001a2289a0800, 0x000001a2289a7000, 0x000001a2289a2000, 0x000001a2289a9800,
0x000001a2289aa800, 0x000001a2289a8800, 0x000001a2289ab000, 0x000001a233629800
}

Java Threads: ( => current thread )
  0x000001a20c16e000 JavaThread "main" [_thread_blocked, id=3488, stack(0x000000502b100000,0x000000502b200000)]
  0x000001a225d60800 JavaThread "Reference Handler" daemon [_thread_blocked, id=7092, stack(0x000000502b900000,0x000000502ba00000)]
  0x000001a225d63000 JavaThread "Finalizer" daemon [_thread_blocked, id=4412, stack(0x000000502ba00000,0x000000502bb00000)]
  0x000001a2266f2800 JavaThread "Signal Dispatcher" daemon [_thread_blocked, id=9760, stack(0x000000502bb00000,0x000000502bc00000)]
  0x000001a225d80800 JavaThread "Attach Listener" daemon [_thread_blocked, id=9400, stack(0x000000502bc00000,0x000000502bd00000)]
  0x000001a225d83800 JavaThread "Service Thread" daemon [_thread_blocked, id=1836, stack(0x000000502bd00000,0x000000502be00000)]
  0x000001a225d84800 JavaThread "C2 CompilerThread0" daemon [_thread_blocked, id=8456, stack(0x000000502be00000,0x000000502bf00000)]
  0x000001a225d85800 JavaThread "C1 CompilerThread0" daemon [_thread_blocked, id=2968, stack(0x000000502bf00000,0x000000502c000000)]
  0x000001a22672c000 JavaThread "Sweeper thread" daemon [_thread_blocked, id=4504, stack(0x000000502c000000,0x000000502c100000)]
  0x000001a22682b800 JavaThread "Common-Cleaner" daemon [_thread_blocked, id=5616, stack(0x000000502c100000,0x000000502c200000)]
  0x000001a229b48800 JavaThread "Daemon health stats" [_thread_blocked, id=3784, stack(0x000000502c600000,0x000000502c700000)]
  0x000001a226938000 JavaThread "Incoming local TCP Connector on port 52086" [_thread_in_native, id=5576, stack(0x000000502c300000,0x000000502c400000)]
  0x000001a2280fe800 JavaThread "Daemon periodic checks" [_thread_blocked, id=9624, stack(0x000000502c700000,0x000000502c800000)]
  0x000001a227ef4800 JavaThread "Cache worker for journal cache (C:\Users\Admin\.gradle\caches\journal-1)" [_thread_blocked, id=5348, stack(0x000000502d000000,0x000000502d100000)]
  0x000001a227ef1000 JavaThread "File lock request listener" [_thread_in_native, id=10188, stack(0x000000502d100000,0x000000502d200000)]
  0x000001a227ef2000 JavaThread "Cache worker for file hash cache (C:\Users\Admin\.gradle\caches\7.3.3\fileHashes)" [_thread_blocked, id=2148, stack(0x000000502d200000,0x000000502d300000)]
  0x000001a227ef5000 JavaThread "File watcher server" daemon [_thread_in_native, id=5876, stack(0x000000502d400000,0x000000502d500000)]
  0x000001a227ef6000 JavaThread "File watcher consumer" daemon [_thread_blocked, id=888, stack(0x000000502d500000,0x000000502d600000)]
  0x000001a229c42800 JavaThread "Cache worker for execution history cache (C:\Users\Admin\.gradle\caches\7.3.3\executionHistory)" [_thread_blocked, id=8104, stack(0x000000502d900000,0x000000502da00000)]
  0x000001a229c3d800 JavaThread "jar transforms" [_thread_blocked, id=5060, stack(0x000000502db00000,0x000000502dc00000)]
  0x000001a229c44000 JavaThread "Cache worker for file content cache (C:\Users\Admin\.gradle\caches\7.3.3\fileContent)" [_thread_blocked, id=3848, stack(0x000000502dc00000,0x000000502dd00000)]
  0x000001a229c3f800 JavaThread "jar transforms Thread 2" [_thread_blocked, id=10100, stack(0x000000502dd00000,0x000000502de00000)]
  0x000001a229c41800 JavaThread "jar transforms Thread 3" [_thread_blocked, id=7464, stack(0x000000502df00000,0x000000502e000000)]
  0x000001a22a23f800 JavaThread "jar transforms Thread 4" [_thread_blocked, id=9164, stack(0x0000005030900000,0x0000005030a00000)]
  0x000001a22a243000 JavaThread "Memory manager" [_thread_blocked, id=5552, stack(0x0000005030a00000,0x0000005030b00000)]
  0x000001a22a244000 JavaThread "pool-3-thread-1" [_thread_blocked, id=9304, stack(0x0000005030c00000,0x0000005030d00000)]
  0x000001a22a238800 JavaThread "Daemon Thread 2" [_thread_blocked, id=7028, stack(0x000000502b000000,0x000000502b100000)]
  0x000001a22a23a000 JavaThread "Handler for socket connection from /127.0.0.1:52086 to /127.0.0.1:56179" [_thread_in_native, id=1932, stack(0x000000502b200000,0x000000502b300000)]
  0x000001a22a23b000 JavaThread "Cancel handler" [_thread_blocked, id=10028, stack(0x000000502c800000,0x000000502c900000)]
  0x000001a22a23f000 JavaThread "Daemon worker Thread 2" [_thread_blocked, id=4072, stack(0x000000502c900000,0x000000502ca00000)]
  0x000001a22a23e000 JavaThread "Asynchronous log dispatcher for DefaultDaemonConnection: socket connection from /127.0.0.1:52086 to /127.0.0.1:56179" [_thread_blocked, id=7448, stack(0x000000502ca00000,0x000000502cb00000)]
  0x000001a22a23c800 JavaThread "Stdin handler" [_thread_blocked, id=8480, stack(0x000000502cb00000,0x000000502cc00000)]
  0x000001a22a239000 JavaThread "Daemon client event forwarder" [_thread_blocked, id=1796, stack(0x000000502cc00000,0x000000502cd00000)]
  0x000001a22a240800 JavaThread "Cache worker for file hash cache (C:\Users\Admin\Desktop\jana\MyApplication2\.gradle\7.3.3\fileHashes)" [_thread_blocked, id=9900, stack(0x000000502cd00000,0x000000502ce00000)]
  0x000001a22a23b800 JavaThread "Cache worker for checksums cache (C:\Users\Admin\Desktop\jana\MyApplication2\.gradle\7.3.3\checksums)" [_thread_blocked, id=9336, stack(0x000000502d300000,0x000000502d400000)]
  0x000001a22a241800 JavaThread "Cache worker for cache directory md-supplier (C:\Users\Admin\.gradle\caches\7.3.3\md-supplier)" [_thread_blocked, id=7716, stack(0x000000502d600000,0x000000502d700000)]
  0x000001a22a23d800 JavaThread "Cache worker for cache directory md-rule (C:\Users\Admin\.gradle\caches\7.3.3\md-rule)" [_thread_blocked, id=8328, stack(0x000000502d700000,0x000000502d800000)]
  0x000001a22a247000 JavaThread "Cache worker for dependencies-accessors (C:\Users\Admin\Desktop\jana\MyApplication2\.gradle\7.3.3\dependencies-accessors)" [_thread_blocked, id=8660, stack(0x000000502d800000,0x000000502d900000)]
  0x000001a22a244800 JavaThread "Cache worker for Build Output Cleanup Cache (C:\Users\Admin\Desktop\jana\MyApplication2\.gradle\buildOutputCleanup)" [_thread_blocked, id=1744, stack(0x000000502da00000,0x000000502db00000)]
  0x000001a22a246000 JavaThread "Unconstrained build operations" [_thread_blocked, id=7348, stack(0x000000502de00000,0x000000502df00000)]
  0x000001a22a245800 JavaThread "Unconstrained build operations Thread 2" [_thread_blocked, id=4436, stack(0x000000502e000000,0x000000502e100000)]
  0x000001a229c3e800 JavaThread "Unconstrained build operations Thread 3" [_thread_blocked, id=8284, stack(0x000000502e100000,0x000000502e200000)]
  0x000001a229c46000 JavaThread "Unconstrained build operations Thread 4" [_thread_blocked, id=5680, stack(0x000000502e200000,0x000000502e300000)]
  0x000001a229c40000 JavaThread "Unconstrained build operations Thread 5" [_thread_blocked, id=9496, stack(0x000000502e300000,0x000000502e400000)]
  0x000001a229c46800 JavaThread "Unconstrained build operations Thread 6" [_thread_blocked, id=11188, stack(0x000000502e400000,0x000000502e500000)]
  0x000001a229c41000 JavaThread "Unconstrained build operations Thread 7" [_thread_blocked, id=7316, stack(0x000000502e500000,0x000000502e600000)]
  0x000001a229c4b800 JavaThread "Unconstrained build operations Thread 8" [_thread_blocked, id=10772, stack(0x000000502e600000,0x000000502e700000)]
  0x000001a229c48800 JavaThread "Unconstrained build operations Thread 9" [_thread_blocked, id=10804, stack(0x000000502e700000,0x000000502e800000)]
  0x000001a229c4a000 JavaThread "Unconstrained build operations Thread 10" [_thread_blocked, id=8924, stack(0x000000502e800000,0x000000502e900000)]
  0x000001a229c49000 JavaThread "Unconstrained build operations Thread 11" [_thread_blocked, id=11024, stack(0x000000502e900000,0x000000502ea00000)]
  0x000001a229c47800 JavaThread "Unconstrained build operations Thread 12" [_thread_blocked, id=7216, stack(0x000000502ea00000,0x000000502eb00000)]
  0x000001a229c4a800 JavaThread "Unconstrained build operations Thread 13" [_thread_blocked, id=3920, stack(0x000000502eb00000,0x000000502ec00000)]
  0x000001a229c4c800 JavaThread "Unconstrained build operations Thread 14" [_thread_blocked, id=5168, stack(0x000000502ec00000,0x000000502ed00000)]
  0x000001a227ef3000 JavaThread "Unconstrained build operations Thread 15" [_thread_blocked, id=10364, stack(0x000000502ed00000,0x000000502ee00000)]
  0x000001a227ef0800 JavaThread "Unconstrained build operations Thread 16" [_thread_blocked, id=10232, stack(0x000000502ee00000,0x000000502ef00000)]
  0x000001a227ef3800 JavaThread "Unconstrained build operations Thread 17" [_thread_blocked, id=11032, stack(0x000000502ef00000,0x000000502f000000)]
  0x000001a227ef7000 JavaThread "Unconstrained build operations Thread 18" [_thread_blocked, id=2292, stack(0x000000502f000000,0x000000502f100000)]
  0x000001a229316800 JavaThread "Unconstrained build operations Thread 19" [_thread_blocked, id=9308, stack(0x000000502f100000,0x000000502f200000)]
  0x000001a229316000 JavaThread "Unconstrained build operations Thread 20" [_thread_blocked, id=10108, stack(0x000000502f200000,0x000000502f300000)]
  0x000001a229317800 JavaThread "Unconstrained build operations Thread 21" [_thread_blocked, id=10656, stack(0x000000502f300000,0x000000502f400000)]
  0x000001a229318800 JavaThread "Unconstrained build operations Thread 22" [_thread_blocked, id=2208, stack(0x000000502f400000,0x000000502f500000)]
  0x000001a229319000 JavaThread "Unconstrained build operations Thread 23" [_thread_blocked, id=7588, stack(0x000000502f500000,0x000000502f600000)]
  0x000001a22931a000 JavaThread "Unconstrained build operations Thread 24" [_thread_blocked, id=7136, stack(0x000000502f600000,0x000000502f700000)]
  0x000001a229314800 JavaThread "Unconstrained build operations Thread 25" [_thread_blocked, id=7940, stack(0x000000502f700000,0x000000502f800000)]
  0x000001a229315000 JavaThread "Unconstrained build operations Thread 26" [_thread_blocked, id=10688, stack(0x000000502f800000,0x000000502f900000)]
  0x000001a22931c800 JavaThread "Unconstrained build operations Thread 27" [_thread_blocked, id=348, stack(0x000000502f900000,0x000000502fa00000)]
  0x000001a22931f800 JavaThread "Unconstrained build operations Thread 28" [_thread_blocked, id=7452, stack(0x000000502fa00000,0x000000502fb00000)]
  0x000001a22931d800 JavaThread "Unconstrained build operations Thread 29" [_thread_blocked, id=608, stack(0x000000502fb00000,0x000000502fc00000)]
  0x000001a229320800 JavaThread "Unconstrained build operations Thread 30" [_thread_blocked, id=7444, stack(0x000000502fc00000,0x000000502fd00000)]
  0x000001a22931b000 JavaThread "Unconstrained build operations Thread 31" [_thread_blocked, id=10540, stack(0x000000502fd00000,0x000000502fe00000)]
  0x000001a22931e000 JavaThread "Unconstrained build operations Thread 32" [_thread_blocked, id=6980, stack(0x000000502fe00000,0x000000502ff00000)]
  0x000001a22931f000 JavaThread "Unconstrained build operations Thread 33" [_thread_blocked, id=10068, stack(0x000000502ff00000,0x0000005030000000)]
  0x000001a229321800 JavaThread "Unconstrained build operations Thread 34" [_thread_blocked, id=4176, stack(0x0000005030000000,0x0000005030100000)]
  0x000001a22931b800 JavaThread "Unconstrained build operations Thread 35" [_thread_blocked, id=4916, stack(0x0000005030100000,0x0000005030200000)]
  0x000001a229322000 JavaThread "Unconstrained build operations Thread 36" [_thread_blocked, id=1212, stack(0x0000005030200000,0x0000005030300000)]
  0x000001a229323000 JavaThread "Unconstrained build operations Thread 37" [_thread_blocked, id=9608, stack(0x0000005030300000,0x0000005030400000)]
  0x000001a22899f800 JavaThread "Unconstrained build operations Thread 38" [_thread_blocked, id=10484, stack(0x0000005030400000,0x0000005030500000)]
  0x000001a2289a4000 JavaThread "Unconstrained build operations Thread 39" [_thread_blocked, id=7432, stack(0x0000005030500000,0x0000005030600000)]
  0x000001a22899f000 JavaThread "Unconstrained build operations Thread 40" [_thread_blocked, id=8992, stack(0x0000005030600000,0x0000005030700000)]
  0x000001a2289a4800 JavaThread "build event listener" [_thread_blocked, id=9020, stack(0x0000005030700000,0x0000005030800000)]
  0x000001a2289a5800 JavaThread "pool-6-thread-1" [_thread_blocked, id=11056, stack(0x0000005030800000,0x0000005030900000)]
  0x000001a2289a1800 JavaThread "build event listener" [_thread_blocked, id=1248, stack(0x0000005030b00000,0x0000005030c00000)]
  0x000001a2289a3000 JavaThread "Execution worker for ':'" [_thread_blocked, id=8440, stack(0x0000005030d00000,0x0000005030e00000)]
  0x000001a2289a6000 JavaThread "Execution worker for ':' Thread 2" [_thread_blocked, id=3744, stack(0x0000005030e00000,0x0000005030f00000)]
  0x000001a2289a0800 JavaThread "Execution worker for ':' Thread 3" [_thread_in_native, id=10980, stack(0x0000005030f00000,0x0000005031000000)]
  0x000001a2289a7000 JavaThread "Cache worker for execution history cache (C:\Users\Admin\Desktop\jana\MyApplication2\.gradle\7.3.3\executionHistory)" [_thread_blocked, id=5084, stack(0x0000005031000000,0x0000005031100000)]
  0x000001a2289a2000 JavaThread "Cache worker for Java compile cache (C:\Users\Admin\.gradle\caches\7.3.3\javaCompile)" [_thread_blocked, id=3136, stack(0x0000005031100000,0x0000005031200000)]
  0x000001a2289a9800 JavaThread "Build operations" [_thread_blocked, id=2928, stack(0x0000005031200000,0x0000005031300000)]
  0x000001a2289aa800 JavaThread "Build operations Thread 2" [_thread_blocked, id=4140, stack(0x0000005031300000,0x0000005031400000)]
  0x000001a2289a8800 JavaThread "Build operations Thread 3" [_thread_blocked, id=9840, stack(0x0000005031400000,0x0000005031500000)]
  0x000001a2289ab000 JavaThread "Build operations Thread 4" [_thread_blocked, id=6384, stack(0x0000005031500000,0x0000005031600000)]
=>0x000001a233629800 JavaThread "C2 CompilerThread1" daemon [_thread_in_native, id=9600, stack(0x000000502ce00000,0x000000502cf00000)]

Other Threads:
  0x000001a225d5a000 VMThread "VM Thread" [stack: 0x000000502b800000,0x000000502b900000] [id=4636]
  0x000001a226865800 WatcherThread [stack: 0x000000502c200000,0x000000502c300000] [id=9064]
  0x000001a20c187000 GCTaskThread "GC Thread#0" [stack: 0x000000502b300000,0x000000502b400000] [id=9552]
  0x000001a226b94000 GCTaskThread "GC Thread#1" [stack: 0x000000502c400000,0x000000502c500000] [id=8064]
  0x000001a226bef000 GCTaskThread "GC Thread#2" [stack: 0x000000502c500000,0x000000502c600000] [id=2896]
  0x000001a229148000 GCTaskThread "GC Thread#3" [stack: 0x000000502cf00000,0x000000502d000000] [id=576]
  0x000001a20c1b9000 ConcurrentGCThread "G1 Main Marker" [stack: 0x000000502b400000,0x000000502b500000] [id=1940]
  0x000001a20c1ba000 ConcurrentGCThread "G1 Conc#0" [stack: 0x000000502b500000,0x000000502b600000] [id=5024]
  0x000001a20c24a800 ConcurrentGCThread "G1 Refine#0" [stack: 0x000000502b600000,0x000000502b700000] [id=2932]
  0x000001a20c24b800 ConcurrentGCThread "G1 Young RemSet Sampling" [stack: 0x000000502b700000,0x000000502b800000] [id=9572]

Threads with active compile tasks:
C2 CompilerThread12679280 12909       4       com.sun.tools.javac.util.UnsharedNameTable::fromUtf (232 bytes)

VM state:not at safepoint (normal execution)

VM Mutex/Monitor currently owned by a thread: None

Heap address: 0x0000000080000000, size: 2048 MB, Compressed Oops mode: 32-bit
Narrow klass base: 0x0000000000000000, Narrow klass shift: 3
Compressed class space size: 1073741824 Address: 0x0000000100000000

Heap:
 garbage-first heap   total 189440K, used 93610K [0x0000000080000000, 0x0000000100000000)
  region size 1024K, 11 young (11264K), 9 survivors (9216K)
 Metaspace       used 98375K, capacity 100834K, committed 101076K, reserved 1136640K
  class space    used 12377K, capacity 13266K, committed 13312K, reserved 1048576K
Heap Regions: E=young(eden), S=young(survivor), O=old, HS=humongous(starts), HC=humongous(continues), CS=collection set, F=free, A=archive, TAMS=top-at-mark-start (previous, next)
|   0|0x0000000080000000, 0x0000000080100000, 0x0000000080100000|100%| O|  |TAMS 0x0000000080100000, 0x0000000080100000| Untracked 
|   1|0x0000000080100000, 0x0000000080200000, 0x0000000080200000|100%| O|  |TAMS 0x0000000080200000, 0x0000000080200000| Untracked 
|   2|0x0000000080200000, 0x0000000080300000, 0x0000000080300000|100%| O|  |TAMS 0x0000000080300000, 0x0000000080300000| Untracked 
|   3|0x0000000080300000, 0x0000000080400000, 0x0000000080400000|100%|HS|  |TAMS 0x0000000080400000, 0x0000000080400000| Complete 
|   4|0x0000000080400000, 0x0000000080500000, 0x0000000080500000|100%|HC|  |TAMS 0x0000000080500000, 0x0000000080500000| Complete 
|   5|0x0000000080500000, 0x0000000080600000, 0x0000000080600000|100%|HC|  |TAMS 0x0000000080600000, 0x0000000080600000| Complete 
|   6|0x0000000080600000, 0x0000000080700000, 0x0000000080700000|100%| O|  |TAMS 0x0000000080700000, 0x0000000080700000| Untracked 
|   7|0x0000000080700000, 0x0000000080800000, 0x0000000080800000|100%| O|  |TAMS 0x0000000080800000, 0x0000000080800000| Untracked 
|   8|0x0000000080800000, 0x0000000080900000, 0x0000000080900000|100%| O|  |TAMS 0x0000000080900000, 0x0000000080900000| Untracked 
|   9|0x0000000080900000, 0x0000000080a00000, 0x0000000080a00000|100%| O|  |TAMS 0x0000000080a00000, 0x0000000080a00000| Untracked 
|  10|0x0000000080a00000, 0x0000000080b00000, 0x0000000080b00000|100%| O|  |TAMS 0x0000000080b00000, 0x0000000080b00000| Untracked 
|  11|0x0000000080b00000, 0x0000000080c00000, 0x0000000080c00000|100%| O|  |TAMS 0x0000000080c00000, 0x0000000080c00000| Untracked 
|  12|0x0000000080c00000, 0x0000000080d00000, 0x0000000080d00000|100%| O|  |TAMS 0x0000000080d00000, 0x0000000080d00000| Untracked 
|  13|0x0000000080d00000, 0x0000000080e00000, 0x0000000080e00000|100%| O|  |TAMS 0x0000000080e00000, 0x0000000080e00000| Untracked 
|  14|0x0000000080e00000, 0x0000000080f00000, 0x0000000080f00000|100%| O|  |TAMS 0x0000000080f00000, 0x0000000080f00000| Untracked 
|  15|0x0000000080f00000, 0x0000000081000000, 0x0000000081000000|100%| O|  |TAMS 0x0000000081000000, 0x0000000081000000| Untracked 
|  16|0x0000000081000000, 0x0000000081100000, 0x0000000081100000|100%|HS|  |TAMS 0x0000000081100000, 0x0000000081100000| Complete 
|  17|0x0000000081100000, 0x0000000081200000, 0x0000000081200000|100%| O|  |TAMS 0x0000000081200000, 0x0000000081200000| Untracked 
|  18|0x0000000081200000, 0x0000000081300000, 0x0000000081300000|100%| O|  |TAMS 0x0000000081300000, 0x0000000081300000| Untracked 
|  19|0x0000000081300000, 0x0000000081400000, 0x0000000081400000|100%| O|  |TAMS 0x0000000081400000, 0x0000000081400000| Untracked 
|  20|0x0000000081400000, 0x0000000081500000, 0x0000000081500000|100%| O|  |TAMS 0x0000000081500000, 0x0000000081500000| Untracked 
|  21|0x0000000081500000, 0x0000000081600000, 0x0000000081600000|100%| O|  |TAMS 0x0000000081600000, 0x0000000081600000| Untracked 
|  22|0x0000000081600000, 0x0000000081700000, 0x0000000081700000|100%| O|  |TAMS 0x0000000081700000, 0x0000000081700000| Untracked 
|  23|0x0000000081700000, 0x0000000081800000, 0x0000000081800000|100%| O|  |TAMS 0x0000000081800000, 0x0000000081800000| Untracked 
|  24|0x0000000081800000, 0x0000000081900000, 0x0000000081900000|100%| O|  |TAMS 0x0000000081900000, 0x0000000081900000| Untracked 
|  25|0x0000000081900000, 0x0000000081a00000, 0x0000000081a00000|100%| O|  |TAMS 0x0000000081a00000, 0x0000000081a00000| Untracked 
|  26|0x0000000081a00000, 0x0000000081b00000, 0x0000000081b00000|100%| O|  |TAMS 0x0000000081b00000, 0x0000000081b00000| Untracked 
|  27|0x0000000081b00000, 0x0000000081c00000, 0x0000000081c00000|100%| O|  |TAMS 0x0000000081c00000, 0x0000000081c00000| Untracked 
|  28|0x0000000081c00000, 0x0000000081d00000, 0x0000000081d00000|100%|HS|  |TAMS 0x0000000081d00000, 0x0000000081d00000| Complete 
|  29|0x0000000081d00000, 0x0000000081e00000, 0x0000000081e00000|100%|HS|  |TAMS 0x0000000081e00000, 0x0000000081e00000| Complete 
|  30|0x0000000081e00000, 0x0000000081f00000, 0x0000000081f00000|100%|HC|  |TAMS 0x0000000081f00000, 0x0000000081f00000| Complete 
|  31|0x0000000081f00000, 0x0000000082000000, 0x0000000082000000|100%| O|  |TAMS 0x0000000082000000, 0x0000000082000000| Untracked 
|  32|0x0000000082000000, 0x0000000082100000, 0x0000000082100000|100%| O|  |TAMS 0x0000000082100000, 0x0000000082100000| Untracked 
|  33|0x0000000082100000, 0x0000000082200000, 0x0000000082200000|100%| O|  |TAMS 0x0000000082200000, 0x0000000082200000| Untracked 
|  34|0x0000000082200000, 0x0000000082300000, 0x0000000082300000|100%| O|  |TAMS 0x0000000082300000, 0x0000000082300000| Untracked 
|  35|0x0000000082300000, 0x0000000082400000, 0x0000000082400000|100%| O|  |TAMS 0x0000000082400000, 0x0000000082400000| Untracked 
|  36|0x0000000082400000, 0x0000000082500000, 0x0000000082500000|100%| O|  |TAMS 0x0000000082500000, 0x0000000082500000| Untracked 
|  37|0x0000000082500000, 0x0000000082600000, 0x0000000082600000|100%| O|  |TAMS 0x0000000082600000, 0x0000000082600000| Untracked 
|  38|0x0000000082600000, 0x0000000082700000, 0x0000000082700000|100%| O|  |TAMS 0x0000000082700000, 0x0000000082700000| Untracked 
|  39|0x0000000082700000, 0x0000000082800000, 0x0000000082800000|100%| O|  |TAMS 0x0000000082800000, 0x0000000082800000| Untracked 
|  40|0x0000000082800000, 0x0000000082900000, 0x0000000082900000|100%| O|  |TAMS 0x0000000082900000, 0x0000000082900000| Untracked 
|  41|0x0000000082900000, 0x0000000082a00000, 0x0000000082a00000|100%| O|  |TAMS 0x0000000082a00000, 0x0000000082a00000| Untracked 
|  42|0x0000000082a00000, 0x0000000082b00000, 0x0000000082b00000|100%| O|  |TAMS 0x0000000082aea400, 0x0000000082b00000| Untracked 
|  43|0x0000000082b00000, 0x0000000082c00000, 0x0000000082c00000|100%| O|  |TAMS 0x0000000082b00000, 0x0000000082c00000| Untracked 
|  44|0x0000000082c00000, 0x0000000082d00000, 0x0000000082d00000|100%| O|  |TAMS 0x0000000082c00000, 0x0000000082d00000| Untracked 
|  45|0x0000000082d00000, 0x0000000082e00000, 0x0000000082e00000|100%| O|  |TAMS 0x0000000082d00000, 0x0000000082e00000| Untracked 
|  46|0x0000000082e00000, 0x0000000082f00000, 0x0000000082f00000|100%| O|  |TAMS 0x0000000082e00000, 0x0000000082f00000| Untracked 
|  47|0x0000000082f00000, 0x0000000083000000, 0x0000000083000000|100%| O|  |TAMS 0x0000000082f00000, 0x0000000083000000| Untracked 
|  48|0x0000000083000000, 0x0000000083100000, 0x0000000083100000|100%| O|  |TAMS 0x0000000083000000, 0x0000000083100000| Untracked 
|  49|0x0000000083100000, 0x0000000083200000, 0x0000000083200000|100%| O|  |TAMS 0x0000000083100000, 0x0000000083200000| Untracked 
|  50|0x0000000083200000, 0x0000000083300000, 0x0000000083300000|100%| O|  |TAMS 0x0000000083200000, 0x0000000083300000| Untracked 
|  51|0x0000000083300000, 0x0000000083400000, 0x0000000083400000|100%| O|  |TAMS 0x0000000083300000, 0x0000000083400000| Untracked 
|  52|0x0000000083400000, 0x0000000083500000, 0x0000000083500000|100%| O|  |TAMS 0x0000000083400000, 0x0000000083500000| Untracked 
|  53|0x0000000083500000, 0x0000000083600000, 0x0000000083600000|100%| O|  |TAMS 0x0000000083500000, 0x0000000083600000| Untracked 
|  54|0x0000000083600000, 0x0000000083700000, 0x0000000083700000|100%| O|  |TAMS 0x0000000083600000, 0x0000000083700000| Untracked 
|  55|0x0000000083700000, 0x0000000083800000, 0x0000000083800000|100%| O|  |TAMS 0x0000000083700000, 0x0000000083800000| Untracked 
|  56|0x0000000083800000, 0x0000000083900000, 0x0000000083900000|100%| O|  |TAMS 0x0000000083800000, 0x0000000083900000| Untracked 
|  57|0x0000000083900000, 0x0000000083a00000, 0x0000000083a00000|100%| O|  |TAMS 0x0000000083900000, 0x0000000083a00000| Untracked 
|  58|0x0000000083a00000, 0x0000000083b00000, 0x0000000083b00000|100%| O|  |TAMS 0x0000000083a00000, 0x0000000083b00000| Untracked 
|  59|0x0000000083b00000, 0x0000000083c00000, 0x0000000083c00000|100%| O|  |TAMS 0x0000000083b00000, 0x0000000083c00000| Untracked 
|  60|0x0000000083c00000, 0x0000000083d00000, 0x0000000083d00000|100%| O|  |TAMS 0x0000000083c00000, 0x0000000083d00000| Untracked 
|  61|0x0000000083d00000, 0x0000000083e00000, 0x0000000083e00000|100%| O|  |TAMS 0x0000000083d00000, 0x0000000083e00000| Untracked 
|  62|0x0000000083e00000, 0x0000000083f00000, 0x0000000083f00000|100%| O|  |TAMS 0x0000000083e00000, 0x0000000083f00000| Untracked 
|  63|0x0000000083f00000, 0x0000000084000000, 0x0000000084000000|100%| O|  |TAMS 0x0000000083f00000, 0x0000000084000000| Untracked 
|  64|0x0000000084000000, 0x0000000084100000, 0x0000000084100000|100%| O|  |TAMS 0x0000000084000000, 0x0000000084100000| Untracked 
|  65|0x0000000084100000, 0x0000000084200000, 0x0000000084200000|100%| O|  |TAMS 0x0000000084100000, 0x0000000084200000| Untracked 
|  66|0x0000000084200000, 0x0000000084300000, 0x0000000084300000|100%| O|  |TAMS 0x0000000084200000, 0x0000000084300000| Untracked 
|  67|0x0000000084300000, 0x0000000084400000, 0x0000000084400000|100%| O|  |TAMS 0x0000000084300000, 0x0000000084400000| Untracked 
|  68|0x0000000084400000, 0x0000000084500000, 0x0000000084500000|100%| O|  |TAMS 0x0000000084400000, 0x0000000084500000| Untracked 
|  69|0x0000000084500000, 0x0000000084600000, 0x0000000084600000|100%| O|  |TAMS 0x0000000084500000, 0x0000000084600000| Untracked 
|  70|0x0000000084600000, 0x0000000084700000, 0x0000000084700000|100%| O|  |TAMS 0x0000000084600000, 0x0000000084700000| Untracked 
|  71|0x0000000084700000, 0x0000000084800000, 0x0000000084800000|100%|HS|  |TAMS 0x0000000084700000, 0x0000000084800000| Complete 
|  72|0x0000000084800000, 0x0000000084900000, 0x0000000084900000|100%|HC|  |TAMS 0x0000000084800000, 0x0000000084900000| Complete 
|  73|0x0000000084900000, 0x0000000084a00000, 0x0000000084a00000|100%| O|  |TAMS 0x0000000084900000, 0x0000000084a00000| Untracked 
|  74|0x0000000084a00000, 0x0000000084b00000, 0x0000000084b00000|100%| O|  |TAMS 0x0000000084a00000, 0x0000000084b00000| Untracked 
|  75|0x0000000084b00000, 0x0000000084c00000, 0x0000000084c00000|100%| O|  |TAMS 0x0000000084b00000, 0x0000000084c00000| Untracked 
|  76|0x0000000084c00000, 0x0000000084d00000, 0x0000000084d00000|100%| O|  |TAMS 0x0000000084c00000, 0x0000000084d00000| Untracked 
|  77|0x0000000084d00000, 0x0000000084e00000, 0x0000000084e00000|100%| O|  |TAMS 0x0000000084d00000, 0x0000000084e00000| Untracked 
|  78|0x0000000084e00000, 0x0000000084f00000, 0x0000000084f00000|100%| O|  |TAMS 0x0000000084e00000, 0x0000000084f00000| Untracked 
|  79|0x0000000084f00000, 0x0000000085000000, 0x0000000085000000|100%| O|  |TAMS 0x0000000084f00000, 0x0000000085000000| Untracked 
|  80|0x0000000085000000, 0x0000000085100000, 0x0000000085100000|100%| O|  |TAMS 0x0000000085000000, 0x0000000085100000| Untracked 
|  81|0x0000000085100000, 0x0000000085200000, 0x0000000085200000|100%| O|  |TAMS 0x0000000085100000, 0x0000000085200000| Untracked 
|  82|0x0000000085200000, 0x000000008526aa00, 0x0000000085300000| 41%| O|  |TAMS 0x0000000085200000, 0x000000008526aa00| Untracked 
|  83|0x0000000085300000, 0x0000000085300000, 0x0000000085400000|  0%| F|  |TAMS 0x0000000085300000, 0x0000000085300000| Untracked 
|  84|0x0000000085400000, 0x0000000085400000, 0x0000000085500000|  0%| F|  |TAMS 0x0000000085400000, 0x0000000085400000| Untracked 
|  85|0x0000000085500000, 0x0000000085500000, 0x0000000085600000|  0%| F|  |TAMS 0x0000000085500000, 0x0000000085500000| Untracked 
|  86|0x0000000085600000, 0x0000000085600000, 0x0000000085700000|  0%| F|  |TAMS 0x0000000085600000, 0x0000000085600000| Untracked 
|  87|0x0000000085700000, 0x0000000085700000, 0x0000000085800000|  0%| F|  |TAMS 0x0000000085700000, 0x0000000085700000| Untracked 
|  88|0x0000000085800000, 0x0000000085800000, 0x0000000085900000|  0%| F|  |TAMS 0x0000000085800000, 0x0000000085800000| Untracked 
|  89|0x0000000085900000, 0x0000000085900000, 0x0000000085a00000|  0%| F|  |TAMS 0x0000000085900000, 0x0000000085900000| Untracked 
|  90|0x0000000085a00000, 0x0000000085a00000, 0x0000000085b00000|  0%| F|  |TAMS 0x0000000085a00000, 0x0000000085a00000| Untracked 
|  91|0x0000000085b00000, 0x0000000085b00000, 0x0000000085c00000|  0%| F|  |TAMS 0x0000000085b00000, 0x0000000085b00000| Untracked 
|  92|0x0000000085c00000, 0x0000000085c00000, 0x0000000085d00000|  0%| F|  |TAMS 0x0000000085c00000, 0x0000000085c00000| Untracked 
|  93|0x0000000085d00000, 0x0000000085d00000, 0x0000000085e00000|  0%| F|  |TAMS 0x0000000085d00000, 0x0000000085d00000| Untracked 
|  94|0x0000000085e00000, 0x0000000085e00000, 0x0000000085f00000|  0%| F|  |TAMS 0x0000000085e00000, 0x0000000085e00000| Untracked 
|  95|0x0000000085f00000, 0x0000000085f00000, 0x0000000086000000|  0%| F|  |TAMS 0x0000000085f00000, 0x0000000085f00000| Untracked 
|  96|0x0000000086000000, 0x0000000086000000, 0x0000000086100000|  0%| F|  |TAMS 0x0000000086000000, 0x0000000086000000| Untracked 
|  97|0x0000000086100000, 0x0000000086100000, 0x0000000086200000|  0%| F|  |TAMS 0x0000000086100000, 0x0000000086100000| Untracked 
|  98|0x0000000086200000, 0x0000000086200000, 0x0000000086300000|  0%| F|  |TAMS 0x0000000086200000, 0x0000000086200000| Untracked 
|  99|0x0000000086300000, 0x0000000086300000, 0x0000000086400000|  0%| F|  |TAMS 0x0000000086300000, 0x0000000086300000| Untracked 
| 100|0x0000000086400000, 0x0000000086400000, 0x0000000086500000|  0%| F|  |TAMS 0x0000000086400000, 0x0000000086400000| Untracked 
| 101|0x0000000086500000, 0x0000000086500000, 0x0000000086600000|  0%| F|  |TAMS 0x0000000086500000, 0x0000000086500000| Untracked 
| 102|0x0000000086600000, 0x0000000086600000, 0x0000000086700000|  0%| F|  |TAMS 0x0000000086600000, 0x0000000086600000| Untracked 
| 103|0x0000000086700000, 0x0000000086700000, 0x0000000086800000|  0%| F|  |TAMS 0x0000000086700000, 0x0000000086700000| Untracked 
| 104|0x0000000086800000, 0x0000000086800000, 0x0000000086900000|  0%| F|  |TAMS 0x0000000086800000, 0x0000000086800000| Untracked 
| 105|0x0000000086900000, 0x0000000086900000, 0x0000000086a00000|  0%| F|  |TAMS 0x0000000086900000, 0x0000000086900000| Untracked 
| 106|0x0000000086a00000, 0x0000000086a00000, 0x0000000086b00000|  0%| F|  |TAMS 0x0000000086a00000, 0x0000000086a00000| Untracked 
| 107|0x0000000086b00000, 0x0000000086b00000, 0x0000000086c00000|  0%| F|  |TAMS 0x0000000086b00000, 0x0000000086b00000| Untracked 
| 108|0x0000000086c00000, 0x0000000086c00000, 0x0000000086d00000|  0%| F|  |TAMS 0x0000000086c00000, 0x0000000086c00000| Untracked 
| 109|0x0000000086d00000, 0x0000000086d00000, 0x0000000086e00000|  0%| F|  |TAMS 0x0000000086d00000, 0x0000000086d00000| Untracked 
| 110|0x0000000086e00000, 0x0000000086e00000, 0x0000000086f00000|  0%| F|  |TAMS 0x0000000086e00000, 0x0000000086e00000| Untracked 
| 111|0x0000000086f00000, 0x0000000086f00000, 0x0000000087000000|  0%| F|  |TAMS 0x0000000086f00000, 0x0000000086f00000| Untracked 
| 112|0x0000000087000000, 0x0000000087000000, 0x0000000087100000|  0%| F|  |TAMS 0x0000000087000000, 0x0000000087000000| Untracked 
| 113|0x0000000087100000, 0x0000000087100000, 0x0000000087200000|  0%| F|  |TAMS 0x0000000087100000, 0x0000000087100000| Untracked 
| 114|0x0000000087200000, 0x0000000087200000, 0x0000000087300000|  0%| F|  |TAMS 0x0000000087200000, 0x0000000087200000| Untracked 
| 115|0x0000000087300000, 0x0000000087300000, 0x0000000087400000|  0%| F|  |TAMS 0x0000000087300000, 0x0000000087300000| Untracked 
| 116|0x0000000087400000, 0x0000000087400000, 0x0000000087500000|  0%| F|  |TAMS 0x0000000087400000, 0x0000000087400000| Untracked 
| 117|0x0000000087500000, 0x0000000087600000, 0x0000000087600000|100%| S|CS|TAMS 0x0000000087500000, 0x0000000087500000| Complete 
| 118|0x0000000087600000, 0x0000000087700000, 0x0000000087700000|100%| S|CS|TAMS 0x0000000087600000, 0x0000000087600000| Complete 
| 119|0x0000000087700000, 0x0000000087800000, 0x0000000087800000|100%| S|CS|TAMS 0x0000000087700000, 0x0000000087700000| Complete 
| 120|0x0000000087800000, 0x0000000087900000, 0x0000000087900000|100%| S|CS|TAMS 0x0000000087800000, 0x0000000087800000| Complete 
| 121|0x0000000087900000, 0x0000000087a00000, 0x0000000087a00000|100%| S|CS|TAMS 0x0000000087900000, 0x0000000087900000| Complete 
| 122|0x0000000087a00000, 0x0000000087b00000, 0x0000000087b00000|100%| S|CS|TAMS 0x0000000087a00000, 0x0000000087a00000| Complete 
| 123|0x0000000087b00000, 0x0000000087c00000, 0x0000000087c00000|100%| S|CS|TAMS 0x0000000087b00000, 0x0000000087b00000| Complete 
| 124|0x0000000087c00000, 0x0000000087d00000, 0x0000000087d00000|100%| S|CS|TAMS 0x0000000087c00000, 0x0000000087c00000| Complete 
| 125|0x0000000087d00000, 0x0000000087e00000, 0x0000000087e00000|100%| S|CS|TAMS 0x0000000087d00000, 0x0000000087d00000| Complete 
| 126|0x0000000087e00000, 0x0000000087e00000, 0x0000000087f00000|  0%| F|  |TAMS 0x0000000087e00000, 0x0000000087e00000| Untracked 
| 127|0x0000000087f00000, 0x0000000087f00000, 0x0000000088000000|  0%| F|  |TAMS 0x0000000087f00000, 0x0000000087f00000| Untracked 
| 128|0x0000000088000000, 0x0000000088000000, 0x0000000088100000|  0%| F|  |TAMS 0x0000000088000000, 0x0000000088000000| Untracked 
| 129|0x0000000088100000, 0x0000000088100000, 0x0000000088200000|  0%| F|  |TAMS 0x0000000088100000, 0x0000000088100000| Untracked 
| 130|0x0000000088200000, 0x0000000088200000, 0x0000000088300000|  0%| F|  |TAMS 0x0000000088200000, 0x0000000088200000| Untracked 
| 131|0x0000000088300000, 0x0000000088300000, 0x0000000088400000|  0%| F|  |TAMS 0x0000000088300000, 0x0000000088300000| Untracked 
| 132|0x0000000088400000, 0x0000000088400000, 0x0000000088500000|  0%| F|  |TAMS 0x0000000088400000, 0x0000000088400000| Untracked 
| 133|0x0000000088500000, 0x0000000088500000, 0x0000000088600000|  0%| F|  |TAMS 0x0000000088500000, 0x0000000088500000| Untracked 
| 134|0x0000000088600000, 0x0000000088600000, 0x0000000088700000|  0%| F|  |TAMS 0x0000000088600000, 0x0000000088600000| Untracked 
| 135|0x0000000088700000, 0x0000000088700000, 0x0000000088800000|  0%| F|  |TAMS 0x0000000088700000, 0x0000000088700000| Untracked 
| 136|0x0000000088800000, 0x0000000088800000, 0x0000000088900000|  0%| F|  |TAMS 0x0000000088800000, 0x0000000088800000| Untracked 
| 137|0x0000000088900000, 0x0000000088900000, 0x0000000088a00000|  0%| F|  |TAMS 0x0000000088900000, 0x0000000088900000| Untracked 
| 138|0x0000000088a00000, 0x0000000088a00000, 0x0000000088b00000|  0%| F|  |TAMS 0x0000000088a00000, 0x0000000088a00000| Untracked 
| 139|0x0000000088b00000, 0x0000000088b00000, 0x0000000088c00000|  0%| F|  |TAMS 0x0000000088b00000, 0x0000000088b00000| Untracked 
| 140|0x0000000088c00000, 0x0000000088c00000, 0x0000000088d00000|  0%| F|  |TAMS 0x0000000088c00000, 0x0000000088c00000| Untracked 
| 141|0x0000000088d00000, 0x0000000088d00000, 0x0000000088e00000|  0%| F|  |TAMS 0x0000000088d00000, 0x0000000088d00000| Untracked 
| 142|0x0000000088e00000, 0x0000000088e00000, 0x0000000088f00000|  0%| F|  |TAMS 0x0000000088e00000, 0x0000000088e00000| Untracked 
| 143|0x0000000088f00000, 0x0000000088f00000, 0x0000000089000000|  0%| F|  |TAMS 0x0000000088f00000, 0x0000000088f00000| Untracked 
| 144|0x0000000089000000, 0x0000000089000000, 0x0000000089100000|  0%| F|  |TAMS 0x0000000089000000, 0x0000000089000000| Untracked 
| 145|0x0000000089100000, 0x0000000089100000, 0x0000000089200000|  0%| F|  |TAMS 0x0000000089100000, 0x0000000089100000| Untracked 
| 146|0x0000000089200000, 0x0000000089200000, 0x0000000089300000|  0%| F|  |TAMS 0x0000000089200000, 0x0000000089200000| Untracked 
| 147|0x0000000089300000, 0x0000000089300000, 0x0000000089400000|  0%| F|  |TAMS 0x0000000089300000, 0x0000000089300000| Untracked 
| 148|0x0000000089400000, 0x0000000089400000, 0x0000000089500000|  0%| F|  |TAMS 0x0000000089400000, 0x0000000089400000| Untracked 
| 149|0x0000000089500000, 0x0000000089500000, 0x0000000089600000|  0%| F|  |TAMS 0x0000000089500000, 0x0000000089500000| Untracked 
| 150|0x0000000089600000, 0x0000000089600000, 0x0000000089700000|  0%| F|  |TAMS 0x0000000089600000, 0x0000000089600000| Untracked 
| 151|0x0000000089700000, 0x0000000089700000, 0x0000000089800000|  0%| F|  |TAMS 0x0000000089700000, 0x0000000089700000| Untracked 
| 152|0x0000000089800000, 0x0000000089800000, 0x0000000089900000|  0%| F|  |TAMS 0x0000000089800000, 0x0000000089800000| Untracked 
| 153|0x0000000089900000, 0x0000000089900000, 0x0000000089a00000|  0%| F|  |TAMS 0x0000000089900000, 0x0000000089900000| Untracked 
| 154|0x0000000089a00000, 0x0000000089a00000, 0x0000000089b00000|  0%| F|  |TAMS 0x0000000089a00000, 0x0000000089a00000| Untracked 
| 155|0x0000000089b00000, 0x0000000089b00000, 0x0000000089c00000|  0%| F|  |TAMS 0x0000000089b00000, 0x0000000089b00000| Untracked 
| 156|0x0000000089c00000, 0x0000000089c00000, 0x0000000089d00000|  0%| F|  |TAMS 0x0000000089c00000, 0x0000000089c00000| Untracked 
| 157|0x0000000089d00000, 0x0000000089d00000, 0x0000000089e00000|  0%| F|  |TAMS 0x0000000089d00000, 0x0000000089d00000| Untracked 
| 158|0x0000000089e00000, 0x0000000089e00000, 0x0000000089f00000|  0%| F|  |TAMS 0x0000000089e00000, 0x0000000089e00000| Untracked 
| 159|0x0000000089f00000, 0x0000000089f00000, 0x000000008a000000|  0%| F|  |TAMS 0x0000000089f00000, 0x0000000089f00000| Untracked 
| 160|0x000000008a000000, 0x000000008a000000, 0x000000008a100000|  0%| F|  |TAMS 0x000000008a000000, 0x000000008a000000| Untracked 
| 161|0x000000008a100000, 0x000000008a100000, 0x000000008a200000|  0%| F|  |TAMS 0x000000008a100000, 0x000000008a100000| Untracked 
| 162|0x000000008a200000, 0x000000008a200000, 0x000000008a300000|  0%| F|  |TAMS 0x000000008a200000, 0x000000008a200000| Untracked 
| 163|0x000000008a300000, 0x000000008a300000, 0x000000008a400000|  0%| F|  |TAMS 0x000000008a300000, 0x000000008a300000| Untracked 
| 164|0x000000008a400000, 0x000000008a400000, 0x000000008a500000|  0%| F|  |TAMS 0x000000008a400000, 0x000000008a400000| Untracked 
| 165|0x000000008a500000, 0x000000008a500000, 0x000000008a600000|  0%| F|  |TAMS 0x000000008a500000, 0x000000008a500000| Untracked 
| 166|0x000000008a600000, 0x000000008a600000, 0x000000008a700000|  0%| F|  |TAMS 0x000000008a600000, 0x000000008a600000| Untracked 
| 167|0x000000008a700000, 0x000000008a700000, 0x000000008a800000|  0%| F|  |TAMS 0x000000008a700000, 0x000000008a700000| Untracked 
| 168|0x000000008a800000, 0x000000008a800000, 0x000000008a900000|  0%| F|  |TAMS 0x000000008a800000, 0x000000008a800000| Untracked 
| 169|0x000000008a900000, 0x000000008a900000, 0x000000008aa00000|  0%| F|  |TAMS 0x000000008a900000, 0x000000008a900000| Untracked 
| 170|0x000000008aa00000, 0x000000008aa00000, 0x000000008ab00000|  0%| F|  |TAMS 0x000000008aa00000, 0x000000008aa00000| Untracked 
| 171|0x000000008ab00000, 0x000000008ab00000, 0x000000008ac00000|  0%| F|  |TAMS 0x000000008ab00000, 0x000000008ab00000| Untracked 
| 172|0x000000008ac00000, 0x000000008ac00000, 0x000000008ad00000|  0%| F|  |TAMS 0x000000008ac00000, 0x000000008ac00000| Untracked 
| 173|0x000000008ad00000, 0x000000008ad00000, 0x000000008ae00000|  0%| F|  |TAMS 0x000000008ad00000, 0x000000008ad00000| Untracked 
| 174|0x000000008ae00000, 0x000000008ae00000, 0x000000008af00000|  0%| F|  |TAMS 0x000000008ae00000, 0x000000008ae00000| Untracked 
| 175|0x000000008af00000, 0x000000008af00000, 0x000000008b000000|  0%| F|  |TAMS 0x000000008af00000, 0x000000008af00000| Untracked 
| 176|0x000000008b000000, 0x000000008b000000, 0x000000008b100000|  0%| F|  |TAMS 0x000000008b000000, 0x000000008b000000| Untracked 
| 177|0x000000008b100000, 0x000000008b100000, 0x000000008b200000|  0%| F|  |TAMS 0x000000008b100000, 0x000000008b100000| Untracked 
| 178|0x000000008b200000, 0x000000008b200000, 0x000000008b300000|  0%| F|  |TAMS 0x000000008b200000, 0x000000008b200000| Untracked 
| 179|0x000000008b300000, 0x000000008b300000, 0x000000008b400000|  0%| F|  |TAMS 0x000000008b300000, 0x000000008b300000| Untracked 
| 180|0x000000008b400000, 0x000000008b400000, 0x000000008b500000|  0%| F|  |TAMS 0x000000008b400000, 0x000000008b400000| Untracked 
| 181|0x000000008b500000, 0x000000008b500000, 0x000000008b600000|  0%| F|  |TAMS 0x000000008b500000, 0x000000008b500000| Untracked 
| 182|0x000000008b600000, 0x000000008b600000, 0x000000008b700000|  0%| F|  |TAMS 0x000000008b600000, 0x000000008b600000| Untracked 
| 183|0x000000008b700000, 0x000000008b711940, 0x000000008b800000|  6%| E|  |TAMS 0x000000008b700000, 0x000000008b700000| Complete 
| 184|0x000000008b800000, 0x000000008b8f4190, 0x000000008b900000| 95%| E|  |TAMS 0x000000008b800000, 0x000000008b800000| Complete 

Card table byte_map: [0x000001a21f080000,0x000001a21f480000] _byte_map_base: 0x000001a21ec80000

Marking Bits (Prev, Next): (CMBitMap*) 0x000001a20c1b0060, (CMBitMap*) 0x000001a20c1b0028
 Prev Bits: [0x000001a221880000, 0x000001a223880000)
 Next Bits: [0x000001a21f880000, 0x000001a221880000)

Polling page: 0x000001a20a100000

Metaspace:

Usage:
  Non-class:     85.52 MB capacity,    83.98 MB ( 98%) used,     1.25 MB (  1%) free+waste,   291.06 KB ( <1%) overhead. 
      Class:     12.96 MB capacity,    12.09 MB ( 93%) used,   760.80 KB (  6%) free+waste,   127.75 KB ( <1%) overhead. 
       Both:     98.47 MB capacity,    96.07 MB ( 98%) used,     1.99 MB (  2%) free+waste,   418.81 KB ( <1%) overhead. 

Virtual space:
  Non-class space:       86.00 MB reserved,      85.71 MB (>99%) committed 
      Class space:        1.00 GB reserved,      13.00 MB (  1%) committed 
             Both:        1.08 GB reserved,      98.71 MB (  9%) committed 

Chunk freelists:
   Non-Class:  60.00 KB
       Class:  14.00 KB
        Both:  74.00 KB

MaxMetaspaceSize: 17179869184.00 GB
CompressedClassSpaceSize: 1.00 GB
Initial GC threshold: 20.80 MB
Current GC threshold: 98.78 MB
CDS: off

CodeHeap 'non-profiled nmethods': size=120064Kb used=8598Kb max_used=8598Kb free=111465Kb
 bounds [0x000001a217740000, 0x000001a217fb0000, 0x000001a21ec80000]
CodeHeap 'profiled nmethods': size=120000Kb used=28447Kb max_used=28447Kb free=91552Kb
 bounds [0x000001a210210000, 0x000001a211de0000, 0x000001a217740000]
CodeHeap 'non-nmethods': size=5696Kb used=2383Kb max_used=2466Kb free=3313Kb
 bounds [0x000001a20fc80000, 0x000001a20fef0000, 0x000001a210210000]
 total_blobs=13774 nmethods=12875 adapters=811
 compilation: enabled
              stopped_count=0, restarted_count=0
 full_count=0

Compilation events (20 events):
Event: 2679.126 Thread 0x000001a225d84800 nmethod 12881 0x000001a217fa1a10 code [0x000001a217fa1ba0, 0x000001a217fa1c18]
Event: 2679.128 Thread 0x000001a225d85800 12904       3       com.sun.tools.javac.code.Scope$ScopeImpl::<init> (12 bytes)
Event: 2679.128 Thread 0x000001a225d85800 nmethod 12904 0x000001a211dd0e90 code [0x000001a211dd1040, 0x000001a211dd1228]
Event: 2679.129 Thread 0x000001a225d85800 12905       3       com.sun.tools.javac.jvm.ClassReader::indexPool (268 bytes)
Event: 2679.131 Thread 0x000001a225d85800 nmethod 12905 0x000001a211dd1310 code [0x000001a211dd1560, 0x000001a211dd2168]
Event: 2679.131 Thread 0x000001a225d85800 12906       3       com.sun.tools.javac.code.Types$MembersClosureCache$MembersScope::getMark (8 bytes)
Event: 2679.131 Thread 0x000001a225d85800 nmethod 12906 0x000001a211dd2490 code [0x000001a211dd2640, 0x000001a211dd2808]
Event: 2679.215 Thread 0x000001a225d84800 12907       4       jdk.internal.misc.InnocuousThread::eraseThreadLocals (23 bytes)
Event: 2679.216 Thread 0x000001a233629800 nmethod 12870 0x000001a217fa1d10 code [0x000001a217fa1f20, 0x000001a217fa2d78]
Event: 2679.217 Thread 0x000001a225d84800 nmethod 12907 0x000001a217fa3590 code [0x000001a217fa3720, 0x000001a217fa3818]
Event: 2679.218 Thread 0x000001a225d85800 12908       3       com.sun.tools.javac.code.Type$MethodType::asMethodType (2 bytes)
Event: 2679.218 Thread 0x000001a225d85800 nmethod 12908 0x000001a211dd2910 code [0x000001a211dd2ac0, 0x000001a211dd2bb8]
Event: 2679.218 Thread 0x000001a233629800 12909       4       com.sun.tools.javac.util.UnsharedNameTable::fromUtf (232 bytes)
Event: 2679.218 Thread 0x000001a225d85800 12910       3       com.sun.tools.javac.code.Type$MethodType::<init> (25 bytes)
Event: 2679.219 Thread 0x000001a225d84800 12912       4       com.sun.tools.javac.code.Scope$ScopeImpl$$Lambda$1175/0x0000000100cd7840::<init> (26 bytes)
Event: 2679.219 Thread 0x000001a225d85800 nmethod 12910 0x000001a211dd2c90 code [0x000001a211dd2e80, 0x000001a211dd32f8]
Event: 2679.219 Thread 0x000001a225d85800 12911       3       com.sun.tools.javac.jvm.ClassReader::sigToType (880 bytes)
Event: 2679.223 Thread 0x000001a225d85800 nmethod 12911 0x000001a211dd3490 code [0x000001a211dd3a00, 0x000001a211dd6e08]
Event: 2679.225 Thread 0x000001a225d84800 nmethod 12912 0x000001a217fa3890 code [0x000001a217fa3a20, 0x000001a217fa3d98]
Event: 2679.226 Thread 0x000001a225d84800 12913       4       com.sun.tools.javac.code.Scope$ScopeImpl$2::<init> (73 bytes)

GC Heap History (20 events):
Event: 19.984 GC heap before
{Heap before GC invocations=12 (full 0):
 garbage-first heap   total 189440K, used 80848K [0x0000000080000000, 0x0000000100000000)
  region size 1024K, 48 young (49152K), 11 survivors (11264K)
 Metaspace       used 58741K, capacity 60099K, committed 60236K, reserved 1101824K
  class space    used 7416K, capacity 7938K, committed 8064K, reserved 1048576K
}
Event: 20.019 GC heap after
{Heap after GC invocations=13 (full 0):
 garbage-first heap   total 189440K, used 45646K [0x0000000080000000, 0x0000000100000000)
  region size 1024K, 2 young (2048K), 2 survivors (2048K)
 Metaspace       used 58741K, capacity 60099K, committed 60236K, reserved 1101824K
  class space    used 7416K, capacity 7938K, committed 8064K, reserved 1048576K
}
Event: 22.356 GC heap before
{Heap before GC invocations=14 (full 0):
 garbage-first heap   total 189440K, used 117326K [0x0000000080000000, 0x0000000100000000)
  region size 1024K, 72 young (73728K), 2 survivors (2048K)
 Metaspace       used 65992K, capacity 67509K, committed 67788K, reserved 1107968K
  class space    used 8326K, capacity 8925K, committed 8960K, reserved 1048576K
}
Event: 22.376 GC heap after
{Heap after GC invocations=15 (full 0):
 garbage-first heap   total 189440K, used 51791K [0x0000000080000000, 0x0000000100000000)
  region size 1024K, 8 young (8192K), 8 survivors (8192K)
 Metaspace       used 65992K, capacity 67509K, committed 67788K, reserved 1107968K
  class space    used 8326K, capacity 8925K, committed 8960K, reserved 1048576K
}
Event: 24.250 GC heap before
{Heap before GC invocations=15 (full 0):
 garbage-first heap   total 189440K, used 123471K [0x0000000080000000, 0x0000000100000000)
  region size 1024K, 78 young (79872K), 8 survivors (8192K)
 Metaspace       used 70942K, capacity 72583K, committed 72780K, reserved 1112064K
  class space    used 9160K, capacity 9782K, committed 9856K, reserved 1048576K
}
Event: 24.270 GC heap after
{Heap after GC invocations=16 (full 0):
 garbage-first heap   total 189440K, used 56041K [0x0000000080000000, 0x0000000100000000)
  region size 1024K, 6 young (6144K), 6 survivors (6144K)
 Metaspace       used 70942K, capacity 72583K, committed 72780K, reserved 1112064K
  class space    used 9160K, capacity 9782K, committed 9856K, reserved 1048576K
}
Event: 26.884 GC heap before
{Heap before GC invocations=16 (full 0):
 garbage-first heap   total 189440K, used 128745K [0x0000000080000000, 0x0000000100000000)
  region size 1024K, 77 young (78848K), 6 survivors (6144K)
 Metaspace       used 77525K, capacity 79270K, committed 79436K, reserved 1118208K
  class space    used 10114K, capacity 10784K, committed 10880K, reserved 1048576K
}
Event: 26.908 GC heap after
{Heap after GC invocations=17 (full 0):
 garbage-first heap   total 189440K, used 60088K [0x0000000080000000, 0x0000000100000000)
  region size 1024K, 10 young (10240K), 10 survivors (10240K)
 Metaspace       used 77525K, capacity 79270K, committed 79436K, reserved 1118208K
  class space    used 10114K, capacity 10784K, committed 10880K, reserved 1048576K
}
Event: 29.678 GC heap before
{Heap before GC invocations=17 (full 0):
 garbage-first heap   total 189440K, used 133816K [0x0000000080000000, 0x0000000100000000)
  region size 1024K, 82 young (83968K), 10 survivors (10240K)
 Metaspace       used 84019K, capacity 86087K, committed 86220K, reserved 1124352K
  class space    used 10913K, capacity 11682K, committed 11776K, reserved 1048576K
}
Event: 29.707 GC heap after
{Heap after GC invocations=18 (full 0):
 garbage-first heap   total 189440K, used 66886K [0x0000000080000000, 0x0000000100000000)
  region size 1024K, 11 young (11264K), 11 survivors (11264K)
 Metaspace       used 84019K, capacity 86087K, committed 86220K, reserved 1124352K
  class space    used 10913K, capacity 11682K, committed 11776K, reserved 1048576K
}
Event: 31.834 GC heap before
{Heap before GC invocations=18 (full 0):
 garbage-first heap   total 189440K, used 138566K [0x0000000080000000, 0x0000000100000000)
  region size 1024K, 82 young (83968K), 11 survivors (11264K)
 Metaspace       used 85133K, capacity 87217K, committed 87372K, reserved 1124352K
  class space    used 10986K, capacity 11786K, committed 11904K, reserved 1048576K
}
Event: 31.864 GC heap after
{Heap after GC invocations=19 (full 0):
 garbage-first heap   total 189440K, used 72667K [0x0000000080000000, 0x0000000100000000)
  region size 1024K, 6 young (6144K), 6 survivors (6144K)
 Metaspace       used 85133K, capacity 87217K, committed 87372K, reserved 1124352K
  class space    used 10986K, capacity 11786K, committed 11904K, reserved 1048576K
}
Event: 35.256 GC heap before
{Heap before GC invocations=19 (full 0):
 garbage-first heap   total 189440K, used 143323K [0x0000000080000000, 0x0000000100000000)
  region size 1024K, 76 young (77824K), 6 survivors (6144K)
 Metaspace       used 89371K, capacity 91593K, committed 91724K, reserved 1128448K
  class space    used 11341K, capacity 12159K, committed 12160K, reserved 1048576K
}
Event: 35.279 GC heap after
{Heap after GC invocations=20 (full 0):
 garbage-first heap   total 189440K, used 76178K [0x0000000080000000, 0x0000000100000000)
  region size 1024K, 4 young (4096K), 4 survivors (4096K)
 Metaspace       used 89371K, capacity 91593K, committed 91724K, reserved 1128448K
  class space    used 11341K, capacity 12159K, committed 12160K, reserved 1048576K
}
Event: 2225.147 GC heap before
{Heap before GC invocations=20 (full 0):
 garbage-first heap   total 189440K, used 146834K [0x0000000080000000, 0x0000000100000000)
  region size 1024K, 73 young (74752K), 4 survivors (4096K)
 Metaspace       used 89743K, capacity 91940K, committed 92108K, reserved 1128448K
  class space    used 11343K, capacity 12163K, committed 12288K, reserved 1048576K
}
Event: 2225.176 GC heap after
{Heap after GC invocations=21 (full 0):
 garbage-first heap   total 189440K, used 76034K [0x0000000080000000, 0x0000000100000000)
  region size 1024K, 4 young (4096K), 4 survivors (4096K)
 Metaspace       used 89743K, capacity 91940K, committed 92108K, reserved 1128448K
  class space    used 11343K, capacity 12163K, committed 12288K, reserved 1048576K
}
Event: 2676.367 GC heap before
{Heap before GC invocations=21 (full 0):
 garbage-first heap   total 189440K, used 148738K [0x0000000080000000, 0x0000000100000000)
  region size 1024K, 76 young (77824K), 4 survivors (4096K)
 Metaspace       used 91140K, capacity 93364K, committed 93516K, reserved 1130496K
  class space    used 11455K, capacity 12293K, committed 12416K, reserved 1048576K
}
Event: 2676.392 GC heap after
{Heap after GC invocations=22 (full 0):
 garbage-first heap   total 189440K, used 82765K [0x0000000080000000, 0x0000000100000000)
  region size 1024K, 10 young (10240K), 10 survivors (10240K)
 Metaspace       used 91140K, capacity 93364K, committed 93516K, reserved 1130496K
  class space    used 11455K, capacity 12293K, committed 12416K, reserved 1048576K
}
Event: 2679.134 GC heap before
{Heap before GC invocations=22 (full 0):
 garbage-first heap   total 189440K, used 143181K [0x0000000080000000, 0x0000000100000000)
  region size 1024K, 69 young (70656K), 10 survivors (10240K)
 Metaspace       used 98343K, capacity 100767K, committed 100820K, reserved 1136640K
  class space    used 12369K, capacity 13265K, committed 13312K, reserved 1048576K
}
Event: 2679.212 GC heap after
{Heap after GC invocations=23 (full 0):
 garbage-first heap   total 189440K, used 93610K [0x0000000080000000, 0x0000000100000000)
  region size 1024K, 9 young (9216K), 9 survivors (9216K)
 Metaspace       used 98343K, capacity 100767K, committed 100820K, reserved 1136640K
  class space    used 12369K, capacity 13265K, committed 13312K, reserved 1048576K
}

Deoptimization events (20 events):
Event: 2678.661 Thread 0x000001a2289a0800 Uncommon trap: trap_request=0xffffff4d fr.pc=0x000001a2177c4c4c relative=0x00000000000003cc
Event: 2678.661 Thread 0x000001a2289a0800 Uncommon trap: reason=unstable_if action=reinterpret pc=0x000001a2177c4c4c method=sun.nio.fs.WindowsPathParser.normalize(Ljava/lang/StringBuilder;Ljava/lang/String;I)Ljava/lang/String; @ 100 c2
Event: 2678.661 Thread 0x000001a2289a0800 DEOPT PACKING pc=0x000001a2177c4c4c sp=0x0000005030ff82e0
Event: 2678.661 Thread 0x000001a2289a0800 DEOPT UNPACKING pc=0x000001a20fcca1af sp=0x0000005030ff82e0 mode 2
Event: 2678.911 Thread 0x000001a2289a0800 Uncommon trap: trap_request=0xffffff4d fr.pc=0x000001a217f7f5b4 relative=0x0000000000000174
Event: 2678.911 Thread 0x000001a2289a0800 Uncommon trap: reason=unstable_if action=reinterpret pc=0x000001a217f7f5b4 method=com.sun.tools.javac.file.BaseFileManager.getKind(Ljava/lang/String;)Ljavax/tools/JavaFileObject$Kind; @ 10 c2
Event: 2678.911 Thread 0x000001a2289a0800 DEOPT PACKING pc=0x000001a217f7f5b4 sp=0x0000005030ff98d0
Event: 2678.911 Thread 0x000001a2289a0800 DEOPT UNPACKING pc=0x000001a20fcca1af sp=0x0000005030ff9878 mode 2
Event: 2679.132 Thread 0x000001a2289a0800 Uncommon trap: trap_request=0xffffff4d fr.pc=0x000001a217f8f0d8 relative=0x0000000000003558
Event: 2679.132 Thread 0x000001a2289a0800 Uncommon trap: reason=unstable_if action=reinterpret pc=0x000001a217f8f0d8 method=com.sun.tools.javac.jvm.ClassReader.sigToType()Lcom/sun/tools/javac/code/Type; @ 10 c2
Event: 2679.132 Thread 0x000001a2289a0800 DEOPT PACKING pc=0x000001a217f8f0d8 sp=0x0000005030ff6cf0
Event: 2679.132 Thread 0x000001a2289a0800 DEOPT UNPACKING pc=0x000001a20fcca1af sp=0x0000005030ff6cf0 mode 2
Event: 2679.132 Thread 0x000001a2289a0800 Uncommon trap: trap_request=0xffffff4d fr.pc=0x000001a217f8b204 relative=0x0000000000000064
Event: 2679.132 Thread 0x000001a2289a0800 Uncommon trap: reason=unstable_if action=reinterpret pc=0x000001a217f8b204 method=com.sun.tools.javac.jvm.Code.width(I)I @ 1 c2
Event: 2679.132 Thread 0x000001a2289a0800 DEOPT PACKING pc=0x000001a217f8b204 sp=0x0000005030ff6d00
Event: 2679.132 Thread 0x000001a2289a0800 DEOPT UNPACKING pc=0x000001a20fcca1af sp=0x0000005030ff6c88 mode 2
Event: 2679.218 Thread 0x000001a2289a0800 Uncommon trap: trap_request=0xfffffff4 fr.pc=0x000001a217f85148 relative=0x0000000000000dc8
Event: 2679.218 Thread 0x000001a2289a0800 Uncommon trap: reason=null_check action=make_not_entrant pc=0x000001a217f85148 method=com.sun.tools.javac.util.UnsharedNameTable.fromUtf([BII)Lcom/sun/tools/javac/util/Name; @ 50 c2
Event: 2679.218 Thread 0x000001a2289a0800 DEOPT PACKING pc=0x000001a217f85148 sp=0x0000005030ff6c10
Event: 2679.218 Thread 0x000001a2289a0800 DEOPT UNPACKING pc=0x000001a20fcca1af sp=0x0000005030ff6bb8 mode 2

Classes redefined (0 events):
No events

Internal exceptions (20 events):
Event: 2678.836 Thread 0x000001a2289a0800 Exception <a 'sun/nio/fs/WindowsException'{0x00000000884f2f58}> (0x00000000884f2f58) thrown at [./src/hotspot/share/prims/jni.cpp, line 615]
Event: 2678.837 Thread 0x000001a2289a0800 Exception <a 'sun/nio/fs/WindowsException'{0x00000000884f30c0}> (0x00000000884f30c0) thrown at [./src/hotspot/share/prims/jni.cpp, line 615]
Event: 2678.846 Thread 0x000001a2289a0800 Exception <a 'sun/nio/fs/WindowsException'{0x00000000883230c0}> (0x00000000883230c0) thrown at [./src/hotspot/share/prims/jni.cpp, line 615]
Event: 2678.846 Thread 0x000001a2289a0800 Exception <a 'sun/nio/fs/WindowsException'{0x0000000088323228}> (0x0000000088323228) thrown at [./src/hotspot/share/prims/jni.cpp, line 615]
Event: 2678.860 Thread 0x000001a2289a0800 Exception <a 'sun/nio/fs/WindowsException'{0x000000008836b320}> (0x000000008836b320) thrown at [./src/hotspot/share/prims/jni.cpp, line 615]
Event: 2678.860 Thread 0x000001a2289a0800 Exception <a 'sun/nio/fs/WindowsException'{0x000000008836b488}> (0x000000008836b488) thrown at [./src/hotspot/share/prims/jni.cpp, line 615]
Event: 2678.914 Thread 0x000001a2289a0800 Exception <a 'sun/nio/fs/WindowsException'{0x0000000088210e50}> (0x0000000088210e50) thrown at [./src/hotspot/share/prims/jni.cpp, line 615]
Event: 2678.914 Thread 0x000001a2289a0800 Exception <a 'sun/nio/fs/WindowsException'{0x0000000088210fa0}> (0x0000000088210fa0) thrown at [./src/hotspot/share/prims/jni.cpp, line 615]
Event: 2678.925 Thread 0x000001a2289a0800 Exception <a 'sun/nio/fs/WindowsException'{0x000000008829f270}> (0x000000008829f270) thrown at [./src/hotspot/share/prims/jni.cpp, line 615]
Event: 2678.925 Thread 0x000001a2289a0800 Exception <a 'sun/nio/fs/WindowsException'{0x000000008829f3c0}> (0x000000008829f3c0) thrown at [./src/hotspot/share/prims/jni.cpp, line 615]
Event: 2678.957 Thread 0x000001a2289a0800 Exception <a 'sun/nio/fs/WindowsException'{0x00000000882fa6f0}> (0x00000000882fa6f0) thrown at [./src/hotspot/share/prims/jni.cpp, line 615]
Event: 2678.957 Thread 0x000001a2289a0800 Exception <a 'sun/nio/fs/WindowsException'{0x00000000882fa858}> (0x00000000882fa858) thrown at [./src/hotspot/share/prims/jni.cpp, line 615]
Event: 2678.968 Thread 0x000001a2289a0800 Exception <a 'sun/nio/fs/WindowsException'{0x0000000088183f20}> (0x0000000088183f20) thrown at [./src/hotspot/share/prims/jni.cpp, line 615]
Event: 2678.968 Thread 0x000001a2289a0800 Exception <a 'sun/nio/fs/WindowsException'{0x0000000088184078}> (0x0000000088184078) thrown at [./src/hotspot/share/prims/jni.cpp, line 615]
Event: 2679.033 Thread 0x000001a2289a0800 Exception <a 'sun/nio/fs/WindowsException'{0x00000000881f3258}> (0x00000000881f3258) thrown at [./src/hotspot/share/prims/jni.cpp, line 615]
Event: 2679.034 Thread 0x000001a2289a0800 Exception <a 'sun/nio/fs/WindowsException'{0x00000000881f33d8}> (0x00000000881f33d8) thrown at [./src/hotspot/share/prims/jni.cpp, line 615]
Event: 2679.075 Thread 0x000001a2289a0800 Exception <a 'java/lang/NoSuchMethodError'{0x00000000880a56b0}: 'int java.lang.invoke.DirectMethodHandle$Holder.invokeVirtual(java.lang.Object, java.lang.Object, java.lang.Object, java.lang.Object)'> (0x00000000880a56b0) thrown at [./src/hotspot/share/interpreter/linkResolver.cpp, line 773]
Event: 2679.125 Thread 0x000001a2289a0800 Exception <a 'sun/nio/fs/WindowsException'{0x0000000087fd2d78}> (0x0000000087fd2d78) thrown at [./src/hotspot/share/prims/jni.cpp, line 615]
Event: 2679.125 Thread 0x000001a2289a0800 Exception <a 'sun/nio/fs/WindowsException'{0x0000000087fd2ed0}> (0x0000000087fd2ed0) thrown at [./src/hotspot/share/prims/jni.cpp, line 615]
Event: 2679.218 Thread 0x000001a2289a0800 Implicit null exception at 0x000001a217f8497b to 0x000001a217f85104

Events (20 events):
Event: 2679.119 loading class com/sun/tools/javac/comp/ArgumentAttr
Event: 2679.119 loading class com/sun/tools/javac/comp/ArgumentAttr done
Event: 2679.119 loading class com/sun/tools/javac/tree/JCTree$JCExpression
Event: 2679.119 loading class com/sun/tools/javac/tree/JCTree$JCExpression done
Event: 2679.119 loading class com/sun/tools/javac/comp/ArgumentAttr$ArgumentType
Event: 2679.119 loading class com/sun/tools/javac/comp/ArgumentAttr$ArgumentType done
Event: 2679.119 loading class com/sun/tools/javac/comp/ArgumentAttr
Event: 2679.119 loading class com/sun/tools/javac/comp/ArgumentAttr done
Event: 2679.122 loading class com/sun/tools/javac/tree/JCTree
Event: 2679.122 loading class com/sun/tools/javac/tree/JCTree done
Event: 2679.122 loading class com/sun/tools/javac/tree/JCTree
Event: 2679.122 loading class com/sun/tools/javac/tree/JCTree done
Event: 2679.122 loading class com/sun/tools/javac/comp/DeferredAttr
Event: 2679.122 loading class com/sun/tools/javac/comp/DeferredAttr done
Event: 2679.132 loading class com/sun/tools/javac/code/DeferredCompletionFailureHandler$FlipSymbolDescription
Event: 2679.132 loading class com/sun/tools/javac/code/DeferredCompletionFailureHandler$FlipSymbolDescription done
Event: 2679.132 loading class com/sun/tools/javac/code/DeferredCompletionFailureHandler$FlipSymbolDescription
Event: 2679.132 loading class com/sun/tools/javac/code/DeferredCompletionFailureHandler$FlipSymbolDescription done
Event: 2679.134 Executing VM operation: CollectForMetadataAllocation
Event: 2679.212 Executing VM operation: CollectForMetadataAllocation done


Dynamic libraries:
0x00007ff6a9fc0000 - 0x00007ff6a9fca000 	C:\Program Files\Android\Android Studio\jre\bin\java.exe
0x00007ffa999a0000 - 0x00007ffa99ba9000 	C:\Windows\SYSTEM32\ntdll.dll
0x00007ffa99230000 - 0x00007ffa992ed000 	C:\Windows\System32\KERNEL32.DLL
0x00007ffa97140000 - 0x00007ffa974b4000 	C:\Windows\System32\KERNELBASE.dll
0x00007ffa97540000 - 0x00007ffa97651000 	C:\Windows\System32\ucrtbase.dll
0x00007ffa6b760000 - 0x00007ffa6b779000 	C:\Program Files\Android\Android Studio\jre\bin\jli.dll
0x00007ffa98e90000 - 0x00007ffa9903c000 	C:\Windows\System32\USER32.dll
0x00007ffa96e90000 - 0x00007ffa96eb6000 	C:\Windows\System32\win32u.dll
0x00007ffa98310000 - 0x00007ffa98339000 	C:\Windows\System32\GDI32.dll
0x00007ffa96f60000 - 0x00007ffa97072000 	C:\Windows\System32\gdi32full.dll
0x00007ffa96ec0000 - 0x00007ffa96f5d000 	C:\Windows\System32\msvcp_win.dll
0x00007ffa6b6a0000 - 0x00007ffa6b6b7000 	C:\Program Files\Android\Android Studio\jre\bin\VCRUNTIME140.dll
0x00007ffa6f5a0000 - 0x00007ffa6f845000 	C:\Windows\WinSxS\amd64_microsoft.windows.common-controls_6595b64144ccf1df_6.0.22000.120_none_9d947278b86cc467\COMCTL32.dll
0x00007ffa98b70000 - 0x00007ffa98c13000 	C:\Windows\System32\msvcrt.dll
0x00007ffa98e50000 - 0x00007ffa98e81000 	C:\Windows\System32\IMM32.DLL
0x00007ffa66570000 - 0x00007ffa6660d000 	C:\Program Files\Android\Android Studio\jre\bin\msvcp140.dll
0x00007ffa5bcd0000 - 0x00007ffa5c7b5000 	C:\Program Files\Android\Android Studio\jre\bin\server\jvm.dll
0x00007ffa998b0000 - 0x00007ffa9995e000 	C:\Windows\System32\ADVAPI32.dll
0x00007ffa992f0000 - 0x00007ffa9938e000 	C:\Windows\System32\sechost.dll
0x00007ffa98d30000 - 0x00007ffa98e50000 	C:\Windows\System32\RPCRT4.dll
0x00007ffa99040000 - 0x00007ffa99048000 	C:\Windows\System32\PSAPI.DLL
0x00007ffa93e40000 - 0x00007ffa93e49000 	C:\Windows\SYSTEM32\WSOCK32.dll
0x00007ffa98180000 - 0x00007ffa981ef000 	C:\Windows\System32\WS2_32.dll
0x00007ffa8d260000 - 0x00007ffa8d293000 	C:\Windows\SYSTEM32\WINMM.dll
0x00007ffa84cf0000 - 0x00007ffa84cfa000 	C:\Windows\SYSTEM32\VERSION.dll
0x00007ffa95100000 - 0x00007ffa95118000 	C:\Windows\SYSTEM32\kernel.appcore.dll
0x00007ffa8b860000 - 0x00007ffa8b871000 	C:\Program Files\Android\Android Studio\jre\bin\verify.dll
0x00007ffa8f3f0000 - 0x00007ffa8f611000 	C:\Windows\SYSTEM32\DBGHELP.DLL
0x00007ffa82d90000 - 0x00007ffa82dc1000 	C:\Windows\SYSTEM32\dbgcore.DLL
0x00007ffa974c0000 - 0x00007ffa9753f000 	C:\Windows\System32\bcryptPrimitives.dll
0x00007ffa8a360000 - 0x00007ffa8a389000 	C:\Program Files\Android\Android Studio\jre\bin\java.dll
0x00007ffa8a350000 - 0x00007ffa8a35b000 	C:\Program Files\Android\Android Studio\jre\bin\jimage.dll
0x00007ffa8a330000 - 0x00007ffa8a348000 	C:\Program Files\Android\Android Studio\jre\bin\zip.dll
0x00007ffa979d0000 - 0x00007ffa9817e000 	C:\Windows\System32\SHELL32.dll
0x00007ffa95120000 - 0x00007ffa95987000 	C:\Windows\SYSTEM32\windows.storage.dll
0x00007ffa99390000 - 0x00007ffa99708000 	C:\Windows\System32\combase.dll
0x00007ffa94f90000 - 0x00007ffa950f6000 	C:\Windows\SYSTEM32\wintypes.dll
0x00007ffa98210000 - 0x00007ffa982fa000 	C:\Windows\System32\SHCORE.dll
0x00007ffa97970000 - 0x00007ffa979cd000 	C:\Windows\System32\shlwapi.dll
0x00007ffa96dc0000 - 0x00007ffa96de1000 	C:\Windows\SYSTEM32\profapi.dll
0x00007ffa8a310000 - 0x00007ffa8a32a000 	C:\Program Files\Android\Android Studio\jre\bin\net.dll
0x00007ffa8b950000 - 0x00007ffa8ba5c000 	C:\Windows\SYSTEM32\WINHTTP.dll
0x00007ffa964b0000 - 0x00007ffa96517000 	C:\Windows\system32\mswsock.dll
0x00007ffa76230000 - 0x00007ffa76244000 	C:\Program Files\Android\Android Studio\jre\bin\nio.dll
0x00007ffa6ab40000 - 0x00007ffa6ab67000 	C:\Users\Admin\.gradle\native\e1d6ef7f7dcc3fd88c89a11ec53ec762bb8ba0a96d01ffa2cd45eb1d1d8dd5c5\windows-amd64\native-platform.dll
0x00007ffa4c080000 - 0x00007ffa4c1c4000 	C:\Users\Admin\.gradle\native\5664cfc778a61ccfe75a443a1ab52a65af34e5dc3c78e0209fed803814484fcb\windows-amd64\native-platform-file-events.dll
0x00007ffa761e0000 - 0x00007ffa761ea000 	C:\Program Files\Android\Android Studio\jre\bin\management.dll
0x00007ffa761d0000 - 0x00007ffa761dd000 	C:\Program Files\Android\Android Studio\jre\bin\management_ext.dll
0x00007ffa966f0000 - 0x00007ffa96708000 	C:\Windows\SYSTEM32\CRYPTSP.dll
0x00007ffa96080000 - 0x00007ffa960b5000 	C:\Windows\system32\rsaenh.dll
0x00007ffa965a0000 - 0x00007ffa965c9000 	C:\Windows\SYSTEM32\USERENV.dll
0x00007ffa96870000 - 0x00007ffa96897000 	C:\Windows\SYSTEM32\bcrypt.dll
0x00007ffa96710000 - 0x00007ffa9671c000 	C:\Windows\SYSTEM32\CRYPTBASE.dll
0x00007ffa95c20000 - 0x00007ffa95c4d000 	C:\Windows\SYSTEM32\IPHLPAPI.DLL
0x00007ffa98300000 - 0x00007ffa98309000 	C:\Windows\System32\NSI.dll
0x00007ffa8b810000 - 0x00007ffa8b829000 	C:\Windows\SYSTEM32\dhcpcsvc6.DLL
0x00007ffa8bb80000 - 0x00007ffa8bb9e000 	C:\Windows\SYSTEM32\dhcpcsvc.DLL
0x00007ffa95c50000 - 0x00007ffa95d37000 	C:\Windows\SYSTEM32\DNSAPI.dll

dbghelp: loaded successfully - version: 4.0.5 - missing functions: none
symbol engine: initialized successfully - sym options: 0x614 - pdb path: .;C:\Program Files\Android\Android Studio\jre\bin;C:\Windows\SYSTEM32;C:\Windows\WinSxS\amd64_microsoft.windows.common-controls_6595b64144ccf1df_6.0.22000.120_none_9d947278b86cc467;C:\Program Files\Android\Android Studio\jre\bin\server;C:\Users\Admin\.gradle\native\e1d6ef7f7dcc3fd88c89a11ec53ec762bb8ba0a96d01ffa2cd45eb1d1d8dd5c5\windows-amd64;C:\Users\Admin\.gradle\native\5664cfc778a61ccfe75a443a1ab52a65af34e5dc3c78e0209fed803814484fcb\windows-amd64

VM Arguments:
jvm_args: --add-opens=java.base/java.util=ALL-UNNAMED --add-opens=java.base/java.lang=ALL-UNNAMED --add-opens=java.base/java.lang.invoke=ALL-UNNAMED --add-opens=java.base/java.util=ALL-UNNAMED --add-opens=java.prefs/java.util.prefs=ALL-UNNAMED --add-opens=java.prefs/java.util.prefs=ALL-UNNAMED --add-opens=java.base/java.nio.charset=ALL-UNNAMED --add-opens=java.base/java.net=ALL-UNNAMED --add-opens=java.base/java.util.concurrent.atomic=ALL-UNNAMED -Xmx2048m -Dfile.encoding=UTF-8 -Duser.country=US -Duser.language=en -Duser.variant 
java_command: org.gradle.launcher.daemon.bootstrap.GradleDaemon 7.3.3
java_class_path (initial): C:\Users\Admin\.gradle\wrapper\dists\gradle-7.3.3-bin\6a41zxkdtcxs8rphpq6y0069z\gradle-7.3.3\lib\gradle-launcher-7.3.3.jar
Launcher Type: SUN_STANDARD

[Global flags]
     intx CICompilerCount                          = 3                                         {product} {ergonomic}
     uint ConcGCThreads                            = 1                                         {product} {ergonomic}
     uint G1ConcRefinementThreads                  = 4                                         {product} {ergonomic}
   size_t G1HeapRegionSize                         = 1048576                                   {product} {ergonomic}
    uintx GCDrainStackTargetSize                   = 64                                        {product} {ergonomic}
   size_t InitialHeapSize                          = 134217728                                 {product} {ergonomic}
   size_t MarkStackSize                            = 4194304                                   {product} {ergonomic}
   size_t MaxHeapSize                              = 2147483648                                {product} {command line}
   size_t MaxNewSize                               = 1287651328                                {product} {ergonomic}
   size_t MinHeapDeltaBytes                        = 1048576                                   {product} {ergonomic}
    uintx NonNMethodCodeHeapSize                   = 5830732                                {pd product} {ergonomic}
    uintx NonProfiledCodeHeapSize                  = 122913754                              {pd product} {ergonomic}
    uintx ProfiledCodeHeapSize                     = 122913754                              {pd product} {ergonomic}
    uintx ReservedCodeCacheSize                    = 251658240                              {pd product} {ergonomic}
     bool SegmentedCodeCache                       = true                                      {product} {ergonomic}
     bool UseCompressedClassPointers               = true                                 {lp64_product} {ergonomic}
     bool UseCompressedOops                        = true                                 {lp64_product} {ergonomic}
     bool UseG1GC                                  = true                                      {product} {ergonomic}
     bool UseLargePagesIndividualAllocation        = false                                  {pd product} {ergonomic}

Logging:
Log output configuration:
 #0: stdout all=warning uptime,level,tags
 #1: stderr all=off uptime,level,tags

Environment Variables:
PATH=C:\Program Files\Common Files\Oracle\Java\javapath;C:\Program Files (x86)\Common Files\Oracle\Java\javapath;C:\Windows\system32;C:\Windows;C:\Windows\System32\Wbem;C:\Windows\System32\WindowsPowerShell\v1.0\;C:\Windows\System32\OpenSSH\;C:\Program Files (x86)\Intel\Intel(R) Management Engine Components\DAL;C:\Program Files\Intel\Intel(R) Management Engine Components\DAL;C:\Program Files\Git\cmd;C:\Users\Admin\AppData\Local\Microsoft\WindowsApps;C:\Users\Admin\AppData\Local\Programs\Microsoft VS Code\bin;C:\Users\Admin\AppData\Local\atom\bin;C:\Users\Admin\AppData\Local\GitHubDesktop\bin
USERNAME=Admin
OS=Windows_NT
PROCESSOR_IDENTIFIER=Intel64 Family 6 Model 78 Stepping 3, GenuineIntel



---------------  S Y S T E M  ---------------

OS: Windows 10 , 64 bit Build 22000 (10.0.22000.434)
OS uptime: 0 days 13:09 hours

CPU:total 4 (initial active 4) (2 cores per cpu, 2 threads per core) family 6 model 78 stepping 3 microcode 0xd6, cmov, cx8, fxsr, mmx, sse, sse2, sse3, ssse3, sse4.1, sse4.2, popcnt, avx, avx2, aes, clmul, erms, rtm, 3dnowpref, lzcnt, ht, tsc, tscinvbit, bmi1, bmi2, adx, fma

Memory: 4k page, system-wide physical 8072M (783M free)
TotalPageFile size 8072M (AvailPageFile size 3M)
current process WorkingSet (physical memory assigned to process): 342M, peak: 450M
current process commit charge ("private bytes"): 483M, peak: 511M

vm_info: OpenJDK 64-Bit Server VM (11.0.12+7-b1504.28-7817840) for windows-amd64 JRE (11.0.12+7-b1504.28-7817840), built on Oct 13 2021 22:12:33 by "builder" with MS VC++ 14.0 (VS2015)

END.
