#
# There is insufficient memory for the Java Runtime Environment to continue.
# Native memory allocation (malloc) failed to allocate 1096256 bytes for Chunk::new
# Possible reasons:
#   The system is out of physical RAM or swap space
#   The process is running with CompressedOops enabled, and the Java Heap may be blocking the growth of the native heap
# Possible solutions:
#   Reduce memory load on the system
#   Increase physical memory or swap space
#   Check if swap backing store is full
#   Decrease Java heap size (-Xmx/-Xms)
#   Decrease number of Java threads
#   Decrease Java thread stack sizes (-Xss)
#   Set larger code cache with -XX:ReservedCodeCacheSize=
#   JVM is running with Unscaled Compressed Oops mode in which the Java heap is
#     placed in the first 4GB address space. The Java Heap base address is the
#     maximum limit for the native heap growth. Please use -XX:HeapBaseMinAddress
#     to set the Java Heap base and to place the Java Heap above 4GB virtual address.
# This output file may be truncated or incomplete.
#
#  Out of Memory Error (./src/hotspot/share/memory/arena.cpp:197), pid=12796, tid=7092
#
# JRE version: OpenJDK Runtime Environment (11.0.12+7) (build 11.0.12+7-b1504.28-7817840)
# Java VM: OpenJDK 64-Bit Server VM (11.0.12+7-b1504.28-7817840, mixed mode, tiered, compressed oops, g1 gc, windows-amd64)
# No core dump will be written. Minidumps are not enabled by default on client versions of Windows
#

---------------  S U M M A R Y ------------

Command Line: --add-opens=java.base/java.util=ALL-UNNAMED --add-opens=java.base/java.lang=ALL-UNNAMED --add-opens=java.base/java.lang.invoke=ALL-UNNAMED --add-opens=java.base/java.util=ALL-UNNAMED --add-opens=java.prefs/java.util.prefs=ALL-UNNAMED --add-opens=java.prefs/java.util.prefs=ALL-UNNAMED --add-opens=java.base/java.nio.charset=ALL-UNNAMED --add-opens=java.base/java.net=ALL-UNNAMED --add-opens=java.base/java.util.concurrent.atomic=ALL-UNNAMED -Xmx2048m -Dfile.encoding=UTF-8 -Duser.country=US -Duser.language=en -Duser.variant org.gradle.launcher.daemon.bootstrap.GradleDaemon 7.3.3

Host: Intel(R) Core(TM) i7-6600U CPU @ 2.60GHz, 4 cores, 7G,  Windows 10 , 64 bit Build 22000 (10.0.22000.434)
Time: Mon Aug  8 01:05:35 2022 Egypt Standard Time elapsed time: 13.283729 seconds (0d 0h 0m 13s)

---------------  T H R E A D  ---------------

Current thread (0x000001f7862e3800):  JavaThread "C2 CompilerThread0" daemon [_thread_in_native, id=7092, stack(0x000000ec4ab00000,0x000000ec4ac00000)]


Current CompileTask:
C2:  13283 3700   !   4       java.net.URLClassLoader$1::run (63 bytes)

Stack: [0x000000ec4ab00000,0x000000ec4ac00000]
Native frames: (J=compiled Java code, j=interpreted, Vv=VM code, C=native code)
V  [jvm.dll+0x5fbcea]
V  [jvm.dll+0x731905]
V  [jvm.dll+0x732f1d]
V  [jvm.dll+0x7335d3]
V  [jvm.dll+0x247bf8]
V  [jvm.dll+0xc018c]
V  [jvm.dll+0xc06cc]
V  [jvm.dll+0x2bcc04]
V  [jvm.dll+0x5113a8]
V  [jvm.dll+0x208303]
V  [jvm.dll+0x201fe0]
V  [jvm.dll+0x1ff71f]
V  [jvm.dll+0x18868c]
V  [jvm.dll+0x20e0d7]
V  [jvm.dll+0x20c901]
V  [jvm.dll+0x6f9b7f]
V  [jvm.dll+0x6f26a5]
V  [jvm.dll+0x5fabf6]
C  [ucrtbase.dll+0x26c0c]
C  [KERNEL32.DLL+0x154e0]
C  [ntdll.dll+0x485b]


---------------  P R O C E S S  ---------------

Threads class SMR info:
_java_thread_list=0x000001f78c95d700, length=35, elements={
0x000001f7ec622800, 0x000001f7862c0000, 0x000001f7862c3000, 0x000001f786c52800,
0x000001f7862e0000, 0x000001f7862e0800, 0x000001f7862e3800, 0x000001f78630a800,
0x000001f786c92000, 0x000001f786d89800, 0x000001f788723800, 0x000001f788ca6000,
0x000001f789dc5800, 0x000001f787ad6000, 0x000001f7880ac800, 0x000001f789618000,
0x000001f788736800, 0x000001f788737800, 0x000001f7887a0800, 0x000001f788ec9800,
0x000001f788ecd800, 0x000001f788ec8000, 0x000001f788ecb000, 0x000001f788eca800,
0x000001f788ecc000, 0x000001f788ecc800, 0x000001f788ec8800, 0x000001f788ece800,
0x000001f789bcb000, 0x000001f789bc9000, 0x000001f78c38f800, 0x000001f789bcc800,
0x000001f789bc6800, 0x000001f789bc8800, 0x000001f789bc7800
}

Java Threads: ( => current thread )
  0x000001f7ec622800 JavaThread "main" [_thread_blocked, id=12452, stack(0x000000ec49f00000,0x000000ec4a000000)]
  0x000001f7862c0000 JavaThread "Reference Handler" daemon [_thread_blocked, id=11980, stack(0x000000ec4a600000,0x000000ec4a700000)]
  0x000001f7862c3000 JavaThread "Finalizer" daemon [_thread_blocked, id=12556, stack(0x000000ec4a700000,0x000000ec4a800000)]
  0x000001f786c52800 JavaThread "Signal Dispatcher" daemon [_thread_blocked, id=12752, stack(0x000000ec4a800000,0x000000ec4a900000)]
  0x000001f7862e0000 JavaThread "Attach Listener" daemon [_thread_blocked, id=12868, stack(0x000000ec4a900000,0x000000ec4aa00000)]
  0x000001f7862e0800 JavaThread "Service Thread" daemon [_thread_blocked, id=1608, stack(0x000000ec4aa00000,0x000000ec4ab00000)]
=>0x000001f7862e3800 JavaThread "C2 CompilerThread0" daemon [_thread_in_native, id=7092, stack(0x000000ec4ab00000,0x000000ec4ac00000)]
  0x000001f78630a800 JavaThread "C1 CompilerThread0" daemon [_thread_blocked, id=12688, stack(0x000000ec4ac00000,0x000000ec4ad00000)]
  0x000001f786c92000 JavaThread "Sweeper thread" daemon [_thread_blocked, id=11184, stack(0x000000ec4ad00000,0x000000ec4ae00000)]
  0x000001f786d89800 JavaThread "Common-Cleaner" daemon [_thread_blocked, id=12416, stack(0x000000ec4ae00000,0x000000ec4af00000)]
  0x000001f788723800 JavaThread "Daemon health stats" [_thread_blocked, id=12636, stack(0x000000ec4b300000,0x000000ec4b400000)]
  0x000001f788ca6000 JavaThread "Incoming local TCP Connector on port 49772" [_thread_in_native, id=1252, stack(0x000000ec4b000000,0x000000ec4b100000)]
  0x000001f789dc5800 JavaThread "Daemon periodic checks" [_thread_blocked, id=6572, stack(0x000000ec4b500000,0x000000ec4b600000)]
  0x000001f787ad6000 JavaThread "Daemon" [_thread_blocked, id=13024, stack(0x000000ec4b600000,0x000000ec4b700000)]
  0x000001f7880ac800 JavaThread "Handler for socket connection from /127.0.0.1:49772 to /127.0.0.1:49773" [_thread_in_native, id=12644, stack(0x000000ec4b700000,0x000000ec4b800000)]
  0x000001f789618000 JavaThread "Cancel handler" [_thread_blocked, id=1232, stack(0x000000ec4b800000,0x000000ec4b900000)]
  0x000001f788736800 JavaThread "Daemon worker" [_thread_in_native_trans, id=7748, stack(0x000000ec4b900000,0x000000ec4ba00000)]
  0x000001f788737800 JavaThread "Asynchronous log dispatcher for DefaultDaemonConnection: socket connection from /127.0.0.1:49772 to /127.0.0.1:49773" [_thread_blocked, id=8016, stack(0x000000ec4ba00000,0x000000ec4bb00000)]
  0x000001f7887a0800 JavaThread "Stdin handler" [_thread_blocked, id=12420, stack(0x000000ec4bb00000,0x000000ec4bc00000)]
  0x000001f788ec9800 JavaThread "Daemon client event forwarder" [_thread_blocked, id=9492, stack(0x000000ec4bc00000,0x000000ec4bd00000)]
  0x000001f788ecd800 JavaThread "Cache worker for journal cache (C:\Users\Admin\.gradle\caches\journal-1)" [_thread_blocked, id=10856, stack(0x000000ec4bd00000,0x000000ec4be00000)]
  0x000001f788ec8000 JavaThread "File lock request listener" [_thread_in_native, id=3880, stack(0x000000ec4be00000,0x000000ec4bf00000)]
  0x000001f788ecb000 JavaThread "Cache worker for file hash cache (C:\Users\Admin\.gradle\caches\7.3.3\fileHashes)" [_thread_blocked, id=3064, stack(0x000000ec4bf00000,0x000000ec4c000000)]
  0x000001f788eca800 JavaThread "Cache worker for file hash cache (C:\Users\Admin\Desktop\jana\MyApplication2\.gradle\7.3.3\fileHashes)" [_thread_blocked, id=12276, stack(0x000000ec4c100000,0x000000ec4c200000)]
  0x000001f788ecc000 JavaThread "File watcher server" daemon [_thread_in_native, id=3804, stack(0x000000ec4c000000,0x000000ec4c100000)]
  0x000001f788ecc800 JavaThread "File watcher consumer" daemon [_thread_blocked, id=8500, stack(0x000000ec4c200000,0x000000ec4c300000)]
  0x000001f788ec8800 JavaThread "Cache worker for checksums cache (C:\Users\Admin\Desktop\jana\MyApplication2\.gradle\7.3.3\checksums)" [_thread_blocked, id=12812, stack(0x000000ec4c300000,0x000000ec4c400000)]
  0x000001f788ece800 JavaThread "Cache worker for cache directory md-supplier (C:\Users\Admin\.gradle\caches\7.3.3\md-supplier)" [_thread_blocked, id=8184, stack(0x000000ec4c400000,0x000000ec4c500000)]
  0x000001f789bcb000 JavaThread "Cache worker for cache directory md-rule (C:\Users\Admin\.gradle\caches\7.3.3\md-rule)" [_thread_blocked, id=4312, stack(0x000000ec4c500000,0x000000ec4c600000)]
  0x000001f789bc9000 JavaThread "Cache worker for execution history cache (C:\Users\Admin\.gradle\caches\7.3.3\executionHistory)" [_thread_blocked, id=1776, stack(0x000000ec4c600000,0x000000ec4c700000)]
  0x000001f78c38f800 JavaThread "C2 CompilerThread1" daemon [_thread_in_native, id=7692, stack(0x000000ec4c700000,0x000000ec4c800000)]
  0x000001f789bcc800 JavaThread "jar transforms" [_thread_blocked, id=7788, stack(0x000000ec4c800000,0x000000ec4c900000)]
  0x000001f789bc6800 JavaThread "Cache worker for file content cache (C:\Users\Admin\.gradle\caches\7.3.3\fileContent)" [_thread_blocked, id=10112, stack(0x000000ec4c900000,0x000000ec4ca00000)]
  0x000001f789bc8800 JavaThread "jar transforms Thread 2" [_thread_blocked, id=10884, stack(0x000000ec4ca00000,0x000000ec4cb00000)]
  0x000001f789bc7800 JavaThread "Cache worker for dependencies-accessors (C:\Users\Admin\Desktop\jana\MyApplication2\.gradle\7.3.3\dependencies-accessors)" [_thread_blocked, id=3984, stack(0x000000ec4cb00000,0x000000ec4cc00000)]

Other Threads:
  0x000001f7862ba800 VMThread "VM Thread" [stack: 0x000000ec4a500000,0x000000ec4a600000] [id=12616]
  0x000001f786d9c800 WatcherThread [stack: 0x000000ec4af00000,0x000000ec4b000000] [id=12712]
  0x000001f7ec636800 GCTaskThread "GC Thread#0" [stack: 0x000000ec4a000000,0x000000ec4a100000] [id=11968]
  0x000001f787167000 GCTaskThread "GC Thread#1" [stack: 0x000000ec4b100000,0x000000ec4b200000] [id=12560]
  0x000001f786e6b000 GCTaskThread "GC Thread#2" [stack: 0x000000ec4b200000,0x000000ec4b300000] [id=11920]
  0x000001f787ddc800 GCTaskThread "GC Thread#3" [stack: 0x000000ec4b400000,0x000000ec4b500000] [id=8804]
  0x000001f7ec668800 ConcurrentGCThread "G1 Main Marker" [stack: 0x000000ec4a100000,0x000000ec4a200000] [id=11860]
  0x000001f7ec669800 ConcurrentGCThread "G1 Conc#0" [stack: 0x000000ec4a200000,0x000000ec4a300000] [id=11804]
  0x000001f7ec6f9000 ConcurrentGCThread "G1 Refine#0" [stack: 0x000000ec4a300000,0x000000ec4a400000] [id=12748]
  0x000001f7ec6fa000 ConcurrentGCThread "G1 Young RemSet Sampling" [stack: 0x000000ec4a400000,0x000000ec4a500000] [id=3276]

Threads with active compile tasks:
C2 CompilerThread0  13323 3700   !   4       java.net.URLClassLoader$1::run (63 bytes)
C2 CompilerThread1  13323 3703       4       java.net.URLClassLoader$1::run (5 bytes)

VM state:not at safepoint (normal execution)

VM Mutex/Monitor currently owned by a thread: None

Heap address: 0x0000000080000000, size: 2048 MB, Compressed Oops mode: 32-bit
Narrow klass base: 0x0000000000000000, Narrow klass shift: 3
Compressed class space size: 1073741824 Address: 0x0000000100000000

Heap:
 garbage-first heap   total 187392K, used 113391K [0x0000000080000000, 0x0000000100000000)
  region size 1024K, 94 young (96256K), 7 survivors (7168K)
 Metaspace       used 42363K, capacity 43384K, committed 43468K, reserved 1087488K
  class space    used 5462K, capacity 5824K, committed 5888K, reserved 1048576K
Heap Regions: E=young(eden), S=young(survivor), O=old, HS=humongous(starts), HC=humongous(continues), CS=collection set, F=free, A=archive, TAMS=top-at-mark-start (previous, next)
|   0|0x0000000080000000, 0x0000000080100000, 0x0000000080100000|100%| O|  |TAMS 0x0000000080100000, 0x0000000080000000| Untracked 
|   1|0x0000000080100000, 0x0000000080200000, 0x0000000080200000|100%| O|  |TAMS 0x0000000080200000, 0x0000000080100000| Untracked 
|   2|0x0000000080200000, 0x0000000080300000, 0x0000000080300000|100%| O|  |TAMS 0x0000000080300000, 0x0000000080200000| Untracked 
|   3|0x0000000080300000, 0x0000000080400000, 0x0000000080400000|100%|HS|  |TAMS 0x0000000080400000, 0x0000000080300000| Complete 
|   4|0x0000000080400000, 0x0000000080500000, 0x0000000080500000|100%|HC|  |TAMS 0x0000000080500000, 0x0000000080400000| Complete 
|   5|0x0000000080500000, 0x0000000080600000, 0x0000000080600000|100%|HC|  |TAMS 0x0000000080600000, 0x0000000080500000| Complete 
|   6|0x0000000080600000, 0x0000000080700000, 0x0000000080700000|100%| O|  |TAMS 0x0000000080700000, 0x0000000080600000| Untracked 
|   7|0x0000000080700000, 0x0000000080800000, 0x0000000080800000|100%| O|  |TAMS 0x0000000080800000, 0x0000000080700000| Untracked 
|   8|0x0000000080800000, 0x0000000080900000, 0x0000000080900000|100%| O|  |TAMS 0x0000000080900000, 0x0000000080800000| Untracked 
|   9|0x0000000080900000, 0x0000000080a00000, 0x0000000080a00000|100%| O|  |TAMS 0x0000000080a00000, 0x0000000080900000| Untracked 
|  10|0x0000000080a00000, 0x0000000080b00000, 0x0000000080b00000|100%| O|  |TAMS 0x0000000080b00000, 0x0000000080a00000| Untracked 
|  11|0x0000000080b00000, 0x0000000080c00000, 0x0000000080c00000|100%| O|  |TAMS 0x0000000080c00000, 0x0000000080b00000| Untracked 
|  12|0x0000000080c00000, 0x0000000080d00000, 0x0000000080d00000|100%| O|  |TAMS 0x0000000080d00000, 0x0000000080c00000| Untracked 
|  13|0x0000000080d00000, 0x0000000080e00000, 0x0000000080e00000|100%| O|  |TAMS 0x0000000080e00000, 0x0000000080d00000| Untracked 
|  14|0x0000000080e00000, 0x0000000080ebbe00, 0x0000000080f00000| 73%| O|  |TAMS 0x0000000080ebbe00, 0x0000000080e00000| Untracked 
|  15|0x0000000080f00000, 0x0000000081000000, 0x0000000081000000|100%|HS|  |TAMS 0x0000000080f00000, 0x0000000080f00000| Complete 
|  16|0x0000000081000000, 0x0000000081100000, 0x0000000081100000|100%|HS|  |TAMS 0x0000000081000000, 0x0000000081000000| Complete 
|  17|0x0000000081100000, 0x0000000081200000, 0x0000000081200000|100%|HC|  |TAMS 0x0000000081100000, 0x0000000081100000| Complete 
|  18|0x0000000081200000, 0x0000000081200000, 0x0000000081300000|  0%| F|  |TAMS 0x0000000081200000, 0x0000000081200000| Untracked 
|  19|0x0000000081300000, 0x0000000081300000, 0x0000000081400000|  0%| F|  |TAMS 0x0000000081300000, 0x0000000081300000| Untracked 
|  20|0x0000000081400000, 0x0000000081400000, 0x0000000081500000|  0%| F|  |TAMS 0x0000000081400000, 0x0000000081400000| Untracked 
|  21|0x0000000081500000, 0x0000000081500000, 0x0000000081600000|  0%| F|  |TAMS 0x0000000081500000, 0x0000000081500000| Untracked 
|  22|0x0000000081600000, 0x0000000081600000, 0x0000000081700000|  0%| F|  |TAMS 0x0000000081600000, 0x0000000081600000| Untracked 
|  23|0x0000000081700000, 0x0000000081700000, 0x0000000081800000|  0%| F|  |TAMS 0x0000000081700000, 0x0000000081700000| Untracked 
|  24|0x0000000081800000, 0x0000000081800000, 0x0000000081900000|  0%| F|  |TAMS 0x0000000081800000, 0x0000000081800000| Untracked 
|  25|0x0000000081900000, 0x0000000081900000, 0x0000000081a00000|  0%| F|  |TAMS 0x0000000081900000, 0x0000000081900000| Untracked 
|  26|0x0000000081a00000, 0x0000000081a00000, 0x0000000081b00000|  0%| F|  |TAMS 0x0000000081a00000, 0x0000000081a00000| Untracked 
|  27|0x0000000081b00000, 0x0000000081b00000, 0x0000000081c00000|  0%| F|  |TAMS 0x0000000081b00000, 0x0000000081b00000| Untracked 
|  28|0x0000000081c00000, 0x0000000081c00000, 0x0000000081d00000|  0%| F|  |TAMS 0x0000000081c00000, 0x0000000081c00000| Untracked 
|  29|0x0000000081d00000, 0x0000000081d00000, 0x0000000081e00000|  0%| F|  |TAMS 0x0000000081d00000, 0x0000000081d00000| Untracked 
|  30|0x0000000081e00000, 0x0000000081e00000, 0x0000000081f00000|  0%| F|  |TAMS 0x0000000081e00000, 0x0000000081e00000| Untracked 
|  31|0x0000000081f00000, 0x0000000081f00000, 0x0000000082000000|  0%| F|  |TAMS 0x0000000081f00000, 0x0000000081f00000| Untracked 
|  32|0x0000000082000000, 0x0000000082000000, 0x0000000082100000|  0%| F|  |TAMS 0x0000000082000000, 0x0000000082000000| Untracked 
|  33|0x0000000082100000, 0x0000000082100000, 0x0000000082200000|  0%| F|  |TAMS 0x0000000082100000, 0x0000000082100000| Untracked 
|  34|0x0000000082200000, 0x0000000082200000, 0x0000000082300000|  0%| F|  |TAMS 0x0000000082200000, 0x0000000082200000| Untracked 
|  35|0x0000000082300000, 0x0000000082300000, 0x0000000082400000|  0%| F|  |TAMS 0x0000000082300000, 0x0000000082300000| Untracked 
|  36|0x0000000082400000, 0x0000000082400000, 0x0000000082500000|  0%| F|  |TAMS 0x0000000082400000, 0x0000000082400000| Untracked 
|  37|0x0000000082500000, 0x0000000082500000, 0x0000000082600000|  0%| F|  |TAMS 0x0000000082500000, 0x0000000082500000| Untracked 
|  38|0x0000000082600000, 0x0000000082600000, 0x0000000082700000|  0%| F|  |TAMS 0x0000000082600000, 0x0000000082600000| Untracked 
|  39|0x0000000082700000, 0x0000000082700000, 0x0000000082800000|  0%| F|  |TAMS 0x0000000082700000, 0x0000000082700000| Untracked 
|  40|0x0000000082800000, 0x0000000082800000, 0x0000000082900000|  0%| F|  |TAMS 0x0000000082800000, 0x0000000082800000| Untracked 
|  41|0x0000000082900000, 0x0000000082900000, 0x0000000082a00000|  0%| F|  |TAMS 0x0000000082900000, 0x0000000082900000| Untracked 
|  42|0x0000000082a00000, 0x0000000082a00000, 0x0000000082b00000|  0%| F|  |TAMS 0x0000000082a00000, 0x0000000082a00000| Untracked 
|  43|0x0000000082b00000, 0x0000000082b00000, 0x0000000082c00000|  0%| F|  |TAMS 0x0000000082b00000, 0x0000000082b00000| Untracked 
|  44|0x0000000082c00000, 0x0000000082c00000, 0x0000000082d00000|  0%| F|  |TAMS 0x0000000082c00000, 0x0000000082c00000| Untracked 
|  45|0x0000000082d00000, 0x0000000082d00000, 0x0000000082e00000|  0%| F|  |TAMS 0x0000000082d00000, 0x0000000082d00000| Untracked 
|  46|0x0000000082e00000, 0x0000000082e00000, 0x0000000082f00000|  0%| F|  |TAMS 0x0000000082e00000, 0x0000000082e00000| Untracked 
|  47|0x0000000082f00000, 0x0000000082f00000, 0x0000000083000000|  0%| F|  |TAMS 0x0000000082f00000, 0x0000000082f00000| Untracked 
|  48|0x0000000083000000, 0x0000000083000000, 0x0000000083100000|  0%| F|  |TAMS 0x0000000083000000, 0x0000000083000000| Untracked 
|  49|0x0000000083100000, 0x0000000083100000, 0x0000000083200000|  0%| F|  |TAMS 0x0000000083100000, 0x0000000083100000| Untracked 
|  50|0x0000000083200000, 0x0000000083200000, 0x0000000083300000|  0%| F|  |TAMS 0x0000000083200000, 0x0000000083200000| Untracked 
|  51|0x0000000083300000, 0x0000000083300000, 0x0000000083400000|  0%| F|  |TAMS 0x0000000083300000, 0x0000000083300000| Untracked 
|  52|0x0000000083400000, 0x0000000083400000, 0x0000000083500000|  0%| F|  |TAMS 0x0000000083400000, 0x0000000083400000| Untracked 
|  53|0x0000000083500000, 0x0000000083500000, 0x0000000083600000|  0%| F|  |TAMS 0x0000000083500000, 0x0000000083500000| Untracked 
|  54|0x0000000083600000, 0x0000000083600000, 0x0000000083700000|  0%| F|  |TAMS 0x0000000083600000, 0x0000000083600000| Untracked 
|  55|0x0000000083700000, 0x0000000083700000, 0x0000000083800000|  0%| F|  |TAMS 0x0000000083700000, 0x0000000083700000| Untracked 
|  56|0x0000000083800000, 0x0000000083800000, 0x0000000083900000|  0%| F|  |TAMS 0x0000000083800000, 0x0000000083800000| Untracked 
|  57|0x0000000083900000, 0x0000000083900000, 0x0000000083a00000|  0%| F|  |TAMS 0x0000000083900000, 0x0000000083900000| Untracked 
|  58|0x0000000083a00000, 0x0000000083a00000, 0x0000000083b00000|  0%| F|  |TAMS 0x0000000083a00000, 0x0000000083a00000| Untracked 
|  59|0x0000000083b00000, 0x0000000083b00000, 0x0000000083c00000|  0%| F|  |TAMS 0x0000000083b00000, 0x0000000083b00000| Untracked 
|  60|0x0000000083c00000, 0x0000000083d00000, 0x0000000083d00000|100%| S|CS|TAMS 0x0000000083c00000, 0x0000000083c00000| Complete 
|  61|0x0000000083d00000, 0x0000000083e00000, 0x0000000083e00000|100%| S|CS|TAMS 0x0000000083d00000, 0x0000000083d00000| Complete 
|  62|0x0000000083e00000, 0x0000000083f00000, 0x0000000083f00000|100%| S|CS|TAMS 0x0000000083e00000, 0x0000000083e00000| Complete 
|  63|0x0000000083f00000, 0x0000000084000000, 0x0000000084000000|100%| S|CS|TAMS 0x0000000083f00000, 0x0000000083f00000| Complete 
|  64|0x0000000084000000, 0x0000000084100000, 0x0000000084100000|100%| S|CS|TAMS 0x0000000084000000, 0x0000000084000000| Complete 
|  65|0x0000000084100000, 0x0000000084200000, 0x0000000084200000|100%| S|CS|TAMS 0x0000000084100000, 0x0000000084100000| Complete 
|  66|0x0000000084200000, 0x0000000084200000, 0x0000000084300000|  0%| F|  |TAMS 0x0000000084200000, 0x0000000084200000| Untracked 
|  67|0x0000000084300000, 0x0000000084300000, 0x0000000084400000|  0%| F|  |TAMS 0x0000000084300000, 0x0000000084300000| Untracked 
|  68|0x0000000084400000, 0x0000000084400000, 0x0000000084500000|  0%| F|  |TAMS 0x0000000084400000, 0x0000000084400000| Untracked 
|  69|0x0000000084500000, 0x0000000084500000, 0x0000000084600000|  0%| F|  |TAMS 0x0000000084500000, 0x0000000084500000| Untracked 
|  70|0x0000000084600000, 0x0000000084600000, 0x0000000084700000|  0%| F|  |TAMS 0x0000000084600000, 0x0000000084600000| Untracked 
|  71|0x0000000084700000, 0x0000000084800000, 0x0000000084800000|100%| S|CS|TAMS 0x0000000084700000, 0x0000000084700000| Complete 
|  72|0x0000000084800000, 0x0000000084800000, 0x0000000084900000|  0%| F|  |TAMS 0x0000000084800000, 0x0000000084800000| Untracked 
|  73|0x0000000084900000, 0x0000000084900000, 0x0000000084a00000|  0%| F|  |TAMS 0x0000000084900000, 0x0000000084900000| Untracked 
|  74|0x0000000084a00000, 0x0000000084a00000, 0x0000000084b00000|  0%| F|  |TAMS 0x0000000084a00000, 0x0000000084a00000| Untracked 
|  75|0x0000000084b00000, 0x0000000084b00000, 0x0000000084c00000|  0%| F|  |TAMS 0x0000000084b00000, 0x0000000084b00000| Untracked 
|  76|0x0000000084c00000, 0x0000000084c00000, 0x0000000084d00000|  0%| F|  |TAMS 0x0000000084c00000, 0x0000000084c00000| Untracked 
|  77|0x0000000084d00000, 0x0000000084d00000, 0x0000000084e00000|  0%| F|  |TAMS 0x0000000084d00000, 0x0000000084d00000| Untracked 
|  78|0x0000000084e00000, 0x0000000084e00000, 0x0000000084f00000|  0%| F|  |TAMS 0x0000000084e00000, 0x0000000084e00000| Untracked 
|  79|0x0000000084f00000, 0x0000000084f00000, 0x0000000085000000|  0%| F|  |TAMS 0x0000000084f00000, 0x0000000084f00000| Untracked 
|  80|0x0000000085000000, 0x0000000085000000, 0x0000000085100000|  0%| F|  |TAMS 0x0000000085000000, 0x0000000085000000| Untracked 
|  81|0x0000000085100000, 0x0000000085100000, 0x0000000085200000|  0%| F|  |TAMS 0x0000000085100000, 0x0000000085100000| Untracked 
|  82|0x0000000085200000, 0x0000000085200000, 0x0000000085300000|  0%| F|  |TAMS 0x0000000085200000, 0x0000000085200000| Untracked 
|  83|0x0000000085300000, 0x0000000085300000, 0x0000000085400000|  0%| F|  |TAMS 0x0000000085300000, 0x0000000085300000| Untracked 
|  84|0x0000000085400000, 0x0000000085400000, 0x0000000085500000|  0%| F|  |TAMS 0x0000000085400000, 0x0000000085400000| Untracked 
|  85|0x0000000085500000, 0x0000000085500000, 0x0000000085600000|  0%| F|  |TAMS 0x0000000085500000, 0x0000000085500000| Untracked 
|  86|0x0000000085600000, 0x0000000085600000, 0x0000000085700000|  0%| F|  |TAMS 0x0000000085600000, 0x0000000085600000| Untracked 
|  87|0x0000000085700000, 0x0000000085700000, 0x0000000085800000|  0%| F|  |TAMS 0x0000000085700000, 0x0000000085700000| Untracked 
|  88|0x0000000085800000, 0x0000000085800000, 0x0000000085900000|  0%| F|  |TAMS 0x0000000085800000, 0x0000000085800000| Untracked 
|  89|0x0000000085900000, 0x0000000085900000, 0x0000000085a00000|  0%| F|  |TAMS 0x0000000085900000, 0x0000000085900000| Untracked 
|  90|0x0000000085a00000, 0x0000000085a00000, 0x0000000085b00000|  0%| F|  |TAMS 0x0000000085a00000, 0x0000000085a00000| Untracked 
|  91|0x0000000085b00000, 0x0000000085b00000, 0x0000000085c00000|  0%| F|  |TAMS 0x0000000085b00000, 0x0000000085b00000| Untracked 
|  92|0x0000000085c00000, 0x0000000085c00000, 0x0000000085d00000|  0%| F|  |TAMS 0x0000000085c00000, 0x0000000085c00000| Untracked 
|  93|0x0000000085d00000, 0x0000000085d00000, 0x0000000085e00000|  0%| F|  |TAMS 0x0000000085d00000, 0x0000000085d00000| Untracked 
|  94|0x0000000085e00000, 0x0000000085e00000, 0x0000000085f00000|  0%| F|  |TAMS 0x0000000085e00000, 0x0000000085e00000| Untracked 
|  95|0x0000000085f00000, 0x0000000085f00000, 0x0000000086000000|  0%| F|  |TAMS 0x0000000085f00000, 0x0000000085f00000| Untracked 
|  96|0x0000000086000000, 0x0000000086080800, 0x0000000086100000| 50%| E|  |TAMS 0x0000000086000000, 0x0000000086000000| Complete 
|  97|0x0000000086100000, 0x0000000086200000, 0x0000000086200000|100%| E|CS|TAMS 0x0000000086100000, 0x0000000086100000| Complete 
|  98|0x0000000086200000, 0x0000000086300000, 0x0000000086300000|100%| E|CS|TAMS 0x0000000086200000, 0x0000000086200000| Complete 
|  99|0x0000000086300000, 0x0000000086400000, 0x0000000086400000|100%| E|CS|TAMS 0x0000000086300000, 0x0000000086300000| Complete 
| 100|0x0000000086400000, 0x0000000086500000, 0x0000000086500000|100%| E|CS|TAMS 0x0000000086400000, 0x0000000086400000| Complete 
| 101|0x0000000086500000, 0x0000000086600000, 0x0000000086600000|100%| E|CS|TAMS 0x0000000086500000, 0x0000000086500000| Complete 
| 102|0x0000000086600000, 0x0000000086700000, 0x0000000086700000|100%| E|CS|TAMS 0x0000000086600000, 0x0000000086600000| Complete 
| 103|0x0000000086700000, 0x0000000086800000, 0x0000000086800000|100%| E|CS|TAMS 0x0000000086700000, 0x0000000086700000| Complete 
| 104|0x0000000086800000, 0x0000000086900000, 0x0000000086900000|100%| E|CS|TAMS 0x0000000086800000, 0x0000000086800000| Complete 
| 105|0x0000000086900000, 0x0000000086a00000, 0x0000000086a00000|100%| E|CS|TAMS 0x0000000086900000, 0x0000000086900000| Complete 
| 106|0x0000000086a00000, 0x0000000086b00000, 0x0000000086b00000|100%| E|CS|TAMS 0x0000000086a00000, 0x0000000086a00000| Complete 
| 107|0x0000000086b00000, 0x0000000086c00000, 0x0000000086c00000|100%| E|CS|TAMS 0x0000000086b00000, 0x0000000086b00000| Complete 
| 108|0x0000000086c00000, 0x0000000086d00000, 0x0000000086d00000|100%| E|CS|TAMS 0x0000000086c00000, 0x0000000086c00000| Complete 
| 109|0x0000000086d00000, 0x0000000086e00000, 0x0000000086e00000|100%| E|CS|TAMS 0x0000000086d00000, 0x0000000086d00000| Complete 
| 110|0x0000000086e00000, 0x0000000086f00000, 0x0000000086f00000|100%| E|CS|TAMS 0x0000000086e00000, 0x0000000086e00000| Complete 
| 111|0x0000000086f00000, 0x0000000087000000, 0x0000000087000000|100%| E|CS|TAMS 0x0000000086f00000, 0x0000000086f00000| Complete 
| 112|0x0000000087000000, 0x0000000087100000, 0x0000000087100000|100%| E|CS|TAMS 0x0000000087000000, 0x0000000087000000| Complete 
| 113|0x0000000087100000, 0x0000000087200000, 0x0000000087200000|100%| E|CS|TAMS 0x0000000087100000, 0x0000000087100000| Complete 
| 114|0x0000000087200000, 0x0000000087300000, 0x0000000087300000|100%| E|CS|TAMS 0x0000000087200000, 0x0000000087200000| Complete 
| 115|0x0000000087300000, 0x0000000087400000, 0x0000000087400000|100%| E|CS|TAMS 0x0000000087300000, 0x0000000087300000| Complete 
| 116|0x0000000087400000, 0x0000000087500000, 0x0000000087500000|100%| E|CS|TAMS 0x0000000087400000, 0x0000000087400000| Complete 
| 117|0x0000000087500000, 0x0000000087600000, 0x0000000087600000|100%| E|CS|TAMS 0x0000000087500000, 0x0000000087500000| Complete 
| 118|0x0000000087600000, 0x0000000087700000, 0x0000000087700000|100%| E|CS|TAMS 0x0000000087600000, 0x0000000087600000| Complete 
| 119|0x0000000087700000, 0x0000000087800000, 0x0000000087800000|100%| E|CS|TAMS 0x0000000087700000, 0x0000000087700000| Complete 
| 120|0x0000000087800000, 0x0000000087900000, 0x0000000087900000|100%| E|CS|TAMS 0x0000000087800000, 0x0000000087800000| Complete 
| 121|0x0000000087900000, 0x0000000087a00000, 0x0000000087a00000|100%| E|CS|TAMS 0x0000000087900000, 0x0000000087900000| Complete 
| 122|0x0000000087a00000, 0x0000000087b00000, 0x0000000087b00000|100%| E|CS|TAMS 0x0000000087a00000, 0x0000000087a00000| Complete 
| 123|0x0000000087b00000, 0x0000000087c00000, 0x0000000087c00000|100%| E|CS|TAMS 0x0000000087b00000, 0x0000000087b00000| Complete 
| 124|0x0000000087c00000, 0x0000000087d00000, 0x0000000087d00000|100%| E|CS|TAMS 0x0000000087c00000, 0x0000000087c00000| Complete 
| 125|0x0000000087d00000, 0x0000000087e00000, 0x0000000087e00000|100%| E|CS|TAMS 0x0000000087d00000, 0x0000000087d00000| Complete 
| 126|0x0000000087e00000, 0x0000000087f00000, 0x0000000087f00000|100%| E|CS|TAMS 0x0000000087e00000, 0x0000000087e00000| Complete 
| 127|0x0000000087f00000, 0x0000000088000000, 0x0000000088000000|100%| E|CS|TAMS 0x0000000087f00000, 0x0000000087f00000| Complete 
| 128|0x0000000088000000, 0x0000000088100000, 0x0000000088100000|100%| E|CS|TAMS 0x0000000088000000, 0x0000000088000000| Complete 
| 129|0x0000000088100000, 0x0000000088200000, 0x0000000088200000|100%| E|CS|TAMS 0x0000000088100000, 0x0000000088100000| Complete 
| 130|0x0000000088200000, 0x0000000088300000, 0x0000000088300000|100%| E|CS|TAMS 0x0000000088200000, 0x0000000088200000| Complete 
| 131|0x0000000088300000, 0x0000000088400000, 0x0000000088400000|100%| E|CS|TAMS 0x0000000088300000, 0x0000000088300000| Complete 
| 132|0x0000000088400000, 0x0000000088500000, 0x0000000088500000|100%| E|CS|TAMS 0x0000000088400000, 0x0000000088400000| Complete 
| 133|0x0000000088500000, 0x0000000088600000, 0x0000000088600000|100%| E|CS|TAMS 0x0000000088500000, 0x0000000088500000| Complete 
| 134|0x0000000088600000, 0x0000000088700000, 0x0000000088700000|100%| E|CS|TAMS 0x0000000088600000, 0x0000000088600000| Complete 
| 135|0x0000000088700000, 0x0000000088800000, 0x0000000088800000|100%| E|CS|TAMS 0x0000000088700000, 0x0000000088700000| Complete 
| 136|0x0000000088800000, 0x0000000088900000, 0x0000000088900000|100%| E|CS|TAMS 0x0000000088800000, 0x0000000088800000| Complete 
| 137|0x0000000088900000, 0x0000000088a00000, 0x0000000088a00000|100%| E|CS|TAMS 0x0000000088900000, 0x0000000088900000| Complete 
| 138|0x0000000088a00000, 0x0000000088b00000, 0x0000000088b00000|100%| E|CS|TAMS 0x0000000088a00000, 0x0000000088a00000| Complete 
| 139|0x0000000088b00000, 0x0000000088c00000, 0x0000000088c00000|100%| E|CS|TAMS 0x0000000088b00000, 0x0000000088b00000| Complete 
| 140|0x0000000088c00000, 0x0000000088d00000, 0x0000000088d00000|100%| E|CS|TAMS 0x0000000088c00000, 0x0000000088c00000| Complete 
| 141|0x0000000088d00000, 0x0000000088e00000, 0x0000000088e00000|100%| E|CS|TAMS 0x0000000088d00000, 0x0000000088d00000| Complete 
| 142|0x0000000088e00000, 0x0000000088f00000, 0x0000000088f00000|100%| E|CS|TAMS 0x0000000088e00000, 0x0000000088e00000| Complete 
| 143|0x0000000088f00000, 0x0000000089000000, 0x0000000089000000|100%| E|CS|TAMS 0x0000000088f00000, 0x0000000088f00000| Complete 
| 144|0x0000000089000000, 0x0000000089100000, 0x0000000089100000|100%| E|CS|TAMS 0x0000000089000000, 0x0000000089000000| Complete 
| 145|0x0000000089100000, 0x0000000089200000, 0x0000000089200000|100%| E|CS|TAMS 0x0000000089100000, 0x0000000089100000| Complete 
| 146|0x0000000089200000, 0x0000000089300000, 0x0000000089300000|100%| E|CS|TAMS 0x0000000089200000, 0x0000000089200000| Complete 
| 147|0x0000000089300000, 0x0000000089400000, 0x0000000089400000|100%| E|CS|TAMS 0x0000000089300000, 0x0000000089300000| Complete 
| 148|0x0000000089400000, 0x0000000089500000, 0x0000000089500000|100%| E|CS|TAMS 0x0000000089400000, 0x0000000089400000| Complete 
| 149|0x0000000089500000, 0x0000000089600000, 0x0000000089600000|100%| E|CS|TAMS 0x0000000089500000, 0x0000000089500000| Complete 
| 150|0x0000000089600000, 0x0000000089700000, 0x0000000089700000|100%| E|CS|TAMS 0x0000000089600000, 0x0000000089600000| Complete 
| 151|0x0000000089700000, 0x0000000089800000, 0x0000000089800000|100%| E|CS|TAMS 0x0000000089700000, 0x0000000089700000| Complete 
| 152|0x0000000089800000, 0x0000000089900000, 0x0000000089900000|100%| E|CS|TAMS 0x0000000089800000, 0x0000000089800000| Complete 
| 153|0x0000000089900000, 0x0000000089a00000, 0x0000000089a00000|100%| E|CS|TAMS 0x0000000089900000, 0x0000000089900000| Complete 
| 154|0x0000000089a00000, 0x0000000089b00000, 0x0000000089b00000|100%| E|CS|TAMS 0x0000000089a00000, 0x0000000089a00000| Complete 
| 155|0x0000000089b00000, 0x0000000089c00000, 0x0000000089c00000|100%| E|CS|TAMS 0x0000000089b00000, 0x0000000089b00000| Complete 
| 156|0x0000000089c00000, 0x0000000089d00000, 0x0000000089d00000|100%| E|CS|TAMS 0x0000000089c00000, 0x0000000089c00000| Complete 
| 157|0x0000000089d00000, 0x0000000089e00000, 0x0000000089e00000|100%| E|CS|TAMS 0x0000000089d00000, 0x0000000089d00000| Complete 
| 158|0x0000000089e00000, 0x0000000089f00000, 0x0000000089f00000|100%| E|CS|TAMS 0x0000000089e00000, 0x0000000089e00000| Complete 
| 159|0x0000000089f00000, 0x000000008a000000, 0x000000008a000000|100%| E|CS|TAMS 0x0000000089f00000, 0x0000000089f00000| Complete 
| 160|0x000000008a000000, 0x000000008a100000, 0x000000008a100000|100%| E|CS|TAMS 0x000000008a000000, 0x000000008a000000| Complete 
| 161|0x000000008a100000, 0x000000008a200000, 0x000000008a200000|100%| E|CS|TAMS 0x000000008a100000, 0x000000008a100000| Complete 
| 162|0x000000008a200000, 0x000000008a300000, 0x000000008a300000|100%| E|CS|TAMS 0x000000008a200000, 0x000000008a200000| Complete 
| 163|0x000000008a300000, 0x000000008a400000, 0x000000008a400000|100%| E|CS|TAMS 0x000000008a300000, 0x000000008a300000| Complete 
| 164|0x000000008a400000, 0x000000008a500000, 0x000000008a500000|100%| E|CS|TAMS 0x000000008a400000, 0x000000008a400000| Complete 
| 165|0x000000008a500000, 0x000000008a600000, 0x000000008a600000|100%| E|CS|TAMS 0x000000008a500000, 0x000000008a500000| Complete 
| 166|0x000000008a600000, 0x000000008a700000, 0x000000008a700000|100%| E|CS|TAMS 0x000000008a600000, 0x000000008a600000| Complete 
| 167|0x000000008a700000, 0x000000008a800000, 0x000000008a800000|100%| E|CS|TAMS 0x000000008a700000, 0x000000008a700000| Complete 
| 168|0x000000008a800000, 0x000000008a900000, 0x000000008a900000|100%| E|CS|TAMS 0x000000008a800000, 0x000000008a800000| Complete 
| 169|0x000000008a900000, 0x000000008aa00000, 0x000000008aa00000|100%| E|CS|TAMS 0x000000008a900000, 0x000000008a900000| Complete 
| 170|0x000000008aa00000, 0x000000008ab00000, 0x000000008ab00000|100%| E|CS|TAMS 0x000000008aa00000, 0x000000008aa00000| Complete 
| 171|0x000000008ab00000, 0x000000008ac00000, 0x000000008ac00000|100%| E|CS|TAMS 0x000000008ab00000, 0x000000008ab00000| Complete 
| 172|0x000000008ac00000, 0x000000008ad00000, 0x000000008ad00000|100%| E|CS|TAMS 0x000000008ac00000, 0x000000008ac00000| Complete 
| 173|0x000000008ad00000, 0x000000008ae00000, 0x000000008ae00000|100%| E|CS|TAMS 0x000000008ad00000, 0x000000008ad00000| Complete 
| 174|0x000000008ae00000, 0x000000008af00000, 0x000000008af00000|100%| E|CS|TAMS 0x000000008ae00000, 0x000000008ae00000| Complete 
| 175|0x000000008af00000, 0x000000008b000000, 0x000000008b000000|100%| E|CS|TAMS 0x000000008af00000, 0x000000008af00000| Complete 
| 176|0x000000008b000000, 0x000000008b100000, 0x000000008b100000|100%| E|CS|TAMS 0x000000008b000000, 0x000000008b000000| Complete 
| 177|0x000000008b100000, 0x000000008b200000, 0x000000008b200000|100%| E|CS|TAMS 0x000000008b100000, 0x000000008b100000| Complete 
| 178|0x000000008b200000, 0x000000008b300000, 0x000000008b300000|100%| E|CS|TAMS 0x000000008b200000, 0x000000008b200000| Complete 
| 179|0x000000008b300000, 0x000000008b400000, 0x000000008b400000|100%| E|CS|TAMS 0x000000008b300000, 0x000000008b300000| Complete 
| 180|0x000000008b400000, 0x000000008b500000, 0x000000008b500000|100%| E|CS|TAMS 0x000000008b400000, 0x000000008b400000| Complete 
| 181|0x000000008b500000, 0x000000008b600000, 0x000000008b600000|100%| E|CS|TAMS 0x000000008b500000, 0x000000008b500000| Complete 
| 182|0x000000008b600000, 0x000000008b700000, 0x000000008b700000|100%| E|CS|TAMS 0x000000008b600000, 0x000000008b600000| Complete 

Card table byte_map: [0x000001f7ff530000,0x000001f7ff930000] _byte_map_base: 0x000001f7ff130000

Marking Bits (Prev, Next): (CMBitMap*) 0x000001f7ec65f8d8, (CMBitMap*) 0x000001f7ec65f910
 Prev Bits: [0x000001f780000000, 0x000001f782000000)
 Next Bits: [0x000001f782000000, 0x000001f784000000)

Polling page: 0x000001f7ea440000

Metaspace:

Usage:
  Non-class:     36.74 MB capacity,    36.09 MB ( 98%) used,   567.54 KB (  2%) free+waste,    99.25 KB ( <1%) overhead. 
      Class:      5.69 MB capacity,     5.34 MB ( 94%) used,   310.53 KB (  5%) free+waste,    47.50 KB ( <1%) overhead. 
       Both:     42.43 MB capacity,    41.43 MB ( 98%) used,   878.07 KB (  2%) free+waste,   146.75 KB ( <1%) overhead. 

Virtual space:
  Non-class space:       38.00 MB reserved,      36.95 MB ( 97%) committed 
      Class space:        1.00 GB reserved,       5.75 MB ( <1%) committed 
             Both:        1.04 GB reserved,      42.70 MB (  4%) committed 

Chunk freelists:
   Non-Class:  20.00 KB
       Class:  0 bytes
        Both:  20.00 KB

MaxMetaspaceSize: 17179869184.00 GB
CompressedClassSpaceSize: 1.00 GB
Initial GC threshold: 20.80 MB
Current GC threshold: 58.88 MB
CDS: off

CodeHeap 'non-profiled nmethods': size=120064Kb used=2179Kb max_used=2179Kb free=117885Kb
 bounds [0x000001f7f7bf0000, 0x000001f7f7e60000, 0x000001f7ff130000]
CodeHeap 'profiled nmethods': size=120000Kb used=7948Kb max_used=7948Kb free=112052Kb
 bounds [0x000001f7f06c0000, 0x000001f7f0e90000, 0x000001f7f7bf0000]
CodeHeap 'non-nmethods': size=5696Kb used=2276Kb max_used=2331Kb free=3419Kb
 bounds [0x000001f7f0130000, 0x000001f7f03a0000, 0x000001f7f06c0000]
 total_blobs=4476 nmethods=3712 adapters=676
 compilation: enabled
              stopped_count=0, restarted_count=0
 full_count=0

Compilation events (20 events):
Event: 13.257 Thread 0x000001f78630a800 3709       3       org.gradle.internal.reflect.PropertyAccessorType::of (95 bytes)
Event: 13.259 Thread 0x000001f78630a800 nmethod 3709 0x000001f7f0e7b010 code [0x000001f7f0e7b340, 0x000001f7f0e7c858]
Event: 13.260 Thread 0x000001f78630a800 3713       3       java.util.HashMap::getNode (148 bytes)
Event: 13.260 Thread 0x000001f78630a800 nmethod 3713 0x000001f7f0e7ce90 code [0x000001f7f0e7d0c0, 0x000001f7f0e7da28]
Event: 13.260 Thread 0x000001f78630a800 3710       3       java.util.LinkedHashMap::get (33 bytes)
Event: 13.261 Thread 0x000001f78630a800 nmethod 3710 0x000001f7f0e7dc90 code [0x000001f7f0e7de80, 0x000001f7f0e7e2a8]
Event: 13.261 Thread 0x000001f78630a800 3711       3       java.util.HashMap::hash (20 bytes)
Event: 13.261 Thread 0x000001f78630a800 nmethod 3711 0x000001f7f0e7e410 code [0x000001f7f0e7e5c0, 0x000001f7f0e7e7c8]
Event: 13.261 Thread 0x000001f78630a800 3716       3       java.util.HashMap::put (13 bytes)
Event: 13.261 Thread 0x000001f78630a800 nmethod 3716 0x000001f7f0e7e890 code [0x000001f7f0e7ea60, 0x000001f7f0e7ed58]
Event: 13.261 Thread 0x000001f78630a800 3712       2       org.gradle.internal.reflect.PropertyAccessorType::hasVoidReturnType (11 bytes)
Event: 13.262 Thread 0x000001f78630a800 nmethod 3712 0x000001f7f0e7ee90 code [0x000001f7f0e7f040, 0x000001f7f0e7f138]
Event: 13.262 Thread 0x000001f78630a800 3714       3       sun.reflect.generics.parser.SignatureParser::parseIdentifier (13 bytes)
Event: 13.262 Thread 0x000001f78630a800 nmethod 3714 0x000001f7f0e7f210 code [0x000001f7f0e7f3e0, 0x000001f7f0e7f638]
Event: 13.263 Thread 0x000001f78630a800 3717       3       java.lang.ClassLoader::createOrGetClassLoaderValueMap (37 bytes)
Event: 13.263 Thread 0x000001f78630a800 nmethod 3717 0x000001f7f0e7f790 code [0x000001f7f0e7f9a0, 0x000001f7f0e7fee8]
Event: 13.275 Thread 0x000001f78630a800 3718       3       org.gradle.internal.logging.slf4j.OutputEventListenerBackedLogger::isLevelAtMost (20 bytes)
Event: 13.276 Thread 0x000001f78630a800 nmethod 3718 0x000001f7f0e80110 code [0x000001f7f0e802e0, 0x000001f7f0e80608]
Event: 13.278 Thread 0x000001f78630a800 3719       3       java.lang.ThreadLocal::set (30 bytes)
Event: 13.278 Thread 0x000001f78630a800 nmethod 3719 0x000001f7f0e80790 code [0x000001f7f0e80980, 0x000001f7f0e80cc8]

GC Heap History (14 events):
Event: 1.201 GC heap before
{Heap before GC invocations=0 (full 0):
 garbage-first heap   total 131072K, used 20480K [0x0000000080000000, 0x0000000100000000)
  region size 1024K, 14 young (14336K), 0 survivors (0K)
 Metaspace       used 6743K, capacity 6925K, committed 7168K, reserved 1056768K
  class space    used 582K, capacity 650K, committed 768K, reserved 1048576K
}
Event: 1.262 GC heap after
{Heap after GC invocations=1 (full 0):
 garbage-first heap   total 131072K, used 7877K [0x0000000080000000, 0x0000000100000000)
  region size 1024K, 2 young (2048K), 2 survivors (2048K)
 Metaspace       used 6743K, capacity 6925K, committed 7168K, reserved 1056768K
  class space    used 582K, capacity 650K, committed 768K, reserved 1048576K
}
Event: 2.633 GC heap before
{Heap before GC invocations=1 (full 0):
 garbage-first heap   total 131072K, used 39621K [0x0000000080000000, 0x0000000100000000)
  region size 1024K, 33 young (33792K), 2 survivors (2048K)
 Metaspace       used 10822K, capacity 11009K, committed 11264K, reserved 1058816K
  class space    used 1130K, capacity 1207K, committed 1280K, reserved 1048576K
}
Event: 2.639 GC heap after
{Heap after GC invocations=2 (full 0):
 garbage-first heap   total 131072K, used 9794K [0x0000000080000000, 0x0000000100000000)
  region size 1024K, 4 young (4096K), 4 survivors (4096K)
 Metaspace       used 10822K, capacity 11009K, committed 11264K, reserved 1058816K
  class space    used 1130K, capacity 1207K, committed 1280K, reserved 1048576K
}
Event: 3.592 GC heap before
{Heap before GC invocations=2 (full 0):
 garbage-first heap   total 131072K, used 44610K [0x0000000080000000, 0x0000000100000000)
  region size 1024K, 38 young (38912K), 4 survivors (4096K)
 Metaspace       used 13993K, capacity 14265K, committed 14464K, reserved 1062912K
  class space    used 1555K, capacity 1654K, committed 1664K, reserved 1048576K
}
Event: 3.639 GC heap after
{Heap after GC invocations=3 (full 0):
 garbage-first heap   total 131072K, used 14926K [0x0000000080000000, 0x0000000100000000)
  region size 1024K, 5 young (5120K), 5 survivors (5120K)
 Metaspace       used 13993K, capacity 14265K, committed 14464K, reserved 1062912K
  class space    used 1555K, capacity 1654K, committed 1664K, reserved 1048576K
}
Event: 5.378 GC heap before
{Heap before GC invocations=3 (full 0):
 garbage-first heap   total 131072K, used 57934K [0x0000000080000000, 0x0000000100000000)
  region size 1024K, 47 young (48128K), 5 survivors (5120K)
 Metaspace       used 20143K, capacity 20553K, committed 20608K, reserved 1067008K
  class space    used 2487K, capacity 2644K, committed 2688K, reserved 1048576K
}
Event: 5.391 GC heap after
{Heap after GC invocations=4 (full 0):
 garbage-first heap   total 131072K, used 17249K [0x0000000080000000, 0x0000000100000000)
  region size 1024K, 3 young (3072K), 3 survivors (3072K)
 Metaspace       used 20143K, capacity 20553K, committed 20608K, reserved 1067008K
  class space    used 2487K, capacity 2644K, committed 2688K, reserved 1048576K
}
Event: 5.530 GC heap before
{Heap before GC invocations=4 (full 0):
 garbage-first heap   total 131072K, used 20321K [0x0000000080000000, 0x0000000100000000)
  region size 1024K, 7 young (7168K), 3 survivors (3072K)
 Metaspace       used 20763K, capacity 21138K, committed 21248K, reserved 1067008K
  class space    used 2551K, capacity 2711K, committed 2816K, reserved 1048576K
}
Event: 5.537 GC heap after
{Heap after GC invocations=5 (full 0):
 garbage-first heap   total 131072K, used 17234K [0x0000000080000000, 0x0000000100000000)
  region size 1024K, 3 young (3072K), 3 survivors (3072K)
 Metaspace       used 20763K, capacity 21138K, committed 21248K, reserved 1067008K
  class space    used 2551K, capacity 2711K, committed 2816K, reserved 1048576K
}
Event: 7.758 GC heap before
{Heap before GC invocations=6 (full 0):
 garbage-first heap   total 131072K, used 72530K [0x0000000080000000, 0x0000000100000000)
  region size 1024K, 57 young (58368K), 3 survivors (3072K)
 Metaspace       used 26685K, capacity 27269K, committed 27520K, reserved 1073152K
  class space    used 3479K, capacity 3701K, committed 3712K, reserved 1048576K
}
Event: 7.770 GC heap after
{Heap after GC invocations=7 (full 0):
 garbage-first heap   total 131072K, used 19281K [0x0000000080000000, 0x0000000100000000)
  region size 1024K, 5 young (5120K), 5 survivors (5120K)
 Metaspace       used 26685K, capacity 27269K, committed 27520K, reserved 1073152K
  class space    used 3479K, capacity 3701K, committed 3712K, reserved 1048576K
}
Event: 10.383 GC heap before
{Heap before GC invocations=7 (full 0):
 garbage-first heap   total 131072K, used 75601K [0x0000000080000000, 0x0000000100000000)
  region size 1024K, 61 young (62464K), 5 survivors (5120K)
 Metaspace       used 34959K, capacity 35787K, committed 35840K, reserved 1081344K
  class space    used 4532K, capacity 4839K, committed 4864K, reserved 1048576K
}
Event: 10.404 GC heap after
{Heap after GC invocations=8 (full 0):
 garbage-first heap   total 187392K, used 22255K [0x0000000080000000, 0x0000000100000000)
  region size 1024K, 7 young (7168K), 7 survivors (7168K)
 Metaspace       used 34959K, capacity 35787K, committed 35840K, reserved 1081344K
  class space    used 4532K, capacity 4839K, committed 4864K, reserved 1048576K
}

Deoptimization events (20 events):
Event: 12.900 Thread 0x000001f788736800 DEOPT PACKING pc=0x000001f7f7daeeb8 sp=0x000000ec4b9fa330
Event: 12.900 Thread 0x000001f788736800 DEOPT UNPACKING pc=0x000001f7f017a1af sp=0x000000ec4b9fa228 mode 2
Event: 12.924 Thread 0x000001f788ec9800 DEOPT PACKING pc=0x000001f7f09f3ac9 sp=0x000000ec4bcfcec0
Event: 12.924 Thread 0x000001f788ec9800 DEOPT UNPACKING pc=0x000001f7f017a95e sp=0x000000ec4bcfc350 mode 0
Event: 13.244 Thread 0x000001f788736800 Uncommon trap: trap_request=0xffffff4d fr.pc=0x000001f7f7ce4690 relative=0x0000000000000250
Event: 13.244 Thread 0x000001f788736800 Uncommon trap: reason=unstable_if action=reinterpret pc=0x000001f7f7ce4690 method=java.util.HashMap.hash(Ljava/lang/Object;)I @ 1 c2
Event: 13.244 Thread 0x000001f788736800 DEOPT PACKING pc=0x000001f7f7ce4690 sp=0x000000ec4b9f8b90
Event: 13.244 Thread 0x000001f788736800 DEOPT UNPACKING pc=0x000001f7f017a1af sp=0x000000ec4b9f8ac8 mode 2
Event: 13.244 Thread 0x000001f788736800 Uncommon trap: trap_request=0xffffff4d fr.pc=0x000001f7f7ce0d04 relative=0x00000000000001c4
Event: 13.244 Thread 0x000001f788736800 Uncommon trap: reason=unstable_if action=reinterpret pc=0x000001f7f7ce0d04 method=java.util.HashMap.getNode(ILjava/lang/Object;)Ljava/util/HashMap$Node; @ 53 c2
Event: 13.244 Thread 0x000001f788736800 DEOPT PACKING pc=0x000001f7f7ce0d04 sp=0x000000ec4b9f8b10
Event: 13.244 Thread 0x000001f788736800 DEOPT UNPACKING pc=0x000001f7f017a1af sp=0x000000ec4b9f8a98 mode 2
Event: 13.244 Thread 0x000001f788736800 Uncommon trap: trap_request=0xffffff4d fr.pc=0x000001f7f7d9021c relative=0x000000000000071c
Event: 13.244 Thread 0x000001f788736800 Uncommon trap: reason=unstable_if action=reinterpret pc=0x000001f7f7d9021c method=java.util.HashMap.putVal(ILjava/lang/Object;Ljava/lang/Object;ZZ)Ljava/lang/Object; @ 85 c2
Event: 13.244 Thread 0x000001f788736800 DEOPT PACKING pc=0x000001f7f7d9021c sp=0x000000ec4b9f8b40
Event: 13.244 Thread 0x000001f788736800 DEOPT UNPACKING pc=0x000001f7f017a1af sp=0x000000ec4b9f8a70 mode 2
Event: 13.257 Thread 0x000001f788736800 Uncommon trap: trap_request=0xffffff4d fr.pc=0x000001f7f7d467e8 relative=0x0000000000000308
Event: 13.257 Thread 0x000001f788736800 Uncommon trap: reason=unstable_if action=reinterpret pc=0x000001f7f7d467e8 method=org.gradle.internal.reflect.PropertyAccessorType.isGetGetterName(Ljava/lang/String;)Z @ 14 c2
Event: 13.257 Thread 0x000001f788736800 DEOPT PACKING pc=0x000001f7f7d467e8 sp=0x000000ec4b9f95b0
Event: 13.257 Thread 0x000001f788736800 DEOPT UNPACKING pc=0x000001f7f017a1af sp=0x000000ec4b9f9508 mode 2

Classes redefined (0 events):
No events

Internal exceptions (20 events):
Event: 12.441 Thread 0x000001f788736800 Exception <a 'java/lang/ClassNotFoundException'{0x0000000087af9fb0}: org/gradle/internal/management/DefaultDependencyResolutionManagement_DecoratedCustomizer> (0x0000000087af9fb0) thrown at [./src/hotspot/share/classfile/systemDictionary.cpp, line 231]
Event: 12.451 Thread 0x000001f788736800 Exception <a 'java/lang/ClassNotFoundException'{0x0000000087986038}: org/gradle/api/initialization/resolve/RepositoriesModeBeanInfo> (0x0000000087986038) thrown at [./src/hotspot/share/classfile/systemDictionary.cpp, line 231]
Event: 12.451 Thread 0x000001f788736800 Exception <a 'java/lang/ClassNotFoundException'{0x000000008798af00}: java/lang/EnumBeanInfo> (0x000000008798af00) thrown at [./src/hotspot/share/classfile/systemDictionary.cpp, line 231]
Event: 12.460 Thread 0x000001f788736800 Exception <a 'java/lang/ClassNotFoundException'{0x000000008798fde8}: java/lang/EnumCustomizer> (0x000000008798fde8) thrown at [./src/hotspot/share/classfile/systemDictionary.cpp, line 231]
Event: 12.462 Thread 0x000001f788736800 Exception <a 'java/lang/ClassNotFoundException'{0x00000000879be788}: org/gradle/api/initialization/resolve/RepositoriesModeCustomizer> (0x00000000879be788) thrown at [./src/hotspot/share/classfile/systemDictionary.cpp, line 231]
Event: 12.480 Thread 0x000001f788736800 Exception <a 'java/lang/ClassNotFoundException'{0x000000008784a128}: org/gradle/api/internal/provider/DefaultPropertyBeanInfo> (0x000000008784a128) thrown at [./src/hotspot/share/classfile/systemDictionary.cpp, line 231]
Event: 12.481 Thread 0x000001f788736800 Exception <a 'java/lang/ClassNotFoundException'{0x0000000087870420}: org/gradle/api/internal/provider/AbstractPropertyBeanInfo> (0x0000000087870420) thrown at [./src/hotspot/share/classfile/systemDictionary.cpp, line 231]
Event: 12.482 Thread 0x000001f788736800 Exception <a 'java/lang/ClassNotFoundException'{0x0000000087898b60}: org/gradle/api/internal/provider/AbstractMinimalProviderBeanInfo> (0x0000000087898b60) thrown at [./src/hotspot/share/classfile/systemDictionary.cpp, line 231]
Event: 12.483 Thread 0x000001f788736800 Exception <a 'java/lang/ClassNotFoundException'{0x00000000878c1ac8}: org/gradle/api/internal/provider/AbstractMinimalProviderCustomizer> (0x00000000878c1ac8) thrown at [./src/hotspot/share/classfile/systemDictionary.cpp, line 231]
Event: 12.491 Thread 0x000001f788736800 Exception <a 'java/lang/ClassNotFoundException'{0x0000000087722738}: org/gradle/api/internal/provider/AbstractPropertyCustomizer> (0x0000000087722738) thrown at [./src/hotspot/share/classfile/systemDictionary.cpp, line 231]
Event: 12.493 Thread 0x000001f788736800 Exception <a 'java/lang/ClassNotFoundException'{0x00000000877550f8}: org/gradle/api/internal/provider/DefaultPropertyCustomizer> (0x00000000877550f8) thrown at [./src/hotspot/share/classfile/systemDictionary.cpp, line 231]
Event: 12.594 Thread 0x000001f788736800 Exception <a 'java/lang/ClassNotFoundException'{0x000000008754b280}: org/gradle/initialization/DefaultProjectDescriptorBeanInfo> (0x000000008754b280) thrown at [./src/hotspot/share/classfile/systemDictionary.cpp, line 231]
Event: 12.598 Thread 0x000001f788736800 Exception <a 'java/lang/ClassNotFoundException'{0x0000000087571340}: org/gradle/initialization/DefaultProjectDescriptorCustomizer> (0x0000000087571340) thrown at [./src/hotspot/share/classfile/systemDictionary.cpp, line 231]
Event: 12.604 Thread 0x000001f788736800 Implicit null exception at 0x000001f7f7d5d86c to 0x000001f7f7d5d914
Event: 12.920 Thread 0x000001f788ec9800 Exception <a 'java/lang/NoSuchMethodError'{0x000000008b60f878}: <clinit>> (0x000000008b60f878) thrown at [./src/hotspot/share/prims/jni.cpp, line 1365]
Event: 12.921 Thread 0x000001f788ec9800 Exception <a 'java/lang/NoSuchMethodError'{0x000000008b610f68}: <clinit>> (0x000000008b610f68) thrown at [./src/hotspot/share/prims/jni.cpp, line 1365]
Event: 12.923 Thread 0x000001f788ec9800 Exception <a 'java/lang/NoSuchMethodError'{0x000000008b61ffa0}: <clinit>> (0x000000008b61ffa0) thrown at [./src/hotspot/share/prims/jni.cpp, line 1365]
Event: 12.923 Thread 0x000001f788ec9800 Exception <a 'java/lang/NoSuchMethodError'{0x000000008b622328}: <clinit>> (0x000000008b622328) thrown at [./src/hotspot/share/prims/jni.cpp, line 1365]
Event: 12.948 Thread 0x000001f788ec9800 Exception <a 'java/lang/NoSuchMethodError'{0x000000008b631d78}: <clinit>> (0x000000008b631d78) thrown at [./src/hotspot/share/prims/jni.cpp, line 1365]
Event: 13.244 Thread 0x000001f788736800 Implicit null exception at 0x000001f7f7ce4474 to 0x000001f7f7ce4684

Events (20 events):
Event: 13.269 loading class org/gradle/configuration/internal/DefaultUserCodeApplicationContext$CurrentApplication$1
Event: 13.269 loading class org/gradle/configuration/internal/DefaultUserCodeApplicationContext$CurrentApplication$1 done
Event: 13.271 loading class org/gradle/api/internal/provider/ChangingValue
Event: 13.271 loading class org/gradle/api/internal/provider/ChangingValue done
Event: 13.271 loading class org/gradle/api/internal/provider/Collectors$ElementFromProvider
Event: 13.271 loading class org/gradle/api/internal/provider/Collectors$ElementFromProvider done
Event: 13.272 loading class org/gradle/api/tasks/diagnostics/ProjectReportTask
Event: 13.272 loading class org/gradle/api/tasks/diagnostics/ProjectReportTask done
Event: 13.273 loading class org/gradle/api/tasks/diagnostics/ProjectBasedReportTask
Event: 13.273 loading class org/gradle/api/tasks/diagnostics/ProjectBasedReportTask done
Event: 13.274 loading class org/gradle/api/tasks/diagnostics/ConventionReportTask
Event: 13.274 loading class org/gradle/api/tasks/diagnostics/ConventionReportTask done
Event: 13.276 loading class org/gradle/api/tasks/diagnostics/TaskReportTask
Event: 13.276 loading class org/gradle/api/tasks/diagnostics/TaskReportTask done
Event: 13.278 loading class org/gradle/api/tasks/diagnostics/PropertyReportTask
Event: 13.278 loading class org/gradle/api/tasks/diagnostics/PropertyReportTask done
Event: 13.279 loading class org/gradle/api/tasks/diagnostics/DependencyInsightReportTask
Event: 13.279 loading class org/gradle/api/tasks/diagnostics/DependencyInsightReportTask done
Event: 13.280 loading class org/objectweb/asm/ClassReader
Event: 13.280 loading class org/objectweb/asm/ClassReader done


Dynamic libraries:
0x00007ff6a9fc0000 - 0x00007ff6a9fca000 	C:\Program Files\Android\Android Studio\jre\bin\java.exe
0x00007ffa999a0000 - 0x00007ffa99ba9000 	C:\Windows\SYSTEM32\ntdll.dll
0x00007ffa99230000 - 0x00007ffa992ed000 	C:\Windows\System32\KERNEL32.DLL
0x00007ffa97140000 - 0x00007ffa974b4000 	C:\Windows\System32\KERNELBASE.dll
0x00007ffa97540000 - 0x00007ffa97651000 	C:\Windows\System32\ucrtbase.dll
0x00007ffa6a670000 - 0x00007ffa6a689000 	C:\Program Files\Android\Android Studio\jre\bin\jli.dll
0x00007ffa98e90000 - 0x00007ffa9903c000 	C:\Windows\System32\USER32.dll
0x00007ffa96e90000 - 0x00007ffa96eb6000 	C:\Windows\System32\win32u.dll
0x00007ffa98310000 - 0x00007ffa98339000 	C:\Windows\System32\GDI32.dll
0x00007ffa96f60000 - 0x00007ffa97072000 	C:\Windows\System32\gdi32full.dll
0x00007ffa96ec0000 - 0x00007ffa96f5d000 	C:\Windows\System32\msvcp_win.dll
0x00007ffa6f5a0000 - 0x00007ffa6f845000 	C:\Windows\WinSxS\amd64_microsoft.windows.common-controls_6595b64144ccf1df_6.0.22000.120_none_9d947278b86cc467\COMCTL32.dll
0x00007ffa98b70000 - 0x00007ffa98c13000 	C:\Windows\System32\msvcrt.dll
0x00007ffa6a2c0000 - 0x00007ffa6a2d7000 	C:\Program Files\Android\Android Studio\jre\bin\VCRUNTIME140.dll
0x00007ffa98e50000 - 0x00007ffa98e81000 	C:\Windows\System32\IMM32.DLL
0x00007ffa533c0000 - 0x00007ffa5345d000 	C:\Program Files\Android\Android Studio\jre\bin\msvcp140.dll
0x00007ffa5be30000 - 0x00007ffa5c915000 	C:\Program Files\Android\Android Studio\jre\bin\server\jvm.dll
0x00007ffa998b0000 - 0x00007ffa9995e000 	C:\Windows\System32\ADVAPI32.dll
0x00007ffa992f0000 - 0x00007ffa9938e000 	C:\Windows\System32\sechost.dll
0x00007ffa98d30000 - 0x00007ffa98e50000 	C:\Windows\System32\RPCRT4.dll
0x00007ffa99040000 - 0x00007ffa99048000 	C:\Windows\System32\PSAPI.DLL
0x00007ffa8b880000 - 0x00007ffa8b889000 	C:\Windows\SYSTEM32\WSOCK32.dll
0x00007ffa98180000 - 0x00007ffa981ef000 	C:\Windows\System32\WS2_32.dll
0x00007ffa8d260000 - 0x00007ffa8d293000 	C:\Windows\SYSTEM32\WINMM.dll
0x00007ffa84cf0000 - 0x00007ffa84cfa000 	C:\Windows\SYSTEM32\VERSION.dll
0x00007ffa95100000 - 0x00007ffa95118000 	C:\Windows\SYSTEM32\kernel.appcore.dll
0x00007ffa6e9c0000 - 0x00007ffa6e9d1000 	C:\Program Files\Android\Android Studio\jre\bin\verify.dll
0x00007ffa8f3f0000 - 0x00007ffa8f611000 	C:\Windows\SYSTEM32\DBGHELP.DLL
0x00007ffa82d90000 - 0x00007ffa82dc1000 	C:\Windows\SYSTEM32\dbgcore.DLL
0x00007ffa974c0000 - 0x00007ffa9753f000 	C:\Windows\System32\bcryptPrimitives.dll
0x00007ffa6bbe0000 - 0x00007ffa6bc09000 	C:\Program Files\Android\Android Studio\jre\bin\java.dll
0x00007ffa8ab80000 - 0x00007ffa8ab8b000 	C:\Program Files\Android\Android Studio\jre\bin\jimage.dll
0x00007ffa6da20000 - 0x00007ffa6da38000 	C:\Program Files\Android\Android Studio\jre\bin\zip.dll
0x00007ffa979d0000 - 0x00007ffa9817e000 	C:\Windows\System32\SHELL32.dll
0x00007ffa95120000 - 0x00007ffa95987000 	C:\Windows\SYSTEM32\windows.storage.dll
0x00007ffa99390000 - 0x00007ffa99708000 	C:\Windows\System32\combase.dll
0x00007ffa94f90000 - 0x00007ffa950f6000 	C:\Windows\SYSTEM32\wintypes.dll
0x00007ffa98210000 - 0x00007ffa982fa000 	C:\Windows\System32\SHCORE.dll
0x00007ffa97970000 - 0x00007ffa979cd000 	C:\Windows\System32\shlwapi.dll
0x00007ffa96dc0000 - 0x00007ffa96de1000 	C:\Windows\SYSTEM32\profapi.dll
0x00007ffa6d6a0000 - 0x00007ffa6d6ba000 	C:\Program Files\Android\Android Studio\jre\bin\net.dll
0x00007ffa8b950000 - 0x00007ffa8ba5c000 	C:\Windows\SYSTEM32\WINHTTP.dll
0x00007ffa964b0000 - 0x00007ffa96517000 	C:\Windows\system32\mswsock.dll
0x00007ffa6bbc0000 - 0x00007ffa6bbd4000 	C:\Program Files\Android\Android Studio\jre\bin\nio.dll
0x00007ffa6b9e0000 - 0x00007ffa6ba07000 	C:\Users\Admin\.gradle\native\e1d6ef7f7dcc3fd88c89a11ec53ec762bb8ba0a96d01ffa2cd45eb1d1d8dd5c5\windows-amd64\native-platform.dll
0x00007ffa5aa20000 - 0x00007ffa5ab64000 	C:\Users\Admin\.gradle\native\5664cfc778a61ccfe75a443a1ab52a65af34e5dc3c78e0209fed803814484fcb\windows-amd64\native-platform-file-events.dll
0x00007ffa76150000 - 0x00007ffa7615a000 	C:\Program Files\Android\Android Studio\jre\bin\management.dll
0x00007ffa72eb0000 - 0x00007ffa72ebd000 	C:\Program Files\Android\Android Studio\jre\bin\management_ext.dll
0x00007ffa966f0000 - 0x00007ffa96708000 	C:\Windows\SYSTEM32\CRYPTSP.dll
0x00007ffa96080000 - 0x00007ffa960b5000 	C:\Windows\system32\rsaenh.dll
0x00007ffa965a0000 - 0x00007ffa965c9000 	C:\Windows\SYSTEM32\USERENV.dll
0x00007ffa96870000 - 0x00007ffa96897000 	C:\Windows\SYSTEM32\bcrypt.dll
0x00007ffa96710000 - 0x00007ffa9671c000 	C:\Windows\SYSTEM32\CRYPTBASE.dll
0x00007ffa95c20000 - 0x00007ffa95c4d000 	C:\Windows\SYSTEM32\IPHLPAPI.DLL
0x00007ffa98300000 - 0x00007ffa98309000 	C:\Windows\System32\NSI.dll
0x00007ffa8b810000 - 0x00007ffa8b829000 	C:\Windows\SYSTEM32\dhcpcsvc6.DLL
0x00007ffa8bb80000 - 0x00007ffa8bb9e000 	C:\Windows\SYSTEM32\dhcpcsvc.DLL
0x00007ffa95c50000 - 0x00007ffa95d37000 	C:\Windows\SYSTEM32\DNSAPI.dll

dbghelp: loaded successfully - version: 4.0.5 - missing functions: none
symbol engine: initialized successfully - sym options: 0x614 - pdb path: .;C:\Program Files\Android\Android Studio\jre\bin;C:\Windows\SYSTEM32;C:\Windows\WinSxS\amd64_microsoft.windows.common-controls_6595b64144ccf1df_6.0.22000.120_none_9d947278b86cc467;C:\Program Files\Android\Android Studio\jre\bin\server;C:\Users\Admin\.gradle\native\e1d6ef7f7dcc3fd88c89a11ec53ec762bb8ba0a96d01ffa2cd45eb1d1d8dd5c5\windows-amd64;C:\Users\Admin\.gradle\native\5664cfc778a61ccfe75a443a1ab52a65af34e5dc3c78e0209fed803814484fcb\windows-amd64

VM Arguments:
jvm_args: --add-opens=java.base/java.util=ALL-UNNAMED --add-opens=java.base/java.lang=ALL-UNNAMED --add-opens=java.base/java.lang.invoke=ALL-UNNAMED --add-opens=java.base/java.util=ALL-UNNAMED --add-opens=java.prefs/java.util.prefs=ALL-UNNAMED --add-opens=java.prefs/java.util.prefs=ALL-UNNAMED --add-opens=java.base/java.nio.charset=ALL-UNNAMED --add-opens=java.base/java.net=ALL-UNNAMED --add-opens=java.base/java.util.concurrent.atomic=ALL-UNNAMED -Xmx2048m -Dfile.encoding=UTF-8 -Duser.country=US -Duser.language=en -Duser.variant 
java_command: org.gradle.launcher.daemon.bootstrap.GradleDaemon 7.3.3
java_class_path (initial): C:\Users\Admin\.gradle\wrapper\dists\gradle-7.3.3-bin\6a41zxkdtcxs8rphpq6y0069z\gradle-7.3.3\lib\gradle-launcher-7.3.3.jar
Launcher Type: SUN_STANDARD

[Global flags]
     intx CICompilerCount                          = 3                                         {product} {ergonomic}
     uint ConcGCThreads                            = 1                                         {product} {ergonomic}
     uint G1ConcRefinementThreads                  = 4                                         {product} {ergonomic}
   size_t G1HeapRegionSize                         = 1048576                                   {product} {ergonomic}
    uintx GCDrainStackTargetSize                   = 64                                        {product} {ergonomic}
   size_t InitialHeapSize                          = 134217728                                 {product} {ergonomic}
   size_t MarkStackSize                            = 4194304                                   {product} {ergonomic}
   size_t MaxHeapSize                              = 2147483648                                {product} {command line}
   size_t MaxNewSize                               = 1287651328                                {product} {ergonomic}
   size_t MinHeapDeltaBytes                        = 1048576                                   {product} {ergonomic}
    uintx NonNMethodCodeHeapSize                   = 5830732                                {pd product} {ergonomic}
    uintx NonProfiledCodeHeapSize                  = 122913754                              {pd product} {ergonomic}
    uintx ProfiledCodeHeapSize                     = 122913754                              {pd product} {ergonomic}
    uintx ReservedCodeCacheSize                    = 251658240                              {pd product} {ergonomic}
     bool SegmentedCodeCache                       = true                                      {product} {ergonomic}
     bool UseCompressedClassPointers               = true                                 {lp64_product} {ergonomic}
     bool UseCompressedOops                        = true                                 {lp64_product} {ergonomic}
     bool UseG1GC                                  = true                                      {product} {ergonomic}
     bool UseLargePagesIndividualAllocation        = false                                  {pd product} {ergonomic}

Logging:
Log output configuration:
 #0: stdout all=warning uptime,level,tags
 #1: stderr all=off uptime,level,tags

Environment Variables:
PATH=C:\Program Files\Common Files\Oracle\Java\javapath;C:\Program Files (x86)\Common Files\Oracle\Java\javapath;C:\Windows\system32;C:\Windows;C:\Windows\System32\Wbem;C:\Windows\System32\WindowsPowerShell\v1.0\;C:\Windows\System32\OpenSSH\;C:\Program Files (x86)\Intel\Intel(R) Management Engine Components\DAL;C:\Program Files\Intel\Intel(R) Management Engine Components\DAL;C:\Program Files\Git\cmd;C:\Users\Admin\AppData\Local\Microsoft\WindowsApps;C:\Users\Admin\AppData\Local\Programs\Microsoft VS Code\bin;C:\Users\Admin\AppData\Local\atom\bin;C:\Users\Admin\AppData\Local\GitHubDesktop\bin
USERNAME=Admin
OS=Windows_NT
PROCESSOR_IDENTIFIER=Intel64 Family 6 Model 78 Stepping 3, GenuineIntel



---------------  S Y S T E M  ---------------

OS: Windows 10 , 64 bit Build 22000 (10.0.22000.434)
OS uptime: 0 days 13:11 hours

CPU:total 4 (initial active 4) (2 cores per cpu, 2 threads per core) family 6 model 78 stepping 3 microcode 0xd6, cmov, cx8, fxsr, mmx, sse, sse2, sse3, ssse3, sse4.1, sse4.2, popcnt, avx, avx2, aes, clmul, erms, rtm, 3dnowpref, lzcnt, ht, tsc, tscinvbit, bmi1, bmi2, adx, fma

Memory: 4k page, system-wide physical 8072M (1020M free)
TotalPageFile size 8072M (AvailPageFile size 5M)
current process WorkingSet (physical memory assigned to process): 299M, peak: 300M
current process commit charge ("private bytes"): 371M, peak: 373M

vm_info: OpenJDK 64-Bit Server VM (11.0.12+7-b1504.28-7817840) for windows-amd64 JRE (11.0.12+7-b1504.28-7817840), built on Oct 13 2021 22:12:33 by "builder" with MS VC++ 14.0 (VS2015)

END.
