#
# There is insufficient memory for the Java Runtime Environment to continue.
# Native memory allocation (malloc) failed to allocate 870176 bytes for Chunk::new
# Possible reasons:
#   The system is out of physical RAM or swap space
#   The process is running with CompressedOops enabled, and the Java Heap may be blocking the growth of the native heap
# Possible solutions:
#   Reduce memory load on the system
#   Increase physical memory or swap space
#   Check if swap backing store is full
#   Decrease Java heap size (-Xmx/-Xms)
#   Decrease number of Java threads
#   Decrease Java thread stack sizes (-Xss)
#   Set larger code cache with -XX:ReservedCodeCacheSize=
#   JVM is running with Unscaled Compressed Oops mode in which the Java heap is
#     placed in the first 4GB address space. The Java Heap base address is the
#     maximum limit for the native heap growth. Please use -XX:HeapBaseMinAddress
#     to set the Java Heap base and to place the Java Heap above 4GB virtual address.
# This output file may be truncated or incomplete.
#
#  Out of Memory Error (./src/hotspot/share/memory/arena.cpp:197), pid=7776, tid=9988
#
# JRE version: OpenJDK Runtime Environment (11.0.12+7) (build 11.0.12+7-b1504.28-7817840)
# Java VM: OpenJDK 64-Bit Server VM (11.0.12+7-b1504.28-7817840, mixed mode, tiered, compressed oops, g1 gc, windows-amd64)
# No core dump will be written. Minidumps are not enabled by default on client versions of Windows
#

---------------  S U M M A R Y ------------

Command Line: --add-opens=java.base/java.util=ALL-UNNAMED --add-opens=java.base/java.lang=ALL-UNNAMED --add-opens=java.base/java.lang.invoke=ALL-UNNAMED --add-opens=java.base/java.util=ALL-UNNAMED --add-opens=java.prefs/java.util.prefs=ALL-UNNAMED --add-opens=java.prefs/java.util.prefs=ALL-UNNAMED --add-opens=java.base/java.nio.charset=ALL-UNNAMED --add-opens=java.base/java.net=ALL-UNNAMED --add-opens=java.base/java.util.concurrent.atomic=ALL-UNNAMED -Xmx2048m -Dfile.encoding=UTF-8 -Duser.country=US -Duser.language=en -Duser.variant org.gradle.launcher.daemon.bootstrap.GradleDaemon 7.3.3

Host: Intel(R) Core(TM) i7-6600U CPU @ 2.60GHz, 4 cores, 7G,  Windows 10 , 64 bit Build 22000 (10.0.22000.434)
Time: Mon Aug  8 01:20:06 2022 Egypt Standard Time elapsed time: 5.604652 seconds (0d 0h 0m 5s)

---------------  T H R E A D  ---------------

Current thread (0x000002355c5ba800):  JavaThread "C2 CompilerThread0" daemon [_thread_in_native, id=9988, stack(0x000000460f600000,0x000000460f700000)]


Current CompileTask:
C2:   5604 2289   !   4       java.net.URL::<init> (543 bytes)

Stack: [0x000000460f600000,0x000000460f700000]
Native frames: (J=compiled Java code, j=interpreted, Vv=VM code, C=native code)
V  [jvm.dll+0x5fbcea]
V  [jvm.dll+0x731905]
V  [jvm.dll+0x732f1d]
V  [jvm.dll+0x7335d3]
V  [jvm.dll+0x247bf8]
V  [jvm.dll+0xc018c]
V  [jvm.dll+0xc06cc]
V  [jvm.dll+0x2bcc04]
V  [jvm.dll+0x5113a8]
V  [jvm.dll+0x208303]
V  [jvm.dll+0x201fe0]
V  [jvm.dll+0x1ff71f]
V  [jvm.dll+0x18868c]
V  [jvm.dll+0x20e0d7]
V  [jvm.dll+0x20c901]
V  [jvm.dll+0x6f9b7f]
V  [jvm.dll+0x6f26a5]
V  [jvm.dll+0x5fabf6]
C  [ucrtbase.dll+0x26c0c]
C  [KERNEL32.DLL+0x154e0]
C  [ntdll.dll+0x485b]


---------------  P R O C E S S  ---------------

Threads class SMR info:
_java_thread_list=0x000002355f4abfb0, length=28, elements={
0x0000023540a5f000, 0x000002355c5c9000, 0x000002355c5cc800, 0x000002355cf42800,
0x000002355c5b6000, 0x000002355c5b6800, 0x000002355c5ba800, 0x000002355c5be000,
0x000002355c5c0000, 0x000002355d06f000, 0x000002355fbd5800, 0x000002355d474800,
0x000002355d9b8000, 0x000002355f4b4800, 0x000002355e139800, 0x000002355ecfd000,
0x000002355e401800, 0x000002355e3f2800, 0x000002355e9e8000, 0x000002355f260000,
0x000002355f25e000, 0x000002355f25f000, 0x000002355f260800, 0x000002355f261800,
0x000002355f25b800, 0x000002355f262800, 0x000002355f25d800, 0x000002355f25c800
}

Java Threads: ( => current thread )
  0x0000023540a5f000 JavaThread "main" [_thread_blocked, id=8180, stack(0x000000460ea00000,0x000000460eb00000)]
  0x000002355c5c9000 JavaThread "Reference Handler" daemon [_thread_blocked, id=9916, stack(0x000000460f100000,0x000000460f200000)]
  0x000002355c5cc800 JavaThread "Finalizer" daemon [_thread_blocked, id=6152, stack(0x000000460f200000,0x000000460f300000)]
  0x000002355cf42800 JavaThread "Signal Dispatcher" daemon [_thread_blocked, id=4564, stack(0x000000460f300000,0x000000460f400000)]
  0x000002355c5b6000 JavaThread "Attach Listener" daemon [_thread_blocked, id=8276, stack(0x000000460f400000,0x000000460f500000)]
  0x000002355c5b6800 JavaThread "Service Thread" daemon [_thread_blocked, id=2112, stack(0x000000460f500000,0x000000460f600000)]
=>0x000002355c5ba800 JavaThread "C2 CompilerThread0" daemon [_thread_in_native, id=9988, stack(0x000000460f600000,0x000000460f700000)]
  0x000002355c5be000 JavaThread "C1 CompilerThread0" daemon [_thread_blocked, id=9452, stack(0x000000460f700000,0x000000460f800000)]
  0x000002355c5c0000 JavaThread "Sweeper thread" daemon [_thread_blocked, id=9884, stack(0x000000460f800000,0x000000460f900000)]
  0x000002355d06f000 JavaThread "Common-Cleaner" daemon [_thread_blocked, id=9600, stack(0x000000460f900000,0x000000460fa00000)]
  0x000002355fbd5800 JavaThread "Daemon health stats" [_thread_blocked, id=9816, stack(0x000000460fe00000,0x000000460ff00000)]
  0x000002355d474800 JavaThread "Incoming local TCP Connector on port 58530" [_thread_in_native, id=2096, stack(0x000000460fb00000,0x000000460fc00000)]
  0x000002355d9b8000 JavaThread "Daemon periodic checks" [_thread_blocked, id=1388, stack(0x000000460ff00000,0x0000004610000000)]
  0x000002355f4b4800 JavaThread "Daemon" [_thread_blocked, id=9852, stack(0x0000004610000000,0x0000004610100000)]
  0x000002355e139800 JavaThread "Handler for socket connection from /127.0.0.1:58530 to /127.0.0.1:58532" [_thread_in_native, id=7504, stack(0x0000004610100000,0x0000004610200000)]
  0x000002355ecfd000 JavaThread "Cancel handler" [_thread_blocked, id=8492, stack(0x0000004610200000,0x0000004610300000)]
  0x000002355e401800 JavaThread "Daemon worker" [_thread_in_vm, id=1500, stack(0x0000004610300000,0x0000004610400000)]
  0x000002355e3f2800 JavaThread "Asynchronous log dispatcher for DefaultDaemonConnection: socket connection from /127.0.0.1:58530 to /127.0.0.1:58532" [_thread_blocked, id=9204, stack(0x0000004610500000,0x0000004610600000)]
  0x000002355e9e8000 JavaThread "Stdin handler" [_thread_blocked, id=8932, stack(0x0000004610600000,0x0000004610700000)]
  0x000002355f260000 JavaThread "Daemon client event forwarder" [_thread_blocked, id=8440, stack(0x0000004610700000,0x0000004610800000)]
  0x000002355f25e000 JavaThread "Cache worker for journal cache (C:\Users\Admin\.gradle\caches\journal-1)" [_thread_blocked, id=8228, stack(0x0000004610900000,0x0000004610a00000)]
  0x000002355f25f000 JavaThread "File lock request listener" [_thread_in_native, id=6764, stack(0x0000004610a00000,0x0000004610b00000)]
  0x000002355f260800 JavaThread "Cache worker for file hash cache (C:\Users\Admin\.gradle\caches\7.3.3\fileHashes)" [_thread_blocked, id=1560, stack(0x0000004610b00000,0x0000004610c00000)]
  0x000002355f261800 JavaThread "Cache worker for file hash cache (C:\Users\Admin\Desktop\jana\MyApplication2\.gradle\7.3.3\fileHashes)" [_thread_blocked, id=1060, stack(0x0000004610c00000,0x0000004610d00000)]
  0x000002355f25b800 JavaThread "File watcher server" daemon [_thread_in_native, id=8044, stack(0x0000004610d00000,0x0000004610e00000)]
  0x000002355f262800 JavaThread "File watcher consumer" daemon [_thread_blocked, id=2188, stack(0x0000004610e00000,0x0000004610f00000)]
  0x000002355f25d800 JavaThread "Cache worker for checksums cache (C:\Users\Admin\Desktop\jana\MyApplication2\.gradle\7.3.3\checksums)" [_thread_blocked, id=7172, stack(0x0000004610400000,0x0000004610500000)]
  0x000002355f25c800 JavaThread "Cache worker for cache directory md-supplier (C:\Users\Admin\.gradle\caches\7.3.3\md-supplier)" [_thread_blocked, id=9008, stack(0x0000004610f00000,0x0000004611000000)]

Other Threads:
  0x000002355c5a5800 VMThread "VM Thread" [stack: 0x000000460f000000,0x000000460f100000] [id=1000]
  0x000002355d087000 WatcherThread [stack: 0x000000460fa00000,0x000000460fb00000] [id=6832]
  0x0000023540a76800 GCTaskThread "GC Thread#0" [stack: 0x000000460eb00000,0x000000460ec00000] [id=5080]
  0x000002355d3b1000 GCTaskThread "GC Thread#1" [stack: 0x000000460fc00000,0x000000460fd00000] [id=9148]
  0x000002355d5b3800 GCTaskThread "GC Thread#2" [stack: 0x000000460fd00000,0x000000460fe00000] [id=9092]
  0x000002355f459800 GCTaskThread "GC Thread#3" [stack: 0x0000004610800000,0x0000004610900000] [id=9772]
  0x0000023540aa8800 ConcurrentGCThread "G1 Main Marker" [stack: 0x000000460ec00000,0x000000460ed00000] [id=5308]
  0x0000023540aa9800 ConcurrentGCThread "G1 Conc#0" [stack: 0x000000460ed00000,0x000000460ee00000] [id=2872]
  0x0000023540b39000 ConcurrentGCThread "G1 Refine#0" [stack: 0x000000460ee00000,0x000000460ef00000] [id=9640]
  0x0000023540b3a000 ConcurrentGCThread "G1 Young RemSet Sampling" [stack: 0x000000460ef00000,0x000000460f000000] [id=7852]

Threads with active compile tasks:
C2 CompilerThread0   5630 2289   !   4       java.net.URL::<init> (543 bytes)

VM state:not at safepoint (normal execution)

VM Mutex/Monitor currently owned by a thread: None

Heap address: 0x0000000080000000, size: 2048 MB, Compressed Oops mode: 32-bit
Narrow klass base: 0x0000000000000000, Narrow klass shift: 3
Compressed class space size: 1073741824 Address: 0x0000000100000000

Heap:
 garbage-first heap   total 157696K, used 39951K [0x0000000080000000, 0x0000000100000000)
  region size 1024K, 24 young (24576K), 3 survivors (3072K)
 Metaspace       used 27923K, capacity 28573K, committed 28800K, reserved 1075200K
  class space    used 3673K, capacity 3925K, committed 3968K, reserved 1048576K
Heap Regions: E=young(eden), S=young(survivor), O=old, HS=humongous(starts), HC=humongous(continues), CS=collection set, F=free, A=archive, TAMS=top-at-mark-start (previous, next)
|   0|0x0000000080000000, 0x0000000080100000, 0x0000000080100000|100%| O|  |TAMS 0x0000000080100000, 0x0000000080000000| Untracked 
|   1|0x0000000080100000, 0x0000000080200000, 0x0000000080200000|100%| O|  |TAMS 0x0000000080200000, 0x0000000080100000| Untracked 
|   2|0x0000000080200000, 0x0000000080300000, 0x0000000080300000|100%| O|  |TAMS 0x0000000080300000, 0x0000000080200000| Untracked 
|   3|0x0000000080300000, 0x0000000080400000, 0x0000000080400000|100%|HS|  |TAMS 0x0000000080400000, 0x0000000080300000| Complete 
|   4|0x0000000080400000, 0x0000000080500000, 0x0000000080500000|100%|HC|  |TAMS 0x0000000080500000, 0x0000000080400000| Complete 
|   5|0x0000000080500000, 0x0000000080600000, 0x0000000080600000|100%|HC|  |TAMS 0x0000000080600000, 0x0000000080500000| Complete 
|   6|0x0000000080600000, 0x0000000080700000, 0x0000000080700000|100%| O|  |TAMS 0x0000000080700000, 0x0000000080600000| Untracked 
|   7|0x0000000080700000, 0x0000000080800000, 0x0000000080800000|100%| O|  |TAMS 0x0000000080800000, 0x0000000080700000| Untracked 
|   8|0x0000000080800000, 0x0000000080900000, 0x0000000080900000|100%| O|  |TAMS 0x0000000080900000, 0x0000000080800000| Untracked 
|   9|0x0000000080900000, 0x0000000080a00000, 0x0000000080a00000|100%| O|  |TAMS 0x0000000080a00000, 0x0000000080900000| Untracked 
|  10|0x0000000080a00000, 0x0000000080b00000, 0x0000000080b00000|100%| O|  |TAMS 0x0000000080b00000, 0x0000000080a00000| Untracked 
|  11|0x0000000080b00000, 0x0000000080c00000, 0x0000000080c00000|100%| O|  |TAMS 0x0000000080c00000, 0x0000000080b00000| Untracked 
|  12|0x0000000080c00000, 0x0000000080d00000, 0x0000000080d00000|100%| O|  |TAMS 0x0000000080c51c00, 0x0000000080c00000| Untracked 
|  13|0x0000000080d00000, 0x0000000080e00000, 0x0000000080e00000|100%| O|  |TAMS 0x0000000080d00000, 0x0000000080d00000| Untracked 
|  14|0x0000000080e00000, 0x0000000080f00000, 0x0000000080f00000|100%| O|  |TAMS 0x0000000080e00000, 0x0000000080e00000| Untracked 
|  15|0x0000000080f00000, 0x0000000081000000, 0x0000000081000000|100%| O|  |TAMS 0x0000000080f00000, 0x0000000080f00000| Untracked 
|  16|0x0000000081000000, 0x0000000081025c00, 0x0000000081100000| 14%| O|  |TAMS 0x0000000081000000, 0x0000000081000000| Untracked 
|  17|0x0000000081100000, 0x0000000081100000, 0x0000000081200000|  0%| F|  |TAMS 0x0000000081100000, 0x0000000081100000| Untracked 
|  18|0x0000000081200000, 0x0000000081200000, 0x0000000081300000|  0%| F|  |TAMS 0x0000000081200000, 0x0000000081200000| Untracked 
|  19|0x0000000081300000, 0x0000000081300000, 0x0000000081400000|  0%| F|  |TAMS 0x0000000081300000, 0x0000000081300000| Untracked 
|  20|0x0000000081400000, 0x0000000081400000, 0x0000000081500000|  0%| F|  |TAMS 0x0000000081400000, 0x0000000081400000| Untracked 
|  21|0x0000000081500000, 0x0000000081500000, 0x0000000081600000|  0%| F|  |TAMS 0x0000000081500000, 0x0000000081500000| Untracked 
|  22|0x0000000081600000, 0x0000000081600000, 0x0000000081700000|  0%| F|  |TAMS 0x0000000081600000, 0x0000000081600000| Untracked 
|  23|0x0000000081700000, 0x0000000081700000, 0x0000000081800000|  0%| F|  |TAMS 0x0000000081700000, 0x0000000081700000| Untracked 
|  24|0x0000000081800000, 0x0000000081800000, 0x0000000081900000|  0%| F|  |TAMS 0x0000000081800000, 0x0000000081800000| Untracked 
|  25|0x0000000081900000, 0x0000000081900000, 0x0000000081a00000|  0%| F|  |TAMS 0x0000000081900000, 0x0000000081900000| Untracked 
|  26|0x0000000081a00000, 0x0000000081a00000, 0x0000000081b00000|  0%| F|  |TAMS 0x0000000081a00000, 0x0000000081a00000| Untracked 
|  27|0x0000000081b00000, 0x0000000081b00000, 0x0000000081c00000|  0%| F|  |TAMS 0x0000000081b00000, 0x0000000081b00000| Untracked 
|  28|0x0000000081c00000, 0x0000000081c00000, 0x0000000081d00000|  0%| F|  |TAMS 0x0000000081c00000, 0x0000000081c00000| Untracked 
|  29|0x0000000081d00000, 0x0000000081d00000, 0x0000000081e00000|  0%| F|  |TAMS 0x0000000081d00000, 0x0000000081d00000| Untracked 
|  30|0x0000000081e00000, 0x0000000081e00000, 0x0000000081f00000|  0%| F|  |TAMS 0x0000000081e00000, 0x0000000081e00000| Untracked 
|  31|0x0000000081f00000, 0x0000000081f00000, 0x0000000082000000|  0%| F|  |TAMS 0x0000000081f00000, 0x0000000081f00000| Untracked 
|  32|0x0000000082000000, 0x0000000082000000, 0x0000000082100000|  0%| F|  |TAMS 0x0000000082000000, 0x0000000082000000| Untracked 
|  33|0x0000000082100000, 0x0000000082100000, 0x0000000082200000|  0%| F|  |TAMS 0x0000000082100000, 0x0000000082100000| Untracked 
|  34|0x0000000082200000, 0x0000000082200000, 0x0000000082300000|  0%| F|  |TAMS 0x0000000082200000, 0x0000000082200000| Untracked 
|  35|0x0000000082300000, 0x0000000082300000, 0x0000000082400000|  0%| F|  |TAMS 0x0000000082300000, 0x0000000082300000| Untracked 
|  36|0x0000000082400000, 0x0000000082400000, 0x0000000082500000|  0%| F|  |TAMS 0x0000000082400000, 0x0000000082400000| Untracked 
|  37|0x0000000082500000, 0x0000000082500000, 0x0000000082600000|  0%| F|  |TAMS 0x0000000082500000, 0x0000000082500000| Untracked 
|  38|0x0000000082600000, 0x0000000082600000, 0x0000000082700000|  0%| F|  |TAMS 0x0000000082600000, 0x0000000082600000| Untracked 
|  39|0x0000000082700000, 0x0000000082700000, 0x0000000082800000|  0%| F|  |TAMS 0x0000000082700000, 0x0000000082700000| Untracked 
|  40|0x0000000082800000, 0x0000000082800000, 0x0000000082900000|  0%| F|  |TAMS 0x0000000082800000, 0x0000000082800000| Untracked 
|  41|0x0000000082900000, 0x0000000082900000, 0x0000000082a00000|  0%| F|  |TAMS 0x0000000082900000, 0x0000000082900000| Untracked 
|  42|0x0000000082a00000, 0x0000000082a00000, 0x0000000082b00000|  0%| F|  |TAMS 0x0000000082a00000, 0x0000000082a00000| Untracked 
|  43|0x0000000082b00000, 0x0000000082b00000, 0x0000000082c00000|  0%| F|  |TAMS 0x0000000082b00000, 0x0000000082b00000| Untracked 
|  44|0x0000000082c00000, 0x0000000082c00000, 0x0000000082d00000|  0%| F|  |TAMS 0x0000000082c00000, 0x0000000082c00000| Untracked 
|  45|0x0000000082d00000, 0x0000000082d00000, 0x0000000082e00000|  0%| F|  |TAMS 0x0000000082d00000, 0x0000000082d00000| Untracked 
|  46|0x0000000082e00000, 0x0000000082e00000, 0x0000000082f00000|  0%| F|  |TAMS 0x0000000082e00000, 0x0000000082e00000| Untracked 
|  47|0x0000000082f00000, 0x0000000082f00000, 0x0000000083000000|  0%| F|  |TAMS 0x0000000082f00000, 0x0000000082f00000| Untracked 
|  48|0x0000000083000000, 0x0000000083000000, 0x0000000083100000|  0%| F|  |TAMS 0x0000000083000000, 0x0000000083000000| Untracked 
|  49|0x0000000083100000, 0x0000000083100000, 0x0000000083200000|  0%| F|  |TAMS 0x0000000083100000, 0x0000000083100000| Untracked 
|  50|0x0000000083200000, 0x0000000083200000, 0x0000000083300000|  0%| F|  |TAMS 0x0000000083200000, 0x0000000083200000| Untracked 
|  51|0x0000000083300000, 0x0000000083300000, 0x0000000083400000|  0%| F|  |TAMS 0x0000000083300000, 0x0000000083300000| Untracked 
|  52|0x0000000083400000, 0x0000000083400000, 0x0000000083500000|  0%| F|  |TAMS 0x0000000083400000, 0x0000000083400000| Untracked 
|  53|0x0000000083500000, 0x0000000083500000, 0x0000000083600000|  0%| F|  |TAMS 0x0000000083500000, 0x0000000083500000| Untracked 
|  54|0x0000000083600000, 0x0000000083600000, 0x0000000083700000|  0%| F|  |TAMS 0x0000000083600000, 0x0000000083600000| Untracked 
|  55|0x0000000083700000, 0x0000000083700000, 0x0000000083800000|  0%| F|  |TAMS 0x0000000083700000, 0x0000000083700000| Untracked 
|  56|0x0000000083800000, 0x0000000083800000, 0x0000000083900000|  0%| F|  |TAMS 0x0000000083800000, 0x0000000083800000| Untracked 
|  57|0x0000000083900000, 0x0000000083900000, 0x0000000083a00000|  0%| F|  |TAMS 0x0000000083900000, 0x0000000083900000| Untracked 
|  58|0x0000000083a00000, 0x0000000083a00000, 0x0000000083b00000|  0%| F|  |TAMS 0x0000000083a00000, 0x0000000083a00000| Untracked 
|  59|0x0000000083b00000, 0x0000000083b00000, 0x0000000083c00000|  0%| F|  |TAMS 0x0000000083b00000, 0x0000000083b00000| Untracked 
|  60|0x0000000083c00000, 0x0000000083c00000, 0x0000000083d00000|  0%| F|  |TAMS 0x0000000083c00000, 0x0000000083c00000| Untracked 
|  61|0x0000000083d00000, 0x0000000083d00000, 0x0000000083e00000|  0%| F|  |TAMS 0x0000000083d00000, 0x0000000083d00000| Untracked 
|  62|0x0000000083e00000, 0x0000000083e00000, 0x0000000083f00000|  0%| F|  |TAMS 0x0000000083e00000, 0x0000000083e00000| Untracked 
|  63|0x0000000083f00000, 0x0000000083f00000, 0x0000000084000000|  0%| F|  |TAMS 0x0000000083f00000, 0x0000000083f00000| Untracked 
|  64|0x0000000084000000, 0x0000000084000000, 0x0000000084100000|  0%| F|  |TAMS 0x0000000084000000, 0x0000000084000000| Untracked 
|  65|0x0000000084100000, 0x0000000084100000, 0x0000000084200000|  0%| F|  |TAMS 0x0000000084100000, 0x0000000084100000| Untracked 
|  66|0x0000000084200000, 0x0000000084200000, 0x0000000084300000|  0%| F|  |TAMS 0x0000000084200000, 0x0000000084200000| Untracked 
|  67|0x0000000084300000, 0x0000000084300000, 0x0000000084400000|  0%| F|  |TAMS 0x0000000084300000, 0x0000000084300000| Untracked 
|  68|0x0000000084400000, 0x0000000084400000, 0x0000000084500000|  0%| F|  |TAMS 0x0000000084400000, 0x0000000084400000| Untracked 
|  69|0x0000000084500000, 0x0000000084500000, 0x0000000084600000|  0%| F|  |TAMS 0x0000000084500000, 0x0000000084500000| Untracked 
|  70|0x0000000084600000, 0x0000000084600000, 0x0000000084700000|  0%| F|  |TAMS 0x0000000084600000, 0x0000000084600000| Untracked 
|  71|0x0000000084700000, 0x0000000084700000, 0x0000000084800000|  0%| F|  |TAMS 0x0000000084700000, 0x0000000084700000| Untracked 
|  72|0x0000000084800000, 0x0000000084800000, 0x0000000084900000|  0%| F|  |TAMS 0x0000000084800000, 0x0000000084800000| Untracked 
|  73|0x0000000084900000, 0x0000000084900000, 0x0000000084a00000|  0%| F|  |TAMS 0x0000000084900000, 0x0000000084900000| Untracked 
|  74|0x0000000084a00000, 0x0000000084a00000, 0x0000000084b00000|  0%| F|  |TAMS 0x0000000084a00000, 0x0000000084a00000| Untracked 
|  75|0x0000000084b00000, 0x0000000084b00000, 0x0000000084c00000|  0%| F|  |TAMS 0x0000000084b00000, 0x0000000084b00000| Untracked 
|  76|0x0000000084c00000, 0x0000000084c00000, 0x0000000084d00000|  0%| F|  |TAMS 0x0000000084c00000, 0x0000000084c00000| Untracked 
|  77|0x0000000084d00000, 0x0000000084d00000, 0x0000000084e00000|  0%| F|  |TAMS 0x0000000084d00000, 0x0000000084d00000| Untracked 
|  78|0x0000000084e00000, 0x0000000084e00000, 0x0000000084f00000|  0%| F|  |TAMS 0x0000000084e00000, 0x0000000084e00000| Untracked 
|  79|0x0000000084f00000, 0x0000000084f00000, 0x0000000085000000|  0%| F|  |TAMS 0x0000000084f00000, 0x0000000084f00000| Untracked 
|  80|0x0000000085000000, 0x0000000085000000, 0x0000000085100000|  0%| F|  |TAMS 0x0000000085000000, 0x0000000085000000| Untracked 
|  81|0x0000000085100000, 0x0000000085100000, 0x0000000085200000|  0%| F|  |TAMS 0x0000000085100000, 0x0000000085100000| Untracked 
|  82|0x0000000085200000, 0x0000000085200000, 0x0000000085300000|  0%| F|  |TAMS 0x0000000085200000, 0x0000000085200000| Untracked 
|  83|0x0000000085300000, 0x0000000085300000, 0x0000000085400000|  0%| F|  |TAMS 0x0000000085300000, 0x0000000085300000| Untracked 
|  84|0x0000000085400000, 0x0000000085400000, 0x0000000085500000|  0%| F|  |TAMS 0x0000000085400000, 0x0000000085400000| Untracked 
|  85|0x0000000085500000, 0x0000000085500000, 0x0000000085600000|  0%| F|  |TAMS 0x0000000085500000, 0x0000000085500000| Untracked 
|  86|0x0000000085600000, 0x0000000085600000, 0x0000000085700000|  0%| F|  |TAMS 0x0000000085600000, 0x0000000085600000| Untracked 
|  87|0x0000000085700000, 0x0000000085700000, 0x0000000085800000|  0%| F|  |TAMS 0x0000000085700000, 0x0000000085700000| Untracked 
|  88|0x0000000085800000, 0x0000000085800000, 0x0000000085900000|  0%| F|  |TAMS 0x0000000085800000, 0x0000000085800000| Untracked 
|  89|0x0000000085900000, 0x0000000085900000, 0x0000000085a00000|  0%| F|  |TAMS 0x0000000085900000, 0x0000000085900000| Untracked 
|  90|0x0000000085a00000, 0x0000000085a00000, 0x0000000085b00000|  0%| F|  |TAMS 0x0000000085a00000, 0x0000000085a00000| Untracked 
|  91|0x0000000085b00000, 0x0000000085b00000, 0x0000000085c00000|  0%| F|  |TAMS 0x0000000085b00000, 0x0000000085b00000| Untracked 
|  92|0x0000000085c00000, 0x0000000085c00000, 0x0000000085d00000|  0%| F|  |TAMS 0x0000000085c00000, 0x0000000085c00000| Untracked 
|  93|0x0000000085d00000, 0x0000000085d00000, 0x0000000085e00000|  0%| F|  |TAMS 0x0000000085d00000, 0x0000000085d00000| Untracked 
|  94|0x0000000085e00000, 0x0000000085e00000, 0x0000000085f00000|  0%| F|  |TAMS 0x0000000085e00000, 0x0000000085e00000| Untracked 
|  95|0x0000000085f00000, 0x0000000085f00000, 0x0000000086000000|  0%| F|  |TAMS 0x0000000085f00000, 0x0000000085f00000| Untracked 
|  96|0x0000000086000000, 0x00000000860de288, 0x0000000086100000| 86%| S|CS|TAMS 0x0000000086000000, 0x0000000086000000| Complete 
|  97|0x0000000086100000, 0x0000000086200000, 0x0000000086200000|100%| S|CS|TAMS 0x0000000086100000, 0x0000000086100000| Complete 
|  98|0x0000000086200000, 0x0000000086300000, 0x0000000086300000|100%| S|CS|TAMS 0x0000000086200000, 0x0000000086200000| Complete 
|  99|0x0000000086300000, 0x0000000086300000, 0x0000000086400000|  0%| F|  |TAMS 0x0000000086300000, 0x0000000086300000| Untracked 
| 100|0x0000000086400000, 0x0000000086400000, 0x0000000086500000|  0%| F|  |TAMS 0x0000000086400000, 0x0000000086400000| Untracked 
| 101|0x0000000086500000, 0x0000000086500000, 0x0000000086600000|  0%| F|  |TAMS 0x0000000086500000, 0x0000000086500000| Untracked 
| 102|0x0000000086600000, 0x0000000086600000, 0x0000000086700000|  0%| F|  |TAMS 0x0000000086600000, 0x0000000086600000| Untracked 
| 103|0x0000000086700000, 0x0000000086700000, 0x0000000086800000|  0%| F|  |TAMS 0x0000000086700000, 0x0000000086700000| Untracked 
| 104|0x0000000086800000, 0x0000000086800000, 0x0000000086900000|  0%| F|  |TAMS 0x0000000086800000, 0x0000000086800000| Untracked 
| 105|0x0000000086900000, 0x0000000086900000, 0x0000000086a00000|  0%| F|  |TAMS 0x0000000086900000, 0x0000000086900000| Untracked 
| 106|0x0000000086a00000, 0x0000000086a00000, 0x0000000086b00000|  0%| F|  |TAMS 0x0000000086a00000, 0x0000000086a00000| Untracked 
| 107|0x0000000086b00000, 0x0000000086b00000, 0x0000000086c00000|  0%| F|  |TAMS 0x0000000086b00000, 0x0000000086b00000| Untracked 
| 108|0x0000000086c00000, 0x0000000086c00000, 0x0000000086d00000|  0%| F|  |TAMS 0x0000000086c00000, 0x0000000086c00000| Untracked 
| 109|0x0000000086d00000, 0x0000000086d00000, 0x0000000086e00000|  0%| F|  |TAMS 0x0000000086d00000, 0x0000000086d00000| Untracked 
| 110|0x0000000086e00000, 0x0000000086e00000, 0x0000000086f00000|  0%| F|  |TAMS 0x0000000086e00000, 0x0000000086e00000| Untracked 
| 111|0x0000000086f00000, 0x0000000086f00000, 0x0000000087000000|  0%| F|  |TAMS 0x0000000086f00000, 0x0000000086f00000| Untracked 
| 112|0x0000000087000000, 0x0000000087000000, 0x0000000087100000|  0%| F|  |TAMS 0x0000000087000000, 0x0000000087000000| Untracked 
| 113|0x0000000087100000, 0x0000000087100000, 0x0000000087200000|  0%| F|  |TAMS 0x0000000087100000, 0x0000000087100000| Untracked 
| 114|0x0000000087200000, 0x0000000087200000, 0x0000000087300000|  0%| F|  |TAMS 0x0000000087200000, 0x0000000087200000| Untracked 
| 115|0x0000000087300000, 0x0000000087300000, 0x0000000087400000|  0%| F|  |TAMS 0x0000000087300000, 0x0000000087300000| Untracked 
| 116|0x0000000087400000, 0x0000000087400000, 0x0000000087500000|  0%| F|  |TAMS 0x0000000087400000, 0x0000000087400000| Untracked 
| 117|0x0000000087500000, 0x0000000087500000, 0x0000000087600000|  0%| F|  |TAMS 0x0000000087500000, 0x0000000087500000| Untracked 
| 118|0x0000000087600000, 0x0000000087600000, 0x0000000087700000|  0%| F|  |TAMS 0x0000000087600000, 0x0000000087600000| Untracked 
| 119|0x0000000087700000, 0x0000000087700000, 0x0000000087800000|  0%| F|  |TAMS 0x0000000087700000, 0x0000000087700000| Untracked 
| 120|0x0000000087800000, 0x0000000087800000, 0x0000000087900000|  0%| F|  |TAMS 0x0000000087800000, 0x0000000087800000| Untracked 
| 121|0x0000000087900000, 0x0000000087900000, 0x0000000087a00000|  0%| F|  |TAMS 0x0000000087900000, 0x0000000087900000| Untracked 
| 122|0x0000000087a00000, 0x0000000087a00000, 0x0000000087b00000|  0%| F|  |TAMS 0x0000000087a00000, 0x0000000087a00000| Untracked 
| 123|0x0000000087b00000, 0x0000000087b00000, 0x0000000087c00000|  0%| F|  |TAMS 0x0000000087b00000, 0x0000000087b00000| Untracked 
| 124|0x0000000087c00000, 0x0000000087c00000, 0x0000000087d00000|  0%| F|  |TAMS 0x0000000087c00000, 0x0000000087c00000| Untracked 
| 125|0x0000000087d00000, 0x0000000087d00000, 0x0000000087e00000|  0%| F|  |TAMS 0x0000000087d00000, 0x0000000087d00000| Untracked 
| 126|0x0000000087e00000, 0x0000000087e00000, 0x0000000087f00000|  0%| F|  |TAMS 0x0000000087e00000, 0x0000000087e00000| Untracked 
| 127|0x0000000087f00000, 0x0000000087f00000, 0x0000000088000000|  0%| F|  |TAMS 0x0000000087f00000, 0x0000000087f00000| Untracked 
| 128|0x0000000088000000, 0x0000000088000000, 0x0000000088100000|  0%| F|  |TAMS 0x0000000088000000, 0x0000000088000000| Untracked 
| 129|0x0000000088100000, 0x0000000088100000, 0x0000000088200000|  0%| F|  |TAMS 0x0000000088100000, 0x0000000088100000| Untracked 
| 130|0x0000000088200000, 0x0000000088200000, 0x0000000088300000|  0%| F|  |TAMS 0x0000000088200000, 0x0000000088200000| Untracked 
| 131|0x0000000088300000, 0x0000000088300000, 0x0000000088400000|  0%| F|  |TAMS 0x0000000088300000, 0x0000000088300000| Untracked 
| 132|0x0000000088400000, 0x0000000088480800, 0x0000000088500000| 50%| E|  |TAMS 0x0000000088400000, 0x0000000088400000| Complete 
| 133|0x0000000088500000, 0x0000000088600000, 0x0000000088600000|100%| E|CS|TAMS 0x0000000088500000, 0x0000000088500000| Complete 
| 134|0x0000000088600000, 0x0000000088700000, 0x0000000088700000|100%| E|CS|TAMS 0x0000000088600000, 0x0000000088600000| Complete 
| 135|0x0000000088700000, 0x0000000088800000, 0x0000000088800000|100%| E|CS|TAMS 0x0000000088700000, 0x0000000088700000| Complete 
| 136|0x0000000088800000, 0x0000000088900000, 0x0000000088900000|100%| E|CS|TAMS 0x0000000088800000, 0x0000000088800000| Complete 
| 137|0x0000000088900000, 0x0000000088a00000, 0x0000000088a00000|100%| E|CS|TAMS 0x0000000088900000, 0x0000000088900000| Complete 
| 138|0x0000000088a00000, 0x0000000088b00000, 0x0000000088b00000|100%| E|CS|TAMS 0x0000000088a00000, 0x0000000088a00000| Complete 
| 139|0x0000000088b00000, 0x0000000088c00000, 0x0000000088c00000|100%| E|CS|TAMS 0x0000000088b00000, 0x0000000088b00000| Complete 
| 140|0x0000000088c00000, 0x0000000088d00000, 0x0000000088d00000|100%| E|CS|TAMS 0x0000000088c00000, 0x0000000088c00000| Complete 
| 141|0x0000000088d00000, 0x0000000088e00000, 0x0000000088e00000|100%| E|CS|TAMS 0x0000000088d00000, 0x0000000088d00000| Complete 
| 142|0x0000000088e00000, 0x0000000088f00000, 0x0000000088f00000|100%| E|CS|TAMS 0x0000000088e00000, 0x0000000088e00000| Complete 
| 143|0x0000000088f00000, 0x0000000089000000, 0x0000000089000000|100%| E|CS|TAMS 0x0000000088f00000, 0x0000000088f00000| Complete 
| 144|0x0000000089000000, 0x0000000089100000, 0x0000000089100000|100%| E|CS|TAMS 0x0000000089000000, 0x0000000089000000| Complete 
| 145|0x0000000089100000, 0x0000000089200000, 0x0000000089200000|100%| E|CS|TAMS 0x0000000089100000, 0x0000000089100000| Complete 
| 146|0x0000000089200000, 0x0000000089300000, 0x0000000089300000|100%| E|CS|TAMS 0x0000000089200000, 0x0000000089200000| Complete 
| 147|0x0000000089300000, 0x0000000089400000, 0x0000000089400000|100%| E|CS|TAMS 0x0000000089300000, 0x0000000089300000| Complete 
| 148|0x0000000089400000, 0x0000000089500000, 0x0000000089500000|100%| E|CS|TAMS 0x0000000089400000, 0x0000000089400000| Complete 
| 149|0x0000000089500000, 0x0000000089600000, 0x0000000089600000|100%| E|CS|TAMS 0x0000000089500000, 0x0000000089500000| Complete 
| 150|0x0000000089600000, 0x0000000089700000, 0x0000000089700000|100%| E|CS|TAMS 0x0000000089600000, 0x0000000089600000| Complete 
| 151|0x0000000089700000, 0x0000000089800000, 0x0000000089800000|100%| E|CS|TAMS 0x0000000089700000, 0x0000000089700000| Complete 
| 152|0x0000000089800000, 0x0000000089900000, 0x0000000089900000|100%| E|CS|TAMS 0x0000000089800000, 0x0000000089800000| Complete 
| 153|0x0000000089900000, 0x0000000089a00000, 0x0000000089a00000|100%| E|CS|TAMS 0x0000000089900000, 0x0000000089900000| Complete 

Card table byte_map: [0x0000023555770000,0x0000023555b70000] _byte_map_base: 0x0000023555370000

Marking Bits (Prev, Next): (CMBitMap*) 0x0000023540a9f880, (CMBitMap*) 0x0000023540a9f848
 Prev Bits: [0x0000023557f70000, 0x0000023559f70000)
 Next Bits: [0x0000023555f70000, 0x0000023557f70000)

Polling page: 0x0000023540910000

Metaspace:

Usage:
  Non-class:     24.13 MB capacity,    23.71 MB ( 98%) used,   374.78 KB (  2%) free+waste,    55.94 KB ( <1%) overhead. 
      Class:      3.83 MB capacity,     3.59 MB ( 94%) used,   222.73 KB (  6%) free+waste,    28.25 KB ( <1%) overhead. 
       Both:     27.97 MB capacity,    27.30 MB ( 98%) used,   597.51 KB (  2%) free+waste,    84.19 KB ( <1%) overhead. 

Virtual space:
  Non-class space:       26.00 MB reserved,      24.25 MB ( 93%) committed 
      Class space:        1.00 GB reserved,       3.88 MB ( <1%) committed 
             Both:        1.03 GB reserved,      28.13 MB (  3%) committed 

Chunk freelists:
   Non-Class:  56.00 KB
       Class:  11.00 KB
        Both:  67.00 KB

MaxMetaspaceSize: 17179869184.00 GB
CompressedClassSpaceSize: 1.00 GB
Initial GC threshold: 20.80 MB
Current GC threshold: 35.00 MB
CDS: off

CodeHeap 'non-profiled nmethods': size=120064Kb used=1266Kb max_used=1266Kb free=118797Kb
 bounds [0x000002354d810000, 0x000002354da80000, 0x0000023554d50000]
CodeHeap 'profiled nmethods': size=120000Kb used=5003Kb max_used=5003Kb free=114996Kb
 bounds [0x00000235462e0000, 0x00000235467d0000, 0x000002354d810000]
CodeHeap 'non-nmethods': size=5696Kb used=1232Kb max_used=1281Kb free=4463Kb
 bounds [0x0000023545d50000, 0x0000023545fc0000, 0x00000235462e0000]
 total_blobs=2821 nmethods=2317 adapters=416
 compilation: enabled
              stopped_count=0, restarted_count=0
 full_count=0

Compilation events (20 events):
Event: 5.527 Thread 0x000002355c5be000 2305       3       java.lang.reflect.Method::acquireMethodAccessor (44 bytes)
Event: 5.528 Thread 0x000002355c5be000 nmethod 2305 0x00000235467bb690 code [0x00000235467bb880, 0x00000235467bbd58]
Event: 5.542 Thread 0x000002355c5be000 2307   !   3       jdk.internal.loader.AbstractClassLoaderValue::computeIfAbsent (113 bytes)
Event: 5.543 Thread 0x000002355c5be000 nmethod 2307 0x00000235467bbf10 code [0x00000235467bc1c0, 0x00000235467bcfa8]
Event: 5.544 Thread 0x000002355c5be000 2308       1       org.gradle.internal.event.DefaultListenerManager::access$100 (5 bytes)
Event: 5.544 Thread 0x000002355c5be000 nmethod 2308 0x000002354d94c810 code [0x000002354d94c9c0, 0x000002354d94ca58]
Event: 5.544 Thread 0x000002355c5be000 2309       3       java.lang.reflect.Proxy::newProxyInstance (35 bytes)
Event: 5.544 Thread 0x000002355c5be000 nmethod 2309 0x00000235467bd590 code [0x00000235467bd7a0, 0x00000235467bdb38]
Event: 5.551 Thread 0x000002355c5be000 2310       3       java.lang.ClassLoader::createOrGetClassLoaderValueMap (37 bytes)
Event: 5.552 Thread 0x000002355c5be000 nmethod 2310 0x00000235467bdd10 code [0x00000235467bdf20, 0x00000235467be468]
Event: 5.552 Thread 0x000002355c5be000 2311       3       java.lang.reflect.Proxy::<init> (15 bytes)
Event: 5.553 Thread 0x000002355c5be000 nmethod 2311 0x00000235467be690 code [0x00000235467be860, 0x00000235467beb68]
Event: 5.573 Thread 0x000002355c5be000 2312       3       com.google.common.cache.LongAdder::<init> (5 bytes)
Event: 5.574 Thread 0x000002355c5be000 nmethod 2312 0x00000235467bec90 code [0x00000235467bee60, 0x00000235467bf078]
Event: 5.574 Thread 0x000002355c5be000 2313       3       com.google.common.cache.Striped64::<init> (5 bytes)
Event: 5.574 Thread 0x000002355c5be000 nmethod 2313 0x00000235467bf190 code [0x00000235467bf340, 0x00000235467bf4f8]
Event: 5.574 Thread 0x000002355c5be000 2314       3       com.google.common.cache.LocalCache::expiresAfterAccess (15 bytes)
Event: 5.574 Thread 0x000002355c5be000 nmethod 2314 0x00000235467bf610 code [0x00000235467bf7c0, 0x00000235467bf938]
Event: 5.595 Thread 0x000002355c5be000 2315       3       java.lang.invoke.DirectMethodHandle$Holder::invokeStatic (15 bytes)
Event: 5.595 Thread 0x000002355c5be000 nmethod 2315 0x00000235467bfa10 code [0x00000235467bfbe0, 0x00000235467c0118]

GC Heap History (12 events):
Event: 0.772 GC heap before
{Heap before GC invocations=0 (full 0):
 garbage-first heap   total 131072K, used 20480K [0x0000000080000000, 0x0000000100000000)
  region size 1024K, 14 young (14336K), 0 survivors (0K)
 Metaspace       used 6740K, capacity 6925K, committed 7168K, reserved 1056768K
  class space    used 582K, capacity 650K, committed 768K, reserved 1048576K
}
Event: 0.779 GC heap after
{Heap after GC invocations=1 (full 0):
 garbage-first heap   total 131072K, used 7625K [0x0000000080000000, 0x0000000100000000)
  region size 1024K, 2 young (2048K), 2 survivors (2048K)
 Metaspace       used 6740K, capacity 6925K, committed 7168K, reserved 1056768K
  class space    used 582K, capacity 650K, committed 768K, reserved 1048576K
}
Event: 1.291 GC heap before
{Heap before GC invocations=1 (full 0):
 garbage-first heap   total 131072K, used 19913K [0x0000000080000000, 0x0000000100000000)
  region size 1024K, 14 young (14336K), 2 survivors (2048K)
 Metaspace       used 9906K, capacity 10118K, committed 10368K, reserved 1058816K
  class space    used 1027K, capacity 1102K, committed 1152K, reserved 1048576K
}
Event: 1.296 GC heap after
{Heap after GC invocations=2 (full 0):
 garbage-first heap   total 131072K, used 9388K [0x0000000080000000, 0x0000000100000000)
  region size 1024K, 2 young (2048K), 2 survivors (2048K)
 Metaspace       used 9906K, capacity 10118K, committed 10368K, reserved 1058816K
  class space    used 1027K, capacity 1102K, committed 1152K, reserved 1048576K
}
Event: 1.757 GC heap before
{Heap before GC invocations=2 (full 0):
 garbage-first heap   total 131072K, used 40108K [0x0000000080000000, 0x0000000100000000)
  region size 1024K, 32 young (32768K), 2 survivors (2048K)
 Metaspace       used 10879K, capacity 11073K, committed 11264K, reserved 1058816K
  class space    used 1130K, capacity 1207K, committed 1280K, reserved 1048576K
}
Event: 1.761 GC heap after
{Heap after GC invocations=3 (full 0):
 garbage-first heap   total 131072K, used 11648K [0x0000000080000000, 0x0000000100000000)
  region size 1024K, 4 young (4096K), 4 survivors (4096K)
 Metaspace       used 10879K, capacity 11073K, committed 11264K, reserved 1058816K
  class space    used 1130K, capacity 1207K, committed 1280K, reserved 1048576K
}
Event: 3.559 GC heap before
{Heap before GC invocations=3 (full 0):
 garbage-first heap   total 131072K, used 60800K [0x0000000080000000, 0x0000000100000000)
  region size 1024K, 52 young (53248K), 4 survivors (4096K)
 Metaspace       used 18722K, capacity 19040K, committed 19328K, reserved 1067008K
  class space    used 2244K, capacity 2374K, committed 2432K, reserved 1048576K
}
Event: 3.573 GC heap after
{Heap after GC invocations=4 (full 0):
 garbage-first heap   total 131072K, used 16307K [0x0000000080000000, 0x0000000100000000)
  region size 1024K, 7 young (7168K), 7 survivors (7168K)
 Metaspace       used 18722K, capacity 19040K, committed 19328K, reserved 1067008K
  class space    used 2244K, capacity 2374K, committed 2432K, reserved 1048576K
}
Event: 3.994 GC heap before
{Heap before GC invocations=4 (full 0):
 garbage-first heap   total 131072K, used 35763K [0x0000000080000000, 0x0000000100000000)
  region size 1024K, 27 young (27648K), 7 survivors (7168K)
 Metaspace       used 20756K, capacity 21135K, committed 21248K, reserved 1067008K
  class space    used 2545K, capacity 2710K, committed 2816K, reserved 1048576K
}
Event: 4.005 GC heap after
{Heap after GC invocations=5 (full 0):
 garbage-first heap   total 157696K, used 17570K [0x0000000080000000, 0x0000000100000000)
  region size 1024K, 5 young (5120K), 5 survivors (5120K)
 Metaspace       used 20756K, capacity 21135K, committed 21248K, reserved 1067008K
  class space    used 2545K, capacity 2710K, committed 2816K, reserved 1048576K
}
Event: 5.262 GC heap before
{Heap before GC invocations=6 (full 0):
 garbage-first heap   total 157696K, used 67746K [0x0000000080000000, 0x0000000100000000)
  region size 1024K, 55 young (56320K), 5 survivors (5120K)
 Metaspace       used 26228K, capacity 26820K, committed 27008K, reserved 1073152K
  class space    used 3396K, capacity 3589K, committed 3712K, reserved 1048576K
}
Event: 5.272 GC heap after
{Heap after GC invocations=7 (full 0):
 garbage-first heap   total 157696K, used 19471K [0x0000000080000000, 0x0000000100000000)
  region size 1024K, 3 young (3072K), 3 survivors (3072K)
 Metaspace       used 26228K, capacity 26820K, committed 27008K, reserved 1073152K
  class space    used 3396K, capacity 3589K, committed 3712K, reserved 1048576K
}

Deoptimization events (20 events):
Event: 4.271 Thread 0x000002355e401800 Uncommon trap: trap_request=0xffffff4d fr.pc=0x000002354d8fbd30 relative=0x00000000000003b0
Event: 4.271 Thread 0x000002355e401800 Uncommon trap: reason=unstable_if action=reinterpret pc=0x000002354d8fbd30 method=jdk.internal.org.objectweb.asm.Type.getArgumentsAndReturnSizes(Ljava/lang/String;)I @ 88 c2
Event: 4.271 Thread 0x000002355e401800 DEOPT PACKING pc=0x000002354d8fbd30 sp=0x00000046103f9c20
Event: 4.271 Thread 0x000002355e401800 DEOPT UNPACKING pc=0x0000023545d9a1af sp=0x00000046103f9ba8 mode 2
Event: 4.655 Thread 0x000002355e401800 Uncommon trap: trap_request=0xffffff4d fr.pc=0x000002354d864400 relative=0x0000000000000240
Event: 4.655 Thread 0x000002355e401800 Uncommon trap: reason=unstable_if action=reinterpret pc=0x000002354d864400 method=java.util.concurrent.ConcurrentHashMap.get(Ljava/lang/Object;)Ljava/lang/Object; @ 76 c2
Event: 4.655 Thread 0x000002355e401800 DEOPT PACKING pc=0x000002354d864400 sp=0x00000046103f9cb0
Event: 4.655 Thread 0x000002355e401800 DEOPT UNPACKING pc=0x0000023545d9a1af sp=0x00000046103f9c18 mode 2
Event: 5.084 Thread 0x000002355e401800 Uncommon trap: trap_request=0xffffffcc fr.pc=0x000002354d93c8f8 relative=0x00000000000002b8
Event: 5.084 Thread 0x000002355e401800 Uncommon trap: reason=intrinsic_or_type_checked_inlining action=make_not_entrant pc=0x000002354d93c8f8 method=java.util.Arrays.copyOf([Ljava/lang/Object;ILjava/lang/Class;)[Ljava/lang/Object; @ 35 c2
Event: 5.084 Thread 0x000002355e401800 DEOPT PACKING pc=0x000002354d93c8f8 sp=0x00000046103fa830
Event: 5.084 Thread 0x000002355e401800 DEOPT UNPACKING pc=0x0000023545d9a1af sp=0x00000046103fa7c0 mode 2
Event: 5.212 Thread 0x000002355e401800 Uncommon trap: trap_request=0xffffff7e fr.pc=0x000002354d940594 relative=0x0000000000000154
Event: 5.212 Thread 0x000002355e401800 Uncommon trap: reason=predicate action=maybe_recompile pc=0x000002354d940594 method=com.google.common.base.CharMatcher.indexIn(Ljava/lang/CharSequence;I)I @ 19 c2
Event: 5.212 Thread 0x000002355e401800 DEOPT PACKING pc=0x000002354d940594 sp=0x00000046103fb9a0
Event: 5.212 Thread 0x000002355e401800 DEOPT UNPACKING pc=0x0000023545d9a1af sp=0x00000046103fb930 mode 2
Event: 5.249 Thread 0x000002355e401800 Uncommon trap: trap_request=0xffffff4d fr.pc=0x000002354d8c7634 relative=0x0000000000001374
Event: 5.249 Thread 0x000002355e401800 Uncommon trap: reason=unstable_if action=reinterpret pc=0x000002354d8c7634 method=java.util.concurrent.ConcurrentHashMap.putVal(Ljava/lang/Object;Ljava/lang/Object;Z)Ljava/lang/Object; @ 231 c2
Event: 5.249 Thread 0x000002355e401800 DEOPT PACKING pc=0x000002354d8c7634 sp=0x00000046103fcbc0
Event: 5.249 Thread 0x000002355e401800 DEOPT UNPACKING pc=0x0000023545d9a1af sp=0x00000046103fcb40 mode 2

Classes redefined (0 events):
No events

Internal exceptions (20 events):
Event: 4.087 Thread 0x000002355e401800 Exception <a 'java/lang/IncompatibleClassChangeError'{0x000000008973cf48}: Found class java.lang.Object, but interface was expected> (0x000000008973cf48) thrown at [./src/hotspot/share/interpreter/linkResolver.cpp, line 839]
Event: 4.381 Thread 0x000002355e401800 Exception <a 'java/lang/NoSuchMethodError'{0x0000000088cbe4e0}: 'java.lang.Object java.lang.invoke.DirectMethodHandle$Holder.invokeSpecial(java.lang.Object, java.lang.Object, java.lang.Object, java.lang.Object, java.lang.Object, java.lang.Object, java.lang.Object, java.lang.Object, java.lang.Object)'> (0x0000000088cbe4e0) thrown at [./src/hotspot/share/interpreter/linkResolver.cpp, line 773]
Event: 4.511 Thread 0x000002355e401800 Exception <a 'java/lang/NoSuchMethodError'{0x0000000088242f08}: 'java.lang.Object java.lang.invoke.DirectMethodHandle$Holder.invokeVirtual(java.lang.Object, java.lang.Object, java.lang.Object, java.lang.Object)'> (0x0000000088242f08) thrown at [./src/hotspot/share/interpreter/linkResolver.cpp, line 773]
Event: 4.840 Thread 0x000002355e401800 Exception <a 'java/lang/NoSuchMethodError'{0x0000000087cdca98}: 'void java.lang.invoke.DirectMethodHandle$Holder.invokeSpecial(java.lang.Object, java.lang.Object, java.lang.Object, java.lang.Object, java.lang.Object, java.lang.Object)'> (0x0000000087cdca98) thrown at [./src/hotspot/share/interpreter/linkResolver.cpp, line 773]
Event: 4.862 Thread 0x000002355e401800 Exception <a 'java/lang/NoSuchMethodError'{0x0000000087b4ad70}: 'void java.lang.invoke.DirectMethodHandle$Holder.invokeSpecial(java.lang.Object, java.lang.Object, java.lang.Object, java.lang.Object, java.lang.Object, java.lang.Object, java.lang.Object)'> (0x0000000087b4ad70) thrown at [./src/hotspot/share/interpreter/linkResolver.cpp, line 773]
Event: 4.863 Thread 0x000002355e401800 Exception <a 'java/lang/NoSuchMethodError'{0x0000000087b53260}: 'java.lang.Object java.lang.invoke.Invokers$Holder.linkToTargetMethod(java.lang.Object, java.lang.Object, java.lang.Object, java.lang.Object, java.lang.Object, java.lang.Object)'> (0x0000000087b53260) thrown at [./src/hotspot/share/interpreter/linkResolver.cpp, line 773]
Event: 5.017 Thread 0x000002355e401800 Exception <a 'java/lang/NoSuchMethodError'{0x0000000087299538}: 'int java.lang.invoke.DirectMethodHandle$Holder.invokeStaticInit(java.lang.Object, java.lang.Object, java.lang.Object)'> (0x0000000087299538) thrown at [./src/hotspot/share/interpreter/linkResolver.cpp, line 773]
Event: 5.123 Thread 0x000002355e401800 Exception <a 'java/lang/NoSuchMethodError'{0x0000000086da7f28}: 'void java.lang.invoke.DirectMethodHandle$Holder.invokeStaticInit(java.lang.Object, java.lang.Object)'> (0x0000000086da7f28) thrown at [./src/hotspot/share/interpreter/linkResolver.cpp, line 773]
Event: 5.275 Thread 0x000002355e401800 Exception <a 'java/lang/NoSuchMethodError'{0x000000008995eff0}: 'void java.lang.invoke.DirectMethodHandle$Holder.invokeStatic(java.lang.Object, java.lang.Object, java.lang.Object, java.lang.Object)'> (0x000000008995eff0) thrown at [./src/hotspot/share/interpreter/linkResolver.cpp, line 773]
Event: 5.283 Thread 0x000002355e401800 Exception <a 'java/lang/NoSuchMethodError'{0x000000008998d1d0}: 'java.lang.Object java.lang.invoke.DirectMethodHandle$Holder.invokeVirtual(java.lang.Object, java.lang.Object, java.lang.Object)'> (0x000000008998d1d0) thrown at [./src/hotspot/share/interpreter/linkResolver.cpp, line 773]
Event: 5.287 Thread 0x000002355e401800 Exception <a 'java/lang/NoSuchMethodError'{0x00000000899b4268}: 'int java.lang.invoke.DirectMethodHandle$Holder.invokeVirtual(java.lang.Object, java.lang.Object)'> (0x00000000899b4268) thrown at [./src/hotspot/share/interpreter/linkResolver.cpp, line 773]
Event: 5.295 Thread 0x000002355e401800 Exception <a 'java/lang/NoSuchMethodError'{0x000000008986bbe0}: 'int java.lang.invoke.DirectMethodHandle$Holder.invokeVirtual(java.lang.Object, java.lang.Object, java.lang.Object)'> (0x000000008986bbe0) thrown at [./src/hotspot/share/interpreter/linkResolver.cpp, line 773]
Event: 5.335 Thread 0x000002355e401800 Exception <a 'java/lang/NoSuchMethodError'{0x00000000897e87a8}: 'void java.lang.invoke.DirectMethodHandle$Holder.invokeSpecial(java.lang.Object, java.lang.Object)'> (0x00000000897e87a8) thrown at [./src/hotspot/share/interpreter/linkResolver.cpp, line 773]
Event: 5.476 Thread 0x000002355e401800 Exception <a 'java/lang/NoSuchMethodError'{0x0000000088eedf20}: 'java.lang.Object java.lang.invoke.DirectMethodHandle$Holder.invokeSpecialIFC(java.lang.Object, java.lang.Object, java.lang.Object, java.lang.Object)'> (0x0000000088eedf20) thrown at [./src/hotspot/share/interpreter/linkResolver.cpp, line 773]
Event: 5.488 Thread 0x000002355e401800 Exception <a 'java/lang/NoSuchMethodError'{0x0000000088dc3d68}: 'java.lang.Object java.lang.invoke.DirectMethodHandle$Holder.invokeSpecial(java.lang.Object, java.lang.Object, java.lang.Object, java.lang.Object, java.lang.Object, java.lang.Object, java.lang.Object, java.lang.Object, java.lang.Object, java.lang.Object, java.lang.Object, java.lang.Object, java.lang.Object)'> (0x0000000088dc3d68) thrown at [./src/hotspot/share/interpreter/linkResolver.cpp, line 773]
Event: 5.490 Thread 0x000002355e401800 Exception <a 'java/lang/NoSuchMethodError'{0x0000000088dd4bc8}: 'java.lang.Object java.lang.invoke.DirectMethodHandle$Holder.invokeSpecial(java.lang.Object, java.lang.Object, java.lang.Object, java.lang.Object, java.lang.Object, java.lang.Object, java.lang.Object, java.lang.Object, java.lang.Object, java.lang.Object, java.lang.Object, java.lang.Object)'> (0x0000000088dd4bc8) thrown at [./src/hotspot/share/interpreter/linkResolver.cpp, line 773]
Event: 5.491 Thread 0x000002355e401800 Exception <a 'java/lang/NoSuchMethodError'{0x0000000088dd9cf0}: 'java.lang.Object java.lang.invoke.Invokers$Holder.linkToTargetMethod(java.lang.Object, java.lang.Object, java.lang.Object, java.lang.Object, java.lang.Object, java.lang.Object, java.lang.Object, java.lang.Object, java.lang.Object, java.lang.Object, java.lang.Object)'> (0x0000000088dd9cf0) thrown at [./src/hotspot/share/interpreter/linkResolver.cpp, line 773]
Event: 5.520 Thread 0x000002355e401800 Exception <a 'java/lang/NoSuchMethodError'{0x0000000088b14050}: 'java.lang.Object java.lang.invoke.DirectMethodHandle$Holder.invokeSpecial(java.lang.Object, java.lang.Object, java.lang.Object, java.lang.Object, java.lang.Object, java.lang.Object, java.lang.Object, java.lang.Object, java.lang.Object, java.lang.Object, java.lang.Object, java.lang.Object, java.lang.Object, java.lang.Object)'> (0x0000000088b14050) thrown at [./src/hotspot/share/interpreter/linkResolver.cpp, line 773]
Event: 5.521 Thread 0x000002355e401800 Exception <a 'java/lang/NoSuchMethodError'{0x0000000088b256c8}: 'java.lang.Object java.lang.invoke.Invokers$Holder.linkToTargetMethod(java.lang.Object, java.lang.Object, java.lang.Object, java.lang.Object, java.lang.Object, java.lang.Object, java.lang.Object, java.lang.Object, java.lang.Object, java.lang.Object, java.lang.Object, java.lang.Object)'> (0x0000000088b256c8) thrown at [./src/hotspot/share/interpreter/linkResolver.cpp, line 773]
Event: 5.537 Thread 0x000002355e401800 Exception <a 'java/lang/NoSuchMethodError'{0x0000000088a08d00}: 'java.lang.Object java.lang.invoke.DirectMethodHandle$Holder.invokeStaticInit(java.lang.Object, java.lang.Object, java.lang.Object, java.lang.Object)'> (0x0000000088a08d00) thrown at [./src/hotspot/share/interpreter/linkResolver.cpp, line 773]

Events (20 events):
Event: 5.596 loading class org/gradle/internal/resource/local/ivy/LocallyAvailableResourceFinderFactory
Event: 5.596 loading class org/gradle/internal/resource/local/ivy/LocallyAvailableResourceFinderFactory done
Event: 5.597 loading class org/gradle/internal/resource/local/FileStoreSearcher
Event: 5.597 loading class org/gradle/internal/resource/local/FileStoreSearcher done
Event: 5.597 loading class org/gradle/internal/Factory
Event: 5.597 loading class org/gradle/internal/Factory done
Event: 5.597 loading class org/gradle/internal/resource/local/FileStoreSearcher
Event: 5.597 loading class org/gradle/internal/resource/local/FileStoreSearcher done
Event: 5.597 loading class org/gradle/api/internal/artifacts/repositories/resolver/IvyResourcePattern
Event: 5.597 loading class org/gradle/api/internal/artifacts/repositories/resolver/IvyResourcePattern done
Event: 5.598 loading class org/gradle/api/internal/artifacts/repositories/resolver/AbstractResourcePattern
Event: 5.598 loading class org/gradle/api/internal/artifacts/repositories/resolver/AbstractResourcePattern done
Event: 5.600 loading class org/gradle/api/internal/artifacts/repositories/resolver/M2ResourcePattern
Event: 5.600 loading class org/gradle/api/internal/artifacts/repositories/resolver/M2ResourcePattern done
Event: 5.602 loading class org/gradle/internal/resource/local/ivy/PatternBasedLocallyAvailableResourceFinder
Event: 5.602 loading class org/gradle/internal/resource/local/ivy/PatternBasedLocallyAvailableResourceFinder done
Event: 5.602 loading class org/gradle/internal/resource/local/ivy/PatternBasedLocallyAvailableResourceFinder$1
Event: 5.602 loading class org/gradle/internal/resource/local/ivy/PatternBasedLocallyAvailableResourceFinder$1 done
Event: 5.603 loading class org/gradle/internal/resource/local/CompositeLocallyAvailableResourceFinder
Event: 5.603 loading class org/gradle/internal/resource/local/CompositeLocallyAvailableResourceFinder done


Dynamic libraries:
0x00007ff6c8060000 - 0x00007ff6c806a000 	C:\Program Files\Android\Android Studio\jre\bin\java.exe
0x00007ff95a640000 - 0x00007ff95a849000 	C:\Windows\SYSTEM32\ntdll.dll
0x00007ff959f00000 - 0x00007ff959fbd000 	C:\Windows\System32\KERNEL32.DLL
0x00007ff957f50000 - 0x00007ff9582c4000 	C:\Windows\System32\KERNELBASE.dll
0x00007ff957e30000 - 0x00007ff957f41000 	C:\Windows\System32\ucrtbase.dll
0x00007ff9183a0000 - 0x00007ff9183b9000 	C:\Program Files\Android\Android Studio\jre\bin\jli.dll
0x00007ff8f8480000 - 0x00007ff8f8497000 	C:\Program Files\Android\Android Studio\jre\bin\VCRUNTIME140.dll
0x00007ff9597a0000 - 0x00007ff95994c000 	C:\Windows\System32\USER32.dll
0x00007ff9582d0000 - 0x00007ff9582f6000 	C:\Windows\System32\win32u.dll
0x00007ff92fd90000 - 0x00007ff930035000 	C:\Windows\WinSxS\amd64_microsoft.windows.common-controls_6595b64144ccf1df_6.0.22000.120_none_9d947278b86cc467\COMCTL32.dll
0x00007ff959400000 - 0x00007ff959429000 	C:\Windows\System32\GDI32.dll
0x00007ff959950000 - 0x00007ff9599f3000 	C:\Windows\System32\msvcrt.dll
0x00007ff957ba0000 - 0x00007ff957cb2000 	C:\Windows\System32\gdi32full.dll
0x00007ff9583c0000 - 0x00007ff95845d000 	C:\Windows\System32\msvcp_win.dll
0x00007ff9594b0000 - 0x00007ff9594e1000 	C:\Windows\System32\IMM32.DLL
0x00007ff8cbaa0000 - 0x00007ff8cbb3d000 	C:\Program Files\Android\Android Studio\jre\bin\msvcp140.dll
0x00007ff8d3c50000 - 0x00007ff8d4735000 	C:\Program Files\Android\Android Studio\jre\bin\server\jvm.dll
0x00007ff959a00000 - 0x00007ff959aae000 	C:\Windows\System32\ADVAPI32.dll
0x00007ff959df0000 - 0x00007ff959e8e000 	C:\Windows\System32\sechost.dll
0x00007ff9594f0000 - 0x00007ff959610000 	C:\Windows\System32\RPCRT4.dll
0x00007ff95a560000 - 0x00007ff95a568000 	C:\Windows\System32\PSAPI.DLL
0x00007ff953ff0000 - 0x00007ff953ff9000 	C:\Windows\SYSTEM32\WSOCK32.dll
0x00007ff959610000 - 0x00007ff95967f000 	C:\Windows\System32\WS2_32.dll
0x00007ff94cff0000 - 0x00007ff94d023000 	C:\Windows\SYSTEM32\WINMM.dll
0x00007ff94a200000 - 0x00007ff94a20a000 	C:\Windows\SYSTEM32\VERSION.dll
0x00007ff955da0000 - 0x00007ff955db8000 	C:\Windows\SYSTEM32\kernel.appcore.dll
0x00007ff953fd0000 - 0x00007ff953fe1000 	C:\Program Files\Android\Android Studio\jre\bin\verify.dll
0x00007ff94f0d0000 - 0x00007ff94f2f1000 	C:\Windows\SYSTEM32\DBGHELP.DLL
0x00007ff943a00000 - 0x00007ff943a31000 	C:\Windows\SYSTEM32\dbgcore.DLL
0x00007ff958460000 - 0x00007ff9584df000 	C:\Windows\System32\bcryptPrimitives.dll
0x00007ff953f60000 - 0x00007ff953f89000 	C:\Program Files\Android\Android Studio\jre\bin\java.dll
0x00007ff953fc0000 - 0x00007ff953fcb000 	C:\Program Files\Android\Android Studio\jre\bin\jimage.dll
0x00007ff929a40000 - 0x00007ff929a58000 	C:\Program Files\Android\Android Studio\jre\bin\zip.dll
0x00007ff9584f0000 - 0x00007ff958c9e000 	C:\Windows\System32\SHELL32.dll
0x00007ff955dc0000 - 0x00007ff956627000 	C:\Windows\SYSTEM32\windows.storage.dll
0x00007ff95a070000 - 0x00007ff95a3e8000 	C:\Windows\System32\combase.dll
0x00007ff955c30000 - 0x00007ff955d96000 	C:\Windows\SYSTEM32\wintypes.dll
0x00007ff958ca0000 - 0x00007ff958d8a000 	C:\Windows\System32\SHCORE.dll
0x00007ff9593a0000 - 0x00007ff9593fd000 	C:\Windows\System32\shlwapi.dll
0x00007ff957a60000 - 0x00007ff957a81000 	C:\Windows\SYSTEM32\profapi.dll
0x00007ff929a20000 - 0x00007ff929a3a000 	C:\Program Files\Android\Android Studio\jre\bin\net.dll
0x00007ff94ba20000 - 0x00007ff94bb2c000 	C:\Windows\SYSTEM32\WINHTTP.dll
0x00007ff957150000 - 0x00007ff9571b7000 	C:\Windows\system32\mswsock.dll
0x00007ff929140000 - 0x00007ff929154000 	C:\Program Files\Android\Android Studio\jre\bin\nio.dll
0x00007ff92f160000 - 0x00007ff92f187000 	C:\Users\Admin\.gradle\native\e1d6ef7f7dcc3fd88c89a11ec53ec762bb8ba0a96d01ffa2cd45eb1d1d8dd5c5\windows-amd64\native-platform.dll
0x00007ff8cb950000 - 0x00007ff8cba94000 	C:\Users\Admin\.gradle\native\5664cfc778a61ccfe75a443a1ab52a65af34e5dc3c78e0209fed803814484fcb\windows-amd64\native-platform-file-events.dll
0x00007ff953f50000 - 0x00007ff953f5a000 	C:\Program Files\Android\Android Studio\jre\bin\management.dll
0x00007ff92e810000 - 0x00007ff92e81d000 	C:\Program Files\Android\Android Studio\jre\bin\management_ext.dll
0x00007ff957390000 - 0x00007ff9573a8000 	C:\Windows\SYSTEM32\CRYPTSP.dll
0x00007ff956d30000 - 0x00007ff956d65000 	C:\Windows\system32\rsaenh.dll
0x00007ff957240000 - 0x00007ff957269000 	C:\Windows\SYSTEM32\USERENV.dll
0x00007ff957510000 - 0x00007ff957537000 	C:\Windows\SYSTEM32\bcrypt.dll
0x00007ff9573b0000 - 0x00007ff9573bc000 	C:\Windows\SYSTEM32\CRYPTBASE.dll
0x00007ff956880000 - 0x00007ff9568ad000 	C:\Windows\SYSTEM32\IPHLPAPI.DLL
0x00007ff959bc0000 - 0x00007ff959bc9000 	C:\Windows\System32\NSI.dll
0x00007ff94c360000 - 0x00007ff94c379000 	C:\Windows\SYSTEM32\dhcpcsvc6.DLL
0x00007ff94c870000 - 0x00007ff94c88e000 	C:\Windows\SYSTEM32\dhcpcsvc.DLL
0x00007ff9568f0000 - 0x00007ff9569d7000 	C:\Windows\SYSTEM32\DNSAPI.dll

dbghelp: loaded successfully - version: 4.0.5 - missing functions: none
symbol engine: initialized successfully - sym options: 0x614 - pdb path: .;C:\Program Files\Android\Android Studio\jre\bin;C:\Windows\SYSTEM32;C:\Windows\WinSxS\amd64_microsoft.windows.common-controls_6595b64144ccf1df_6.0.22000.120_none_9d947278b86cc467;C:\Program Files\Android\Android Studio\jre\bin\server;C:\Users\Admin\.gradle\native\e1d6ef7f7dcc3fd88c89a11ec53ec762bb8ba0a96d01ffa2cd45eb1d1d8dd5c5\windows-amd64;C:\Users\Admin\.gradle\native\5664cfc778a61ccfe75a443a1ab52a65af34e5dc3c78e0209fed803814484fcb\windows-amd64

VM Arguments:
jvm_args: --add-opens=java.base/java.util=ALL-UNNAMED --add-opens=java.base/java.lang=ALL-UNNAMED --add-opens=java.base/java.lang.invoke=ALL-UNNAMED --add-opens=java.base/java.util=ALL-UNNAMED --add-opens=java.prefs/java.util.prefs=ALL-UNNAMED --add-opens=java.prefs/java.util.prefs=ALL-UNNAMED --add-opens=java.base/java.nio.charset=ALL-UNNAMED --add-opens=java.base/java.net=ALL-UNNAMED --add-opens=java.base/java.util.concurrent.atomic=ALL-UNNAMED -Xmx2048m -Dfile.encoding=UTF-8 -Duser.country=US -Duser.language=en -Duser.variant 
java_command: org.gradle.launcher.daemon.bootstrap.GradleDaemon 7.3.3
java_class_path (initial): C:\Users\Admin\.gradle\wrapper\dists\gradle-7.3.3-bin\6a41zxkdtcxs8rphpq6y0069z\gradle-7.3.3\lib\gradle-launcher-7.3.3.jar
Launcher Type: SUN_STANDARD

[Global flags]
     intx CICompilerCount                          = 3                                         {product} {ergonomic}
     uint ConcGCThreads                            = 1                                         {product} {ergonomic}
     uint G1ConcRefinementThreads                  = 4                                         {product} {ergonomic}
   size_t G1HeapRegionSize                         = 1048576                                   {product} {ergonomic}
    uintx GCDrainStackTargetSize                   = 64                                        {product} {ergonomic}
   size_t InitialHeapSize                          = 134217728                                 {product} {ergonomic}
   size_t MarkStackSize                            = 4194304                                   {product} {ergonomic}
   size_t MaxHeapSize                              = 2147483648                                {product} {command line}
   size_t MaxNewSize                               = 1287651328                                {product} {ergonomic}
   size_t MinHeapDeltaBytes                        = 1048576                                   {product} {ergonomic}
    uintx NonNMethodCodeHeapSize                   = 5830732                                {pd product} {ergonomic}
    uintx NonProfiledCodeHeapSize                  = 122913754                              {pd product} {ergonomic}
    uintx ProfiledCodeHeapSize                     = 122913754                              {pd product} {ergonomic}
    uintx ReservedCodeCacheSize                    = 251658240                              {pd product} {ergonomic}
     bool SegmentedCodeCache                       = true                                      {product} {ergonomic}
     bool UseCompressedClassPointers               = true                                 {lp64_product} {ergonomic}
     bool UseCompressedOops                        = true                                 {lp64_product} {ergonomic}
     bool UseG1GC                                  = true                                      {product} {ergonomic}
     bool UseLargePagesIndividualAllocation        = false                                  {pd product} {ergonomic}

Logging:
Log output configuration:
 #0: stdout all=warning uptime,level,tags
 #1: stderr all=off uptime,level,tags

Environment Variables:
PATH=C:\Program Files\Common Files\Oracle\Java\javapath;C:\Program Files (x86)\Common Files\Oracle\Java\javapath;C:\Windows\system32;C:\Windows;C:\Windows\System32\Wbem;C:\Windows\System32\WindowsPowerShell\v1.0\;C:\Windows\System32\OpenSSH\;C:\Program Files (x86)\Intel\Intel(R) Management Engine Components\DAL;C:\Program Files\Intel\Intel(R) Management Engine Components\DAL;C:\Program Files\Git\cmd;C:\Users\Admin\AppData\Local\Microsoft\WindowsApps;C:\Users\Admin\AppData\Local\Programs\Microsoft VS Code\bin;C:\Users\Admin\AppData\Local\atom\bin;C:\Users\Admin\AppData\Local\GitHubDesktop\bin
USERNAME=Admin
OS=Windows_NT
PROCESSOR_IDENTIFIER=Intel64 Family 6 Model 78 Stepping 3, GenuineIntel



---------------  S Y S T E M  ---------------

OS: Windows 10 , 64 bit Build 22000 (10.0.22000.434)
OS uptime: 0 days 0:12 hours

CPU:total 4 (initial active 4) (2 cores per cpu, 2 threads per core) family 6 model 78 stepping 3 microcode 0xd6, cmov, cx8, fxsr, mmx, sse, sse2, sse3, ssse3, sse4.1, sse4.2, popcnt, avx, avx2, aes, clmul, erms, rtm, 3dnowpref, lzcnt, ht, tsc, tscinvbit, bmi1, bmi2, adx, fma

Memory: 4k page, system-wide physical 8072M (1142M free)
TotalPageFile size 8072M (AvailPageFile size 23M)
current process WorkingSet (physical memory assigned to process): 207M, peak: 231M
current process commit charge ("private bytes"): 292M, peak: 321M

vm_info: OpenJDK 64-Bit Server VM (11.0.12+7-b1504.28-7817840) for windows-amd64 JRE (11.0.12+7-b1504.28-7817840), built on Oct 13 2021 22:12:33 by "builder" with MS VC++ 14.0 (VS2015)

END.
