#
# There is insufficient memory for the Java Runtime Environment to continue.
# Native memory allocation (malloc) failed to allocate 237616 bytes for Chunk::new
# Possible reasons:
#   The system is out of physical RAM or swap space
#   The process is running with CompressedOops enabled, and the Java Heap may be blocking the growth of the native heap
# Possible solutions:
#   Reduce memory load on the system
#   Increase physical memory or swap space
#   Check if swap backing store is full
#   Decrease Java heap size (-Xmx/-Xms)
#   Decrease number of Java threads
#   Decrease Java thread stack sizes (-Xss)
#   Set larger code cache with -XX:ReservedCodeCacheSize=
#   JVM is running with Unscaled Compressed Oops mode in which the Java heap is
#     placed in the first 4GB address space. The Java Heap base address is the
#     maximum limit for the native heap growth. Please use -XX:HeapBaseMinAddress
#     to set the Java Heap base and to place the Java Heap above 4GB virtual address.
# This output file may be truncated or incomplete.
#
#  Out of Memory Error (./src/hotspot/share/memory/arena.cpp:197), pid=920, tid=8940
#
# JRE version: OpenJDK Runtime Environment (11.0.12+7) (build 11.0.12+7-b1504.28-7817840)
# Java VM: OpenJDK 64-Bit Server VM (11.0.12+7-b1504.28-7817840, mixed mode, tiered, compressed oops, g1 gc, windows-amd64)
# No core dump will be written. Minidumps are not enabled by default on client versions of Windows
#

---------------  S U M M A R Y ------------

Command Line: --add-opens=java.base/java.util=ALL-UNNAMED --add-opens=java.base/java.lang=ALL-UNNAMED --add-opens=java.base/java.lang.invoke=ALL-UNNAMED --add-opens=java.base/java.util=ALL-UNNAMED --add-opens=java.prefs/java.util.prefs=ALL-UNNAMED --add-opens=java.prefs/java.util.prefs=ALL-UNNAMED --add-opens=java.base/java.nio.charset=ALL-UNNAMED --add-opens=java.base/java.net=ALL-UNNAMED --add-opens=java.base/java.util.concurrent.atomic=ALL-UNNAMED -Xmx2048m -Dfile.encoding=UTF-8 -Duser.country=US -Duser.language=en -Duser.variant org.gradle.launcher.daemon.bootstrap.GradleDaemon 7.3.3

Host: Intel(R) Core(TM) i7-6600U CPU @ 2.60GHz, 4 cores, 7G,  Windows 10 , 64 bit Build 22000 (10.0.22000.434)
Time: Fri Aug  5 08:52:58 2022 Egypt Standard Time elapsed time: 11.222270 seconds (0d 0h 0m 11s)

---------------  T H R E A D  ---------------

Current thread (0x000001b9325d3800):  JavaThread "C2 CompilerThread0" daemon [_thread_in_native, id=8940, stack(0x0000001d13100000,0x0000001d13200000)]


Current CompileTask:
C2:  11222 6047   !   4       jdk.internal.loader.Resource::getBytes (242 bytes)

Stack: [0x0000001d13100000,0x0000001d13200000]
Native frames: (J=compiled Java code, j=interpreted, Vv=VM code, C=native code)
V  [jvm.dll+0x5fbcea]
V  [jvm.dll+0x731905]
V  [jvm.dll+0x732f1d]
V  [jvm.dll+0x7335d3]
V  [jvm.dll+0x247bf8]
V  [jvm.dll+0xc018c]
V  [jvm.dll+0xc06cc]
V  [jvm.dll+0x4f53a0]
V  [jvm.dll+0x19ced1]
V  [jvm.dll+0x20070e]
V  [jvm.dll+0x1ff794]
V  [jvm.dll+0x18868c]
V  [jvm.dll+0x20e0d7]
V  [jvm.dll+0x20c901]
V  [jvm.dll+0x6f9b7f]
V  [jvm.dll+0x6f26a5]
V  [jvm.dll+0x5fabf6]
C  [ucrtbase.dll+0x26c0c]
C  [KERNEL32.DLL+0x154e0]
C  [ntdll.dll+0x485b]


---------------  P R O C E S S  ---------------

Threads class SMR info:
_java_thread_list=0x000001b93a0e7270, length=79, elements={
0x000001b9189c2800, 0x000001b9325b0000, 0x000001b9325b3000, 0x000001b932f42800,
0x000001b9325d0000, 0x000001b9325d1000, 0x000001b9325d3800, 0x000001b9325d4800,
0x000001b9325fd000, 0x000001b933071800, 0x000001b93528c800, 0x000001b9350ad000,
0x000001b933319000, 0x000001b933dbf000, 0x000001b935113000, 0x000001b934ed1800,
0x000001b9349d8000, 0x000001b935c3b800, 0x000001b934e25000, 0x000001b934d97800,
0x000001b9355f2800, 0x000001b9355f1000, 0x000001b9355f0000, 0x000001b9355ee800,
0x000001b9355f1800, 0x000001b9355ed000, 0x000001b9355ef800, 0x000001b9355f3800,
0x000001b9355ed800, 0x000001b9369d2000, 0x000001b9369d2800, 0x000001b9369d6000,
0x000001b9369d3800, 0x000001b9369d7000, 0x000001b9369d4800, 0x000001b9369d1000,
0x000001b9369db800, 0x000001b9369dc800, 0x000001b9369dd800, 0x000001b9369d7800,
0x000001b9369db000, 0x000001b9369de000, 0x000001b9369da000, 0x000001b9369d8800,
0x000001b9369df000, 0x000001b9369d9000, 0x000001b9374ac000, 0x000001b9374af000,
0x000001b9374ad800, 0x000001b9374b0000, 0x000001b9374aa800, 0x000001b9374b1000,
0x000001b9374ab000, 0x000001b9374b1800, 0x000001b9374b2800, 0x000001b9374ac800,
0x000001b9374b4000, 0x000001b9374b3000, 0x000001b9374ae800, 0x000001b9374b8000,
0x000001b9374b5000, 0x000001b9374b5800, 0x000001b9374b6800, 0x000001b9374b7800,
0x000001b9374b9000, 0x000001b9357a6800, 0x000001b9357a5800, 0x000001b9357a8000,
0x000001b9357a7800, 0x000001b9357aa800, 0x000001b9357ab800, 0x000001b9357a9800,
0x000001b9357ae000, 0x000001b9357ac000, 0x000001b9357a9000, 0x000001b9357b0000,
0x000001b9357b2800, 0x000001b9357af800, 0x000001b9357ae800
}

Java Threads: ( => current thread )
  0x000001b9189c2800 JavaThread "main" [_thread_blocked, id=9072, stack(0x0000001d12500000,0x0000001d12600000)]
  0x000001b9325b0000 JavaThread "Reference Handler" daemon [_thread_blocked, id=3000, stack(0x0000001d12c00000,0x0000001d12d00000)]
  0x000001b9325b3000 JavaThread "Finalizer" daemon [_thread_blocked, id=4476, stack(0x0000001d12d00000,0x0000001d12e00000)]
  0x000001b932f42800 JavaThread "Signal Dispatcher" daemon [_thread_blocked, id=9908, stack(0x0000001d12e00000,0x0000001d12f00000)]
  0x000001b9325d0000 JavaThread "Attach Listener" daemon [_thread_blocked, id=8520, stack(0x0000001d12f00000,0x0000001d13000000)]
  0x000001b9325d1000 JavaThread "Service Thread" daemon [_thread_blocked, id=7136, stack(0x0000001d13000000,0x0000001d13100000)]
=>0x000001b9325d3800 JavaThread "C2 CompilerThread0" daemon [_thread_in_native, id=8940, stack(0x0000001d13100000,0x0000001d13200000)]
  0x000001b9325d4800 JavaThread "C1 CompilerThread0" daemon [_thread_blocked, id=9748, stack(0x0000001d13200000,0x0000001d13300000)]
  0x000001b9325fd000 JavaThread "Sweeper thread" daemon [_thread_blocked, id=10052, stack(0x0000001d13300000,0x0000001d13400000)]
  0x000001b933071800 JavaThread "Common-Cleaner" daemon [_thread_blocked, id=5052, stack(0x0000001d13400000,0x0000001d13500000)]
  0x000001b93528c800 JavaThread "Daemon health stats" [_thread_blocked, id=1008, stack(0x0000001d13900000,0x0000001d13a00000)]
  0x000001b9350ad000 JavaThread "Incoming local TCP Connector on port 53818" [_thread_in_native, id=2324, stack(0x0000001d13600000,0x0000001d13700000)]
  0x000001b933319000 JavaThread "Daemon periodic checks" [_thread_blocked, id=7112, stack(0x0000001d13a00000,0x0000001d13b00000)]
  0x000001b933dbf000 JavaThread "Daemon" [_thread_blocked, id=7084, stack(0x0000001d13b00000,0x0000001d13c00000)]
  0x000001b935113000 JavaThread "Handler for socket connection from /127.0.0.1:53818 to /127.0.0.1:53819" [_thread_in_native, id=3336, stack(0x0000001d13c00000,0x0000001d13d00000)]
  0x000001b934ed1800 JavaThread "Cancel handler" [_thread_blocked, id=6536, stack(0x0000001d13d00000,0x0000001d13e00000)]
  0x000001b9349d8000 JavaThread "Daemon worker" [_thread_blocked, id=2136, stack(0x0000001d13e00000,0x0000001d13f00000)]
  0x000001b935c3b800 JavaThread "C2 CompilerThread1" daemon [_thread_blocked, id=1564, stack(0x0000001d13f00000,0x0000001d14000000)]
  0x000001b934e25000 JavaThread "Asynchronous log dispatcher for DefaultDaemonConnection: socket connection from /127.0.0.1:53818 to /127.0.0.1:53819" [_thread_blocked, id=9884, stack(0x0000001d14000000,0x0000001d14100000)]
  0x000001b934d97800 JavaThread "Stdin handler" [_thread_blocked, id=7640, stack(0x0000001d14100000,0x0000001d14200000)]
  0x000001b9355f2800 JavaThread "Daemon client event forwarder" [_thread_blocked, id=5296, stack(0x0000001d14200000,0x0000001d14300000)]
  0x000001b9355f1000 JavaThread "Cache worker for journal cache (C:\Users\Admin\.gradle\caches\journal-1)" [_thread_blocked, id=2084, stack(0x0000001d14400000,0x0000001d14500000)]
  0x000001b9355f0000 JavaThread "File lock request listener" [_thread_in_native, id=8596, stack(0x0000001d14500000,0x0000001d14600000)]
  0x000001b9355ee800 JavaThread "Cache worker for file hash cache (C:\Users\Admin\.gradle\caches\7.3.3\fileHashes)" [_thread_blocked, id=9080, stack(0x0000001d14600000,0x0000001d14700000)]
  0x000001b9355f1800 JavaThread "Cache worker for file hash cache (C:\Users\Admin\Desktop\jana\MyApplication2\.gradle\7.3.3\fileHashes)" [_thread_blocked, id=6448, stack(0x0000001d14700000,0x0000001d14800000)]
  0x000001b9355ed000 JavaThread "File watcher server" daemon [_thread_in_native, id=9708, stack(0x0000001d14800000,0x0000001d14900000)]
  0x000001b9355ef800 JavaThread "File watcher consumer" daemon [_thread_blocked, id=1232, stack(0x0000001d14900000,0x0000001d14a00000)]
  0x000001b9355f3800 JavaThread "Cache worker for checksums cache (C:\Users\Admin\Desktop\jana\MyApplication2\.gradle\7.3.3\checksums)" [_thread_blocked, id=5532, stack(0x0000001d14a00000,0x0000001d14b00000)]
  0x000001b9355ed800 JavaThread "Cache worker for cache directory md-supplier (C:\Users\Admin\.gradle\caches\7.3.3\md-supplier)" [_thread_blocked, id=9872, stack(0x0000001d14b00000,0x0000001d14c00000)]
  0x000001b9369d2000 JavaThread "Cache worker for cache directory md-rule (C:\Users\Admin\.gradle\caches\7.3.3\md-rule)" [_thread_blocked, id=2744, stack(0x0000001d14c00000,0x0000001d14d00000)]
  0x000001b9369d2800 JavaThread "Cache worker for execution history cache (C:\Users\Admin\.gradle\caches\7.3.3\executionHistory)" [_thread_blocked, id=8040, stack(0x0000001d14d00000,0x0000001d14e00000)]
  0x000001b9369d6000 JavaThread "jar transforms" [_thread_blocked, id=9540, stack(0x0000001d14e00000,0x0000001d14f00000)]
  0x000001b9369d3800 JavaThread "Cache worker for file content cache (C:\Users\Admin\.gradle\caches\7.3.3\fileContent)" [_thread_blocked, id=1236, stack(0x0000001d14f00000,0x0000001d15000000)]
  0x000001b9369d7000 JavaThread "jar transforms Thread 2" [_thread_blocked, id=5792, stack(0x0000001d15000000,0x0000001d15100000)]
  0x000001b9369d4800 JavaThread "Cache worker for dependencies-accessors (C:\Users\Admin\Desktop\jana\MyApplication2\.gradle\7.3.3\dependencies-accessors)" [_thread_blocked, id=3540, stack(0x0000001d15100000,0x0000001d15200000)]
  0x000001b9369d1000 JavaThread "jar transforms Thread 3" [_thread_blocked, id=6484, stack(0x0000001d15200000,0x0000001d15300000)]
  0x000001b9369db800 JavaThread "Cache worker for Build Output Cleanup Cache (C:\Users\Admin\Desktop\jana\MyApplication2\.gradle\buildOutputCleanup)" [_thread_blocked, id=5220, stack(0x0000001d15300000,0x0000001d15400000)]
  0x000001b9369dc800 JavaThread "Unconstrained build operations" [_thread_blocked, id=2900, stack(0x0000001d15400000,0x0000001d15500000)]
  0x000001b9369dd800 JavaThread "Unconstrained build operations Thread 2" [_thread_blocked, id=6336, stack(0x0000001d15500000,0x0000001d15600000)]
  0x000001b9369d7800 JavaThread "Unconstrained build operations Thread 3" [_thread_blocked, id=5748, stack(0x0000001d15600000,0x0000001d15700000)]
  0x000001b9369db000 JavaThread "Unconstrained build operations Thread 4" [_thread_blocked, id=8312, stack(0x0000001d15700000,0x0000001d15800000)]
  0x000001b9369de000 JavaThread "Unconstrained build operations Thread 5" [_thread_blocked, id=788, stack(0x0000001d15800000,0x0000001d15900000)]
  0x000001b9369da000 JavaThread "Unconstrained build operations Thread 6" [_thread_blocked, id=7540, stack(0x0000001d15900000,0x0000001d15a00000)]
  0x000001b9369d8800 JavaThread "Unconstrained build operations Thread 7" [_thread_blocked, id=9604, stack(0x0000001d15a00000,0x0000001d15b00000)]
  0x000001b9369df000 JavaThread "Unconstrained build operations Thread 8" [_thread_blocked, id=8440, stack(0x0000001d15b00000,0x0000001d15c00000)]
  0x000001b9369d9000 JavaThread "Unconstrained build operations Thread 9" [_thread_blocked, id=4896, stack(0x0000001d15c00000,0x0000001d15d00000)]
  0x000001b9374ac000 JavaThread "Unconstrained build operations Thread 10" [_thread_blocked, id=7116, stack(0x0000001d15d00000,0x0000001d15e00000)]
  0x000001b9374af000 JavaThread "Unconstrained build operations Thread 11" [_thread_blocked, id=7284, stack(0x0000001d15e00000,0x0000001d15f00000)]
  0x000001b9374ad800 JavaThread "Unconstrained build operations Thread 12" [_thread_blocked, id=9184, stack(0x0000001d15f00000,0x0000001d16000000)]
  0x000001b9374b0000 JavaThread "Unconstrained build operations Thread 13" [_thread_blocked, id=2308, stack(0x0000001d16000000,0x0000001d16100000)]
  0x000001b9374aa800 JavaThread "Unconstrained build operations Thread 14" [_thread_blocked, id=5324, stack(0x0000001d16100000,0x0000001d16200000)]
  0x000001b9374b1000 JavaThread "Unconstrained build operations Thread 15" [_thread_blocked, id=7552, stack(0x0000001d16200000,0x0000001d16300000)]
  0x000001b9374ab000 JavaThread "Unconstrained build operations Thread 16" [_thread_blocked, id=7376, stack(0x0000001d16300000,0x0000001d16400000)]
  0x000001b9374b1800 JavaThread "Unconstrained build operations Thread 17" [_thread_blocked, id=8808, stack(0x0000001d16400000,0x0000001d16500000)]
  0x000001b9374b2800 JavaThread "Unconstrained build operations Thread 18" [_thread_blocked, id=4820, stack(0x0000001d16500000,0x0000001d16600000)]
  0x000001b9374ac800 JavaThread "Unconstrained build operations Thread 19" [_thread_blocked, id=8380, stack(0x0000001d16600000,0x0000001d16700000)]
  0x000001b9374b4000 JavaThread "Unconstrained build operations Thread 20" [_thread_blocked, id=2856, stack(0x0000001d16700000,0x0000001d16800000)]
  0x000001b9374b3000 JavaThread "Unconstrained build operations Thread 21" [_thread_blocked, id=9640, stack(0x0000001d16800000,0x0000001d16900000)]
  0x000001b9374ae800 JavaThread "Unconstrained build operations Thread 22" [_thread_blocked, id=9376, stack(0x0000001d16900000,0x0000001d16a00000)]
  0x000001b9374b8000 JavaThread "Unconstrained build operations Thread 23" [_thread_blocked, id=9792, stack(0x0000001d16a00000,0x0000001d16b00000)]
  0x000001b9374b5000 JavaThread "Unconstrained build operations Thread 24" [_thread_blocked, id=10044, stack(0x0000001d16b00000,0x0000001d16c00000)]
  0x000001b9374b5800 JavaThread "Unconstrained build operations Thread 25" [_thread_blocked, id=7304, stack(0x0000001d16c00000,0x0000001d16d00000)]
  0x000001b9374b6800 JavaThread "Unconstrained build operations Thread 26" [_thread_blocked, id=7796, stack(0x0000001d16d00000,0x0000001d16e00000)]
  0x000001b9374b7800 JavaThread "Unconstrained build operations Thread 27" [_thread_blocked, id=6108, stack(0x0000001d16e00000,0x0000001d16f00000)]
  0x000001b9374b9000 JavaThread "Unconstrained build operations Thread 28" [_thread_blocked, id=10200, stack(0x0000001d16f00000,0x0000001d17000000)]
  0x000001b9357a6800 JavaThread "Unconstrained build operations Thread 29" [_thread_blocked, id=9512, stack(0x0000001d17000000,0x0000001d17100000)]
  0x000001b9357a5800 JavaThread "Unconstrained build operations Thread 30" [_thread_blocked, id=6468, stack(0x0000001d17100000,0x0000001d17200000)]
  0x000001b9357a8000 JavaThread "Unconstrained build operations Thread 31" [_thread_blocked, id=8012, stack(0x0000001d17200000,0x0000001d17300000)]
  0x000001b9357a7800 JavaThread "Unconstrained build operations Thread 32" [_thread_blocked, id=9036, stack(0x0000001d17300000,0x0000001d17400000)]
  0x000001b9357aa800 JavaThread "Unconstrained build operations Thread 33" [_thread_blocked, id=2780, stack(0x0000001d17400000,0x0000001d17500000)]
  0x000001b9357ab800 JavaThread "Unconstrained build operations Thread 34" [_thread_blocked, id=8244, stack(0x0000001d17500000,0x0000001d17600000)]
  0x000001b9357a9800 JavaThread "Unconstrained build operations Thread 35" [_thread_blocked, id=6748, stack(0x0000001d17600000,0x0000001d17700000)]
  0x000001b9357ae000 JavaThread "Unconstrained build operations Thread 36" [_thread_blocked, id=3920, stack(0x0000001d17700000,0x0000001d17800000)]
  0x000001b9357ac000 JavaThread "Unconstrained build operations Thread 37" [_thread_blocked, id=5536, stack(0x0000001d17800000,0x0000001d17900000)]
  0x000001b9357a9000 JavaThread "Unconstrained build operations Thread 38" [_thread_blocked, id=9448, stack(0x0000001d17900000,0x0000001d17a00000)]
  0x000001b9357b0000 JavaThread "Unconstrained build operations Thread 39" [_thread_blocked, id=6768, stack(0x0000001d17a00000,0x0000001d17b00000)]
  0x000001b9357b2800 JavaThread "Unconstrained build operations Thread 40" [_thread_blocked, id=8464, stack(0x0000001d17b00000,0x0000001d17c00000)]
  0x000001b9357af800 JavaThread "jar transforms Thread 4" [_thread_blocked, id=4536, stack(0x0000001d17c00000,0x0000001d17d00000)]
  0x000001b9357ae800 JavaThread "Memory manager" [_thread_blocked, id=2360, stack(0x0000001d17d00000,0x0000001d17e00000)]

Other Threads:
  0x000001b9325ab000 VMThread "VM Thread" [stack: 0x0000001d12b00000,0x0000001d12c00000] [id=9660]
  0x000001b93308c800 WatcherThread [stack: 0x0000001d13500000,0x0000001d13600000] [id=4936]
  0x000001b9189d6800 GCTaskThread "GC Thread#0" [stack: 0x0000001d12600000,0x0000001d12700000] [id=4812]
  0x000001b933d0c000 GCTaskThread "GC Thread#1" [stack: 0x0000001d13700000,0x0000001d13800000] [id=10068]
  0x000001b93319b000 GCTaskThread "GC Thread#2" [stack: 0x0000001d13800000,0x0000001d13900000] [id=9568]
  0x000001b934d98000 GCTaskThread "GC Thread#3" [stack: 0x0000001d14300000,0x0000001d14400000] [id=256]
  0x000001b918a08800 ConcurrentGCThread "G1 Main Marker" [stack: 0x0000001d12700000,0x0000001d12800000] [id=8556]
  0x000001b918a09800 ConcurrentGCThread "G1 Conc#0" [stack: 0x0000001d12800000,0x0000001d12900000] [id=8020]
  0x000001b918a9a000 ConcurrentGCThread "G1 Refine#0" [stack: 0x0000001d12900000,0x0000001d12a00000] [id=3312]
  0x000001b918a9b000 ConcurrentGCThread "G1 Young RemSet Sampling" [stack: 0x0000001d12a00000,0x0000001d12b00000] [id=8288]

Threads with active compile tasks:
C2 CompilerThread0  11260 6047   !   4       jdk.internal.loader.Resource::getBytes (242 bytes)
C2 CompilerThread1  11260 6088       4       java.net.URLClassLoader$1::run (5 bytes)

VM state:at safepoint (normal execution)

VM Mutex/Monitor currently owned by a thread:  ([mutex/lock_event])
[0x000001b9189be2e0] Threads_lock - owner thread: 0x000001b9325ab000
[0x000001b9189be5b0] Heap_lock - owner thread: 0x000001b9349d8000

Heap address: 0x0000000080000000, size: 2048 MB, Compressed Oops mode: 32-bit
Narrow klass base: 0x0000000000000000, Narrow klass shift: 3
Compressed class space size: 1073741824 Address: 0x0000000100000000

Heap:
 garbage-first heap   total 157696K, used 49460K [0x0000000080000000, 0x0000000100000000)
  region size 1024K, 7 young (7168K), 7 survivors (7168K)
 Metaspace       used 63599K, capacity 65061K, committed 65228K, reserved 1114112K
  class space    used 8032K, capacity 8587K, committed 8704K, reserved 1048576K
Heap Regions: E=young(eden), S=young(survivor), O=old, HS=humongous(starts), HC=humongous(continues), CS=collection set, F=free, A=archive, TAMS=top-at-mark-start (previous, next)
|   0|0x0000000080000000, 0x0000000080100000, 0x0000000080100000|100%| O|  |TAMS 0x0000000080100000, 0x0000000080100000| Untracked 
|   1|0x0000000080100000, 0x0000000080200000, 0x0000000080200000|100%| O|  |TAMS 0x0000000080200000, 0x0000000080200000| Untracked 
|   2|0x0000000080200000, 0x0000000080300000, 0x0000000080300000|100%| O|  |TAMS 0x0000000080300000, 0x0000000080300000| Untracked 
|   3|0x0000000080300000, 0x0000000080400000, 0x0000000080400000|100%|HS|  |TAMS 0x0000000080400000, 0x0000000080400000| Complete 
|   4|0x0000000080400000, 0x0000000080500000, 0x0000000080500000|100%|HC|  |TAMS 0x0000000080500000, 0x0000000080500000| Complete 
|   5|0x0000000080500000, 0x0000000080600000, 0x0000000080600000|100%|HC|  |TAMS 0x0000000080600000, 0x0000000080600000| Complete 
|   6|0x0000000080600000, 0x0000000080700000, 0x0000000080700000|100%| O|  |TAMS 0x0000000080700000, 0x0000000080700000| Untracked 
|   7|0x0000000080700000, 0x0000000080800000, 0x0000000080800000|100%| O|  |TAMS 0x0000000080800000, 0x0000000080800000| Untracked 
|   8|0x0000000080800000, 0x0000000080900000, 0x0000000080900000|100%| O|  |TAMS 0x0000000080900000, 0x0000000080900000| Untracked 
|   9|0x0000000080900000, 0x0000000080a00000, 0x0000000080a00000|100%| O|  |TAMS 0x0000000080a00000, 0x0000000080a00000| Untracked 
|  10|0x0000000080a00000, 0x0000000080b00000, 0x0000000080b00000|100%| O|  |TAMS 0x0000000080b00000, 0x0000000080b00000| Untracked 
|  11|0x0000000080b00000, 0x0000000080c00000, 0x0000000080c00000|100%| O|  |TAMS 0x0000000080c00000, 0x0000000080c00000| Untracked 
|  12|0x0000000080c00000, 0x0000000080d00000, 0x0000000080d00000|100%| O|  |TAMS 0x0000000080d00000, 0x0000000080d00000| Untracked 
|  13|0x0000000080d00000, 0x0000000080e00000, 0x0000000080e00000|100%| O|  |TAMS 0x0000000080e00000, 0x0000000080e00000| Untracked 
|  14|0x0000000080e00000, 0x0000000080f00000, 0x0000000080f00000|100%| O|  |TAMS 0x0000000080f00000, 0x0000000080f00000| Untracked 
|  15|0x0000000080f00000, 0x0000000081000000, 0x0000000081000000|100%| O|  |TAMS 0x0000000081000000, 0x0000000081000000| Untracked 
|  16|0x0000000081000000, 0x0000000081100000, 0x0000000081100000|100%| O|  |TAMS 0x0000000081100000, 0x0000000081100000| Untracked 
|  17|0x0000000081100000, 0x0000000081200000, 0x0000000081200000|100%|HS|  |TAMS 0x0000000081200000, 0x0000000081200000| Complete 
|  18|0x0000000081200000, 0x0000000081300000, 0x0000000081300000|100%| O|  |TAMS 0x0000000081300000, 0x0000000081300000| Untracked 
|  19|0x0000000081300000, 0x0000000081400000, 0x0000000081400000|100%| O|  |TAMS 0x0000000081400000, 0x0000000081400000| Untracked 
|  20|0x0000000081400000, 0x0000000081500000, 0x0000000081500000|100%| O|  |TAMS 0x0000000081500000, 0x0000000081500000| Untracked 
|  21|0x0000000081500000, 0x0000000081600000, 0x0000000081600000|100%| O|  |TAMS 0x0000000081600000, 0x0000000081600000| Untracked 
|  22|0x0000000081600000, 0x0000000081700000, 0x0000000081700000|100%| O|  |TAMS 0x0000000081700000, 0x0000000081700000| Untracked 
|  23|0x0000000081700000, 0x0000000081800000, 0x0000000081800000|100%|HS|  |TAMS 0x0000000081800000, 0x0000000081800000| Complete 
|  24|0x0000000081800000, 0x0000000081900000, 0x0000000081900000|100%|HS|  |TAMS 0x0000000081900000, 0x0000000081900000| Complete 
|  25|0x0000000081900000, 0x0000000081a00000, 0x0000000081a00000|100%|HC|  |TAMS 0x0000000081a00000, 0x0000000081a00000| Complete 
|  26|0x0000000081a00000, 0x0000000081b00000, 0x0000000081b00000|100%| O|  |TAMS 0x0000000081b00000, 0x0000000081b00000| Untracked 
|  27|0x0000000081b00000, 0x0000000081c00000, 0x0000000081c00000|100%| O|  |TAMS 0x0000000081c00000, 0x0000000081c00000| Untracked 
|  28|0x0000000081c00000, 0x0000000081d00000, 0x0000000081d00000|100%| O|  |TAMS 0x0000000081d00000, 0x0000000081d00000| Untracked 
|  29|0x0000000081d00000, 0x0000000081e00000, 0x0000000081e00000|100%| O|  |TAMS 0x0000000081e00000, 0x0000000081e00000| Untracked 
|  30|0x0000000081e00000, 0x0000000081f00000, 0x0000000081f00000|100%| O|  |TAMS 0x0000000081f00000, 0x0000000081f00000| Untracked 
|  31|0x0000000081f00000, 0x0000000082000000, 0x0000000082000000|100%| O|  |TAMS 0x0000000082000000, 0x0000000082000000| Untracked 
|  32|0x0000000082000000, 0x0000000082100000, 0x0000000082100000|100%| O|  |TAMS 0x0000000082100000, 0x0000000082100000| Untracked 
|  33|0x0000000082100000, 0x0000000082200000, 0x0000000082200000|100%| O|  |TAMS 0x0000000082200000, 0x0000000082200000| Untracked 
|  34|0x0000000082200000, 0x0000000082300000, 0x0000000082300000|100%| O|  |TAMS 0x0000000082300000, 0x0000000082300000| Untracked 
|  35|0x0000000082300000, 0x0000000082400000, 0x0000000082400000|100%| O|  |TAMS 0x0000000082400000, 0x0000000082400000| Untracked 
|  36|0x0000000082400000, 0x0000000082500000, 0x0000000082500000|100%| O|  |TAMS 0x0000000082500000, 0x0000000082500000| Untracked 
|  37|0x0000000082500000, 0x0000000082600000, 0x0000000082600000|100%| O|  |TAMS 0x0000000082600000, 0x0000000082600000| Untracked 
|  38|0x0000000082600000, 0x0000000082700000, 0x0000000082700000|100%| O|  |TAMS 0x0000000082700000, 0x0000000082700000| Untracked 
|  39|0x0000000082700000, 0x0000000082800000, 0x0000000082800000|100%| O|  |TAMS 0x0000000082800000, 0x0000000082800000| Untracked 
|  40|0x0000000082800000, 0x0000000082900000, 0x0000000082900000|100%| O|  |TAMS 0x0000000082900000, 0x0000000082900000| Untracked 
|  41|0x0000000082900000, 0x00000000829f4800, 0x0000000082a00000| 95%| O|  |TAMS 0x00000000829f4800, 0x00000000829f4800| Untracked 
|  42|0x0000000082a00000, 0x0000000082a00000, 0x0000000082b00000|  0%| F|  |TAMS 0x0000000082a00000, 0x0000000082a00000| Untracked 
|  43|0x0000000082b00000, 0x0000000082b00000, 0x0000000082c00000|  0%| F|  |TAMS 0x0000000082b00000, 0x0000000082b00000| Untracked 
|  44|0x0000000082c00000, 0x0000000082c00000, 0x0000000082d00000|  0%| F|  |TAMS 0x0000000082c00000, 0x0000000082c00000| Untracked 
|  45|0x0000000082d00000, 0x0000000082d00000, 0x0000000082e00000|  0%| F|  |TAMS 0x0000000082d00000, 0x0000000082d00000| Untracked 
|  46|0x0000000082e00000, 0x0000000082e00000, 0x0000000082f00000|  0%| F|  |TAMS 0x0000000082e00000, 0x0000000082e00000| Untracked 
|  47|0x0000000082f00000, 0x0000000082f00000, 0x0000000083000000|  0%| F|  |TAMS 0x0000000082f00000, 0x0000000082f00000| Untracked 
|  48|0x0000000083000000, 0x0000000083000000, 0x0000000083100000|  0%| F|  |TAMS 0x0000000083000000, 0x0000000083000000| Untracked 
|  49|0x0000000083100000, 0x0000000083100000, 0x0000000083200000|  0%| F|  |TAMS 0x0000000083100000, 0x0000000083100000| Untracked 
|  50|0x0000000083200000, 0x0000000083200000, 0x0000000083300000|  0%| F|  |TAMS 0x0000000083200000, 0x0000000083200000| Untracked 
|  51|0x0000000083300000, 0x0000000083300000, 0x0000000083400000|  0%| F|  |TAMS 0x0000000083300000, 0x0000000083300000| Untracked 
|  52|0x0000000083400000, 0x0000000083400000, 0x0000000083500000|  0%| F|  |TAMS 0x0000000083400000, 0x0000000083400000| Untracked 
|  53|0x0000000083500000, 0x0000000083500000, 0x0000000083600000|  0%| F|  |TAMS 0x0000000083500000, 0x0000000083500000| Untracked 
|  54|0x0000000083600000, 0x0000000083600000, 0x0000000083700000|  0%| F|  |TAMS 0x0000000083600000, 0x0000000083600000| Untracked 
|  55|0x0000000083700000, 0x0000000083700000, 0x0000000083800000|  0%| F|  |TAMS 0x0000000083700000, 0x0000000083700000| Untracked 
|  56|0x0000000083800000, 0x0000000083800000, 0x0000000083900000|  0%| F|  |TAMS 0x0000000083800000, 0x0000000083800000| Untracked 
|  57|0x0000000083900000, 0x0000000083900000, 0x0000000083a00000|  0%| F|  |TAMS 0x0000000083900000, 0x0000000083900000| Untracked 
|  58|0x0000000083a00000, 0x0000000083a00000, 0x0000000083b00000|  0%| F|  |TAMS 0x0000000083a00000, 0x0000000083a00000| Untracked 
|  59|0x0000000083b00000, 0x0000000083b00000, 0x0000000083c00000|  0%| F|  |TAMS 0x0000000083b00000, 0x0000000083b00000| Untracked 
|  60|0x0000000083c00000, 0x0000000083c00000, 0x0000000083d00000|  0%| F|  |TAMS 0x0000000083c00000, 0x0000000083c00000| Untracked 
|  61|0x0000000083d00000, 0x0000000083d00000, 0x0000000083e00000|  0%| F|  |TAMS 0x0000000083d00000, 0x0000000083d00000| Untracked 
|  62|0x0000000083e00000, 0x0000000083e00000, 0x0000000083f00000|  0%| F|  |TAMS 0x0000000083e00000, 0x0000000083e00000| Untracked 
|  63|0x0000000083f00000, 0x0000000083f00000, 0x0000000084000000|  0%| F|  |TAMS 0x0000000083f00000, 0x0000000083f00000| Untracked 
|  64|0x0000000084000000, 0x0000000084000000, 0x0000000084100000|  0%| F|  |TAMS 0x0000000084000000, 0x0000000084000000| Untracked 
|  65|0x0000000084100000, 0x0000000084100000, 0x0000000084200000|  0%| F|  |TAMS 0x0000000084100000, 0x0000000084100000| Untracked 
|  66|0x0000000084200000, 0x0000000084200000, 0x0000000084300000|  0%| F|  |TAMS 0x0000000084200000, 0x0000000084200000| Untracked 
|  67|0x0000000084300000, 0x0000000084300000, 0x0000000084400000|  0%| F|  |TAMS 0x0000000084300000, 0x0000000084300000| Untracked 
|  68|0x0000000084400000, 0x0000000084400000, 0x0000000084500000|  0%| F|  |TAMS 0x0000000084400000, 0x0000000084400000| Untracked 
|  69|0x0000000084500000, 0x0000000084500000, 0x0000000084600000|  0%| F|  |TAMS 0x0000000084500000, 0x0000000084500000| Untracked 
|  70|0x0000000084600000, 0x0000000084600000, 0x0000000084700000|  0%| F|  |TAMS 0x0000000084600000, 0x0000000084600000| Untracked 
|  71|0x0000000084700000, 0x0000000084700000, 0x0000000084800000|  0%| F|  |TAMS 0x0000000084700000, 0x0000000084700000| Untracked 
|  72|0x0000000084800000, 0x0000000084800000, 0x0000000084900000|  0%| F|  |TAMS 0x0000000084800000, 0x0000000084800000| Untracked 
|  73|0x0000000084900000, 0x0000000084900000, 0x0000000084a00000|  0%| F|  |TAMS 0x0000000084900000, 0x0000000084900000| Untracked 
|  74|0x0000000084a00000, 0x0000000084a00000, 0x0000000084b00000|  0%| F|  |TAMS 0x0000000084a00000, 0x0000000084a00000| Untracked 
|  75|0x0000000084b00000, 0x0000000084b00000, 0x0000000084c00000|  0%| F|  |TAMS 0x0000000084b00000, 0x0000000084b00000| Untracked 
|  76|0x0000000084c00000, 0x0000000084c00000, 0x0000000084d00000|  0%| F|  |TAMS 0x0000000084c00000, 0x0000000084c00000| Untracked 
|  77|0x0000000084d00000, 0x0000000084d00000, 0x0000000084e00000|  0%| F|  |TAMS 0x0000000084d00000, 0x0000000084d00000| Untracked 
|  78|0x0000000084e00000, 0x0000000084e00000, 0x0000000084f00000|  0%| F|  |TAMS 0x0000000084e00000, 0x0000000084e00000| Untracked 
|  79|0x0000000084f00000, 0x0000000084f00000, 0x0000000085000000|  0%| F|  |TAMS 0x0000000084f00000, 0x0000000084f00000| Untracked 
|  80|0x0000000085000000, 0x0000000085000000, 0x0000000085100000|  0%| F|  |TAMS 0x0000000085000000, 0x0000000085000000| Untracked 
|  81|0x0000000085100000, 0x0000000085100000, 0x0000000085200000|  0%| F|  |TAMS 0x0000000085100000, 0x0000000085100000| Untracked 
|  82|0x0000000085200000, 0x0000000085200000, 0x0000000085300000|  0%| F|  |TAMS 0x0000000085200000, 0x0000000085200000| Untracked 
|  83|0x0000000085300000, 0x0000000085300000, 0x0000000085400000|  0%| F|  |TAMS 0x0000000085300000, 0x0000000085300000| Untracked 
|  84|0x0000000085400000, 0x0000000085400000, 0x0000000085500000|  0%| F|  |TAMS 0x0000000085400000, 0x0000000085400000| Untracked 
|  85|0x0000000085500000, 0x0000000085500000, 0x0000000085600000|  0%| F|  |TAMS 0x0000000085500000, 0x0000000085500000| Untracked 
|  86|0x0000000085600000, 0x0000000085600000, 0x0000000085700000|  0%| F|  |TAMS 0x0000000085600000, 0x0000000085600000| Untracked 
|  87|0x0000000085700000, 0x0000000085700000, 0x0000000085800000|  0%| F|  |TAMS 0x0000000085700000, 0x0000000085700000| Untracked 
|  88|0x0000000085800000, 0x0000000085800000, 0x0000000085900000|  0%| F|  |TAMS 0x0000000085800000, 0x0000000085800000| Untracked 
|  89|0x0000000085900000, 0x0000000085900000, 0x0000000085a00000|  0%| F|  |TAMS 0x0000000085900000, 0x0000000085900000| Untracked 
|  90|0x0000000085a00000, 0x0000000085a00000, 0x0000000085b00000|  0%| F|  |TAMS 0x0000000085a00000, 0x0000000085a00000| Untracked 
|  91|0x0000000085b00000, 0x0000000085b00000, 0x0000000085c00000|  0%| F|  |TAMS 0x0000000085b00000, 0x0000000085b00000| Untracked 
|  92|0x0000000085c00000, 0x0000000085c00000, 0x0000000085d00000|  0%| F|  |TAMS 0x0000000085c00000, 0x0000000085c00000| Untracked 
|  93|0x0000000085d00000, 0x0000000085d00000, 0x0000000085e00000|  0%| F|  |TAMS 0x0000000085d00000, 0x0000000085d00000| Untracked 
|  94|0x0000000085e00000, 0x0000000085e00000, 0x0000000085f00000|  0%| F|  |TAMS 0x0000000085e00000, 0x0000000085e00000| Untracked 
|  95|0x0000000085f00000, 0x0000000085f00000, 0x0000000086000000|  0%| F|  |TAMS 0x0000000085f00000, 0x0000000085f00000| Untracked 
|  96|0x0000000086000000, 0x0000000086000000, 0x0000000086100000|  0%| F|  |TAMS 0x0000000086000000, 0x0000000086000000| Untracked 
|  97|0x0000000086100000, 0x0000000086100000, 0x0000000086200000|  0%| F|  |TAMS 0x0000000086100000, 0x0000000086100000| Untracked 
|  98|0x0000000086200000, 0x0000000086200000, 0x0000000086300000|  0%| F|  |TAMS 0x0000000086200000, 0x0000000086200000| Untracked 
|  99|0x0000000086300000, 0x0000000086300000, 0x0000000086400000|  0%| F|  |TAMS 0x0000000086300000, 0x0000000086300000| Untracked 
| 100|0x0000000086400000, 0x0000000086400000, 0x0000000086500000|  0%| F|  |TAMS 0x0000000086400000, 0x0000000086400000| Untracked 
| 101|0x0000000086500000, 0x0000000086500000, 0x0000000086600000|  0%| F|  |TAMS 0x0000000086500000, 0x0000000086500000| Untracked 
| 102|0x0000000086600000, 0x0000000086600000, 0x0000000086700000|  0%| F|  |TAMS 0x0000000086600000, 0x0000000086600000| Untracked 
| 103|0x0000000086700000, 0x0000000086700000, 0x0000000086800000|  0%| F|  |TAMS 0x0000000086700000, 0x0000000086700000| Untracked 
| 104|0x0000000086800000, 0x0000000086800000, 0x0000000086900000|  0%| F|  |TAMS 0x0000000086800000, 0x0000000086800000| Untracked 
| 105|0x0000000086900000, 0x0000000086900000, 0x0000000086a00000|  0%| F|  |TAMS 0x0000000086900000, 0x0000000086900000| Untracked 
| 106|0x0000000086a00000, 0x0000000086a588c0, 0x0000000086b00000| 34%| S|CS|TAMS 0x0000000086a00000, 0x0000000086a00000| Complete 
| 107|0x0000000086b00000, 0x0000000086c00000, 0x0000000086c00000|100%| S|CS|TAMS 0x0000000086b00000, 0x0000000086b00000| Complete 
| 108|0x0000000086c00000, 0x0000000086d00000, 0x0000000086d00000|100%| S|CS|TAMS 0x0000000086c00000, 0x0000000086c00000| Complete 
| 109|0x0000000086d00000, 0x0000000086e00000, 0x0000000086e00000|100%| S|CS|TAMS 0x0000000086d00000, 0x0000000086d00000| Complete 
| 110|0x0000000086e00000, 0x0000000086f00000, 0x0000000086f00000|100%| S|CS|TAMS 0x0000000086e00000, 0x0000000086e00000| Complete 
| 111|0x0000000086f00000, 0x0000000087000000, 0x0000000087000000|100%| S|CS|TAMS 0x0000000086f00000, 0x0000000086f00000| Complete 
| 112|0x0000000087000000, 0x0000000087100000, 0x0000000087100000|100%| S|CS|TAMS 0x0000000087000000, 0x0000000087000000| Complete 
| 113|0x0000000087100000, 0x0000000087100000, 0x0000000087200000|  0%| F|  |TAMS 0x0000000087100000, 0x0000000087100000| Untracked 
| 114|0x0000000087200000, 0x0000000087200000, 0x0000000087300000|  0%| F|  |TAMS 0x0000000087200000, 0x0000000087200000| Untracked 
| 115|0x0000000087300000, 0x0000000087300000, 0x0000000087400000|  0%| F|  |TAMS 0x0000000087300000, 0x0000000087300000| Untracked 
| 116|0x0000000087400000, 0x0000000087400000, 0x0000000087500000|  0%| F|  |TAMS 0x0000000087400000, 0x0000000087400000| Untracked 
| 117|0x0000000087500000, 0x0000000087500000, 0x0000000087600000|  0%| F|  |TAMS 0x0000000087500000, 0x0000000087500000| Untracked 
| 118|0x0000000087600000, 0x0000000087600000, 0x0000000087700000|  0%| F|  |TAMS 0x0000000087600000, 0x0000000087600000| Untracked 
| 119|0x0000000087700000, 0x0000000087700000, 0x0000000087800000|  0%| F|  |TAMS 0x0000000087700000, 0x0000000087700000| Untracked 
| 120|0x0000000087800000, 0x0000000087800000, 0x0000000087900000|  0%| F|  |TAMS 0x0000000087800000, 0x0000000087800000| Untracked 
| 121|0x0000000087900000, 0x0000000087900000, 0x0000000087a00000|  0%| F|  |TAMS 0x0000000087900000, 0x0000000087900000| Untracked 
| 122|0x0000000087a00000, 0x0000000087a00000, 0x0000000087b00000|  0%| F|  |TAMS 0x0000000087a00000, 0x0000000087a00000| Untracked 
| 123|0x0000000087b00000, 0x0000000087b00000, 0x0000000087c00000|  0%| F|  |TAMS 0x0000000087b00000, 0x0000000087b00000| Untracked 
| 124|0x0000000087c00000, 0x0000000087c00000, 0x0000000087d00000|  0%| F|  |TAMS 0x0000000087c00000, 0x0000000087c00000| Untracked 
| 125|0x0000000087d00000, 0x0000000087d00000, 0x0000000087e00000|  0%| F|  |TAMS 0x0000000087d00000, 0x0000000087d00000| Untracked 
| 126|0x0000000087e00000, 0x0000000087e00000, 0x0000000087f00000|  0%| F|  |TAMS 0x0000000087e00000, 0x0000000087e00000| Untracked 
| 127|0x0000000087f00000, 0x0000000087f00000, 0x0000000088000000|  0%| F|  |TAMS 0x0000000087f00000, 0x0000000087f00000| Untracked 
| 128|0x0000000088000000, 0x0000000088000000, 0x0000000088100000|  0%| F|  |TAMS 0x0000000088000000, 0x0000000088000000| Untracked 
| 129|0x0000000088100000, 0x0000000088100000, 0x0000000088200000|  0%| F|  |TAMS 0x0000000088100000, 0x0000000088100000| Untracked 
| 130|0x0000000088200000, 0x0000000088200000, 0x0000000088300000|  0%| F|  |TAMS 0x0000000088200000, 0x0000000088200000| Untracked 
| 131|0x0000000088300000, 0x0000000088300000, 0x0000000088400000|  0%| F|  |TAMS 0x0000000088300000, 0x0000000088300000| Untracked 
| 132|0x0000000088400000, 0x0000000088400000, 0x0000000088500000|  0%| F|  |TAMS 0x0000000088400000, 0x0000000088400000| Untracked 
| 133|0x0000000088500000, 0x0000000088500000, 0x0000000088600000|  0%| F|  |TAMS 0x0000000088500000, 0x0000000088500000| Untracked 
| 134|0x0000000088600000, 0x0000000088600000, 0x0000000088700000|  0%| F|  |TAMS 0x0000000088600000, 0x0000000088600000| Untracked 
| 135|0x0000000088700000, 0x0000000088700000, 0x0000000088800000|  0%| F|  |TAMS 0x0000000088700000, 0x0000000088700000| Untracked 
| 136|0x0000000088800000, 0x0000000088800000, 0x0000000088900000|  0%| F|  |TAMS 0x0000000088800000, 0x0000000088800000| Untracked 
| 137|0x0000000088900000, 0x0000000088900000, 0x0000000088a00000|  0%| F|  |TAMS 0x0000000088900000, 0x0000000088900000| Untracked 
| 138|0x0000000088a00000, 0x0000000088a00000, 0x0000000088b00000|  0%| F|  |TAMS 0x0000000088a00000, 0x0000000088a00000| Untracked 
| 139|0x0000000088b00000, 0x0000000088b00000, 0x0000000088c00000|  0%| F|  |TAMS 0x0000000088b00000, 0x0000000088b00000| Untracked 
| 140|0x0000000088c00000, 0x0000000088c00000, 0x0000000088d00000|  0%| F|  |TAMS 0x0000000088c00000, 0x0000000088c00000| Untracked 
| 141|0x0000000088d00000, 0x0000000088d00000, 0x0000000088e00000|  0%| F|  |TAMS 0x0000000088d00000, 0x0000000088d00000| Untracked 
| 142|0x0000000088e00000, 0x0000000088e00000, 0x0000000088f00000|  0%| F|  |TAMS 0x0000000088e00000, 0x0000000088e00000| Untracked 
| 143|0x0000000088f00000, 0x0000000088f00000, 0x0000000089000000|  0%| F|  |TAMS 0x0000000088f00000, 0x0000000088f00000| Untracked 
| 144|0x0000000089000000, 0x0000000089000000, 0x0000000089100000|  0%| F|  |TAMS 0x0000000089000000, 0x0000000089000000| Untracked 
| 145|0x0000000089100000, 0x0000000089100000, 0x0000000089200000|  0%| F|  |TAMS 0x0000000089100000, 0x0000000089100000| Untracked 
| 146|0x0000000089200000, 0x0000000089200000, 0x0000000089300000|  0%| F|  |TAMS 0x0000000089200000, 0x0000000089200000| Untracked 
| 147|0x0000000089300000, 0x0000000089300000, 0x0000000089400000|  0%| F|  |TAMS 0x0000000089300000, 0x0000000089300000| Untracked 
| 148|0x0000000089400000, 0x0000000089400000, 0x0000000089500000|  0%| F|  |TAMS 0x0000000089400000, 0x0000000089400000| Untracked 
| 149|0x0000000089500000, 0x0000000089500000, 0x0000000089600000|  0%| F|  |TAMS 0x0000000089500000, 0x0000000089500000| Untracked 
| 150|0x0000000089600000, 0x0000000089600000, 0x0000000089700000|  0%| F|  |TAMS 0x0000000089600000, 0x0000000089600000| Untracked 
| 151|0x0000000089700000, 0x0000000089700000, 0x0000000089800000|  0%| F|  |TAMS 0x0000000089700000, 0x0000000089700000| Untracked 
| 152|0x0000000089800000, 0x0000000089800000, 0x0000000089900000|  0%| F|  |TAMS 0x0000000089800000, 0x0000000089800000| Untracked 
| 153|0x0000000089900000, 0x0000000089900000, 0x0000000089a00000|  0%| F|  |TAMS 0x0000000089900000, 0x0000000089900000| Untracked 

Card table byte_map: [0x000001b92b8d0000,0x000001b92bcd0000] _byte_map_base: 0x000001b92b4d0000

Marking Bits (Prev, Next): (CMBitMap*) 0x000001b9189ff910, (CMBitMap*) 0x000001b9189ff8d8
 Prev Bits: [0x000001b92e0d0000, 0x000001b9300d0000)
 Next Bits: [0x000001b92c0d0000, 0x000001b92e0d0000)

Polling page: 0x000001b9169c0000

Metaspace:

Usage:
  Non-class:     55.15 MB capacity,    54.27 MB ( 98%) used,   744.67 KB (  1%) free+waste,   161.94 KB ( <1%) overhead. 
      Class:      8.39 MB capacity,     7.84 MB ( 94%) used,   478.67 KB (  6%) free+waste,    75.94 KB ( <1%) overhead. 
       Both:     63.54 MB capacity,    62.11 MB ( 98%) used,     1.19 MB (  2%) free+waste,   237.88 KB ( <1%) overhead. 

Virtual space:
  Non-class space:       64.00 MB reserved,      55.20 MB ( 86%) committed 
      Class space:        1.00 GB reserved,       8.50 MB ( <1%) committed 
             Both:        1.06 GB reserved,      63.70 MB (  6%) committed 

Chunk freelists:
   Non-Class:  50.00 KB
       Class:  21.00 KB
        Both:  71.00 KB

MaxMetaspaceSize: 17179869184.00 GB
CompressedClassSpaceSize: 1.00 GB
Initial GC threshold: 20.80 MB
Current GC threshold: 98.99 MB
CDS: off

CodeHeap 'non-profiled nmethods': size=120064Kb used=3470Kb max_used=3470Kb free=116594Kb
 bounds [0x000001b923f90000, 0x000001b924300000, 0x000001b92b4d0000]
CodeHeap 'profiled nmethods': size=120000Kb used=13064Kb max_used=13064Kb free=106936Kb
 bounds [0x000001b91ca60000, 0x000001b91d730000, 0x000001b923f90000]
CodeHeap 'non-nmethods': size=5696Kb used=2340Kb max_used=2385Kb free=3355Kb
 bounds [0x000001b91c4d0000, 0x000001b91c740000, 0x000001b91ca60000]
 total_blobs=6962 nmethods=6117 adapters=757
 compilation: enabled
              stopped_count=0, restarted_count=0
 full_count=0

Compilation events (20 events):
Event: 11.195 Thread 0x000001b9325d4800 nmethod 6103 0x000001b91d708e90 code [0x000001b91d709060, 0x000001b91d7093e8]
Event: 11.196 Thread 0x000001b9325d4800 6104       1       org.gradle.configuration.internal.DefaultUserCodeApplicationContext::access$000 (5 bytes)
Event: 11.196 Thread 0x000001b9325d4800 nmethod 6104 0x000001b9242f2310 code [0x000001b9242f24c0, 0x000001b9242f2558]
Event: 11.196 Thread 0x000001b9325d4800 6105       3       org.gradle.internal.operations.DefaultBuildOperationAncestryTracker::findClosestExistingAncestor (44 bytes)
Event: 11.197 Thread 0x000001b9325d4800 nmethod 6105 0x000001b91d709610 code [0x000001b91d709840, 0x000001b91d70a058]
Event: 11.197 Thread 0x000001b9325d4800 6106       3       org.gradle.api.internal.artifacts.configurations.DefaultConfiguration_Decorated::getName (40 bytes)
Event: 11.197 Thread 0x000001b9325d4800 nmethod 6106 0x000001b91d70a310 code [0x000001b91d70a500, 0x000001b91d70a858]
Event: 11.197 Thread 0x000001b9325d4800 6108       3       org.gradle.internal.operations.DefaultBuildOperationAncestryTracker::findClosestMatchingAncestor (42 bytes)
Event: 11.198 Thread 0x000001b9325d4800 nmethod 6108 0x000001b91d70a990 code [0x000001b91d70abc0, 0x000001b91d70b3b8]
Event: 11.198 Thread 0x000001b9325d4800 6107       3       org.gradle.internal.logging.events.ProgressStartEvent::<init> (74 bytes)
Event: 11.198 Thread 0x000001b9325d4800 nmethod 6107 0x000001b91d70b690 code [0x000001b91d70b880, 0x000001b91d70be78]
Event: 11.214 Thread 0x000001b9325d4800 6111       3       kotlin.text.StringsKt__StringsKt::removePrefix (55 bytes)
Event: 11.215 Thread 0x000001b9325d4800 nmethod 6111 0x000001b91d70c010 code [0x000001b91d70c300, 0x000001b91d70cf38]
Event: 11.215 Thread 0x000001b9325d4800 6112       3       org.objectweb.asm.Type::equals (147 bytes)
Event: 11.217 Thread 0x000001b9325d4800 nmethod 6112 0x000001b91d70d410 code [0x000001b91d70d6c0, 0x000001b91d70e718]
Event: 11.217 Thread 0x000001b9325d4800 6109       3       kotlin.text.StringsKt__StringsKt::startsWith$default (15 bytes)
Event: 11.217 Thread 0x000001b9325d4800 nmethod 6109 0x000001b91d70ed10 code [0x000001b91d70eec0, 0x000001b91d70f008]
Event: 11.217 Thread 0x000001b9325d4800 6110       3       kotlin.text.StringsKt__StringsKt::startsWith (62 bytes)
Event: 11.218 Thread 0x000001b9325d4800 nmethod 6110 0x000001b91d70f110 code [0x000001b91d70f420, 0x000001b91d710468]
Event: 11.220 Thread 0x000001b9325d4800 6113       3       org.objectweb.asm.Frame::execute (2318 bytes)

GC Heap History (20 events):
Event: 1.214 GC heap before
{Heap before GC invocations=0 (full 0):
 garbage-first heap   total 131072K, used 20480K [0x0000000080000000, 0x0000000100000000)
  region size 1024K, 14 young (14336K), 0 survivors (0K)
 Metaspace       used 6758K, capacity 6993K, committed 7168K, reserved 1056768K
  class space    used 582K, capacity 650K, committed 768K, reserved 1048576K
}
Event: 1.226 GC heap after
{Heap after GC invocations=1 (full 0):
 garbage-first heap   total 131072K, used 7877K [0x0000000080000000, 0x0000000100000000)
  region size 1024K, 2 young (2048K), 2 survivors (2048K)
 Metaspace       used 6758K, capacity 6993K, committed 7168K, reserved 1056768K
  class space    used 582K, capacity 650K, committed 768K, reserved 1048576K
}
Event: 2.311 GC heap before
{Heap before GC invocations=1 (full 0):
 garbage-first heap   total 131072K, used 54981K [0x0000000080000000, 0x0000000100000000)
  region size 1024K, 48 young (49152K), 2 survivors (2048K)
 Metaspace       used 10937K, capacity 11141K, committed 11264K, reserved 1058816K
  class space    used 1131K, capacity 1207K, committed 1280K, reserved 1048576K
}
Event: 2.316 GC heap after
{Heap after GC invocations=2 (full 0):
 garbage-first heap   total 131072K, used 13615K [0x0000000080000000, 0x0000000100000000)
  region size 1024K, 6 young (6144K), 6 survivors (6144K)
 Metaspace       used 10937K, capacity 11141K, committed 11264K, reserved 1058816K
  class space    used 1131K, capacity 1207K, committed 1280K, reserved 1048576K
}
Event: 3.758 GC heap before
{Heap before GC invocations=2 (full 0):
 garbage-first heap   total 131072K, used 58671K [0x0000000080000000, 0x0000000100000000)
  region size 1024K, 50 young (51200K), 6 survivors (6144K)
 Metaspace       used 18842K, capacity 19175K, committed 19328K, reserved 1067008K
  class space    used 2263K, capacity 2375K, committed 2432K, reserved 1048576K
}
Event: 3.766 GC heap after
{Heap after GC invocations=3 (full 0):
 garbage-first heap   total 131072K, used 16931K [0x0000000080000000, 0x0000000100000000)
  region size 1024K, 4 young (4096K), 4 survivors (4096K)
 Metaspace       used 18842K, capacity 19175K, committed 19328K, reserved 1067008K
  class space    used 2263K, capacity 2375K, committed 2432K, reserved 1048576K
}
Event: 3.987 GC heap before
{Heap before GC invocations=3 (full 0):
 garbage-first heap   total 131072K, used 36387K [0x0000000080000000, 0x0000000100000000)
  region size 1024K, 24 young (24576K), 4 survivors (4096K)
 Metaspace       used 20745K, capacity 21139K, committed 21248K, reserved 1067008K
  class space    used 2545K, capacity 2710K, committed 2816K, reserved 1048576K
}
Event: 3.992 GC heap after
{Heap after GC invocations=4 (full 0):
 garbage-first heap   total 131072K, used 17550K [0x0000000080000000, 0x0000000100000000)
  region size 1024K, 4 young (4096K), 4 survivors (4096K)
 Metaspace       used 20745K, capacity 21139K, committed 21248K, reserved 1067008K
  class space    used 2545K, capacity 2710K, committed 2816K, reserved 1048576K
}
Event: 4.855 GC heap before
{Heap before GC invocations=5 (full 0):
 garbage-first heap   total 131072K, used 74894K [0x0000000080000000, 0x0000000100000000)
  region size 1024K, 61 young (62464K), 4 survivors (4096K)
 Metaspace       used 26927K, capacity 27564K, committed 27904K, reserved 1073152K
  class space    used 3508K, capacity 3734K, committed 3840K, reserved 1048576K
}
Event: 4.863 GC heap after
{Heap after GC invocations=6 (full 0):
 garbage-first heap   total 131072K, used 19627K [0x0000000080000000, 0x0000000100000000)
  region size 1024K, 6 young (6144K), 6 survivors (6144K)
 Metaspace       used 26927K, capacity 27564K, committed 27904K, reserved 1073152K
  class space    used 3508K, capacity 3734K, committed 3840K, reserved 1048576K
}
Event: 5.916 GC heap before
{Heap before GC invocations=6 (full 0):
 garbage-first heap   total 131072K, used 73899K [0x0000000080000000, 0x0000000100000000)
  region size 1024K, 60 young (61440K), 6 survivors (6144K)
 Metaspace       used 34980K, capacity 35791K, committed 35840K, reserved 1081344K
  class space    used 4533K, capacity 4839K, committed 4864K, reserved 1048576K
}
Event: 5.931 GC heap after
{Heap after GC invocations=7 (full 0):
 garbage-first heap   total 131072K, used 22935K [0x0000000080000000, 0x0000000100000000)
  region size 1024K, 7 young (7168K), 7 survivors (7168K)
 Metaspace       used 34980K, capacity 35791K, committed 35840K, reserved 1081344K
  class space    used 4533K, capacity 4839K, committed 4864K, reserved 1048576K
}
Event: 7.422 GC heap before
{Heap before GC invocations=8 (full 0):
 garbage-first heap   total 131072K, used 89495K [0x0000000080000000, 0x0000000100000000)
  region size 1024K, 70 young (71680K), 7 survivors (7168K)
 Metaspace       used 39918K, capacity 40852K, committed 41036K, reserved 1085440K
  class space    used 5103K, capacity 5434K, committed 5504K, reserved 1048576K
}
Event: 7.450 GC heap after
{Heap after GC invocations=9 (full 0):
 garbage-first heap   total 131072K, used 28315K [0x0000000080000000, 0x0000000100000000)
  region size 1024K, 9 young (9216K), 9 survivors (9216K)
 Metaspace       used 39918K, capacity 40852K, committed 41036K, reserved 1085440K
  class space    used 5103K, capacity 5434K, committed 5504K, reserved 1048576K
}
Event: 8.297 GC heap before
{Heap before GC invocations=9 (full 0):
 garbage-first heap   total 131072K, used 97947K [0x0000000080000000, 0x0000000100000000)
  region size 1024K, 76 young (77824K), 9 survivors (9216K)
 Metaspace       used 46154K, capacity 47188K, committed 47308K, reserved 1089536K
  class space    used 5933K, capacity 6322K, committed 6400K, reserved 1048576K
}
Event: 8.310 GC heap after
{Heap after GC invocations=10 (full 0):
 garbage-first heap   total 131072K, used 29893K [0x0000000080000000, 0x0000000100000000)
  region size 1024K, 8 young (8192K), 8 survivors (8192K)
 Metaspace       used 46154K, capacity 47188K, committed 47308K, reserved 1089536K
  class space    used 5933K, capacity 6322K, committed 6400K, reserved 1048576K
}
Event: 9.443 GC heap before
{Heap before GC invocations=10 (full 0):
 garbage-first heap   total 131072K, used 102597K [0x0000000080000000, 0x0000000100000000)
  region size 1024K, 76 young (77824K), 8 survivors (8192K)
 Metaspace       used 49667K, capacity 50911K, committed 51148K, reserved 1093632K
  class space    used 6359K, capacity 6822K, committed 6912K, reserved 1048576K
}
Event: 9.459 GC heap after
{Heap after GC invocations=11 (full 0):
 garbage-first heap   total 157696K, used 42411K [0x0000000080000000, 0x0000000100000000)
  region size 1024K, 10 young (10240K), 10 survivors (10240K)
 Metaspace       used 49667K, capacity 50911K, committed 51148K, reserved 1093632K
  class space    used 6359K, capacity 6822K, committed 6912K, reserved 1048576K
}
Event: 10.446 GC heap before
{Heap before GC invocations=11 (full 0):
 garbage-first heap   total 157696K, used 104875K [0x0000000080000000, 0x0000000100000000)
  region size 1024K, 72 young (73728K), 10 survivors (10240K)
 Metaspace       used 58777K, capacity 60150K, committed 60236K, reserved 1101824K
  class space    used 7423K, capacity 7978K, committed 8064K, reserved 1048576K
}
Event: 10.468 GC heap after
{Heap after GC invocations=12 (full 0):
 garbage-first heap   total 157696K, used 45778K [0x0000000080000000, 0x0000000100000000)
  region size 1024K, 3 young (3072K), 3 survivors (3072K)
 Metaspace       used 58777K, capacity 60150K, committed 60236K, reserved 1101824K
  class space    used 7423K, capacity 7978K, committed 8064K, reserved 1048576K
}

Deoptimization events (20 events):
Event: 10.953 Thread 0x000001b9349d8000 DEOPT PACKING pc=0x000001b91d6c56c2 sp=0x0000001d13ef4060
Event: 10.953 Thread 0x000001b9349d8000 DEOPT UNPACKING pc=0x000001b91c51a95e sp=0x0000001d13ef34b8 mode 0
Event: 10.954 Thread 0x000001b9349d8000 DEOPT PACKING pc=0x000001b91d6c56c2 sp=0x0000001d13ef4060
Event: 10.954 Thread 0x000001b9349d8000 DEOPT UNPACKING pc=0x000001b91c51a95e sp=0x0000001d13ef34b8 mode 0
Event: 10.954 Thread 0x000001b9349d8000 DEOPT PACKING pc=0x000001b91d6c56c2 sp=0x0000001d13ef4060
Event: 10.954 Thread 0x000001b9349d8000 DEOPT UNPACKING pc=0x000001b91c51a95e sp=0x0000001d13ef34b8 mode 0
Event: 10.954 Thread 0x000001b9349d8000 DEOPT PACKING pc=0x000001b91d6c56c2 sp=0x0000001d13ef4060
Event: 10.954 Thread 0x000001b9349d8000 DEOPT UNPACKING pc=0x000001b91c51a95e sp=0x0000001d13ef34b8 mode 0
Event: 10.954 Thread 0x000001b9349d8000 DEOPT PACKING pc=0x000001b91d6c56c2 sp=0x0000001d13ef4060
Event: 10.954 Thread 0x000001b9349d8000 DEOPT UNPACKING pc=0x000001b91c51a95e sp=0x0000001d13ef34b8 mode 0
Event: 10.955 Thread 0x000001b9349d8000 DEOPT PACKING pc=0x000001b91d6c56c2 sp=0x0000001d13ef4060
Event: 10.955 Thread 0x000001b9349d8000 DEOPT UNPACKING pc=0x000001b91c51a95e sp=0x0000001d13ef34b8 mode 0
Event: 10.955 Thread 0x000001b9349d8000 DEOPT PACKING pc=0x000001b91d6c56c2 sp=0x0000001d13ef4060
Event: 10.955 Thread 0x000001b9349d8000 DEOPT UNPACKING pc=0x000001b91c51a95e sp=0x0000001d13ef34b8 mode 0
Event: 10.955 Thread 0x000001b9349d8000 DEOPT PACKING pc=0x000001b91d6c56c2 sp=0x0000001d13ef4060
Event: 10.955 Thread 0x000001b9349d8000 DEOPT UNPACKING pc=0x000001b91c51a95e sp=0x0000001d13ef34b8 mode 0
Event: 10.958 Thread 0x000001b9349d8000 DEOPT PACKING pc=0x000001b91d6c56c2 sp=0x0000001d13ef43c0
Event: 10.958 Thread 0x000001b9349d8000 DEOPT UNPACKING pc=0x000001b91c51a95e sp=0x0000001d13ef3818 mode 0
Event: 10.959 Thread 0x000001b9349d8000 DEOPT PACKING pc=0x000001b91d6c56c2 sp=0x0000001d13ef10e0
Event: 10.959 Thread 0x000001b9349d8000 DEOPT UNPACKING pc=0x000001b91c51a95e sp=0x0000001d13ef0538 mode 0

Classes redefined (0 events):
No events

Internal exceptions (20 events):
Event: 9.327 Thread 0x000001b9355f2800 Exception <a 'java/lang/NoSuchMethodError'{0x0000000084119530}: <clinit>> (0x0000000084119530) thrown at [./src/hotspot/share/prims/jni.cpp, line 1365]
Event: 9.328 Thread 0x000001b9355f2800 Exception <a 'java/lang/NoSuchMethodError'{0x000000008412b858}: <clinit>> (0x000000008412b858) thrown at [./src/hotspot/share/prims/jni.cpp, line 1365]
Event: 9.332 Thread 0x000001b9355f2800 Exception <a 'java/lang/NoSuchMethodError'{0x0000000084135d70}: <clinit>> (0x0000000084135d70) thrown at [./src/hotspot/share/prims/jni.cpp, line 1365]
Event: 9.334 Thread 0x000001b9355f2800 Exception <a 'java/lang/NoSuchMethodError'{0x0000000084149790}: <clinit>> (0x0000000084149790) thrown at [./src/hotspot/share/prims/jni.cpp, line 1365]
Event: 9.349 Thread 0x000001b9349d8000 Exception <a 'java/lang/ClassNotFoundException'{0x000000008418d8d8}: build_4i6mhfnw3imh78p2sjr7g8qjkBeanInfo> (0x000000008418d8d8) thrown at [./src/hotspot/share/classfile/systemDictionary.cpp, line 231]
Event: 9.351 Thread 0x000001b9349d8000 Exception <a 'java/lang/ClassNotFoundException'{0x0000000084198890}: build_4i6mhfnw3imh78p2sjr7g8qjkCustomizer> (0x0000000084198890) thrown at [./src/hotspot/share/classfile/systemDictionary.cpp, line 231]
Event: 9.380 Thread 0x000001b9349d8000 Exception <a 'java/lang/ClassNotFoundException'{0x0000000083f23670}: org/gradle/api/internal/plugins/DefaultObjectConfigurationActionBeanInfo> (0x0000000083f23670) thrown at [./src/hotspot/share/classfile/systemDictionary.cpp, line 231]
Event: 9.381 Thread 0x000001b9349d8000 Exception <a 'java/lang/ClassNotFoundException'{0x0000000083f58838}: org/gradle/api/internal/plugins/DefaultObjectConfigurationActionCustomizer> (0x0000000083f58838) thrown at [./src/hotspot/share/classfile/systemDictionary.cpp, line 231]
Event: 9.534 Thread 0x000001b9349d8000 Exception <a 'java/lang/NoSuchMethodError'{0x00000000893a3010}: 'java.lang.Object java.lang.invoke.DirectMethodHandle$Holder.invokeStatic(java.lang.Object, java.lang.Object, java.lang.Object, java.lang.Object, int)'> (0x00000000893a3010) thrown at [./src/hotspot/share/interpreter/linkResolver.cpp, line 773]
Event: 9.534 Thread 0x000001b9349d8000 Exception <a 'java/lang/NoSuchMethodError'{0x00000000893a7a08}: 'java.lang.Object java.lang.invoke.DirectMethodHandle$Holder.invokeSpecial(java.lang.Object, java.lang.Object, java.lang.Object, java.lang.Object, java.lang.Object, int)'> (0x00000000893a7a08) thrown at [./src/hotspot/share/interpreter/linkResolver.cpp, line 773]
Event: 9.534 Thread 0x000001b9349d8000 Exception <a 'java/lang/NoSuchMethodError'{0x00000000893ac048}: 'java.lang.Object java.lang.invoke.Invokers$Holder.linkToTargetMethod(java.lang.Object, java.lang.Object, java.lang.Object, int, java.lang.Object)'> (0x00000000893ac048) thrown at [./src/hotspot/share/interpreter/linkResolver.cpp, line 773]
Event: 9.792 Thread 0x000001b9349d8000 Exception <a 'java/lang/NoSuchMethodError'{0x0000000088314190}: 'java.lang.Object java.lang.invoke.DirectMethodHandle$Holder.invokeSpecial(java.lang.Object, java.lang.Object, int, int, java.lang.Object, java.lang.Object, java.lang.Object)'> (0x0000000088314190) thrown at [./src/hotspot/share/interpreter/linkResolver.cpp, line 773]
Event: 9.792 Thread 0x000001b9349d8000 Exception <a 'java/lang/NoSuchMethodError'{0x0000000088318710}: 'java.lang.Object java.lang.invoke.DelegatingMethodHandle$Holder.reinvoke_L(java.lang.Object, int, int, java.lang.Object, java.lang.Object, java.lang.Object)'> (0x0000000088318710) thrown at [./src/hotspot/share/interpreter/linkResolver.cpp, line 773]
Event: 10.057 Thread 0x000001b9349d8000 Exception <a 'java/lang/NoSuchMethodError'{0x000000008779b6a0}: 'int java.lang.invoke.DirectMethodHandle$Holder.invokeInterface(java.lang.Object, java.lang.Object, java.lang.Object, java.lang.Object)'> (0x000000008779b6a0) thrown at [./src/hotspot/share/interpreter/linkResolver.cpp, line 773]
Event: 10.407 Thread 0x000001b9349d8000 Exception <a 'java/lang/NoSuchMethodError'{0x000000008608c578}: 'void java.lang.invoke.DirectMethodHandle$Holder.invokeInterface(java.lang.Object, java.lang.Object, java.lang.Object, java.lang.Object)'> (0x000000008608c578) thrown at [./src/hotspot/share/interpreter/linkResolver.cpp, line 773]
Event: 10.580 Thread 0x000001b9349d8000 Exception <a 'java/lang/IncompatibleClassChangeError'{0x00000000895fb630}: Found class java.lang.Object, but interface was expected> (0x00000000895fb630) thrown at [./src/hotspot/share/interpreter/linkResolver.cpp, line 839]
Event: 10.640 Thread 0x000001b9349d8000 Implicit null exception at 0x000001b924267bd4 to 0x000001b924267db8
Event: 10.738 Thread 0x000001b9349d8000 Implicit null exception at 0x000001b92411b70b to 0x000001b92411b7e4
Event: 10.814 Thread 0x000001b9349d8000 Implicit null exception at 0x000001b9241110ac to 0x000001b92411125a
Event: 11.003 Thread 0x000001b9349d8000 Exception <a 'sun/nio/fs/WindowsException'{0x0000000087e0c4d0}> (0x0000000087e0c4d0) thrown at [./src/hotspot/share/prims/jni.cpp, line 615]

Events (20 events):
Event: 11.211 loading class com/android/build/gradle/internal/dsl/TestOptions
Event: 11.211 loading class com/android/build/gradle/internal/dsl/TestOptions done
Event: 11.211 loading class com/android/build/api/dsl/TestOptions
Event: 11.211 loading class com/android/build/api/dsl/TestOptions done
Event: 11.211 loading class com/android/build/gradle/internal/dsl/ComposeOptionsImpl
Event: 11.211 loading class com/android/build/gradle/internal/dsl/ComposeOptionsImpl done
Event: 11.212 loading class com/android/build/api/dsl/ComposeOptions
Event: 11.212 loading class com/android/build/api/dsl/ComposeOptions done
Event: 11.212 loading class com/android/build/api/dsl/SdkComponents
Event: 11.212 loading class com/android/build/api/dsl/SdkComponents done
Event: 11.212 loading class com/android/build/api/dsl/ExternalNativeBuild
Event: 11.212 loading class com/android/build/api/dsl/ExternalNativeBuild done
Event: 11.212 loading class com/android/build/gradle/internal/dsl/ExternalNativeBuild
Event: 11.212 loading class com/android/build/gradle/internal/dsl/ExternalNativeBuild done
Event: 11.213 loading class com/android/build/gradle/internal/model/CoreExternalNativeBuild
Event: 11.213 loading class com/android/build/gradle/internal/model/CoreExternalNativeBuild done
Event: 11.215 loading class kotlin/collections/EmptyIterator
Event: 11.215 loading class kotlin/collections/EmptyIterator done
Event: 11.217 loading class org/objectweb/asm/commons/InstructionAdapter
Event: 11.217 loading class org/objectweb/asm/commons/InstructionAdapter done


Dynamic libraries:
0x00007ff66b390000 - 0x00007ff66b39a000 	C:\Program Files\Android\Android Studio\jre\bin\java.exe
0x00007ff9d7880000 - 0x00007ff9d7a89000 	C:\Windows\SYSTEM32\ntdll.dll
0x00007ff9d6ce0000 - 0x00007ff9d6d9d000 	C:\Windows\System32\KERNEL32.DLL
0x00007ff9d4df0000 - 0x00007ff9d5164000 	C:\Windows\System32\KERNELBASE.dll
0x00007ff9d5600000 - 0x00007ff9d5711000 	C:\Windows\System32\ucrtbase.dll
0x00007ff9a09f0000 - 0x00007ff9a0a09000 	C:\Program Files\Android\Android Studio\jre\bin\jli.dll
0x00007ff9d7400000 - 0x00007ff9d75ac000 	C:\Windows\System32\USER32.dll
0x00007ff9d53a0000 - 0x00007ff9d53c6000 	C:\Windows\System32\win32u.dll
0x00007ff9d5810000 - 0x00007ff9d5839000 	C:\Windows\System32\GDI32.dll
0x00007ff9d51e0000 - 0x00007ff9d52f2000 	C:\Windows\System32\gdi32full.dll
0x00007ff9d5300000 - 0x00007ff9d539d000 	C:\Windows\System32\msvcp_win.dll
0x00007ff9aee30000 - 0x00007ff9af0d5000 	C:\Windows\WinSxS\amd64_microsoft.windows.common-controls_6595b64144ccf1df_6.0.22000.120_none_9d947278b86cc467\COMCTL32.dll
0x00007ff9d58f0000 - 0x00007ff9d5993000 	C:\Windows\System32\msvcrt.dll
0x00007ff99e390000 - 0x00007ff99e3a7000 	C:\Program Files\Android\Android Studio\jre\bin\VCRUNTIME140.dll
0x00007ff9d6160000 - 0x00007ff9d6191000 	C:\Windows\System32\IMM32.DLL
0x00007ff969100000 - 0x00007ff96919d000 	C:\Program Files\Android\Android Studio\jre\bin\msvcp140.dll
0x00007ff969310000 - 0x00007ff969df5000 	C:\Program Files\Android\Android Studio\jre\bin\server\jvm.dll
0x00007ff9d6da0000 - 0x00007ff9d6e4e000 	C:\Windows\System32\ADVAPI32.dll
0x00007ff9d6e50000 - 0x00007ff9d6eee000 	C:\Windows\System32\sechost.dll
0x00007ff9d7720000 - 0x00007ff9d7840000 	C:\Windows\System32\RPCRT4.dll
0x00007ff9d59a0000 - 0x00007ff9d59a8000 	C:\Windows\System32\PSAPI.DLL
0x00007ff9cec10000 - 0x00007ff9cec19000 	C:\Windows\SYSTEM32\WSOCK32.dll
0x00007ff9d7390000 - 0x00007ff9d73ff000 	C:\Windows\System32\WS2_32.dll
0x00007ff9c9f10000 - 0x00007ff9c9f43000 	C:\Windows\SYSTEM32\WINMM.dll
0x00007ff9c2b30000 - 0x00007ff9c2b3a000 	C:\Windows\SYSTEM32\VERSION.dll
0x00007ff9d2e70000 - 0x00007ff9d2e88000 	C:\Windows\SYSTEM32\kernel.appcore.dll
0x00007ff9cebf0000 - 0x00007ff9cec01000 	C:\Program Files\Android\Android Studio\jre\bin\verify.dll
0x00007ff9cdcb0000 - 0x00007ff9cded1000 	C:\Windows\SYSTEM32\DBGHELP.DLL
0x00007ff9c0c40000 - 0x00007ff9c0c71000 	C:\Windows\SYSTEM32\dbgcore.DLL
0x00007ff9d4d70000 - 0x00007ff9d4def000 	C:\Windows\System32\bcryptPrimitives.dll
0x00007ff9b51f0000 - 0x00007ff9b5219000 	C:\Program Files\Android\Android Studio\jre\bin\java.dll
0x00007ff9cebe0000 - 0x00007ff9cebeb000 	C:\Program Files\Android\Android Studio\jre\bin\jimage.dll
0x00007ff9b51d0000 - 0x00007ff9b51e8000 	C:\Program Files\Android\Android Studio\jre\bin\zip.dll
0x00007ff9d59b0000 - 0x00007ff9d615e000 	C:\Windows\System32\SHELL32.dll
0x00007ff9d3000000 - 0x00007ff9d3867000 	C:\Windows\SYSTEM32\windows.storage.dll
0x00007ff9d6340000 - 0x00007ff9d66b8000 	C:\Windows\System32\combase.dll
0x00007ff9d2e90000 - 0x00007ff9d2ff6000 	C:\Windows\SYSTEM32\wintypes.dll
0x00007ff9d5720000 - 0x00007ff9d580a000 	C:\Windows\System32\SHCORE.dll
0x00007ff9d76c0000 - 0x00007ff9d771d000 	C:\Windows\System32\shlwapi.dll
0x00007ff9d4ca0000 - 0x00007ff9d4cc1000 	C:\Windows\SYSTEM32\profapi.dll
0x00007ff9b51b0000 - 0x00007ff9b51ca000 	C:\Program Files\Android\Android Studio\jre\bin\net.dll
0x00007ff9c8990000 - 0x00007ff9c8a9c000 	C:\Windows\SYSTEM32\WINHTTP.dll
0x00007ff9d4390000 - 0x00007ff9d43f7000 	C:\Windows\system32\mswsock.dll
0x00007ff9b5190000 - 0x00007ff9b51a4000 	C:\Program Files\Android\Android Studio\jre\bin\nio.dll
0x00007ff98b5e0000 - 0x00007ff98b607000 	C:\Users\Admin\.gradle\native\e1d6ef7f7dcc3fd88c89a11ec53ec762bb8ba0a96d01ffa2cd45eb1d1d8dd5c5\windows-amd64\native-platform.dll
0x00007ff94cf70000 - 0x00007ff94d0b4000 	C:\Users\Admin\.gradle\native\5664cfc778a61ccfe75a443a1ab52a65af34e5dc3c78e0209fed803814484fcb\windows-amd64\native-platform-file-events.dll
0x00007ff9cebd0000 - 0x00007ff9cebda000 	C:\Program Files\Android\Android Studio\jre\bin\management.dll
0x00007ff9c70f0000 - 0x00007ff9c70fd000 	C:\Program Files\Android\Android Studio\jre\bin\management_ext.dll
0x00007ff9d45d0000 - 0x00007ff9d45e8000 	C:\Windows\SYSTEM32\CRYPTSP.dll
0x00007ff9d3ef0000 - 0x00007ff9d3f25000 	C:\Windows\system32\rsaenh.dll
0x00007ff9d4480000 - 0x00007ff9d44a9000 	C:\Windows\SYSTEM32\USERENV.dll
0x00007ff9d4750000 - 0x00007ff9d4777000 	C:\Windows\SYSTEM32\bcrypt.dll
0x00007ff9d45f0000 - 0x00007ff9d45fc000 	C:\Windows\SYSTEM32\CRYPTBASE.dll
0x00007ff9d3ac0000 - 0x00007ff9d3aed000 	C:\Windows\SYSTEM32\IPHLPAPI.DLL
0x00007ff9d7370000 - 0x00007ff9d7379000 	C:\Windows\System32\NSI.dll
0x00007ff9c7500000 - 0x00007ff9c7519000 	C:\Windows\SYSTEM32\dhcpcsvc6.DLL
0x00007ff9c8df0000 - 0x00007ff9c8e0e000 	C:\Windows\SYSTEM32\dhcpcsvc.DLL
0x00007ff9d3b30000 - 0x00007ff9d3c17000 	C:\Windows\SYSTEM32\DNSAPI.dll

dbghelp: loaded successfully - version: 4.0.5 - missing functions: none
symbol engine: initialized successfully - sym options: 0x614 - pdb path: .;C:\Program Files\Android\Android Studio\jre\bin;C:\Windows\SYSTEM32;C:\Windows\WinSxS\amd64_microsoft.windows.common-controls_6595b64144ccf1df_6.0.22000.120_none_9d947278b86cc467;C:\Program Files\Android\Android Studio\jre\bin\server;C:\Users\Admin\.gradle\native\e1d6ef7f7dcc3fd88c89a11ec53ec762bb8ba0a96d01ffa2cd45eb1d1d8dd5c5\windows-amd64;C:\Users\Admin\.gradle\native\5664cfc778a61ccfe75a443a1ab52a65af34e5dc3c78e0209fed803814484fcb\windows-amd64

VM Arguments:
jvm_args: --add-opens=java.base/java.util=ALL-UNNAMED --add-opens=java.base/java.lang=ALL-UNNAMED --add-opens=java.base/java.lang.invoke=ALL-UNNAMED --add-opens=java.base/java.util=ALL-UNNAMED --add-opens=java.prefs/java.util.prefs=ALL-UNNAMED --add-opens=java.prefs/java.util.prefs=ALL-UNNAMED --add-opens=java.base/java.nio.charset=ALL-UNNAMED --add-opens=java.base/java.net=ALL-UNNAMED --add-opens=java.base/java.util.concurrent.atomic=ALL-UNNAMED -Xmx2048m -Dfile.encoding=UTF-8 -Duser.country=US -Duser.language=en -Duser.variant 
java_command: org.gradle.launcher.daemon.bootstrap.GradleDaemon 7.3.3
java_class_path (initial): C:\Users\Admin\.gradle\wrapper\dists\gradle-7.3.3-bin\6a41zxkdtcxs8rphpq6y0069z\gradle-7.3.3\lib\gradle-launcher-7.3.3.jar
Launcher Type: SUN_STANDARD

[Global flags]
     intx CICompilerCount                          = 3                                         {product} {ergonomic}
     uint ConcGCThreads                            = 1                                         {product} {ergonomic}
     uint G1ConcRefinementThreads                  = 4                                         {product} {ergonomic}
   size_t G1HeapRegionSize                         = 1048576                                   {product} {ergonomic}
    uintx GCDrainStackTargetSize                   = 64                                        {product} {ergonomic}
   size_t InitialHeapSize                          = 134217728                                 {product} {ergonomic}
   size_t MarkStackSize                            = 4194304                                   {product} {ergonomic}
   size_t MaxHeapSize                              = 2147483648                                {product} {command line}
   size_t MaxNewSize                               = 1287651328                                {product} {ergonomic}
   size_t MinHeapDeltaBytes                        = 1048576                                   {product} {ergonomic}
    uintx NonNMethodCodeHeapSize                   = 5830732                                {pd product} {ergonomic}
    uintx NonProfiledCodeHeapSize                  = 122913754                              {pd product} {ergonomic}
    uintx ProfiledCodeHeapSize                     = 122913754                              {pd product} {ergonomic}
    uintx ReservedCodeCacheSize                    = 251658240                              {pd product} {ergonomic}
     bool SegmentedCodeCache                       = true                                      {product} {ergonomic}
     bool UseCompressedClassPointers               = true                                 {lp64_product} {ergonomic}
     bool UseCompressedOops                        = true                                 {lp64_product} {ergonomic}
     bool UseG1GC                                  = true                                      {product} {ergonomic}
     bool UseLargePagesIndividualAllocation        = false                                  {pd product} {ergonomic}

Logging:
Log output configuration:
 #0: stdout all=warning uptime,level,tags
 #1: stderr all=off uptime,level,tags

Environment Variables:
PATH=C:\Program Files\Common Files\Oracle\Java\javapath;C:\Program Files (x86)\Common Files\Oracle\Java\javapath;C:\Windows\system32;C:\Windows;C:\Windows\System32\Wbem;C:\Windows\System32\WindowsPowerShell\v1.0\;C:\Windows\System32\OpenSSH\;C:\Program Files (x86)\Intel\Intel(R) Management Engine Components\DAL;C:\Program Files\Intel\Intel(R) Management Engine Components\DAL;C:\Program Files\Git\cmd;C:\Users\Admin\AppData\Local\Microsoft\WindowsApps;C:\Users\Admin\AppData\Local\Programs\Microsoft VS Code\bin;C:\Users\Admin\AppData\Local\atom\bin;C:\Users\Admin\AppData\Local\GitHubDesktop\bin
USERNAME=Admin
OS=Windows_NT
PROCESSOR_IDENTIFIER=Intel64 Family 6 Model 78 Stepping 3, GenuineIntel



---------------  S Y S T E M  ---------------

OS: Windows 10 , 64 bit Build 22000 (10.0.22000.434)
OS uptime: 0 days 2:08 hours

CPU:total 4 (initial active 4) (2 cores per cpu, 2 threads per core) family 6 model 78 stepping 3 microcode 0xd6, cmov, cx8, fxsr, mmx, sse, sse2, sse3, ssse3, sse4.1, sse4.2, popcnt, avx, avx2, aes, clmul, erms, rtm, 3dnowpref, lzcnt, ht, tsc, tscinvbit, bmi1, bmi2, adx, fma

Memory: 4k page, system-wide physical 8072M (1268M free)
TotalPageFile size 8072M (AvailPageFile size 0M)
current process WorkingSet (physical memory assigned to process): 349M, peak: 355M
current process commit charge ("private bytes"): 379M, peak: 386M

vm_info: OpenJDK 64-Bit Server VM (11.0.12+7-b1504.28-7817840) for windows-amd64 JRE (11.0.12+7-b1504.28-7817840), built on Oct 13 2021 22:12:33 by "builder" with MS VC++ 14.0 (VS2015)

END.
