#
# There is insufficient memory for the Java Runtime Environment to continue.
# Native memory allocation (malloc) failed to allocate 1973936 bytes for Chunk::new
# Possible reasons:
#   The system is out of physical RAM or swap space
#   The process is running with CompressedOops enabled, and the Java Heap may be blocking the growth of the native heap
# Possible solutions:
#   Reduce memory load on the system
#   Increase physical memory or swap space
#   Check if swap backing store is full
#   Decrease Java heap size (-Xmx/-Xms)
#   Decrease number of Java threads
#   Decrease Java thread stack sizes (-Xss)
#   Set larger code cache with -XX:ReservedCodeCacheSize=
#   JVM is running with Unscaled Compressed Oops mode in which the Java heap is
#     placed in the first 4GB address space. The Java Heap base address is the
#     maximum limit for the native heap growth. Please use -XX:HeapBaseMinAddress
#     to set the Java Heap base and to place the Java Heap above 4GB virtual address.
# This output file may be truncated or incomplete.
#
#  Out of Memory Error (./src/hotspot/share/memory/arena.cpp:197), pid=1112, tid=968
#
# JRE version: OpenJDK Runtime Environment (11.0.12+7) (build 11.0.12+7-b1504.28-7817840)
# Java VM: OpenJDK 64-Bit Server VM (11.0.12+7-b1504.28-7817840, mixed mode, tiered, compressed oops, g1 gc, windows-amd64)
# No core dump will be written. Minidumps are not enabled by default on client versions of Windows
#

---------------  S U M M A R Y ------------

Command Line: --add-opens=java.base/java.util=ALL-UNNAMED --add-opens=java.base/java.lang=ALL-UNNAMED --add-opens=java.base/java.lang.invoke=ALL-UNNAMED --add-opens=java.base/java.util=ALL-UNNAMED --add-opens=java.prefs/java.util.prefs=ALL-UNNAMED --add-opens=java.prefs/java.util.prefs=ALL-UNNAMED --add-opens=java.base/java.nio.charset=ALL-UNNAMED --add-opens=java.base/java.net=ALL-UNNAMED --add-opens=java.base/java.util.concurrent.atomic=ALL-UNNAMED -Xmx2048m -Dfile.encoding=UTF-8 -Duser.country=US -Duser.language=en -Duser.variant org.gradle.launcher.daemon.bootstrap.GradleDaemon 7.3.3

Host: Intel(R) Core(TM) i7-6600U CPU @ 2.60GHz, 4 cores, 7G,  Windows 10 , 64 bit Build 22000 (10.0.22000.434)
Time: Sat Aug  6 11:26:54 2022 Egypt Standard Time elapsed time: 14.351777 seconds (0d 0h 0m 14s)

---------------  T H R E A D  ---------------

Current thread (0x0000025f7f505000):  JavaThread "C2 CompilerThread0" daemon [_thread_in_native, id=968, stack(0x000000e188900000,0x000000e188a00000)]


Current CompileTask:
C2:  14351 7104       4       sun.reflect.generics.parser.SignatureParser::parsePackageNameAndSimpleClassTypeSignature (119 bytes)

Stack: [0x000000e188900000,0x000000e188a00000]
Native frames: (J=compiled Java code, j=interpreted, Vv=VM code, C=native code)
V  [jvm.dll+0x5fbcea]
V  [jvm.dll+0x731905]
V  [jvm.dll+0x732f1d]
V  [jvm.dll+0x7335d3]
V  [jvm.dll+0x247bf8]
V  [jvm.dll+0xc018c]
V  [jvm.dll+0xc06cc]
V  [jvm.dll+0x35b31d]
V  [jvm.dll+0x328803]
V  [jvm.dll+0x327cfa]
V  [jvm.dll+0x200602]
V  [jvm.dll+0x1ff794]
V  [jvm.dll+0x18868c]
V  [jvm.dll+0x20e0d7]
V  [jvm.dll+0x20c901]
V  [jvm.dll+0x6f9b7f]
V  [jvm.dll+0x6f26a5]
V  [jvm.dll+0x5fabf6]
C  [ucrtbase.dll+0x26c0c]
C  [KERNEL32.DLL+0x154e0]
C  [ntdll.dll+0x485b]


---------------  P R O C E S S  ---------------

Threads class SMR info:
_java_thread_list=0x0000025f181a8b20, length=79, elements={
0x0000025f768d2800, 0x0000025f7f4df800, 0x0000025f7f4e2800, 0x0000025f11042800,
0x0000025f7f500000, 0x0000025f7f501000, 0x0000025f7f505000, 0x0000025f7f50c000,
0x0000025f7f517800, 0x0000025f1117f800, 0x0000025f12965800, 0x0000025f11228800,
0x0000025f12fc6800, 0x0000025f13c26800, 0x0000025f12f3b800, 0x0000025f12eb1800,
0x0000025f12a24000, 0x0000025f1392c000, 0x0000025f12e98000, 0x0000025f138e4000,
0x0000025f138e2800, 0x0000025f138e5000, 0x0000025f138e6000, 0x0000025f138e6800,
0x0000025f138e1000, 0x0000025f138e3800, 0x0000025f138e7800, 0x0000025f138e1800,
0x0000025f14df4000, 0x0000025f14df3000, 0x0000025f14df5800, 0x0000025f14df5000,
0x0000025f14df0800, 0x0000025f14df7000, 0x0000025f14df8000, 0x0000025f14df2800,
0x0000025f14dfc000, 0x0000025f14dfe800, 0x0000025f14dfd000, 0x0000025f14dfd800,
0x0000025f14dfb800, 0x0000025f14df9000, 0x0000025f14dff800, 0x0000025f14df9800,
0x0000025f14dfa800, 0x0000025f149ad000, 0x0000025f149a7000, 0x0000025f149ab800,
0x0000025f149ac000, 0x0000025f149a8000, 0x0000025f149ae800, 0x0000025f149a9800,
0x0000025f149ae000, 0x0000025f149a9000, 0x0000025f149af800, 0x0000025f149b0000,
0x0000025f149aa800, 0x0000025f149b2000, 0x0000025f149b5000, 0x0000025f149b2800,
0x0000025f149b1000, 0x0000025f149b3800, 0x0000025f149b4800, 0x0000025f149b6000,
0x0000025f1670a800, 0x0000025f16707000, 0x0000025f16706800, 0x0000025f16708000,
0x0000025f1670b000, 0x0000025f1670c000, 0x0000025f1670d000, 0x0000025f1670d800,
0x0000025f1670e800, 0x0000025f16708800, 0x0000025f1670f800, 0x0000025f16709800,
0x0000025f16714000, 0x0000025f18ae7800, 0x0000025f16715000
}

Java Threads: ( => current thread )
  0x0000025f768d2800 JavaThread "main" [_thread_blocked, id=1612, stack(0x000000e187d00000,0x000000e187e00000)]
  0x0000025f7f4df800 JavaThread "Reference Handler" daemon [_thread_blocked, id=10868, stack(0x000000e188400000,0x000000e188500000)]
  0x0000025f7f4e2800 JavaThread "Finalizer" daemon [_thread_blocked, id=11480, stack(0x000000e188500000,0x000000e188600000)]
  0x0000025f11042800 JavaThread "Signal Dispatcher" daemon [_thread_blocked, id=1084, stack(0x000000e188600000,0x000000e188700000)]
  0x0000025f7f500000 JavaThread "Attach Listener" daemon [_thread_blocked, id=5296, stack(0x000000e188700000,0x000000e188800000)]
  0x0000025f7f501000 JavaThread "Service Thread" daemon [_thread_blocked, id=11988, stack(0x000000e188800000,0x000000e188900000)]
=>0x0000025f7f505000 JavaThread "C2 CompilerThread0" daemon [_thread_in_native, id=968, stack(0x000000e188900000,0x000000e188a00000)]
  0x0000025f7f50c000 JavaThread "C1 CompilerThread0" daemon [_thread_blocked, id=12100, stack(0x000000e188a00000,0x000000e188b00000)]
  0x0000025f7f517800 JavaThread "Sweeper thread" daemon [_thread_blocked, id=12256, stack(0x000000e188b00000,0x000000e188c00000)]
  0x0000025f1117f800 JavaThread "Common-Cleaner" daemon [_thread_blocked, id=8880, stack(0x000000e188c00000,0x000000e188d00000)]
  0x0000025f12965800 JavaThread "Daemon health stats" [_thread_blocked, id=11408, stack(0x000000e189100000,0x000000e189200000)]
  0x0000025f11228800 JavaThread "Incoming local TCP Connector on port 58342" [_thread_in_native, id=9968, stack(0x000000e188e00000,0x000000e188f00000)]
  0x0000025f12fc6800 JavaThread "Daemon" [_thread_blocked, id=11508, stack(0x000000e189200000,0x000000e189300000)]
  0x0000025f13c26800 JavaThread "Daemon periodic checks" [_thread_blocked, id=10424, stack(0x000000e189300000,0x000000e189400000)]
  0x0000025f12f3b800 JavaThread "Handler for socket connection from /127.0.0.1:58342 to /127.0.0.1:58343" [_thread_in_native, id=832, stack(0x000000e189400000,0x000000e189500000)]
  0x0000025f12eb1800 JavaThread "Cancel handler" [_thread_blocked, id=3364, stack(0x000000e189500000,0x000000e189600000)]
  0x0000025f12a24000 JavaThread "Daemon worker" [_thread_in_vm, id=6516, stack(0x000000e189600000,0x000000e189700000)]
  0x0000025f1392c000 JavaThread "Asynchronous log dispatcher for DefaultDaemonConnection: socket connection from /127.0.0.1:58342 to /127.0.0.1:58343" [_thread_blocked, id=3740, stack(0x000000e189800000,0x000000e189900000)]
  0x0000025f12e98000 JavaThread "Stdin handler" [_thread_blocked, id=10008, stack(0x000000e189900000,0x000000e189a00000)]
  0x0000025f138e4000 JavaThread "Daemon client event forwarder" [_thread_blocked, id=10004, stack(0x000000e189a00000,0x000000e189b00000)]
  0x0000025f138e2800 JavaThread "Cache worker for journal cache (C:\Users\Admin\.gradle\caches\journal-1)" [_thread_blocked, id=7380, stack(0x000000e189c00000,0x000000e189d00000)]
  0x0000025f138e5000 JavaThread "File lock request listener" [_thread_in_native, id=8524, stack(0x000000e189d00000,0x000000e189e00000)]
  0x0000025f138e6000 JavaThread "Cache worker for file hash cache (C:\Users\Admin\.gradle\caches\7.3.3\fileHashes)" [_thread_blocked, id=2988, stack(0x000000e189e00000,0x000000e189f00000)]
  0x0000025f138e6800 JavaThread "Cache worker for file hash cache (C:\Users\Admin\Desktop\jana\MyApplication2\.gradle\7.3.3\fileHashes)" [_thread_blocked, id=10832, stack(0x000000e189700000,0x000000e189800000)]
  0x0000025f138e1000 JavaThread "File watcher server" daemon [_thread_in_native, id=9552, stack(0x000000e18a000000,0x000000e18a100000)]
  0x0000025f138e3800 JavaThread "File watcher consumer" daemon [_thread_blocked, id=136, stack(0x000000e18a100000,0x000000e18a200000)]
  0x0000025f138e7800 JavaThread "Cache worker for checksums cache (C:\Users\Admin\Desktop\jana\MyApplication2\.gradle\7.3.3\checksums)" [_thread_blocked, id=11900, stack(0x000000e18a200000,0x000000e18a300000)]
  0x0000025f138e1800 JavaThread "Cache worker for cache directory md-supplier (C:\Users\Admin\.gradle\caches\7.3.3\md-supplier)" [_thread_blocked, id=4516, stack(0x000000e18a300000,0x000000e18a400000)]
  0x0000025f14df4000 JavaThread "Cache worker for cache directory md-rule (C:\Users\Admin\.gradle\caches\7.3.3\md-rule)" [_thread_blocked, id=8172, stack(0x000000e18a400000,0x000000e18a500000)]
  0x0000025f14df3000 JavaThread "Cache worker for execution history cache (C:\Users\Admin\.gradle\caches\7.3.3\executionHistory)" [_thread_blocked, id=10484, stack(0x000000e18a500000,0x000000e18a600000)]
  0x0000025f14df5800 JavaThread "jar transforms" [_thread_blocked, id=2512, stack(0x000000e18a600000,0x000000e18a700000)]
  0x0000025f14df5000 JavaThread "Cache worker for file content cache (C:\Users\Admin\.gradle\caches\7.3.3\fileContent)" [_thread_blocked, id=2844, stack(0x000000e18a700000,0x000000e18a800000)]
  0x0000025f14df0800 JavaThread "jar transforms Thread 2" [_thread_blocked, id=6212, stack(0x000000e18a800000,0x000000e18a900000)]
  0x0000025f14df7000 JavaThread "Cache worker for dependencies-accessors (C:\Users\Admin\Desktop\jana\MyApplication2\.gradle\7.3.3\dependencies-accessors)" [_thread_blocked, id=12036, stack(0x000000e18a900000,0x000000e18aa00000)]
  0x0000025f14df8000 JavaThread "jar transforms Thread 3" [_thread_blocked, id=12032, stack(0x000000e18aa00000,0x000000e18ab00000)]
  0x0000025f14df2800 JavaThread "Cache worker for Build Output Cleanup Cache (C:\Users\Admin\Desktop\jana\MyApplication2\.gradle\buildOutputCleanup)" [_thread_blocked, id=9984, stack(0x000000e18ab00000,0x000000e18ac00000)]
  0x0000025f14dfc000 JavaThread "Unconstrained build operations" [_thread_blocked, id=1644, stack(0x000000e18ac00000,0x000000e18ad00000)]
  0x0000025f14dfe800 JavaThread "Unconstrained build operations Thread 2" [_thread_blocked, id=12248, stack(0x000000e18ad00000,0x000000e18ae00000)]
  0x0000025f14dfd000 JavaThread "Unconstrained build operations Thread 3" [_thread_blocked, id=10448, stack(0x000000e18ae00000,0x000000e18af00000)]
  0x0000025f14dfd800 JavaThread "Unconstrained build operations Thread 4" [_thread_blocked, id=11816, stack(0x000000e18af00000,0x000000e18b000000)]
  0x0000025f14dfb800 JavaThread "Unconstrained build operations Thread 5" [_thread_blocked, id=10984, stack(0x000000e18b000000,0x000000e18b100000)]
  0x0000025f14df9000 JavaThread "Unconstrained build operations Thread 6" [_thread_blocked, id=2652, stack(0x000000e18b100000,0x000000e18b200000)]
  0x0000025f14dff800 JavaThread "Unconstrained build operations Thread 7" [_thread_blocked, id=3672, stack(0x000000e18b200000,0x000000e18b300000)]
  0x0000025f14df9800 JavaThread "Unconstrained build operations Thread 8" [_thread_blocked, id=9572, stack(0x000000e18b300000,0x000000e18b400000)]
  0x0000025f14dfa800 JavaThread "Unconstrained build operations Thread 9" [_thread_blocked, id=5340, stack(0x000000e18b400000,0x000000e18b500000)]
  0x0000025f149ad000 JavaThread "Unconstrained build operations Thread 10" [_thread_blocked, id=5852, stack(0x000000e18b500000,0x000000e18b600000)]
  0x0000025f149a7000 JavaThread "Unconstrained build operations Thread 11" [_thread_blocked, id=8260, stack(0x000000e18b600000,0x000000e18b700000)]
  0x0000025f149ab800 JavaThread "Unconstrained build operations Thread 12" [_thread_blocked, id=2828, stack(0x000000e18b700000,0x000000e18b800000)]
  0x0000025f149ac000 JavaThread "Unconstrained build operations Thread 13" [_thread_blocked, id=7520, stack(0x000000e18b800000,0x000000e18b900000)]
  0x0000025f149a8000 JavaThread "Unconstrained build operations Thread 14" [_thread_blocked, id=10784, stack(0x000000e18b900000,0x000000e18ba00000)]
  0x0000025f149ae800 JavaThread "Unconstrained build operations Thread 15" [_thread_blocked, id=10252, stack(0x000000e18ba00000,0x000000e18bb00000)]
  0x0000025f149a9800 JavaThread "Unconstrained build operations Thread 16" [_thread_blocked, id=10556, stack(0x000000e18bb00000,0x000000e18bc00000)]
  0x0000025f149ae000 JavaThread "Unconstrained build operations Thread 17" [_thread_blocked, id=3612, stack(0x000000e18bc00000,0x000000e18bd00000)]
  0x0000025f149a9000 JavaThread "Unconstrained build operations Thread 18" [_thread_blocked, id=3372, stack(0x000000e18bd00000,0x000000e18be00000)]
  0x0000025f149af800 JavaThread "Unconstrained build operations Thread 19" [_thread_blocked, id=6856, stack(0x000000e18be00000,0x000000e18bf00000)]
  0x0000025f149b0000 JavaThread "Unconstrained build operations Thread 20" [_thread_blocked, id=11724, stack(0x000000e18bf00000,0x000000e18c000000)]
  0x0000025f149aa800 JavaThread "Unconstrained build operations Thread 21" [_thread_blocked, id=12112, stack(0x000000e18c000000,0x000000e18c100000)]
  0x0000025f149b2000 JavaThread "Unconstrained build operations Thread 22" [_thread_blocked, id=2056, stack(0x000000e18c100000,0x000000e18c200000)]
  0x0000025f149b5000 JavaThread "Unconstrained build operations Thread 23" [_thread_blocked, id=9644, stack(0x000000e18c200000,0x000000e18c300000)]
  0x0000025f149b2800 JavaThread "Unconstrained build operations Thread 24" [_thread_blocked, id=6752, stack(0x000000e18c300000,0x000000e18c400000)]
  0x0000025f149b1000 JavaThread "Unconstrained build operations Thread 25" [_thread_blocked, id=10912, stack(0x000000e18c400000,0x000000e18c500000)]
  0x0000025f149b3800 JavaThread "Unconstrained build operations Thread 26" [_thread_blocked, id=2452, stack(0x000000e18c500000,0x000000e18c600000)]
  0x0000025f149b4800 JavaThread "Unconstrained build operations Thread 27" [_thread_blocked, id=4612, stack(0x000000e18c600000,0x000000e18c700000)]
  0x0000025f149b6000 JavaThread "Unconstrained build operations Thread 28" [_thread_blocked, id=9412, stack(0x000000e18c700000,0x000000e18c800000)]
  0x0000025f1670a800 JavaThread "Unconstrained build operations Thread 29" [_thread_blocked, id=9668, stack(0x000000e18c800000,0x000000e18c900000)]
  0x0000025f16707000 JavaThread "Unconstrained build operations Thread 30" [_thread_blocked, id=9760, stack(0x000000e18c900000,0x000000e18ca00000)]
  0x0000025f16706800 JavaThread "Unconstrained build operations Thread 31" [_thread_blocked, id=8512, stack(0x000000e18ca00000,0x000000e18cb00000)]
  0x0000025f16708000 JavaThread "Unconstrained build operations Thread 32" [_thread_blocked, id=9288, stack(0x000000e18cb00000,0x000000e18cc00000)]
  0x0000025f1670b000 JavaThread "Unconstrained build operations Thread 33" [_thread_blocked, id=9924, stack(0x000000e18cc00000,0x000000e18cd00000)]
  0x0000025f1670c000 JavaThread "Unconstrained build operations Thread 34" [_thread_blocked, id=10884, stack(0x000000e18cd00000,0x000000e18ce00000)]
  0x0000025f1670d000 JavaThread "Unconstrained build operations Thread 35" [_thread_blocked, id=11720, stack(0x000000e18ce00000,0x000000e18cf00000)]
  0x0000025f1670d800 JavaThread "Unconstrained build operations Thread 36" [_thread_blocked, id=4680, stack(0x000000e18cf00000,0x000000e18d000000)]
  0x0000025f1670e800 JavaThread "Unconstrained build operations Thread 37" [_thread_blocked, id=1208, stack(0x000000e18d000000,0x000000e18d100000)]
  0x0000025f16708800 JavaThread "Unconstrained build operations Thread 38" [_thread_blocked, id=11780, stack(0x000000e18d100000,0x000000e18d200000)]
  0x0000025f1670f800 JavaThread "Unconstrained build operations Thread 39" [_thread_blocked, id=12056, stack(0x000000e18d200000,0x000000e18d300000)]
  0x0000025f16709800 JavaThread "Unconstrained build operations Thread 40" [_thread_blocked, id=4068, stack(0x000000e18d300000,0x000000e18d400000)]
  0x0000025f16714000 JavaThread "jar transforms Thread 4" [_thread_blocked, id=9520, stack(0x000000e18d400000,0x000000e18d500000)]
  0x0000025f18ae7800 JavaThread "C2 CompilerThread1" daemon [_thread_in_native, id=4180, stack(0x000000e189f00000,0x000000e18a000000)]
  0x0000025f16715000 JavaThread "Memory manager" [_thread_blocked, id=3880, stack(0x000000e18d500000,0x000000e18d600000)]

Other Threads:
  0x0000025f7f4d9800 VMThread "VM Thread" [stack: 0x000000e188300000,0x000000e188400000] [id=9352]
  0x0000025f11186800 WatcherThread [stack: 0x000000e188d00000,0x000000e188e00000] [id=2636]
  0x0000025f746cc800 GCTaskThread "GC Thread#0" [stack: 0x000000e187e00000,0x000000e187f00000] [id=11352]
  0x0000025f114d1000 GCTaskThread "GC Thread#1" [stack: 0x000000e188f00000,0x000000e189000000] [id=2120]
  0x0000025f1195e800 GCTaskThread "GC Thread#2" [stack: 0x000000e189000000,0x000000e189100000] [id=9384]
  0x0000025f132fe000 GCTaskThread "GC Thread#3" [stack: 0x000000e189b00000,0x000000e189c00000] [id=6968]
  0x0000025f76918800 ConcurrentGCThread "G1 Main Marker" [stack: 0x000000e187f00000,0x000000e188000000] [id=9308]
  0x0000025f76919800 ConcurrentGCThread "G1 Conc#0" [stack: 0x000000e188000000,0x000000e188100000] [id=5008]
  0x0000025f769aa000 ConcurrentGCThread "G1 Refine#0" [stack: 0x000000e188100000,0x000000e188200000] [id=7112]
  0x0000025f769ab000 ConcurrentGCThread "G1 Young RemSet Sampling" [stack: 0x000000e188200000,0x000000e188300000] [id=9808]

Threads with active compile tasks:
C2 CompilerThread0  14379 7104       4       sun.reflect.generics.parser.SignatureParser::parsePackageNameAndSimpleClassTypeSignature (119 bytes)
C2 CompilerThread1  14379 7007 %     4       org.gradle.internal.instantiation.generator.AbstractClassGenerator::inspectType @ 107 (560 bytes)

VM state:not at safepoint (normal execution)

VM Mutex/Monitor currently owned by a thread: None

Heap address: 0x0000000080000000, size: 2048 MB, Compressed Oops mode: 32-bit
Narrow klass base: 0x0000000000000000, Narrow klass shift: 3
Compressed class space size: 1073741824 Address: 0x0000000100000000

Heap:
 garbage-first heap   total 194560K, used 75885K [0x0000000080000000, 0x0000000100000000)
  region size 1024K, 26 young (26624K), 6 survivors (6144K)
 Metaspace       used 74089K, capacity 75835K, committed 76032K, reserved 1116160K
  class space    used 9614K, capacity 10233K, committed 10240K, reserved 1048576K
Heap Regions: E=young(eden), S=young(survivor), O=old, HS=humongous(starts), HC=humongous(continues), CS=collection set, F=free, A=archive, TAMS=top-at-mark-start (previous, next)
|   0|0x0000000080000000, 0x0000000080100000, 0x0000000080100000|100%| O|  |TAMS 0x0000000080100000, 0x0000000080000000| Untracked 
|   1|0x0000000080100000, 0x0000000080200000, 0x0000000080200000|100%| O|  |TAMS 0x0000000080200000, 0x0000000080100000| Untracked 
|   2|0x0000000080200000, 0x0000000080300000, 0x0000000080300000|100%| O|  |TAMS 0x0000000080300000, 0x0000000080200000| Untracked 
|   3|0x0000000080300000, 0x0000000080400000, 0x0000000080400000|100%|HS|  |TAMS 0x0000000080400000, 0x0000000080300000| Complete 
|   4|0x0000000080400000, 0x0000000080500000, 0x0000000080500000|100%|HC|  |TAMS 0x0000000080500000, 0x0000000080400000| Complete 
|   5|0x0000000080500000, 0x0000000080600000, 0x0000000080600000|100%|HC|  |TAMS 0x0000000080600000, 0x0000000080500000| Complete 
|   6|0x0000000080600000, 0x0000000080700000, 0x0000000080700000|100%| O|  |TAMS 0x0000000080700000, 0x0000000080600000| Untracked 
|   7|0x0000000080700000, 0x0000000080800000, 0x0000000080800000|100%| O|  |TAMS 0x0000000080800000, 0x0000000080700000| Untracked 
|   8|0x0000000080800000, 0x0000000080900000, 0x0000000080900000|100%| O|  |TAMS 0x0000000080900000, 0x0000000080800000| Untracked 
|   9|0x0000000080900000, 0x0000000080a00000, 0x0000000080a00000|100%| O|  |TAMS 0x0000000080a00000, 0x0000000080900000| Untracked 
|  10|0x0000000080a00000, 0x0000000080b00000, 0x0000000080b00000|100%| O|  |TAMS 0x0000000080b00000, 0x0000000080a00000| Untracked 
|  11|0x0000000080b00000, 0x0000000080c00000, 0x0000000080c00000|100%| O|  |TAMS 0x0000000080c00000, 0x0000000080b00000| Untracked 
|  12|0x0000000080c00000, 0x0000000080d00000, 0x0000000080d00000|100%| O|  |TAMS 0x0000000080d00000, 0x0000000080c00000| Untracked 
|  13|0x0000000080d00000, 0x0000000080e00000, 0x0000000080e00000|100%| O|  |TAMS 0x0000000080e00000, 0x0000000080d00000| Untracked 
|  14|0x0000000080e00000, 0x0000000080f00000, 0x0000000080f00000|100%| O|  |TAMS 0x0000000080f00000, 0x0000000080e00000| Untracked 
|  15|0x0000000080f00000, 0x0000000081000000, 0x0000000081000000|100%| O|  |TAMS 0x0000000081000000, 0x0000000080f00000| Untracked 
|  16|0x0000000081000000, 0x0000000081100000, 0x0000000081100000|100%| O|  |TAMS 0x0000000081100000, 0x0000000081000000| Untracked 
|  17|0x0000000081100000, 0x0000000081200000, 0x0000000081200000|100%|HS|  |TAMS 0x0000000081200000, 0x0000000081100000| Complete 
|  18|0x0000000081200000, 0x0000000081300000, 0x0000000081300000|100%| O|  |TAMS 0x0000000081300000, 0x0000000081200000| Untracked 
|  19|0x0000000081300000, 0x0000000081400000, 0x0000000081400000|100%| O|  |TAMS 0x0000000081400000, 0x0000000081300000| Untracked 
|  20|0x0000000081400000, 0x0000000081500000, 0x0000000081500000|100%| O|  |TAMS 0x0000000081500000, 0x0000000081400000| Untracked 
|  21|0x0000000081500000, 0x0000000081600000, 0x0000000081600000|100%| O|  |TAMS 0x0000000081600000, 0x0000000081500000| Untracked 
|  22|0x0000000081600000, 0x0000000081700000, 0x0000000081700000|100%| O|  |TAMS 0x0000000081700000, 0x0000000081600000| Untracked 
|  23|0x0000000081700000, 0x0000000081800000, 0x0000000081800000|100%| O|  |TAMS 0x0000000081800000, 0x0000000081700000| Untracked 
|  24|0x0000000081800000, 0x0000000081900000, 0x0000000081900000|100%| O|  |TAMS 0x0000000081900000, 0x0000000081800000| Untracked 
|  25|0x0000000081900000, 0x0000000081a00000, 0x0000000081a00000|100%| O|  |TAMS 0x0000000081a00000, 0x0000000081900000| Untracked 
|  26|0x0000000081a00000, 0x0000000081b00000, 0x0000000081b00000|100%| O|  |TAMS 0x0000000081b00000, 0x0000000081a00000| Untracked 
|  27|0x0000000081b00000, 0x0000000081c00000, 0x0000000081c00000|100%| O|  |TAMS 0x0000000081c00000, 0x0000000081b00000| Untracked 
|  28|0x0000000081c00000, 0x0000000081d00000, 0x0000000081d00000|100%|HS|  |TAMS 0x0000000081d00000, 0x0000000081c00000| Complete 
|  29|0x0000000081d00000, 0x0000000081e00000, 0x0000000081e00000|100%|HS|  |TAMS 0x0000000081e00000, 0x0000000081d00000| Complete 
|  30|0x0000000081e00000, 0x0000000081f00000, 0x0000000081f00000|100%|HC|  |TAMS 0x0000000081f00000, 0x0000000081e00000| Complete 
|  31|0x0000000081f00000, 0x0000000082000000, 0x0000000082000000|100%| O|  |TAMS 0x0000000082000000, 0x0000000081f00000| Untracked 
|  32|0x0000000082000000, 0x0000000082100000, 0x0000000082100000|100%| O|  |TAMS 0x0000000082100000, 0x0000000082000000| Untracked 
|  33|0x0000000082100000, 0x0000000082200000, 0x0000000082200000|100%| O|  |TAMS 0x0000000082200000, 0x0000000082100000| Untracked 
|  34|0x0000000082200000, 0x0000000082300000, 0x0000000082300000|100%| O|  |TAMS 0x0000000082300000, 0x0000000082200000| Untracked 
|  35|0x0000000082300000, 0x0000000082400000, 0x0000000082400000|100%| O|  |TAMS 0x0000000082400000, 0x0000000082300000| Untracked 
|  36|0x0000000082400000, 0x0000000082500000, 0x0000000082500000|100%| O|  |TAMS 0x0000000082500000, 0x0000000082400000| Untracked 
|  37|0x0000000082500000, 0x0000000082600000, 0x0000000082600000|100%| O|  |TAMS 0x0000000082600000, 0x0000000082500000| Untracked 
|  38|0x0000000082600000, 0x0000000082700000, 0x0000000082700000|100%| O|  |TAMS 0x0000000082700000, 0x0000000082600000| Untracked 
|  39|0x0000000082700000, 0x0000000082800000, 0x0000000082800000|100%| O|  |TAMS 0x0000000082800000, 0x0000000082700000| Untracked 
|  40|0x0000000082800000, 0x0000000082900000, 0x0000000082900000|100%| O|  |TAMS 0x0000000082900000, 0x0000000082800000| Untracked 
|  41|0x0000000082900000, 0x0000000082a00000, 0x0000000082a00000|100%| O|  |TAMS 0x0000000082a00000, 0x0000000082900000| Untracked 
|  42|0x0000000082a00000, 0x0000000082b00000, 0x0000000082b00000|100%| O|  |TAMS 0x0000000082adea00, 0x0000000082a00000| Untracked 
|  43|0x0000000082b00000, 0x0000000082c00000, 0x0000000082c00000|100%| O|  |TAMS 0x0000000082b00000, 0x0000000082b00000| Untracked 
|  44|0x0000000082c00000, 0x0000000082d00000, 0x0000000082d00000|100%| O|  |TAMS 0x0000000082c00000, 0x0000000082c00000| Untracked 
|  45|0x0000000082d00000, 0x0000000082e00000, 0x0000000082e00000|100%| O|  |TAMS 0x0000000082d00000, 0x0000000082d00000| Untracked 
|  46|0x0000000082e00000, 0x0000000082f00000, 0x0000000082f00000|100%| O|  |TAMS 0x0000000082e00000, 0x0000000082e00000| Untracked 
|  47|0x0000000082f00000, 0x0000000083000000, 0x0000000083000000|100%| O|  |TAMS 0x0000000082f00000, 0x0000000082f00000| Untracked 
|  48|0x0000000083000000, 0x0000000083100000, 0x0000000083100000|100%| O|  |TAMS 0x0000000083000000, 0x0000000083000000| Untracked 
|  49|0x0000000083100000, 0x000000008314ea00, 0x0000000083200000| 30%| O|  |TAMS 0x0000000083100000, 0x0000000083100000| Untracked 
|  50|0x0000000083200000, 0x0000000083200000, 0x0000000083300000|  0%| F|  |TAMS 0x0000000083200000, 0x0000000083200000| Untracked 
|  51|0x0000000083300000, 0x0000000083300000, 0x0000000083400000|  0%| F|  |TAMS 0x0000000083300000, 0x0000000083300000| Untracked 
|  52|0x0000000083400000, 0x0000000083400000, 0x0000000083500000|  0%| F|  |TAMS 0x0000000083400000, 0x0000000083400000| Untracked 
|  53|0x0000000083500000, 0x0000000083500000, 0x0000000083600000|  0%| F|  |TAMS 0x0000000083500000, 0x0000000083500000| Untracked 
|  54|0x0000000083600000, 0x0000000083600000, 0x0000000083700000|  0%| F|  |TAMS 0x0000000083600000, 0x0000000083600000| Untracked 
|  55|0x0000000083700000, 0x0000000083700000, 0x0000000083800000|  0%| F|  |TAMS 0x0000000083700000, 0x0000000083700000| Untracked 
|  56|0x0000000083800000, 0x0000000083800000, 0x0000000083900000|  0%| F|  |TAMS 0x0000000083800000, 0x0000000083800000| Untracked 
|  57|0x0000000083900000, 0x0000000083900000, 0x0000000083a00000|  0%| F|  |TAMS 0x0000000083900000, 0x0000000083900000| Untracked 
|  58|0x0000000083a00000, 0x0000000083a00000, 0x0000000083b00000|  0%| F|  |TAMS 0x0000000083a00000, 0x0000000083a00000| Untracked 
|  59|0x0000000083b00000, 0x0000000083b00000, 0x0000000083c00000|  0%| F|  |TAMS 0x0000000083b00000, 0x0000000083b00000| Untracked 
|  60|0x0000000083c00000, 0x0000000083c00000, 0x0000000083d00000|  0%| F|  |TAMS 0x0000000083c00000, 0x0000000083c00000| Untracked 
|  61|0x0000000083d00000, 0x0000000083d00000, 0x0000000083e00000|  0%| F|  |TAMS 0x0000000083d00000, 0x0000000083d00000| Untracked 
|  62|0x0000000083e00000, 0x0000000083e00000, 0x0000000083f00000|  0%| F|  |TAMS 0x0000000083e00000, 0x0000000083e00000| Untracked 
|  63|0x0000000083f00000, 0x0000000083f00000, 0x0000000084000000|  0%| F|  |TAMS 0x0000000083f00000, 0x0000000083f00000| Untracked 
|  64|0x0000000084000000, 0x0000000084000000, 0x0000000084100000|  0%| F|  |TAMS 0x0000000084000000, 0x0000000084000000| Untracked 
|  65|0x0000000084100000, 0x0000000084100000, 0x0000000084200000|  0%| F|  |TAMS 0x0000000084100000, 0x0000000084100000| Untracked 
|  66|0x0000000084200000, 0x0000000084200000, 0x0000000084300000|  0%| F|  |TAMS 0x0000000084200000, 0x0000000084200000| Untracked 
|  67|0x0000000084300000, 0x0000000084300000, 0x0000000084400000|  0%| F|  |TAMS 0x0000000084300000, 0x0000000084300000| Untracked 
|  68|0x0000000084400000, 0x0000000084400000, 0x0000000084500000|  0%| F|  |TAMS 0x0000000084400000, 0x0000000084400000| Untracked 
|  69|0x0000000084500000, 0x0000000084500000, 0x0000000084600000|  0%| F|  |TAMS 0x0000000084500000, 0x0000000084500000| Untracked 
|  70|0x0000000084600000, 0x0000000084600000, 0x0000000084700000|  0%| F|  |TAMS 0x0000000084600000, 0x0000000084600000| Untracked 
|  71|0x0000000084700000, 0x0000000084700000, 0x0000000084800000|  0%| F|  |TAMS 0x0000000084700000, 0x0000000084700000| Untracked 
|  72|0x0000000084800000, 0x0000000084800000, 0x0000000084900000|  0%| F|  |TAMS 0x0000000084800000, 0x0000000084800000| Untracked 
|  73|0x0000000084900000, 0x0000000084900000, 0x0000000084a00000|  0%| F|  |TAMS 0x0000000084900000, 0x0000000084900000| Untracked 
|  74|0x0000000084a00000, 0x0000000084a00000, 0x0000000084b00000|  0%| F|  |TAMS 0x0000000084a00000, 0x0000000084a00000| Untracked 
|  75|0x0000000084b00000, 0x0000000084b00000, 0x0000000084c00000|  0%| F|  |TAMS 0x0000000084b00000, 0x0000000084b00000| Untracked 
|  76|0x0000000084c00000, 0x0000000084c00000, 0x0000000084d00000|  0%| F|  |TAMS 0x0000000084c00000, 0x0000000084c00000| Untracked 
|  77|0x0000000084d00000, 0x0000000084d00000, 0x0000000084e00000|  0%| F|  |TAMS 0x0000000084d00000, 0x0000000084d00000| Untracked 
|  78|0x0000000084e00000, 0x0000000084e00000, 0x0000000084f00000|  0%| F|  |TAMS 0x0000000084e00000, 0x0000000084e00000| Untracked 
|  79|0x0000000084f00000, 0x0000000084f00000, 0x0000000085000000|  0%| F|  |TAMS 0x0000000084f00000, 0x0000000084f00000| Untracked 
|  80|0x0000000085000000, 0x0000000085000000, 0x0000000085100000|  0%| F|  |TAMS 0x0000000085000000, 0x0000000085000000| Untracked 
|  81|0x0000000085100000, 0x0000000085100000, 0x0000000085200000|  0%| F|  |TAMS 0x0000000085100000, 0x0000000085100000| Untracked 
|  82|0x0000000085200000, 0x0000000085200000, 0x0000000085300000|  0%| F|  |TAMS 0x0000000085200000, 0x0000000085200000| Untracked 
|  83|0x0000000085300000, 0x0000000085300000, 0x0000000085400000|  0%| F|  |TAMS 0x0000000085300000, 0x0000000085300000| Untracked 
|  84|0x0000000085400000, 0x0000000085400000, 0x0000000085500000|  0%| F|  |TAMS 0x0000000085400000, 0x0000000085400000| Untracked 
|  85|0x0000000085500000, 0x0000000085500000, 0x0000000085600000|  0%| F|  |TAMS 0x0000000085500000, 0x0000000085500000| Untracked 
|  86|0x0000000085600000, 0x0000000085600000, 0x0000000085700000|  0%| F|  |TAMS 0x0000000085600000, 0x0000000085600000| Untracked 
|  87|0x0000000085700000, 0x0000000085700000, 0x0000000085800000|  0%| F|  |TAMS 0x0000000085700000, 0x0000000085700000| Untracked 
|  88|0x0000000085800000, 0x0000000085800000, 0x0000000085900000|  0%| F|  |TAMS 0x0000000085800000, 0x0000000085800000| Untracked 
|  89|0x0000000085900000, 0x0000000085900000, 0x0000000085a00000|  0%| F|  |TAMS 0x0000000085900000, 0x0000000085900000| Untracked 
|  90|0x0000000085a00000, 0x0000000085a00000, 0x0000000085b00000|  0%| F|  |TAMS 0x0000000085a00000, 0x0000000085a00000| Untracked 
|  91|0x0000000085b00000, 0x0000000085b00000, 0x0000000085c00000|  0%| F|  |TAMS 0x0000000085b00000, 0x0000000085b00000| Untracked 
|  92|0x0000000085c00000, 0x0000000085c00000, 0x0000000085d00000|  0%| F|  |TAMS 0x0000000085c00000, 0x0000000085c00000| Untracked 
|  93|0x0000000085d00000, 0x0000000085d00000, 0x0000000085e00000|  0%| F|  |TAMS 0x0000000085d00000, 0x0000000085d00000| Untracked 
|  94|0x0000000085e00000, 0x0000000085e00000, 0x0000000085f00000|  0%| F|  |TAMS 0x0000000085e00000, 0x0000000085e00000| Untracked 
|  95|0x0000000085f00000, 0x0000000085f00000, 0x0000000086000000|  0%| F|  |TAMS 0x0000000085f00000, 0x0000000085f00000| Untracked 
|  96|0x0000000086000000, 0x00000000860cccd8, 0x0000000086100000| 80%| S|CS|TAMS 0x0000000086000000, 0x0000000086000000| Complete 
|  97|0x0000000086100000, 0x0000000086200000, 0x0000000086200000|100%| S|CS|TAMS 0x0000000086100000, 0x0000000086100000| Complete 
|  98|0x0000000086200000, 0x0000000086300000, 0x0000000086300000|100%| S|CS|TAMS 0x0000000086200000, 0x0000000086200000| Complete 
|  99|0x0000000086300000, 0x0000000086400000, 0x0000000086400000|100%| S|CS|TAMS 0x0000000086300000, 0x0000000086300000| Complete 
| 100|0x0000000086400000, 0x0000000086500000, 0x0000000086500000|100%| S|CS|TAMS 0x0000000086400000, 0x0000000086400000| Complete 
| 101|0x0000000086500000, 0x0000000086600000, 0x0000000086600000|100%| S|CS|TAMS 0x0000000086500000, 0x0000000086500000| Complete 
| 102|0x0000000086600000, 0x0000000086600000, 0x0000000086700000|  0%| F|  |TAMS 0x0000000086600000, 0x0000000086600000| Untracked 
| 103|0x0000000086700000, 0x0000000086700000, 0x0000000086800000|  0%| F|  |TAMS 0x0000000086700000, 0x0000000086700000| Untracked 
| 104|0x0000000086800000, 0x0000000086800000, 0x0000000086900000|  0%| F|  |TAMS 0x0000000086800000, 0x0000000086800000| Untracked 
| 105|0x0000000086900000, 0x0000000086900000, 0x0000000086a00000|  0%| F|  |TAMS 0x0000000086900000, 0x0000000086900000| Untracked 
| 106|0x0000000086a00000, 0x0000000086a00000, 0x0000000086b00000|  0%| F|  |TAMS 0x0000000086a00000, 0x0000000086a00000| Untracked 
| 107|0x0000000086b00000, 0x0000000086b00000, 0x0000000086c00000|  0%| F|  |TAMS 0x0000000086b00000, 0x0000000086b00000| Untracked 
| 108|0x0000000086c00000, 0x0000000086c00000, 0x0000000086d00000|  0%| F|  |TAMS 0x0000000086c00000, 0x0000000086c00000| Untracked 
| 109|0x0000000086d00000, 0x0000000086d00000, 0x0000000086e00000|  0%| F|  |TAMS 0x0000000086d00000, 0x0000000086d00000| Untracked 
| 110|0x0000000086e00000, 0x0000000086e00000, 0x0000000086f00000|  0%| F|  |TAMS 0x0000000086e00000, 0x0000000086e00000| Untracked 
| 111|0x0000000086f00000, 0x0000000086f00000, 0x0000000087000000|  0%| F|  |TAMS 0x0000000086f00000, 0x0000000086f00000| Untracked 
| 112|0x0000000087000000, 0x0000000087000000, 0x0000000087100000|  0%| F|  |TAMS 0x0000000087000000, 0x0000000087000000| Untracked 
| 113|0x0000000087100000, 0x0000000087100000, 0x0000000087200000|  0%| F|  |TAMS 0x0000000087100000, 0x0000000087100000| Untracked 
| 114|0x0000000087200000, 0x0000000087200000, 0x0000000087300000|  0%| F|  |TAMS 0x0000000087200000, 0x0000000087200000| Untracked 
| 115|0x0000000087300000, 0x0000000087300000, 0x0000000087400000|  0%| F|  |TAMS 0x0000000087300000, 0x0000000087300000| Untracked 
| 116|0x0000000087400000, 0x0000000087400000, 0x0000000087500000|  0%| F|  |TAMS 0x0000000087400000, 0x0000000087400000| Untracked 
| 117|0x0000000087500000, 0x0000000087500000, 0x0000000087600000|  0%| F|  |TAMS 0x0000000087500000, 0x0000000087500000| Untracked 
| 118|0x0000000087600000, 0x0000000087600000, 0x0000000087700000|  0%| F|  |TAMS 0x0000000087600000, 0x0000000087600000| Untracked 
| 119|0x0000000087700000, 0x0000000087700000, 0x0000000087800000|  0%| F|  |TAMS 0x0000000087700000, 0x0000000087700000| Untracked 
| 120|0x0000000087800000, 0x0000000087800000, 0x0000000087900000|  0%| F|  |TAMS 0x0000000087800000, 0x0000000087800000| Untracked 
| 121|0x0000000087900000, 0x0000000087900000, 0x0000000087a00000|  0%| F|  |TAMS 0x0000000087900000, 0x0000000087900000| Untracked 
| 122|0x0000000087a00000, 0x0000000087a00000, 0x0000000087b00000|  0%| F|  |TAMS 0x0000000087a00000, 0x0000000087a00000| Untracked 
| 123|0x0000000087b00000, 0x0000000087b00000, 0x0000000087c00000|  0%| F|  |TAMS 0x0000000087b00000, 0x0000000087b00000| Untracked 
| 124|0x0000000087c00000, 0x0000000087c00000, 0x0000000087d00000|  0%| F|  |TAMS 0x0000000087c00000, 0x0000000087c00000| Untracked 
| 125|0x0000000087d00000, 0x0000000087d00000, 0x0000000087e00000|  0%| F|  |TAMS 0x0000000087d00000, 0x0000000087d00000| Untracked 
| 126|0x0000000087e00000, 0x0000000087e00000, 0x0000000087f00000|  0%| F|  |TAMS 0x0000000087e00000, 0x0000000087e00000| Untracked 
| 127|0x0000000087f00000, 0x0000000087f00000, 0x0000000088000000|  0%| F|  |TAMS 0x0000000087f00000, 0x0000000087f00000| Untracked 
| 128|0x0000000088000000, 0x0000000088000000, 0x0000000088100000|  0%| F|  |TAMS 0x0000000088000000, 0x0000000088000000| Untracked 
| 129|0x0000000088100000, 0x0000000088100000, 0x0000000088200000|  0%| F|  |TAMS 0x0000000088100000, 0x0000000088100000| Untracked 
| 130|0x0000000088200000, 0x0000000088200000, 0x0000000088300000|  0%| F|  |TAMS 0x0000000088200000, 0x0000000088200000| Untracked 
| 131|0x0000000088300000, 0x0000000088300000, 0x0000000088400000|  0%| F|  |TAMS 0x0000000088300000, 0x0000000088300000| Untracked 
| 132|0x0000000088400000, 0x0000000088400000, 0x0000000088500000|  0%| F|  |TAMS 0x0000000088400000, 0x0000000088400000| Untracked 
| 133|0x0000000088500000, 0x0000000088500000, 0x0000000088600000|  0%| F|  |TAMS 0x0000000088500000, 0x0000000088500000| Untracked 
| 134|0x0000000088600000, 0x0000000088600000, 0x0000000088700000|  0%| F|  |TAMS 0x0000000088600000, 0x0000000088600000| Untracked 
| 135|0x0000000088700000, 0x0000000088700000, 0x0000000088800000|  0%| F|  |TAMS 0x0000000088700000, 0x0000000088700000| Untracked 
| 136|0x0000000088800000, 0x0000000088800000, 0x0000000088900000|  0%| F|  |TAMS 0x0000000088800000, 0x0000000088800000| Untracked 
| 137|0x0000000088900000, 0x0000000088900000, 0x0000000088a00000|  0%| F|  |TAMS 0x0000000088900000, 0x0000000088900000| Untracked 
| 138|0x0000000088a00000, 0x0000000088a00000, 0x0000000088b00000|  0%| F|  |TAMS 0x0000000088a00000, 0x0000000088a00000| Untracked 
| 139|0x0000000088b00000, 0x0000000088b00000, 0x0000000088c00000|  0%| F|  |TAMS 0x0000000088b00000, 0x0000000088b00000| Untracked 
| 140|0x0000000088c00000, 0x0000000088c00000, 0x0000000088d00000|  0%| F|  |TAMS 0x0000000088c00000, 0x0000000088c00000| Untracked 
| 141|0x0000000088d00000, 0x0000000088d00000, 0x0000000088e00000|  0%| F|  |TAMS 0x0000000088d00000, 0x0000000088d00000| Untracked 
| 142|0x0000000088e00000, 0x0000000088e00000, 0x0000000088f00000|  0%| F|  |TAMS 0x0000000088e00000, 0x0000000088e00000| Untracked 
| 143|0x0000000088f00000, 0x0000000088f00000, 0x0000000089000000|  0%| F|  |TAMS 0x0000000088f00000, 0x0000000088f00000| Untracked 
| 144|0x0000000089000000, 0x0000000089000000, 0x0000000089100000|  0%| F|  |TAMS 0x0000000089000000, 0x0000000089000000| Untracked 
| 145|0x0000000089100000, 0x0000000089100000, 0x0000000089200000|  0%| F|  |TAMS 0x0000000089100000, 0x0000000089100000| Untracked 
| 146|0x0000000089200000, 0x0000000089200000, 0x0000000089300000|  0%| F|  |TAMS 0x0000000089200000, 0x0000000089200000| Untracked 
| 147|0x0000000089300000, 0x0000000089300000, 0x0000000089400000|  0%| F|  |TAMS 0x0000000089300000, 0x0000000089300000| Untracked 
| 148|0x0000000089400000, 0x0000000089400000, 0x0000000089500000|  0%| F|  |TAMS 0x0000000089400000, 0x0000000089400000| Untracked 
| 149|0x0000000089500000, 0x0000000089500000, 0x0000000089600000|  0%| F|  |TAMS 0x0000000089500000, 0x0000000089500000| Untracked 
| 150|0x0000000089600000, 0x0000000089600000, 0x0000000089700000|  0%| F|  |TAMS 0x0000000089600000, 0x0000000089600000| Untracked 
| 151|0x0000000089700000, 0x0000000089700000, 0x0000000089800000|  0%| F|  |TAMS 0x0000000089700000, 0x0000000089700000| Untracked 
| 152|0x0000000089800000, 0x0000000089800000, 0x0000000089900000|  0%| F|  |TAMS 0x0000000089800000, 0x0000000089800000| Untracked 
| 153|0x0000000089900000, 0x0000000089900000, 0x0000000089a00000|  0%| F|  |TAMS 0x0000000089900000, 0x0000000089900000| Untracked 
| 154|0x0000000089a00000, 0x0000000089a00000, 0x0000000089b00000|  0%| F|  |TAMS 0x0000000089a00000, 0x0000000089a00000| Untracked 
| 155|0x0000000089b00000, 0x0000000089b00000, 0x0000000089c00000|  0%| F|  |TAMS 0x0000000089b00000, 0x0000000089b00000| Untracked 
| 156|0x0000000089c00000, 0x0000000089c00000, 0x0000000089d00000|  0%| F|  |TAMS 0x0000000089c00000, 0x0000000089c00000| Untracked 
| 157|0x0000000089d00000, 0x0000000089d00000, 0x0000000089e00000|  0%| F|  |TAMS 0x0000000089d00000, 0x0000000089d00000| Untracked 
| 158|0x0000000089e00000, 0x0000000089e00000, 0x0000000089f00000|  0%| F|  |TAMS 0x0000000089e00000, 0x0000000089e00000| Untracked 
| 159|0x0000000089f00000, 0x0000000089f00000, 0x000000008a000000|  0%| F|  |TAMS 0x0000000089f00000, 0x0000000089f00000| Untracked 
| 160|0x000000008a000000, 0x000000008a000000, 0x000000008a100000|  0%| F|  |TAMS 0x000000008a000000, 0x000000008a000000| Untracked 
| 161|0x000000008a100000, 0x000000008a100000, 0x000000008a200000|  0%| F|  |TAMS 0x000000008a100000, 0x000000008a100000| Untracked 
| 162|0x000000008a200000, 0x000000008a200000, 0x000000008a300000|  0%| F|  |TAMS 0x000000008a200000, 0x000000008a200000| Untracked 
| 163|0x000000008a300000, 0x000000008a300000, 0x000000008a400000|  0%| F|  |TAMS 0x000000008a300000, 0x000000008a300000| Untracked 
| 164|0x000000008a400000, 0x000000008a400000, 0x000000008a500000|  0%| F|  |TAMS 0x000000008a400000, 0x000000008a400000| Untracked 
| 165|0x000000008a500000, 0x000000008a500000, 0x000000008a600000|  0%| F|  |TAMS 0x000000008a500000, 0x000000008a500000| Untracked 
| 166|0x000000008a600000, 0x000000008a600000, 0x000000008a700000|  0%| F|  |TAMS 0x000000008a600000, 0x000000008a600000| Untracked 
| 167|0x000000008a700000, 0x000000008a700000, 0x000000008a800000|  0%| F|  |TAMS 0x000000008a700000, 0x000000008a700000| Untracked 
| 168|0x000000008a800000, 0x000000008a800000, 0x000000008a900000|  0%| F|  |TAMS 0x000000008a800000, 0x000000008a800000| Untracked 
| 169|0x000000008a900000, 0x000000008a900000, 0x000000008aa00000|  0%| F|  |TAMS 0x000000008a900000, 0x000000008a900000| Untracked 
| 170|0x000000008aa00000, 0x000000008ab00000, 0x000000008ab00000|100%| E|  |TAMS 0x000000008aa00000, 0x000000008aa00000| Complete 
| 171|0x000000008ab00000, 0x000000008ac00000, 0x000000008ac00000|100%| E|CS|TAMS 0x000000008ab00000, 0x000000008ab00000| Complete 
| 172|0x000000008ac00000, 0x000000008ad00000, 0x000000008ad00000|100%| E|CS|TAMS 0x000000008ac00000, 0x000000008ac00000| Complete 
| 173|0x000000008ad00000, 0x000000008ae00000, 0x000000008ae00000|100%| E|CS|TAMS 0x000000008ad00000, 0x000000008ad00000| Complete 
| 174|0x000000008ae00000, 0x000000008af00000, 0x000000008af00000|100%| E|CS|TAMS 0x000000008ae00000, 0x000000008ae00000| Complete 
| 175|0x000000008af00000, 0x000000008b000000, 0x000000008b000000|100%| E|CS|TAMS 0x000000008af00000, 0x000000008af00000| Complete 
| 176|0x000000008b000000, 0x000000008b100000, 0x000000008b100000|100%| E|CS|TAMS 0x000000008b000000, 0x000000008b000000| Complete 
| 177|0x000000008b100000, 0x000000008b200000, 0x000000008b200000|100%| E|CS|TAMS 0x000000008b100000, 0x000000008b100000| Complete 
| 178|0x000000008b200000, 0x000000008b300000, 0x000000008b300000|100%| E|CS|TAMS 0x000000008b200000, 0x000000008b200000| Complete 
| 179|0x000000008b300000, 0x000000008b400000, 0x000000008b400000|100%| E|CS|TAMS 0x000000008b300000, 0x000000008b300000| Complete 
| 180|0x000000008b400000, 0x000000008b500000, 0x000000008b500000|100%| E|CS|TAMS 0x000000008b400000, 0x000000008b400000| Complete 
| 181|0x000000008b500000, 0x000000008b600000, 0x000000008b600000|100%| E|CS|TAMS 0x000000008b500000, 0x000000008b500000| Complete 
| 182|0x000000008b600000, 0x000000008b700000, 0x000000008b700000|100%| E|CS|TAMS 0x000000008b600000, 0x000000008b600000| Complete 
| 183|0x000000008b700000, 0x000000008b800000, 0x000000008b800000|100%| E|CS|TAMS 0x000000008b700000, 0x000000008b700000| Complete 
| 184|0x000000008b800000, 0x000000008b900000, 0x000000008b900000|100%| E|CS|TAMS 0x000000008b800000, 0x000000008b800000| Complete 
| 185|0x000000008b900000, 0x000000008ba00000, 0x000000008ba00000|100%| E|CS|TAMS 0x000000008b900000, 0x000000008b900000| Complete 
| 186|0x000000008ba00000, 0x000000008bb00000, 0x000000008bb00000|100%| E|CS|TAMS 0x000000008ba00000, 0x000000008ba00000| Complete 
| 187|0x000000008bb00000, 0x000000008bc00000, 0x000000008bc00000|100%| E|CS|TAMS 0x000000008bb00000, 0x000000008bb00000| Complete 
| 188|0x000000008bc00000, 0x000000008bd00000, 0x000000008bd00000|100%| E|CS|TAMS 0x000000008bc00000, 0x000000008bc00000| Complete 
| 189|0x000000008bd00000, 0x000000008be00000, 0x000000008be00000|100%| E|CS|TAMS 0x000000008bd00000, 0x000000008bd00000| Complete 

Card table byte_map: [0x0000025f7a7e0000,0x0000025f7abe0000] _byte_map_base: 0x0000025f7a3e0000

Marking Bits (Prev, Next): (CMBitMap*) 0x0000025f7690fd30, (CMBitMap*) 0x0000025f7690fcf8
 Prev Bits: [0x0000025f7cfe0000, 0x0000025f7efe0000)
 Next Bits: [0x0000025f7afe0000, 0x0000025f7cfe0000)

Polling page: 0x0000025f74840000

Metaspace:

Usage:
  Non-class:     64.07 MB capacity,    62.97 MB ( 98%) used,   937.94 KB (  1%) free+waste,   184.31 KB ( <1%) overhead. 
      Class:      9.99 MB capacity,     9.39 MB ( 94%) used,   533.29 KB (  5%) free+waste,    85.63 KB ( <1%) overhead. 
       Both:     74.06 MB capacity,    72.36 MB ( 98%) used,     1.44 MB (  2%) free+waste,   269.94 KB ( <1%) overhead. 

Virtual space:
  Non-class space:       66.00 MB reserved,      64.25 MB ( 97%) committed 
      Class space:        1.00 GB reserved,      10.00 MB ( <1%) committed 
             Both:        1.06 GB reserved,      74.25 MB (  7%) committed 

Chunk freelists:
   Non-Class:  60.00 KB
       Class:  6.00 KB
        Both:  66.00 KB

MaxMetaspaceSize: 17179869184.00 GB
CompressedClassSpaceSize: 1.00 GB
Initial GC threshold: 20.80 MB
Current GC threshold: 97.92 MB
CDS: off

CodeHeap 'non-profiled nmethods': size=120064Kb used=4529Kb max_used=4529Kb free=115534Kb
 bounds [0x0000025f07ac0000, 0x0000025f07f30000, 0x0000025f0f000000]
CodeHeap 'profiled nmethods': size=120000Kb used=15572Kb max_used=15572Kb free=104427Kb
 bounds [0x0000025f00590000, 0x0000025f014d0000, 0x0000025f07ac0000]
CodeHeap 'non-nmethods': size=5696Kb used=2357Kb max_used=2407Kb free=3338Kb
 bounds [0x0000025f00000000, 0x0000025f00270000, 0x0000025f00590000]
 total_blobs=8064 nmethods=7199 adapters=777
 compilation: enabled
              stopped_count=0, restarted_count=0
 full_count=0

Compilation events (20 events):
Event: 14.311 Thread 0x0000025f7f50c000 7215       3       org.gradle.internal.instantiation.generator.AbstractClassGenerator$PropertyMetadata::getGenericType (34 bytes)
Event: 14.312 Thread 0x0000025f7f50c000 nmethod 7215 0x0000025f014b9c10 code [0x0000025f014b9e80, 0x0000025f014ba9c8]
Event: 14.312 Thread 0x0000025f7f50c000 7216       1       com.android.build.api.component.impl.ComponentImpl::getTaskContainer (5 bytes)
Event: 14.313 Thread 0x0000025f7f50c000 nmethod 7216 0x0000025f07f2b710 code [0x0000025f07f2b8c0, 0x0000025f07f2b978]
Event: 14.313 Thread 0x0000025f7f50c000 7217       3       org.apache.commons.io.FilenameUtils::failIfNullBytePresent (37 bytes)
Event: 14.314 Thread 0x0000025f7f50c000 nmethod 7217 0x0000025f014bad10 code [0x0000025f014baf60, 0x0000025f014bb7e8]
Event: 14.314 Thread 0x0000025f7f50c000 7218       1       org.gradle.internal.ImmutableActionSet$SetWithManyActions::isEmpty (2 bytes)
Event: 14.314 Thread 0x0000025f7f50c000 nmethod 7218 0x0000025f07f2ba10 code [0x0000025f07f2bbc0, 0x0000025f07f2bc78]
Event: 14.315 Thread 0x0000025f7f50c000 7219       3       org.gradle.util.internal.CollectionUtils::collectArray (49 bytes)
Event: 14.316 Thread 0x0000025f7f50c000 nmethod 7219 0x0000025f014bbc10 code [0x0000025f014bbe00, 0x0000025f014bc228]
Event: 14.335 Thread 0x0000025f7f50c000 7220       3       org.apache.commons.io.FilenameUtils::doNormalize (534 bytes)
Event: 14.337 Thread 0x0000025f7f50c000 nmethod 7220 0x0000025f014bc410 code [0x0000025f014bc780, 0x0000025f014bdf88]
Event: 14.338 Thread 0x0000025f7f50c000 7221       3       org.gradle.internal.instantiation.generator.AbstractClassGenerator$DslMixInPropertyType::addSetMethods (180 bytes)
Event: 14.340 Thread 0x0000025f7f50c000 nmethod 7221 0x0000025f014be810 code [0x0000025f014beb80, 0x0000025f014c0348]
Event: 14.341 Thread 0x0000025f7f50c000 7222       3       org.gradle.internal.instantiation.generator.AsmBackedClassGenerator$ClassBuilderImpl::addPropertySetterOverloads (132 bytes)
Event: 14.342 Thread 0x0000025f7f50c000 nmethod 7222 0x0000025f014c0a90 code [0x0000025f014c0de0, 0x0000025f014c1e58]
Event: 14.344 Thread 0x0000025f7f50c000 7223       1       org.gradle.api.internal.provider.ValueSupplier$Present::get (5 bytes)
Event: 14.344 Thread 0x0000025f7f50c000 nmethod 7223 0x0000025f07f2bd10 code [0x0000025f07f2bec0, 0x0000025f07f2bf78]
Event: 14.346 Thread 0x0000025f7f50c000 7224       3       jdk.internal.reflect.ClassFileAssembler::opc_athrow (12 bytes)
Event: 14.346 Thread 0x0000025f7f50c000 nmethod 7224 0x0000025f014c2490 code [0x0000025f014c2660, 0x0000025f014c2908]

GC Heap History (20 events):
Event: 3.581 GC heap before
{Heap before GC invocations=4 (full 0):
 garbage-first heap   total 131072K, used 40808K [0x0000000080000000, 0x0000000100000000)
  region size 1024K, 32 young (32768K), 7 survivors (7168K)
 Metaspace       used 20723K, capacity 21135K, committed 21248K, reserved 1067008K
  class space    used 2541K, capacity 2710K, committed 2816K, reserved 1048576K
}
Event: 3.591 GC heap after
{Heap after GC invocations=5 (full 0):
 garbage-first heap   total 131072K, used 17512K [0x0000000080000000, 0x0000000100000000)
  region size 1024K, 1 young (1024K), 1 survivors (1024K)
 Metaspace       used 20723K, capacity 21135K, committed 21248K, reserved 1067008K
  class space    used 2541K, capacity 2710K, committed 2816K, reserved 1048576K
}
Event: 4.248 GC heap before
{Heap before GC invocations=6 (full 0):
 garbage-first heap   total 131072K, used 67688K [0x0000000080000000, 0x0000000100000000)
  region size 1024K, 50 young (51200K), 1 survivors (1024K)
 Metaspace       used 25914K, capacity 26451K, committed 26624K, reserved 1073152K
  class space    used 3346K, capacity 3551K, committed 3584K, reserved 1048576K
}
Event: 4.253 GC heap after
{Heap after GC invocations=7 (full 0):
 garbage-first heap   total 131072K, used 19256K [0x0000000080000000, 0x0000000100000000)
  region size 1024K, 3 young (3072K), 3 survivors (3072K)
 Metaspace       used 25914K, capacity 26451K, committed 26624K, reserved 1073152K
  class space    used 3346K, capacity 3551K, committed 3584K, reserved 1048576K
}
Event: 5.170 GC heap before
{Heap before GC invocations=7 (full 0):
 garbage-first heap   total 131072K, used 73528K [0x0000000080000000, 0x0000000100000000)
  region size 1024K, 56 young (57344K), 3 survivors (3072K)
 Metaspace       used 31440K, capacity 32167K, committed 32384K, reserved 1077248K
  class space    used 4197K, capacity 4441K, committed 4480K, reserved 1048576K
}
Event: 5.176 GC heap after
{Heap after GC invocations=8 (full 0):
 garbage-first heap   total 131072K, used 20809K [0x0000000080000000, 0x0000000100000000)
  region size 1024K, 5 young (5120K), 5 survivors (5120K)
 Metaspace       used 31440K, capacity 32167K, committed 32384K, reserved 1077248K
  class space    used 4197K, capacity 4441K, committed 4480K, reserved 1048576K
}
Event: 5.523 GC heap before
{Heap before GC invocations=8 (full 0):
 garbage-first heap   total 131072K, used 30025K [0x0000000080000000, 0x0000000100000000)
  region size 1024K, 15 young (15360K), 5 survivors (5120K)
 Metaspace       used 34964K, capacity 35723K, committed 35840K, reserved 1081344K
  class space    used 4530K, capacity 4839K, committed 4864K, reserved 1048576K
}
Event: 5.539 GC heap after
{Heap after GC invocations=9 (full 0):
 garbage-first heap   total 161792K, used 22674K [0x0000000080000000, 0x0000000100000000)
  region size 1024K, 6 young (6144K), 6 survivors (6144K)
 Metaspace       used 34964K, capacity 35723K, committed 35840K, reserved 1081344K
  class space    used 4530K, capacity 4839K, committed 4864K, reserved 1048576K
}
Event: 6.928 GC heap before
{Heap before GC invocations=10 (full 0):
 garbage-first heap   total 161792K, used 95378K [0x0000000080000000, 0x0000000100000000)
  region size 1024K, 75 young (76800K), 6 survivors (6144K)
 Metaspace       used 40718K, capacity 41666K, committed 41984K, reserved 1085440K
  class space    used 5185K, capacity 5514K, committed 5632K, reserved 1048576K
}
Event: 6.941 GC heap after
{Heap after GC invocations=11 (full 0):
 garbage-first heap   total 161792K, used 28810K [0x0000000080000000, 0x0000000100000000)
  region size 1024K, 10 young (10240K), 10 survivors (10240K)
 Metaspace       used 40718K, capacity 41666K, committed 41984K, reserved 1085440K
  class space    used 5185K, capacity 5514K, committed 5632K, reserved 1048576K
}
Event: 8.110 GC heap before
{Heap before GC invocations=11 (full 0):
 garbage-first heap   total 161792K, used 108682K [0x0000000080000000, 0x0000000100000000)
  region size 1024K, 87 young (89088K), 10 survivors (10240K)
 Metaspace       used 47375K, capacity 48524K, committed 48768K, reserved 1091584K
  class space    used 6106K, capacity 6516K, committed 6528K, reserved 1048576K
}
Event: 8.126 GC heap after
{Heap after GC invocations=12 (full 0):
 garbage-first heap   total 161792K, used 30646K [0x0000000080000000, 0x0000000100000000)
  region size 1024K, 3 young (3072K), 3 survivors (3072K)
 Metaspace       used 47375K, capacity 48524K, committed 48768K, reserved 1091584K
  class space    used 6106K, capacity 6516K, committed 6528K, reserved 1048576K
}
Event: 10.218 GC heap before
{Heap before GC invocations=12 (full 0):
 garbage-first heap   total 161792K, used 122806K [0x0000000080000000, 0x0000000100000000)
  region size 1024K, 90 young (92160K), 3 survivors (3072K)
 Metaspace       used 54451K, capacity 55796K, committed 55936K, reserved 1097728K
  class space    used 6968K, capacity 7492K, committed 7552K, reserved 1048576K
}
Event: 10.230 GC heap after
{Heap after GC invocations=13 (full 0):
 garbage-first heap   total 161792K, used 43958K [0x0000000080000000, 0x0000000100000000)
  region size 1024K, 12 young (12288K), 12 survivors (12288K)
 Metaspace       used 54451K, capacity 55796K, committed 55936K, reserved 1097728K
  class space    used 6968K, capacity 7492K, committed 7552K, reserved 1048576K
}
Event: 10.812 GC heap before
{Heap before GC invocations=13 (full 0):
 garbage-first heap   total 161792K, used 67510K [0x0000000080000000, 0x0000000100000000)
  region size 1024K, 36 young (36864K), 12 survivors (12288K)
 Metaspace       used 58417K, capacity 59785K, committed 59904K, reserved 1101824K
  class space    used 7365K, capacity 7877K, committed 7936K, reserved 1048576K
}
Event: 10.835 GC heap after
{Heap after GC invocations=14 (full 0):
 garbage-first heap   total 194560K, used 45946K [0x0000000080000000, 0x0000000100000000)
  region size 1024K, 2 young (2048K), 2 survivors (2048K)
 Metaspace       used 58417K, capacity 59785K, committed 59904K, reserved 1101824K
  class space    used 7365K, capacity 7877K, committed 7936K, reserved 1048576K
}
Event: 12.670 GC heap before
{Heap before GC invocations=15 (full 0):
 garbage-first heap   total 194560K, used 126842K [0x0000000080000000, 0x0000000100000000)
  region size 1024K, 81 young (82944K), 2 survivors (2048K)
 Metaspace       used 66368K, capacity 67894K, committed 68224K, reserved 1107968K
  class space    used 8390K, capacity 8967K, committed 9088K, reserved 1048576K
}
Event: 12.680 GC heap after
{Heap after GC invocations=16 (full 0):
 garbage-first heap   total 194560K, used 50688K [0x0000000080000000, 0x0000000100000000)
  region size 1024K, 7 young (7168K), 7 survivors (7168K)
 Metaspace       used 66368K, capacity 67894K, committed 68224K, reserved 1107968K
  class space    used 8390K, capacity 8967K, committed 9088K, reserved 1048576K
}
Event: 14.017 GC heap before
{Heap before GC invocations=16 (full 0):
 garbage-first heap   total 194560K, used 133632K [0x0000000080000000, 0x0000000100000000)
  region size 1024K, 88 young (90112K), 7 survivors (7168K)
 Metaspace       used 72543K, capacity 74129K, committed 74368K, reserved 1114112K
  class space    used 9379K, capacity 9992K, committed 10112K, reserved 1048576K
}
Event: 14.037 GC heap after
{Heap after GC invocations=17 (full 0):
 garbage-first heap   total 194560K, used 56429K [0x0000000080000000, 0x0000000100000000)
  region size 1024K, 6 young (6144K), 6 survivors (6144K)
 Metaspace       used 72543K, capacity 74129K, committed 74368K, reserved 1114112K
  class space    used 9379K, capacity 9992K, committed 10112K, reserved 1048576K
}

Deoptimization events (20 events):
Event: 14.168 Thread 0x0000025f12a24000 DEOPT PACKING pc=0x0000025f07e9d588 sp=0x000000e1896fb180
Event: 14.168 Thread 0x0000025f12a24000 DEOPT UNPACKING pc=0x0000025f0004a1af sp=0x000000e1896fb130 mode 2
Event: 14.216 Thread 0x0000025f12a24000 DEOPT PACKING pc=0x0000025f01262b27 sp=0x000000e1896f9690
Event: 14.216 Thread 0x0000025f12a24000 DEOPT UNPACKING pc=0x0000025f0004a95e sp=0x000000e1896f8b40 mode 0
Event: 14.230 Thread 0x0000025f12a24000 Uncommon trap: trap_request=0xffffff4d fr.pc=0x0000025f07b39be4 relative=0x0000000000000984
Event: 14.230 Thread 0x0000025f12a24000 Uncommon trap: reason=unstable_if action=reinterpret pc=0x0000025f07b39be4 method=java.util.HashMap.resize()[Ljava/util/HashMap$Node; @ 203 c2
Event: 14.230 Thread 0x0000025f12a24000 DEOPT PACKING pc=0x0000025f07b39be4 sp=0x000000e1896f9400
Event: 14.230 Thread 0x0000025f12a24000 DEOPT UNPACKING pc=0x0000025f0004a1af sp=0x000000e1896f93a0 mode 2
Event: 14.230 Thread 0x0000025f12a24000 Uncommon trap: trap_request=0xffffff4d fr.pc=0x0000025f07e2c728 relative=0x0000000000002448
Event: 14.230 Thread 0x0000025f12a24000 Uncommon trap: reason=unstable_if action=reinterpret pc=0x0000025f07e2c728 method=java.util.HashMap.getNode(ILjava/lang/Object;)Ljava/util/HashMap$Node; @ 84 c2
Event: 14.230 Thread 0x0000025f12a24000 DEOPT PACKING pc=0x0000025f07e2c728 sp=0x000000e1896f94a0
Event: 14.230 Thread 0x0000025f12a24000 DEOPT UNPACKING pc=0x0000025f0004a1af sp=0x000000e1896f9388 mode 2
Event: 14.230 Thread 0x0000025f12a24000 Uncommon trap: trap_request=0xffffff4d fr.pc=0x0000025f07eac114 relative=0x00000000000002d4
Event: 14.230 Thread 0x0000025f12a24000 Uncommon trap: reason=unstable_if action=reinterpret pc=0x0000025f07eac114 method=java.util.HashMap.getNode(ILjava/lang/Object;)Ljava/util/HashMap$Node; @ 84 c2
Event: 14.230 Thread 0x0000025f12a24000 DEOPT PACKING pc=0x0000025f07eac114 sp=0x000000e1896f9450
Event: 14.230 Thread 0x0000025f12a24000 DEOPT UNPACKING pc=0x0000025f0004a1af sp=0x000000e1896f9370 mode 2
Event: 14.230 Thread 0x0000025f12a24000 Uncommon trap: trap_request=0xffffff4d fr.pc=0x0000025f07d84674 relative=0x00000000000001b4
Event: 14.230 Thread 0x0000025f12a24000 Uncommon trap: reason=unstable_if action=reinterpret pc=0x0000025f07d84674 method=java.util.HashMap.getNode(ILjava/lang/Object;)Ljava/util/HashMap$Node; @ 84 c2
Event: 14.230 Thread 0x0000025f12a24000 DEOPT PACKING pc=0x0000025f07d84674 sp=0x000000e1896f93f0
Event: 14.230 Thread 0x0000025f12a24000 DEOPT UNPACKING pc=0x0000025f0004a1af sp=0x000000e1896f9378 mode 2

Classes redefined (0 events):
No events

Internal exceptions (20 events):
Event: 12.925 Thread 0x0000025f12a24000 Exception <a 'java/lang/ClassNotFoundException'{0x000000008a2b4410}: build_4i6mhfnw3imh78p2sjr7g8qjk$_run_closure1Customizer> (0x000000008a2b4410) thrown at [./src/hotspot/share/classfile/systemDictionary.cpp, line 231]
Event: 12.931 Thread 0x0000025f12a24000 Exception <a 'java/lang/ClassNotFoundException'{0x000000008a1137b8}: org/gradle/api/JavaVersionBeanInfo> (0x000000008a1137b8) thrown at [./src/hotspot/share/classfile/systemDictionary.cpp, line 231]
Event: 12.932 Thread 0x0000025f12a24000 Exception <a 'java/lang/ClassNotFoundException'{0x000000008a13e5a0}: org/gradle/api/JavaVersionCustomizer> (0x000000008a13e5a0) thrown at [./src/hotspot/share/classfile/systemDictionary.cpp, line 231]
Event: 12.935 Thread 0x0000025f12a24000 Exception <a 'java/lang/ClassNotFoundException'{0x000000008a1a61d8}: com/android/build/gradle/internal/CompileOptions$AgpDecorated_DecoratedBeanInfo> (0x000000008a1a61d8) thrown at [./src/hotspot/share/classfile/systemDictionary.cpp, line 231]
Event: 12.936 Thread 0x0000025f12a24000 Exception <a 'java/lang/ClassNotFoundException'{0x000000008a1c1bd8}: com/android/build/gradle/internal/CompileOptions$AgpDecoratedBeanInfo> (0x000000008a1c1bd8) thrown at [./src/hotspot/share/classfile/systemDictionary.cpp, line 231]
Event: 12.936 Thread 0x0000025f12a24000 Exception <a 'java/lang/ClassNotFoundException'{0x000000008a1db788}: com/android/build/gradle/internal/CompileOptionsBeanInfo> (0x000000008a1db788) thrown at [./src/hotspot/share/classfile/systemDictionary.cpp, line 231]
Event: 12.937 Thread 0x0000025f12a24000 Exception <a 'java/lang/ClassNotFoundException'{0x000000008a1f5928}: com/android/build/gradle/internal/CompileOptionsCustomizer> (0x000000008a1f5928) thrown at [./src/hotspot/share/classfile/systemDictionary.cpp, line 231]
Event: 12.937 Thread 0x0000025f12a24000 Exception <a 'java/lang/ClassNotFoundException'{0x000000008a01d488}: com/android/build/gradle/internal/CompileOptions$AgpDecoratedCustomizer> (0x000000008a01d488) thrown at [./src/hotspot/share/classfile/systemDictionary.cpp, line 231]
Event: 12.939 Thread 0x0000025f12a24000 Exception <a 'java/lang/ClassNotFoundException'{0x000000008a0480a8}: com/android/build/gradle/internal/CompileOptions$AgpDecorated_DecoratedCustomizer> (0x000000008a0480a8) thrown at [./src/hotspot/share/classfile/systemDictionary.cpp, line 231]
Event: 12.945 Thread 0x0000025f12a24000 Exception <a 'java/lang/ClassNotFoundException'{0x0000000089f080a0}: org/gradle/api/internal/artifacts/dsl/dependencies/DefaultDependencyHandler_DecoratedBeanInfo> (0x0000000089f080a0) thrown at [./src/hotspot/share/classfile/systemDictionary.cpp, line 231]
Event: 12.946 Thread 0x0000025f12a24000 Exception <a 'java/lang/ClassNotFoundException'{0x0000000089f51168}: org/gradle/api/internal/artifacts/dsl/dependencies/DefaultDependencyHandlerBeanInfo> (0x0000000089f51168) thrown at [./src/hotspot/share/classfile/systemDictionary.cpp, line 231]
Event: 12.947 Thread 0x0000025f12a24000 Exception <a 'java/lang/ClassNotFoundException'{0x0000000089f99ed0}: org/gradle/api/internal/artifacts/dsl/dependencies/DefaultDependencyHandlerCustomizer> (0x0000000089f99ed0) thrown at [./src/hotspot/share/classfile/systemDictionary.cpp, line 231]
Event: 12.949 Thread 0x0000025f12a24000 Exception <a 'java/lang/ClassNotFoundException'{0x0000000089e0a1b8}: org/gradle/api/internal/artifacts/dsl/dependencies/DefaultDependencyHandler_DecoratedCustomizer> (0x0000000089e0a1b8) thrown at [./src/hotspot/share/classfile/systemDictionary.cpp, line 231]
Event: 13.967 Thread 0x0000025f12a24000 Exception <a 'java/lang/ClassNotFoundException'{0x00000000870cb8a8}: com/android/build/gradle/internal/api/ApkVariantOutputImpl_DecoratedBeanInfo> (0x00000000870cb8a8) thrown at [./src/hotspot/share/classfile/systemDictionary.cpp, line 231]
Event: 13.968 Thread 0x0000025f12a24000 Exception <a 'java/lang/ClassNotFoundException'{0x00000000870e60d8}: com/android/build/gradle/internal/api/ApkVariantOutputImplBeanInfo> (0x00000000870e60d8) thrown at [./src/hotspot/share/classfile/systemDictionary.cpp, line 231]
Event: 13.968 Thread 0x0000025f12a24000 Exception <a 'java/lang/ClassNotFoundException'{0x0000000086f016c8}: com/android/build/gradle/internal/api/BaseVariantOutputImplBeanInfo> (0x0000000086f016c8) thrown at [./src/hotspot/share/classfile/systemDictionary.cpp, line 231]
Event: 13.969 Thread 0x0000025f12a24000 Exception <a 'java/lang/ClassNotFoundException'{0x0000000086f1c7a0}: com/android/build/gradle/internal/api/BaseVariantOutputImplCustomizer> (0x0000000086f1c7a0) thrown at [./src/hotspot/share/classfile/systemDictionary.cpp, line 231]
Event: 13.970 Thread 0x0000025f12a24000 Exception <a 'java/lang/ClassNotFoundException'{0x0000000086f4a2c0}: com/android/build/gradle/internal/api/ApkVariantOutputImplCustomizer> (0x0000000086f4a2c0) thrown at [./src/hotspot/share/classfile/systemDictionary.cpp, line 231]
Event: 13.971 Thread 0x0000025f12a24000 Exception <a 'java/lang/ClassNotFoundException'{0x0000000086f73f58}: com/android/build/gradle/internal/api/ApkVariantOutputImpl_DecoratedCustomizer> (0x0000000086f73f58) thrown at [./src/hotspot/share/classfile/systemDictionary.cpp, line 231]
Event: 13.991 Thread 0x0000025f12a24000 Exception <a 'java/lang/NoClassDefFoundError'{0x0000000086edf7d8}: org/jetbrains/kotlin/gradle/plugin/KotlinBasePluginWrapper> (0x0000000086edf7d8) thrown at [./src/hotspot/share/classfile/systemDictionary.cpp, line 220]

Events (20 events):
Event: 14.328 loading class org/gradle/workers/WorkerConfiguration
Event: 14.328 loading class org/gradle/workers/WorkerConfiguration done
Event: 14.329 loading class org/gradle/workers/ForkingWorkerSpec
Event: 14.329 loading class org/gradle/workers/ForkingWorkerSpec done
Event: 14.329 loading class org/gradle/workers/internal/AdapterWorkParameters
Event: 14.329 loading class org/gradle/workers/internal/AdapterWorkParameters done
Event: 14.329 loading class org/gradle/workers/internal/IsolatedParametersActionExecutionSpec
Event: 14.329 loading class org/gradle/workers/internal/IsolatedParametersActionExecutionSpec done
Event: 14.330 loading class org/gradle/internal/service/scopes/Scopes$Project
Event: 14.330 loading class org/gradle/internal/service/scopes/Scopes$Project done
Event: 14.333 loading class org/gradle/internal/work/DefaultConditionalExecutionQueue
Event: 14.333 loading class org/gradle/internal/work/DefaultConditionalExecutionQueue done
Event: 14.334 loading class org/gradle/internal/work/DefaultConditionalExecutionQueue$QueueState
Event: 14.334 loading class org/gradle/internal/work/DefaultConditionalExecutionQueue$QueueState done
Event: 14.345 loading class com/android/build/gradle/internal/tasks/MergeJavaResourceTask$Companion
Event: 14.345 loading class com/android/build/gradle/internal/tasks/MergeJavaResourceTask$Companion done
Event: 14.349 loading class com/android/build/gradle/internal/tasks/MergeJavaResourceTask$Companion$predicate$1
Event: 14.349 loading class com/android/build/gradle/internal/tasks/MergeJavaResourceTask$Companion$predicate$1 done
Event: 14.350 loading class com/android/build/gradle/internal/tasks/MergeJavaResourceTaskKt
Event: 14.350 loading class com/android/build/gradle/internal/tasks/MergeJavaResourceTaskKt done


Dynamic libraries:
0x00007ff7d75a0000 - 0x00007ff7d75aa000 	C:\Program Files\Android\Android Studio\jre\bin\java.exe
0x00007ffb9ed00000 - 0x00007ffb9ef09000 	C:\Windows\SYSTEM32\ntdll.dll
0x00007ffb9d950000 - 0x00007ffb9da0d000 	C:\Windows\System32\KERNEL32.DLL
0x00007ffb9c5d0000 - 0x00007ffb9c944000 	C:\Windows\System32\KERNELBASE.dll
0x00007ffb9c1f0000 - 0x00007ffb9c301000 	C:\Windows\System32\ucrtbase.dll
0x00007ffb99210000 - 0x00007ffb99227000 	C:\Program Files\Android\Android Studio\jre\bin\VCRUNTIME140.dll
0x00007ffb99230000 - 0x00007ffb99249000 	C:\Program Files\Android\Android Studio\jre\bin\jli.dll
0x00007ffb9d680000 - 0x00007ffb9d82c000 	C:\Windows\System32\USER32.dll
0x00007ffb9c5a0000 - 0x00007ffb9c5c6000 	C:\Windows\System32\win32u.dll
0x00007ffb742d0000 - 0x00007ffb74575000 	C:\Windows\WinSxS\amd64_microsoft.windows.common-controls_6595b64144ccf1df_6.0.22000.120_none_9d947278b86cc467\COMCTL32.dll
0x00007ffb9ceb0000 - 0x00007ffb9ced9000 	C:\Windows\System32\GDI32.dll
0x00007ffb9dac0000 - 0x00007ffb9db63000 	C:\Windows\System32\msvcrt.dll
0x00007ffb9c480000 - 0x00007ffb9c592000 	C:\Windows\System32\gdi32full.dll
0x00007ffb9ca40000 - 0x00007ffb9cadd000 	C:\Windows\System32\msvcp_win.dll
0x00007ffb9d210000 - 0x00007ffb9d241000 	C:\Windows\System32\IMM32.DLL
0x00007ffb82ab0000 - 0x00007ffb82b4d000 	C:\Program Files\Android\Android Studio\jre\bin\msvcp140.dll
0x00007ffb42c20000 - 0x00007ffb43705000 	C:\Program Files\Android\Android Studio\jre\bin\server\jvm.dll
0x00007ffb9da10000 - 0x00007ffb9dabe000 	C:\Windows\System32\ADVAPI32.dll
0x00007ffb9db70000 - 0x00007ffb9dc0e000 	C:\Windows\System32\sechost.dll
0x00007ffb9d830000 - 0x00007ffb9d950000 	C:\Windows\System32\RPCRT4.dll
0x00007ffb9d670000 - 0x00007ffb9d678000 	C:\Windows\System32\PSAPI.DLL
0x00007ffb92d60000 - 0x00007ffb92d93000 	C:\Windows\SYSTEM32\WINMM.dll
0x00007ffb8a010000 - 0x00007ffb8a01a000 	C:\Windows\SYSTEM32\VERSION.dll
0x00007ffb93520000 - 0x00007ffb93529000 	C:\Windows\SYSTEM32\WSOCK32.dll
0x00007ffb9cd90000 - 0x00007ffb9cdff000 	C:\Windows\System32\WS2_32.dll
0x00007ffb9a460000 - 0x00007ffb9a478000 	C:\Windows\SYSTEM32\kernel.appcore.dll
0x00007ffb76a80000 - 0x00007ffb76a91000 	C:\Program Files\Android\Android Studio\jre\bin\verify.dll
0x00007ffb93760000 - 0x00007ffb93981000 	C:\Windows\SYSTEM32\DBGHELP.DLL
0x00007ffb880f0000 - 0x00007ffb88121000 	C:\Windows\SYSTEM32\dbgcore.DLL
0x00007ffb9c950000 - 0x00007ffb9c9cf000 	C:\Windows\System32\bcryptPrimitives.dll
0x00007ffb76a50000 - 0x00007ffb76a79000 	C:\Program Files\Android\Android Studio\jre\bin\java.dll
0x00007ffb92da0000 - 0x00007ffb92dab000 	C:\Program Files\Android\Android Studio\jre\bin\jimage.dll
0x00007ffb76a30000 - 0x00007ffb76a48000 	C:\Program Files\Android\Android Studio\jre\bin\zip.dll
0x00007ffb9e080000 - 0x00007ffb9e82e000 	C:\Windows\System32\SHELL32.dll
0x00007ffb9a480000 - 0x00007ffb9ace7000 	C:\Windows\SYSTEM32\windows.storage.dll
0x00007ffb9d250000 - 0x00007ffb9d5c8000 	C:\Windows\System32\combase.dll
0x00007ffb9a2f0000 - 0x00007ffb9a456000 	C:\Windows\SYSTEM32\wintypes.dll
0x00007ffb9e840000 - 0x00007ffb9e92a000 	C:\Windows\System32\SHCORE.dll
0x00007ffb9ea10000 - 0x00007ffb9ea6d000 	C:\Windows\System32\shlwapi.dll
0x00007ffb9c120000 - 0x00007ffb9c141000 	C:\Windows\SYSTEM32\profapi.dll
0x00007ffb75620000 - 0x00007ffb7563a000 	C:\Program Files\Android\Android Studio\jre\bin\net.dll
0x00007ffb90c20000 - 0x00007ffb90d2c000 	C:\Windows\SYSTEM32\WINHTTP.dll
0x00007ffb9b810000 - 0x00007ffb9b877000 	C:\Windows\system32\mswsock.dll
0x00007ffb755e0000 - 0x00007ffb755f4000 	C:\Program Files\Android\Android Studio\jre\bin\nio.dll
0x00007ffb73500000 - 0x00007ffb73527000 	C:\Users\Admin\.gradle\native\e1d6ef7f7dcc3fd88c89a11ec53ec762bb8ba0a96d01ffa2cd45eb1d1d8dd5c5\windows-amd64\native-platform.dll
0x00007ffb81e70000 - 0x00007ffb81fb4000 	C:\Users\Admin\.gradle\native\5664cfc778a61ccfe75a443a1ab52a65af34e5dc3c78e0209fed803814484fcb\windows-amd64\native-platform-file-events.dll
0x00007ffb795c0000 - 0x00007ffb795ca000 	C:\Program Files\Android\Android Studio\jre\bin\management.dll
0x00007ffb783e0000 - 0x00007ffb783ed000 	C:\Program Files\Android\Android Studio\jre\bin\management_ext.dll
0x00007ffb9ba50000 - 0x00007ffb9ba68000 	C:\Windows\SYSTEM32\CRYPTSP.dll
0x00007ffb9b3e0000 - 0x00007ffb9b415000 	C:\Windows\system32\rsaenh.dll
0x00007ffb9b900000 - 0x00007ffb9b929000 	C:\Windows\SYSTEM32\USERENV.dll
0x00007ffb9bbd0000 - 0x00007ffb9bbf7000 	C:\Windows\SYSTEM32\bcrypt.dll
0x00007ffb9ba70000 - 0x00007ffb9ba7c000 	C:\Windows\SYSTEM32\CRYPTBASE.dll
0x00007ffb9af40000 - 0x00007ffb9af6d000 	C:\Windows\SYSTEM32\IPHLPAPI.DLL
0x00007ffb9d660000 - 0x00007ffb9d669000 	C:\Windows\System32\NSI.dll
0x00007ffb913f0000 - 0x00007ffb91409000 	C:\Windows\SYSTEM32\dhcpcsvc6.DLL
0x00007ffb917b0000 - 0x00007ffb917ce000 	C:\Windows\SYSTEM32\dhcpcsvc.DLL
0x00007ffb9afb0000 - 0x00007ffb9b097000 	C:\Windows\SYSTEM32\DNSAPI.dll

dbghelp: loaded successfully - version: 4.0.5 - missing functions: none
symbol engine: initialized successfully - sym options: 0x614 - pdb path: .;C:\Program Files\Android\Android Studio\jre\bin;C:\Windows\SYSTEM32;C:\Windows\WinSxS\amd64_microsoft.windows.common-controls_6595b64144ccf1df_6.0.22000.120_none_9d947278b86cc467;C:\Program Files\Android\Android Studio\jre\bin\server;C:\Users\Admin\.gradle\native\e1d6ef7f7dcc3fd88c89a11ec53ec762bb8ba0a96d01ffa2cd45eb1d1d8dd5c5\windows-amd64;C:\Users\Admin\.gradle\native\5664cfc778a61ccfe75a443a1ab52a65af34e5dc3c78e0209fed803814484fcb\windows-amd64

VM Arguments:
jvm_args: --add-opens=java.base/java.util=ALL-UNNAMED --add-opens=java.base/java.lang=ALL-UNNAMED --add-opens=java.base/java.lang.invoke=ALL-UNNAMED --add-opens=java.base/java.util=ALL-UNNAMED --add-opens=java.prefs/java.util.prefs=ALL-UNNAMED --add-opens=java.prefs/java.util.prefs=ALL-UNNAMED --add-opens=java.base/java.nio.charset=ALL-UNNAMED --add-opens=java.base/java.net=ALL-UNNAMED --add-opens=java.base/java.util.concurrent.atomic=ALL-UNNAMED -Xmx2048m -Dfile.encoding=UTF-8 -Duser.country=US -Duser.language=en -Duser.variant 
java_command: org.gradle.launcher.daemon.bootstrap.GradleDaemon 7.3.3
java_class_path (initial): C:\Users\Admin\.gradle\wrapper\dists\gradle-7.3.3-bin\6a41zxkdtcxs8rphpq6y0069z\gradle-7.3.3\lib\gradle-launcher-7.3.3.jar
Launcher Type: SUN_STANDARD

[Global flags]
     intx CICompilerCount                          = 3                                         {product} {ergonomic}
     uint ConcGCThreads                            = 1                                         {product} {ergonomic}
     uint G1ConcRefinementThreads                  = 4                                         {product} {ergonomic}
   size_t G1HeapRegionSize                         = 1048576                                   {product} {ergonomic}
    uintx GCDrainStackTargetSize                   = 64                                        {product} {ergonomic}
   size_t InitialHeapSize                          = 134217728                                 {product} {ergonomic}
   size_t MarkStackSize                            = 4194304                                   {product} {ergonomic}
   size_t MaxHeapSize                              = 2147483648                                {product} {command line}
   size_t MaxNewSize                               = 1287651328                                {product} {ergonomic}
   size_t MinHeapDeltaBytes                        = 1048576                                   {product} {ergonomic}
    uintx NonNMethodCodeHeapSize                   = 5830732                                {pd product} {ergonomic}
    uintx NonProfiledCodeHeapSize                  = 122913754                              {pd product} {ergonomic}
    uintx ProfiledCodeHeapSize                     = 122913754                              {pd product} {ergonomic}
    uintx ReservedCodeCacheSize                    = 251658240                              {pd product} {ergonomic}
     bool SegmentedCodeCache                       = true                                      {product} {ergonomic}
     bool UseCompressedClassPointers               = true                                 {lp64_product} {ergonomic}
     bool UseCompressedOops                        = true                                 {lp64_product} {ergonomic}
     bool UseG1GC                                  = true                                      {product} {ergonomic}
     bool UseLargePagesIndividualAllocation        = false                                  {pd product} {ergonomic}

Logging:
Log output configuration:
 #0: stdout all=warning uptime,level,tags
 #1: stderr all=off uptime,level,tags

Environment Variables:
PATH=C:\Program Files\Common Files\Oracle\Java\javapath;C:\Program Files (x86)\Common Files\Oracle\Java\javapath;C:\Windows\system32;C:\Windows;C:\Windows\System32\Wbem;C:\Windows\System32\WindowsPowerShell\v1.0\;C:\Windows\System32\OpenSSH\;C:\Program Files (x86)\Intel\Intel(R) Management Engine Components\DAL;C:\Program Files\Intel\Intel(R) Management Engine Components\DAL;C:\Program Files\Git\cmd;C:\Users\Admin\AppData\Local\Microsoft\WindowsApps;C:\Users\Admin\AppData\Local\Programs\Microsoft VS Code\bin;C:\Users\Admin\AppData\Local\atom\bin;C:\Users\Admin\AppData\Local\GitHubDesktop\bin
USERNAME=Admin
OS=Windows_NT
PROCESSOR_IDENTIFIER=Intel64 Family 6 Model 78 Stepping 3, GenuineIntel



---------------  S Y S T E M  ---------------

OS: Windows 10 , 64 bit Build 22000 (10.0.22000.434)
OS uptime: 1 days 2:32 hours

CPU:total 4 (initial active 4) (2 cores per cpu, 2 threads per core) family 6 model 78 stepping 3 microcode 0xd6, cmov, cx8, fxsr, mmx, sse, sse2, sse3, ssse3, sse4.1, sse4.2, popcnt, avx, avx2, aes, clmul, erms, rtm, 3dnowpref, lzcnt, ht, tsc, tscinvbit, bmi1, bmi2, adx, fma

Memory: 4k page, system-wide physical 8072M (1273M free)
TotalPageFile size 8072M (AvailPageFile size 8M)
current process WorkingSet (physical memory assigned to process): 408M, peak: 409M
current process commit charge ("private bytes"): 445M, peak: 447M

vm_info: OpenJDK 64-Bit Server VM (11.0.12+7-b1504.28-7817840) for windows-amd64 JRE (11.0.12+7-b1504.28-7817840), built on Oct 13 2021 22:12:33 by "builder" with MS VC++ 14.0 (VS2015)

END.
